[I 2025-03-21 02:05:06,534] Trial 0 finished with value: 0.751024603843689 and parameters: {'lr': 1e-06, 'n_epochs': 300, 'alpha_0': 0.1, 'alpha_1': 0.1, 'alpha_2': 0.005, 'alpha_3': 0.3}. Best is trial 0 with value: 0.751024603843689.
[I 2025-03-21 02:05:11,265] Trial 1 finished with value: 0.7650166153907776 and parameters: {'lr': 1e-05, 'n_epochs': 450, 'alpha_0': 0.1, 'alpha_1': 0.1, 'alpha_2': 0.1, 'alpha_3': 0.1}. Best is trial 0 with value: 0.751024603843689.
... storing 'Rank_Label' as categorical
[I 2025-03-21 02:05:14,176] A new study created in memory with name: no-name-e2a1bdb2-a104-4b56-a806-1d6990604950
[I 2025-03-21 02:05:22,407] Trial 0 finished with value: 0.6366927623748779 and parameters: {'lr': 0.003, 'n_epochs': 450, 'alpha_0': 0.005, 'alpha_1': 0.7, 'alpha_2': 0.01, 'alpha_3': 0.3}. Best is trial 0 with value: 0.6366927623748779.
[I 2025-03-21 02:05:31,660] Trial 1 finished with value: 0.7015073299407959 and parameters: {'lr': 0.001, 'n_epochs': 500, 'alpha_0': 0.03, 'alpha_1': 0.2, 'alpha_2': 0.001, 'alpha_3': 0.7}. Best is trial 0 with value: 0.6366927623748779.
... storing 'Rank_Label' as categorical
[I 2025-03-21 02:05:34,394] A new study created in memory with name: no-name-e11e3eb5-d853-467b-b8ab-4b8a66dfae4a
[I 2025-03-21 02:05:37,420] Trial 0 finished with value: 0.6644149422645569 and parameters: {'lr': 0.0003, 'n_epochs': 350, 'alpha_0': 0.01, 'alpha_1': 0.5, 'alpha_2': 0.1, 'alpha_3': 0.6}. Best is trial 0 with value: 0.6644149422645569.
[I 2025-03-21 02:05:40,216] Trial 1 finished with value: 0.6547480821609497 and parameters: {'lr': 0.0006, 'n_epochs': 300, 'alpha_0': 0.1, 'alpha_1': 0.4, 'alpha_2': 0.1, 'alpha_3': 0.9}. Best is trial 1 with value: 0.6547480821609497.
... storing 'Rank_Label' as categorical
[I 2025-03-21 02:05:42,918] A new study created in memory with name: no-name-ed5861bc-78b4-4db0-b162-592d0605a1cc
[I 2025-03-21 02:05:46,072] Trial 0 finished with value: 0.7418907284736633 and parameters: {'lr': 0.003, 'n_epochs': 350, 'alpha_0': 0.005, 'alpha_1': 0, 'alpha_2': 0.005, 'alpha_3': 0.8}. Best is trial 0 with value: 0.7418907284736633.
[I 2025-03-21 02:05:49,368] Trial 1 finished with value: 0.7273718118667603 and parameters: {'lr': 0.003, 'n_epochs': 350, 'alpha_0': 0.1, 'alpha_1': 0, 'alpha_2': 0.1, 'alpha_3': 0.4}. Best is trial 1 with value: 0.7273718118667603.
... storing 'Rank_Label' as categorical
[I 2025-03-21 02:05:52,469] A new study created in memory with name: no-name-9757e378-c5b3-4b2b-968b-e98511a923c8
[I 2025-03-21 02:05:56,678] Trial 0 finished with value: 0.7292079925537109 and parameters: {'lr': 0.001, 'n_epochs': 450, 'alpha_0': 0.005, 'alpha_1': 0.7, 'alpha_2': 0, 'alpha_3': 0.3}. Best is trial 0 with value: 0.7292079925537109.
[I 2025-03-21 02:06:01,424] Trial 1 finished with value: 0.7368347644805908 and parameters: {'lr': 0.0001, 'n_epochs': 500, 'alpha_0': 0.01, 'alpha_1': 0.6, 'alpha_2': 0, 'alpha_3': 1}. Best is trial 0 with value: 0.7292079925537109.
... storing 'Rank_Label' as categorical
[I 2025-03-21 02:06:04,105] A new study created in memory with name: no-name-e0218fcf-462a-4868-99b8-224c0e0ee8b0
[I 2025-03-21 02:06:08,118] Trial 0 finished with value: 0.784081757068634 and parameters: {'lr': 0.006, 'n_epochs': 450, 'alpha_0': 0.005, 'alpha_1': 0, 'alpha_2': 0, 'alpha_3': 0.6}. Best is trial 0 with value: 0.784081757068634.
[I 2025-03-21 02:06:12,412] Trial 1 finished with value: 0.7874751687049866 and parameters: {'lr': 0.0003, 'n_epochs': 450, 'alpha_0': 0.01, 'alpha_1': 0, 'alpha_2': 0, 'alpha_3': 0.5}. Best is trial 0 with value: 0.784081757068634.
... storing 'Rank_Label' as categorical
2025-03-21 02:06:15,513 - Finished dataset Data4 in /mnt/NAS_21T/ProjectResult/TiRank/results/ablation/intera_1/Data4
Processing datasets for repeat 1:  70%|â–ˆâ–ˆâ–ˆâ–ˆâ–ˆâ–ˆâ–ˆ   | 7/10 [2:31:03<45:38, 912.89s/it]   2025-03-21 02:06:15,516 - Processing dataset Data3 in /mnt/NAS_21T/ProjectResult/TiRank/results/ablation/intera_1/Data3
[I 2025-03-21 02:06:57,999] A new study created in memory with name: no-name-b9a5702b-b83a-4430-90b6-308456d19e2c
[I 2025-03-21 02:07:03,185] Trial 0 finished with value: 0.7482476830482483 and parameters: {'lr': 1e-06, 'n_epochs': 450, 'alpha_0': 0.01, 'alpha_1': 0.6, 'alpha_2': 0.005, 'alpha_3': 0.9}. Best is trial 0 with value: 0.7482476830482483.
[I 2025-03-21 02:07:07,065] Trial 1 finished with value: 0.7952777743339539 and parameters: {'lr': 0.01, 'n_epochs': 350, 'alpha_0': 0.03, 'alpha_1': 0.1, 'alpha_2': 0.001, 'alpha_3': 0.1}. Best is trial 0 with value: 0.7482476830482483.
Found distributions with means close to 0 and 1 with 3 components.
Reject 0(0.00%) cells.
Inference Done.
We set Rank score < 0.5 as Rank- () while > 0.5 as Rank+ 
Starting load data for gene pair transformation.
Starting gene pair extraction.
Get candidate genes done.
There are 414 genes up-regulated in Group 0 and 465 genes up-regulated in Group 1.
Get candidate gene pairs done.
Profile transformation done.
Starting save gene pair matrices.
Save gene pair matrices done.
Save informative gene matrices done.
The parameters setting of model is: {'n_features': 1000, 'nhead': 2, 'nhid1': 96, 'nhid2': 8, 'n_output': 32, 'nlayers': 3, 'n_pred': 2, 'n_patho': 0, 'dropout': 0.5, 'mode': 'Classification', 'infer_mode': 'SC', 'encoder_type': 'DenseNet', 'model_save_path': '/mnt/NAS_21T/ProjectResult/TiRank/results/ablation/intera_1/Data4/3_Analysis/checkpoints'}
Initiate model in trail 0 with mode: Classification, infer mode: SC encoder type: DenseNet on device: cuda.
Saving model and plot for Trial 0 with Validation Loss = 0.7510
Initiate model in trail 1 with mode: Classification, infer mode: SC encoder type: DenseNet on device: cuda.
Best hyperparameters: {'lr': 1e-06, 'n_epochs': 300, 'alpha_0': 0.1, 'alpha_1': 0.1, 'alpha_2': 0.005, 'alpha_3': 0.3}
Loading the Best Model.
Starting Inference.
Perform Rejection with GMM mode with tolerance=0.05, components=[3,15]!
Underfitting!
Found distributions with means close to 0 and 1 with 3 components.
Reject 0(0.00%) cells.
Inference Done.
We set Rank score < 0.5 as Rank- () while > 0.5 as Rank+ 
The parameters setting of model is: {'n_features': 1000, 'nhead': 2, 'nhid1': 96, 'nhid2': 8, 'n_output': 32, 'nlayers': 3, 'n_pred': 2, 'n_patho': 0, 'dropout': 0.5, 'mode': 'Classification', 'infer_mode': 'SC', 'encoder_type': 'Transformer', 'model_save_path': '/mnt/NAS_21T/ProjectResult/TiRank/results/ablation/intera_1/Data4/3_Analysis/checkpoints'}
Initiate model in trail 0 with mode: Classification, infer mode: SC encoder type: Transformer on device: cuda.
Saving model and plot for Trial 0 with Validation Loss = 0.6367
Initiate model in trail 1 with mode: Classification, infer mode: SC encoder type: Transformer on device: cuda.
Best hyperparameters: {'lr': 0.003, 'n_epochs': 450, 'alpha_0': 0.005, 'alpha_1': 0.7, 'alpha_2': 0.01, 'alpha_3': 0.3}
Loading the Best Model.
Starting Inference.
Perform Rejection with GMM mode with tolerance=0.05, components=[3,15]!
Found distributions with means close to 0 and 1 with 3 components.
Reject 0(0.00%) cells.
Inference Done.
We set Rank score < 0.5 as Rank- () while > 0.5 as Rank+ 
The parameters setting of model is: {'n_features': 1000, 'nhead': 2, 'nhid1': 96, 'nhid2': 8, 'n_output': 32, 'nlayers': 3, 'n_pred': 2, 'n_patho': 0, 'dropout': 0.5, 'mode': 'Classification', 'infer_mode': 'SC', 'encoder_type': 'MLP', 'model_save_path': '/mnt/NAS_21T/ProjectResult/TiRank/results/ablation/intera_1/Data4/3_Analysis/checkpoints'}
Initiate model in trail 0 with mode: Classification, infer mode: SC encoder type: MLP on device: cuda.
Saving model and plot for Trial 0 with Validation Loss = 0.6644
Initiate model in trail 1 with mode: Classification, infer mode: SC encoder type: MLP on device: cuda.
Saving model and plot for Trial 1 with Validation Loss = 0.6547
Best hyperparameters: {'lr': 0.0006, 'n_epochs': 300, 'alpha_0': 0.1, 'alpha_1': 0.4, 'alpha_2': 0.1, 'alpha_3': 0.9}
Loading the Best Model.
Starting Inference.
Perform Rejection with GMM mode with tolerance=0.05, components=[3,15]!
Found distributions with means close to 0 and 1 with 6 components.
Reject 275(84.88%) cells.
Inference Done.
We set Rank score < 0.5 as Rank- () while > 0.5 as Rank+ 
The parameters setting of model is: {'n_features': 1000, 'nhead': 2, 'nhid1': 96, 'nhid2': 8, 'n_output': 32, 'nlayers': 3, 'n_pred': 2, 'n_patho': 0, 'dropout': 0.5, 'mode': 'Classification', 'infer_mode': 'SC', 'encoder_type': 'MLP', 'model_save_path': '/mnt/NAS_21T/ProjectResult/TiRank/results/ablation/intera_1/Data4/3_Analysis/checkpoints'}
Initiate model in trail 0 with mode: Classification, infer mode: SC encoder type: MLP on device: cuda with abation on 1.
Saving model and plot for Trial 0 with Validation Loss = 0.7419
Initiate model in trail 1 with mode: Classification, infer mode: SC encoder type: MLP on device: cuda with abation on 1.
Saving model and plot for Trial 1 with Validation Loss = 0.7274
Best hyperparameters: {'lr': 0.003, 'n_epochs': 350, 'alpha_0': 0.1, 'alpha_1': 0, 'alpha_2': 0.1, 'alpha_3': 0.4}
Loading the Best Model.
Starting Inference.
Perform Rejection with GMM mode with tolerance=0.05, components=[3,15]!
Underfitting!
Found distributions with means close to 0 and 1 with 3 components.
Reject 0(0.00%) cells.
Inference Done.
We set Rank score < 0.5 as Rank- () while > 0.5 as Rank+ 
The parameters setting of model is: {'n_features': 1000, 'nhead': 2, 'nhid1': 96, 'nhid2': 8, 'n_output': 32, 'nlayers': 3, 'n_pred': 2, 'n_patho': 0, 'dropout': 0.5, 'mode': 'Classification', 'infer_mode': 'SC', 'encoder_type': 'MLP', 'model_save_path': '/mnt/NAS_21T/ProjectResult/TiRank/results/ablation/intera_1/Data4/3_Analysis/checkpoints'}
Initiate model in trail 0 with mode: Classification, infer mode: SC encoder type: MLP on device: cuda with abation on 2.
Saving model and plot for Trial 0 with Validation Loss = 0.7292
Initiate model in trail 1 with mode: Classification, infer mode: SC encoder type: MLP on device: cuda with abation on 2.
Best hyperparameters: {'lr': 0.001, 'n_epochs': 450, 'alpha_0': 0.005, 'alpha_1': 0.7, 'alpha_2': 0, 'alpha_3': 0.3}
Loading the Best Model.
Starting Inference.
Perform Rejection with GMM mode with tolerance=0.05, components=[3,15]!
Found distributions with means close to 0 and 1 with 3 components.
Reject 41(12.65%) cells.
Inference Done.
We set Rank score < 0.5 as Rank- () while > 0.5 as Rank+ 
The parameters setting of model is: {'n_features': 1000, 'nhead': 2, 'nhid1': 96, 'nhid2': 8, 'n_output': 32, 'nlayers': 3, 'n_pred': 2, 'n_patho': 0, 'dropout': 0.5, 'mode': 'Classification', 'infer_mode': 'SC', 'encoder_type': 'MLP', 'model_save_path': '/mnt/NAS_21T/ProjectResult/TiRank/results/ablation/intera_1/Data4/3_Analysis/checkpoints'}
Initiate model in trail 0 with mode: Classification, infer mode: SC encoder type: MLP on device: cuda with abation on 1,2.
Saving model and plot for Trial 0 with Validation Loss = 0.7841
Initiate model in trail 1 with mode: Classification, infer mode: SC encoder type: MLP on device: cuda with abation on 1,2.
Best hyperparameters: {'lr': 0.006, 'n_epochs': 450, 'alpha_0': 0.005, 'alpha_1': 0, 'alpha_2': 0, 'alpha_3': 0.6}
Loading the Best Model.
Starting Inference.
Perform Rejection with GMM mode with tolerance=0.05, components=[3,15]!
Underfitting!
Found distributions with means close to 0 and 1 with 3 components.
Reject 0(0.00%) cells.
Inference Done.
We set Rank score < 0.5 as Rank- () while > 0.5 as Rank+ 
Starting load data for gene pair transformation.
Starting gene pair extraction.
Get candidate genes done.
There are 414 genes up-regulated in Group 0 and 465 genes up-regulated in Group 1.
Get candidate gene pairs done.
Profile transformation done.
Starting save gene pair matrices.
Save gene pair matrices done.
Save informative gene matrices done.
The parameters setting of model is: {'n_features': 1000, 'nhead': 2, 'nhid1': 96, 'nhid2': 8, 'n_output': 32, 'nlayers': 3, 'n_pred': 2, 'n_patho': 0, 'dropout': 0.5, 'mode': 'Classification', 'infer_mode': 'SC', 'encoder_type': 'DenseNet', 'model_save_path': '/mnt/NAS_21T/ProjectResult/TiRank/results/ablation/intera_1/Data3/3_Analysis/checkpoints'}
Initiate model in trail 0 with mode: Classification, infer mode: SC encoder type: DenseNet on device: cuda.
Saving model and plot for Trial 0 with Validation Loss = 0.7482
Initiate model in trail 1 with mode: Classification, infer mode: SC encoder type: DenseNet on device: cuda.
Best hyperparameters: {'lr': 1e-06, 'n_epochs': 450, 'alpha_0': 0.01, 'alpha_1': 0.6, 'alpha_2': 0.005, 'alpha_3': 0.9}
Loading the Best Model.
Starting Inference.
Perform Rejection with GMM mode with tolerance=0.05, components=[3,15]!
Underfitting!
... storing 'Rank_Label' as categorical
[I 2025-03-21 02:07:09,983] A new study created in memory with name: no-name-c57cd5c1-a672-4ee7-9e85-a1a3f97dae5a
[I 2025-03-21 02:07:18,078] Trial 0 finished with value: 0.7147875428199768 and parameters: {'lr': 0.0003, 'n_epochs': 450, 'alpha_0': 0.03, 'alpha_1': 0.7, 'alpha_2': 0.001, 'alpha_3': 0.6}. Best is trial 0 with value: 0.7147875428199768.
[I 2025-03-21 02:07:24,646] Trial 1 finished with value: 0.6622233390808105 and parameters: {'lr': 0.01, 'n_epochs': 350, 'alpha_0': 0.01, 'alpha_1': 0.3, 'alpha_2': 0.1, 'alpha_3': 1}. Best is trial 1 with value: 0.6622233390808105.
... storing 'Rank_Label' as categorical
[I 2025-03-21 02:07:27,688] A new study created in memory with name: no-name-57cef7a2-4876-4593-95b3-b69ea4c0f4a6
[I 2025-03-21 02:07:32,484] Trial 0 finished with value: 0.665845513343811 and parameters: {'lr': 0.0006, 'n_epochs': 500, 'alpha_0': 0.1, 'alpha_1': 1, 'alpha_2': 0.05, 'alpha_3': 0.9}. Best is trial 0 with value: 0.665845513343811.
[I 2025-03-21 02:07:35,298] Trial 1 finished with value: 0.6457843780517578 and parameters: {'lr': 0.0006, 'n_epochs': 300, 'alpha_0': 0.005, 'alpha_1': 0.1, 'alpha_2': 0.1, 'alpha_3': 0.3}. Best is trial 1 with value: 0.6457843780517578.
... storing 'Rank_Label' as categorical
[I 2025-03-21 02:07:38,020] A new study created in memory with name: no-name-a415d6b9-5a31-4c4c-bf79-92bbec74d35f
[I 2025-03-21 02:07:42,072] Trial 0 finished with value: 0.6960018873214722 and parameters: {'lr': 0.006, 'n_epochs': 450, 'alpha_0': 0.03, 'alpha_1': 0, 'alpha_2': 0.01, 'alpha_3': 0.9}. Best is trial 0 with value: 0.6960018873214722.
[I 2025-03-21 02:07:46,629] Trial 1 finished with value: 0.7491525411605835 and parameters: {'lr': 0.006, 'n_epochs': 500, 'alpha_0': 0.1, 'alpha_1': 0, 'alpha_2': 0.01, 'alpha_3': 0.8}. Best is trial 0 with value: 0.6960018873214722.
... storing 'Rank_Label' as categorical
[I 2025-03-21 02:07:49,544] A new study created in memory with name: no-name-8cc2bde2-cfa9-42d5-923a-61efe9bb4a53
[I 2025-03-21 02:07:54,053] Trial 0 finished with value: 0.8304503560066223 and parameters: {'lr': 1e-06, 'n_epochs': 500, 'alpha_0': 0.03, 'alpha_1': 0.3, 'alpha_2': 0, 'alpha_3': 0.9}. Best is trial 0 with value: 0.8304503560066223.
[I 2025-03-21 02:07:58,632] Trial 1 finished with value: 0.7282827496528625 and parameters: {'lr': 0.0001, 'n_epochs': 500, 'alpha_0': 0.01, 'alpha_1': 0.5, 'alpha_2': 0, 'alpha_3': 0.8}. Best is trial 1 with value: 0.7282827496528625.
... storing 'Rank_Label' as categorical
[I 2025-03-21 02:08:01,344] A new study created in memory with name: no-name-37e22b46-e256-4130-ad7c-da4b4b3f8302
[I 2025-03-21 02:08:05,666] Trial 0 finished with value: 0.7969968914985657 and parameters: {'lr': 0.001, 'n_epochs': 450, 'alpha_0': 0.06, 'alpha_1': 0, 'alpha_2': 0, 'alpha_3': 0.1}. Best is trial 0 with value: 0.7969968914985657.
[I 2025-03-21 02:08:07,964] Trial 1 finished with value: 0.783130407333374 and parameters: {'lr': 0.001, 'n_epochs': 300, 'alpha_0': 0.1, 'alpha_1': 0, 'alpha_2': 0, 'alpha_3': 0.5}. Best is trial 1 with value: 0.783130407333374.
... storing 'Rank_Label' as categorical
2025-03-21 02:08:10,929 - Finished dataset Data3 in /mnt/NAS_21T/ProjectResult/TiRank/results/ablation/intera_1/Data3
Processing datasets for repeat 1:  80%|â–ˆâ–ˆâ–ˆâ–ˆâ–ˆâ–ˆâ–ˆâ–ˆ  | 8/10 [2:32:59<21:58, 659.01s/it]2025-03-21 02:08:10,932 - Processing dataset Data2 in /mnt/NAS_21T/ProjectResult/TiRank/results/ablation/intera_1/Data2
[I 2025-03-21 02:08:40,577] A new study created in memory with name: no-name-23a48f09-37cd-4882-be83-9beb70a4d2ca
[I 2025-03-21 02:08:47,186] Trial 0 finished with value: 0.7114657759666443 and parameters: {'lr': 0.003, 'n_epochs': 450, 'alpha_0': 0.03, 'alpha_1': 0.7, 'alpha_2': 0.1, 'alpha_3': 1}. Best is trial 0 with value: 0.7114657759666443.
[I 2025-03-21 02:08:53,542] Trial 1 finished with value: 0.8874250054359436 and parameters: {'lr': 0.01, 'n_epochs': 450, 'alpha_0': 0.005, 'alpha_1': 0.3, 'alpha_2': 0.005, 'alpha_3': 0.3}. Best is trial 0 with value: 0.7114657759666443.
... storing 'Rank_Label' as categorical
[I 2025-03-21 02:08:58,185] A new study created in memory with name: no-name-b8b91b09-1f9f-4ba7-8479-eb8f02e92a6d
[I 2025-03-21 02:09:07,022] Trial 0 finished with value: 0.7779486179351807 and parameters: {'lr': 1e-05, 'n_epochs': 500, 'alpha_0': 0.01, 'alpha_1': 0.7, 'alpha_2': 0.1, 'alpha_3': 1}. Best is trial 0 with value: 0.7779486179351807.
