[I 2025-03-21 09:39:22,895] Trial 0 finished with value: 0.6416981816291809 and parameters: {'lr': 0.01, 'n_epochs': 450, 'alpha_0': 0.005, 'alpha_1': 0.9, 'alpha_2': 0, 'alpha_3': 0.3}. Best is trial 0 with value: 0.6416981816291809.
Initiate model in trail 0 with mode: Classification, infer mode: SC encoder type: MLP on device: cuda with abation on 1.
Saving model and plot for Trial 0 with Validation Loss = 0.7821
Initiate model in trail 1 with mode: Classification, infer mode: SC encoder type: MLP on device: cuda with abation on 1.
Saving model and plot for Trial 1 with Validation Loss = 0.7706
Best hyperparameters: {'lr': 0.01, 'n_epochs': 450, 'alpha_0': 0.06, 'alpha_1': 0, 'alpha_2': 0.005, 'alpha_3': 1}
Loading the Best Model.
Starting Inference.
Perform Rejection with GMM mode with tolerance=0.05, components=[3,15]!
Underfitting!
Found distributions with means close to 0 and 1 with 3 components.
Reject 0(0.00%) cells.
Inference Done.
We set Rank score < 0.5 as Rank- () while > 0.5 as Rank+ 
The parameters setting of model is: {'n_features': 1000, 'nhead': 2, 'nhid1': 96, 'nhid2': 8, 'n_output': 32, 'nlayers': 3, 'n_pred': 2, 'n_patho': 0, 'dropout': 0.5, 'mode': 'Classification', 'infer_mode': 'SC', 'encoder_type': 'MLP', 'model_save_path': '/mnt/NAS_21T/ProjectResult/TiRank/results/ablation/intera_4/Data7/3_Analysis/checkpoints'}
Initiate model in trail 0 with mode: Classification, infer mode: SC encoder type: MLP on device: cuda with abation on 2.
Saving model and plot for Trial 0 with Validation Loss = 0.7204
Initiate model in trail 1 with mode: Classification, infer mode: SC encoder type: MLP on device: cuda with abation on 2.
Saving model and plot for Trial 1 with Validation Loss = 0.7064
Best hyperparameters: {'lr': 0.0001, 'n_epochs': 300, 'alpha_0': 0.005, 'alpha_1': 0.4, 'alpha_2': 0, 'alpha_3': 0.8}
Loading the Best Model.
Starting Inference.
Perform Rejection with GMM mode with tolerance=0.05, components=[3,15]!
Found distributions with means close to 0 and 1 with 7 components.
Reject 252(1.08%) cells.
Inference Done.
We set Rank score < 0.5 as Rank- () while > 0.5 as Rank+ 
The parameters setting of model is: {'n_features': 1000, 'nhead': 2, 'nhid1': 96, 'nhid2': 8, 'n_output': 32, 'nlayers': 3, 'n_pred': 2, 'n_patho': 0, 'dropout': 0.5, 'mode': 'Classification', 'infer_mode': 'SC', 'encoder_type': 'MLP', 'model_save_path': '/mnt/NAS_21T/ProjectResult/TiRank/results/ablation/intera_4/Data7/3_Analysis/checkpoints'}
Initiate model in trail 0 with mode: Classification, infer mode: SC encoder type: MLP on device: cuda with abation on 1,2.
Saving model and plot for Trial 0 with Validation Loss = 0.7994
Initiate model in trail 1 with mode: Classification, infer mode: SC encoder type: MLP on device: cuda with abation on 1,2.
Best hyperparameters: {'lr': 0.006, 'n_epochs': 300, 'alpha_0': 0.03, 'alpha_1': 0, 'alpha_2': 0, 'alpha_3': 0.3}
Loading the Best Model.
Starting Inference.
Perform Rejection with GMM mode with tolerance=0.05, components=[3,15]!
Underfitting!
Found distributions with means close to 0 and 1 with 3 components.
Reject 0(0.00%) cells.
Inference Done.
We set Rank score < 0.5 as Rank- () while > 0.5 as Rank+ 
Starting load data for gene pair transformation.
Starting gene pair extraction.
Get candidate genes done.
There are 826 genes up-regulated in Group 0 and 707 genes up-regulated in Group 1.
Get candidate gene pairs done.
Profile transformation done.
Starting save gene pair matrices.
Save gene pair matrices done.
Save informative gene matrices done.
The parameters setting of model is: {'n_features': 1000, 'nhead': 2, 'nhid1': 96, 'nhid2': 8, 'n_output': 32, 'nlayers': 3, 'n_pred': 2, 'n_patho': 0, 'dropout': 0.5, 'mode': 'Classification', 'infer_mode': 'SC', 'encoder_type': 'DenseNet', 'model_save_path': '/mnt/NAS_21T/ProjectResult/TiRank/results/ablation/intera_4/Data6/3_Analysis/checkpoints'}
Initiate model in trail 0 with mode: Classification, infer mode: SC encoder type: DenseNet on device: cuda.
Saving model and plot for Trial 0 with Validation Loss = 0.6072
Initiate model in trail 1 with mode: Classification, infer mode: SC encoder type: DenseNet on device: cuda.
Best hyperparameters: {'lr': 1e-05, 'n_epochs': 400, 'alpha_0': 0.1, 'alpha_1': 0.4, 'alpha_2': 0.001, 'alpha_3': 1}
Loading the Best Model.
Starting Inference.
Perform Rejection with GMM mode with tolerance=0.05, components=[3,15]!
Underfitting!
Found distributions with means close to 0 and 1 with 3 components.
Reject 0(0.00%) cells.
Inference Done.
We set Rank score < 0.5 as Rank- () while > 0.5 as Rank+ 
The parameters setting of model is: {'n_features': 1000, 'nhead': 2, 'nhid1': 96, 'nhid2': 8, 'n_output': 32, 'nlayers': 3, 'n_pred': 2, 'n_patho': 0, 'dropout': 0.5, 'mode': 'Classification', 'infer_mode': 'SC', 'encoder_type': 'Transformer', 'model_save_path': '/mnt/NAS_21T/ProjectResult/TiRank/results/ablation/intera_4/Data6/3_Analysis/checkpoints'}
Initiate model in trail 0 with mode: Classification, infer mode: SC encoder type: Transformer on device: cuda.
Saving model and plot for Trial 0 with Validation Loss = 0.6222
Initiate model in trail 1 with mode: Classification, infer mode: SC encoder type: Transformer on device: cuda.
Best hyperparameters: {'lr': 0.0006, 'n_epochs': 300, 'alpha_0': 0.01, 'alpha_1': 0.8, 'alpha_2': 0.05, 'alpha_3': 0.6}
Loading the Best Model.
Starting Inference.
Perform Rejection with GMM mode with tolerance=0.05, components=[3,15]!
Found distributions with means close to 0 and 1 with 3 components.
Reject 425(26.50%) cells.
Inference Done.
We set Rank score < 0.5 as Rank- () while > 0.5 as Rank+ 
The parameters setting of model is: {'n_features': 1000, 'nhead': 2, 'nhid1': 96, 'nhid2': 8, 'n_output': 32, 'nlayers': 3, 'n_pred': 2, 'n_patho': 0, 'dropout': 0.5, 'mode': 'Classification', 'infer_mode': 'SC', 'encoder_type': 'MLP', 'model_save_path': '/mnt/NAS_21T/ProjectResult/TiRank/results/ablation/intera_4/Data6/3_Analysis/checkpoints'}
Initiate model in trail 0 with mode: Classification, infer mode: SC encoder type: MLP on device: cuda.
Saving model and plot for Trial 0 with Validation Loss = 0.7600
Initiate model in trail 1 with mode: Classification, infer mode: SC encoder type: MLP on device: cuda.
Saving model and plot for Trial 1 with Validation Loss = 0.5552
Best hyperparameters: {'lr': 0.001, 'n_epochs': 350, 'alpha_0': 0.03, 'alpha_1': 0.2, 'alpha_2': 0.01, 'alpha_3': 0.8}
Loading the Best Model.
Starting Inference.
Perform Rejection with GMM mode with tolerance=0.05, components=[3,15]!
Found distributions with means close to 0 and 1 with 12 components.
Reject 1001(62.41%) cells.
Inference Done.
We set Rank score < 0.5 as Rank- () while > 0.5 as Rank+ 
The parameters setting of model is: {'n_features': 1000, 'nhead': 2, 'nhid1': 96, 'nhid2': 8, 'n_output': 32, 'nlayers': 3, 'n_pred': 2, 'n_patho': 0, 'dropout': 0.5, 'mode': 'Classification', 'infer_mode': 'SC', 'encoder_type': 'MLP', 'model_save_path': '/mnt/NAS_21T/ProjectResult/TiRank/results/ablation/intera_4/Data6/3_Analysis/checkpoints'}
Initiate model in trail 0 with mode: Classification, infer mode: SC encoder type: MLP on device: cuda with abation on 1.
Saving model and plot for Trial 0 with Validation Loss = 0.8047
Initiate model in trail 1 with mode: Classification, infer mode: SC encoder type: MLP on device: cuda with abation on 1.
Saving model and plot for Trial 1 with Validation Loss = 0.7493
Best hyperparameters: {'lr': 0.0001, 'n_epochs': 450, 'alpha_0': 0.1, 'alpha_1': 0, 'alpha_2': 0.01, 'alpha_3': 0.6}
Loading the Best Model.
Starting Inference.
Perform Rejection with GMM mode with tolerance=0.05, components=[3,15]!
Underfitting!
Found distributions with means close to 0 and 1 with 3 components.
Reject 0(0.00%) cells.
Inference Done.
We set Rank score < 0.5 as Rank- () while > 0.5 as Rank+ 
The parameters setting of model is: {'n_features': 1000, 'nhead': 2, 'nhid1': 96, 'nhid2': 8, 'n_output': 32, 'nlayers': 3, 'n_pred': 2, 'n_patho': 0, 'dropout': 0.5, 'mode': 'Classification', 'infer_mode': 'SC', 'encoder_type': 'MLP', 'model_save_path': '/mnt/NAS_21T/ProjectResult/TiRank/results/ablation/intera_4/Data6/3_Analysis/checkpoints'}
Initiate model in trail 0 with mode: Classification, infer mode: SC encoder type: MLP on device: cuda with abation on 2.
Saving model and plot for Trial 0 with Validation Loss = 0.6417
[I 2025-03-21 09:39:34,363] Trial 1 finished with value: 0.6085279881954193 and parameters: {'lr': 0.0003, 'n_epochs': 450, 'alpha_0': 0.03, 'alpha_1': 0.5, 'alpha_2': 0, 'alpha_3': 0.4}. Best is trial 1 with value: 0.6085279881954193.
... storing 'Rank_Label' as categorical
[I 2025-03-21 09:39:37,880] A new study created in memory with name: no-name-d41654ef-50a1-4891-84da-7ea424828869
[I 2025-03-21 09:39:50,535] Trial 0 finished with value: 0.7813719809055328 and parameters: {'lr': 0.001, 'n_epochs': 500, 'alpha_0': 0.03, 'alpha_1': 0, 'alpha_2': 0, 'alpha_3': 0.8}. Best is trial 0 with value: 0.7813719809055328.
[I 2025-03-21 09:39:59,435] Trial 1 finished with value: 0.7988053858280182 and parameters: {'lr': 0.0006, 'n_epochs': 350, 'alpha_0': 0.03, 'alpha_1': 0, 'alpha_2': 0, 'alpha_3': 0.1}. Best is trial 0 with value: 0.7813719809055328.
... storing 'Rank_Label' as categorical
2025-03-21 09:40:02,312 - Finished dataset Data6 in /mnt/NAS_21T/ProjectResult/TiRank/results/ablation/intera_4/Data6
Processing datasets for repeat 4:  50%|â–ˆâ–ˆâ–ˆâ–ˆâ–ˆ     | 5/10 [2:23:38<2:36:25, 1877.15s/it]2025-03-21 09:40:02,315 - Processing dataset Data5 in /mnt/NAS_21T/ProjectResult/TiRank/results/ablation/intera_4/Data5
[I 2025-03-21 09:40:36,065] A new study created in memory with name: no-name-9e5a70bc-8876-45d3-8b46-9ffd3ddf3a3a
[I 2025-03-21 09:40:47,493] Trial 0 finished with value: 1.0854265093803406 and parameters: {'lr': 0.006, 'n_epochs': 350, 'alpha_0': 0.03, 'alpha_1': 0.1, 'alpha_2': 0.001, 'alpha_3': 0.2}. Best is trial 0 with value: 1.0854265093803406.
[I 2025-03-21 09:40:57,496] Trial 1 finished with value: 0.6668877601623535 and parameters: {'lr': 0.006, 'n_epochs': 300, 'alpha_0': 0.1, 'alpha_1': 0.7, 'alpha_2': 0.05, 'alpha_3': 0.1}. Best is trial 1 with value: 0.6668877601623535.
... storing 'Rank_Label' as categorical
[I 2025-03-21 09:41:00,504] A new study created in memory with name: no-name-91698fd2-3cba-4d70-8966-094825c5859f
[I 2025-03-21 09:41:14,285] Trial 0 finished with value: 0.8581700325012207 and parameters: {'lr': 0.01, 'n_epochs': 400, 'alpha_0': 0.01, 'alpha_1': 1, 'alpha_2': 0.1, 'alpha_3': 0.8}. Best is trial 0 with value: 0.8581700325012207.
[I 2025-03-21 09:41:25,487] Trial 1 finished with value: 0.745789498090744 and parameters: {'lr': 0.0003, 'n_epochs': 350, 'alpha_0': 0.005, 'alpha_1': 0.2, 'alpha_2': 0.001, 'alpha_3': 1}. Best is trial 1 with value: 0.745789498090744.
... storing 'Rank_Label' as categorical
[I 2025-03-21 09:41:28,376] A new study created in memory with name: no-name-99180af3-8ea7-43eb-ad68-f2fda5c32ebc
[I 2025-03-21 09:41:39,130] Trial 0 finished with value: 0.7966468632221222 and parameters: {'lr': 1e-05, 'n_epochs': 450, 'alpha_0': 0.005, 'alpha_1': 0.8, 'alpha_2': 0.1, 'alpha_3': 0.4}. Best is trial 0 with value: 0.7966468632221222.
[I 2025-03-21 09:41:51,211] Trial 1 finished with value: 0.7993083596229553 and parameters: {'lr': 0.006, 'n_epochs': 500, 'alpha_0': 0.005, 'alpha_1': 0.2, 'alpha_2': 0.01, 'alpha_3': 0.4}. Best is trial 0 with value: 0.7966468632221222.
... storing 'Rank_Label' as categorical
[I 2025-03-21 09:41:54,082] A new study created in memory with name: no-name-973b2b43-51cc-493a-bc03-9e2ac621601d
[I 2025-03-21 09:42:02,816] Trial 0 finished with value: 0.8216932117938995 and parameters: {'lr': 1e-05, 'n_epochs': 350, 'alpha_0': 0.03, 'alpha_1': 0, 'alpha_2': 0.01, 'alpha_3': 0.9}. Best is trial 0 with value: 0.8216932117938995.
[I 2025-03-21 09:42:14,561] Trial 1 finished with value: 0.7749386429786682 and parameters: {'lr': 1e-05, 'n_epochs': 500, 'alpha_0': 0.1, 'alpha_1': 0, 'alpha_2': 0.05, 'alpha_3': 0.9}. Best is trial 1 with value: 0.7749386429786682.
... storing 'Rank_Label' as categorical
[I 2025-03-21 09:42:17,601] A new study created in memory with name: no-name-7548df0b-7e56-4d30-81e5-537765c3e314
[I 2025-03-21 09:42:28,406] Trial 0 finished with value: 0.8229871392250061 and parameters: {'lr': 0.006, 'n_epochs': 450, 'alpha_0': 0.01, 'alpha_1': 0.7, 'alpha_2': 0, 'alpha_3': 1}. Best is trial 0 with value: 0.8229871392250061.
[I 2025-03-21 09:42:40,033] Trial 1 finished with value: 0.8140873312950134 and parameters: {'lr': 0.006, 'n_epochs': 500, 'alpha_0': 0.005, 'alpha_1': 0.2, 'alpha_2': 0, 'alpha_3': 0.1}. Best is trial 1 with value: 0.8140873312950134.
... storing 'Rank_Label' as categorical
[I 2025-03-21 09:42:42,898] A new study created in memory with name: no-name-fa1a6c8a-28e1-4aa6-90b4-17098add5f41
[I 2025-03-21 09:42:51,461] Trial 0 finished with value: 0.7509466111660004 and parameters: {'lr': 0.001, 'n_epochs': 350, 'alpha_0': 0.06, 'alpha_1': 0, 'alpha_2': 0, 'alpha_3': 0.3}. Best is trial 0 with value: 0.7509466111660004.
[I 2025-03-21 09:43:04,009] Trial 1 finished with value: 0.7943693101406097 and parameters: {'lr': 1e-06, 'n_epochs': 500, 'alpha_0': 0.1, 'alpha_1': 0, 'alpha_2': 0, 'alpha_3': 1}. Best is trial 0 with value: 0.7509466111660004.
Initiate model in trail 1 with mode: Classification, infer mode: SC encoder type: MLP on device: cuda with abation on 2.
Saving model and plot for Trial 1 with Validation Loss = 0.6085
Best hyperparameters: {'lr': 0.0003, 'n_epochs': 450, 'alpha_0': 0.03, 'alpha_1': 0.5, 'alpha_2': 0, 'alpha_3': 0.4}
Loading the Best Model.
Starting Inference.
Perform Rejection with GMM mode with tolerance=0.05, components=[3,15]!
Found distributions with means close to 0 and 1 with 11 components.
Reject 98(6.11%) cells.
Inference Done.
We set Rank score < 0.5 as Rank- () while > 0.5 as Rank+ 
The parameters setting of model is: {'n_features': 1000, 'nhead': 2, 'nhid1': 96, 'nhid2': 8, 'n_output': 32, 'nlayers': 3, 'n_pred': 2, 'n_patho': 0, 'dropout': 0.5, 'mode': 'Classification', 'infer_mode': 'SC', 'encoder_type': 'MLP', 'model_save_path': '/mnt/NAS_21T/ProjectResult/TiRank/results/ablation/intera_4/Data6/3_Analysis/checkpoints'}
Initiate model in trail 0 with mode: Classification, infer mode: SC encoder type: MLP on device: cuda with abation on 1,2.
Saving model and plot for Trial 0 with Validation Loss = 0.7814
Initiate model in trail 1 with mode: Classification, infer mode: SC encoder type: MLP on device: cuda with abation on 1,2.
Best hyperparameters: {'lr': 0.001, 'n_epochs': 500, 'alpha_0': 0.03, 'alpha_1': 0, 'alpha_2': 0, 'alpha_3': 0.8}
Loading the Best Model.
Starting Inference.
Perform Rejection with GMM mode with tolerance=0.05, components=[3,15]!
Underfitting!
Found distributions with means close to 0 and 1 with 3 components.
Reject 0(0.00%) cells.
Inference Done.
We set Rank score < 0.5 as Rank- () while > 0.5 as Rank+ 
Starting load data for gene pair transformation.
Starting gene pair extraction.
Get candidate genes done.
There are 766 genes up-regulated in Group 0 and 417 genes up-regulated in Group 1.
Get candidate gene pairs done.
Profile transformation done.
Starting save gene pair matrices.
Save gene pair matrices done.
Save informative gene matrices done.
The parameters setting of model is: {'n_features': 1000, 'nhead': 2, 'nhid1': 96, 'nhid2': 8, 'n_output': 32, 'nlayers': 3, 'n_pred': 2, 'n_patho': 0, 'dropout': 0.5, 'mode': 'Classification', 'infer_mode': 'SC', 'encoder_type': 'DenseNet', 'model_save_path': '/mnt/NAS_21T/ProjectResult/TiRank/results/ablation/intera_4/Data5/3_Analysis/checkpoints'}
Initiate model in trail 0 with mode: Classification, infer mode: SC encoder type: DenseNet on device: cuda.
Saving model and plot for Trial 0 with Validation Loss = 1.0854
Initiate model in trail 1 with mode: Classification, infer mode: SC encoder type: DenseNet on device: cuda.
Saving model and plot for Trial 1 with Validation Loss = 0.6669
Best hyperparameters: {'lr': 0.006, 'n_epochs': 300, 'alpha_0': 0.1, 'alpha_1': 0.7, 'alpha_2': 0.05, 'alpha_3': 0.1}
Loading the Best Model.
Starting Inference.
Perform Rejection with GMM mode with tolerance=0.05, components=[3,15]!
Found distributions with means close to 0 and 1 with 3 components.
Reject 0(0.00%) cells.
Inference Done.
We set Rank score < 0.5 as Rank- () while > 0.5 as Rank+ 
The parameters setting of model is: {'n_features': 1000, 'nhead': 2, 'nhid1': 96, 'nhid2': 8, 'n_output': 32, 'nlayers': 3, 'n_pred': 2, 'n_patho': 0, 'dropout': 0.5, 'mode': 'Classification', 'infer_mode': 'SC', 'encoder_type': 'Transformer', 'model_save_path': '/mnt/NAS_21T/ProjectResult/TiRank/results/ablation/intera_4/Data5/3_Analysis/checkpoints'}
Initiate model in trail 0 with mode: Classification, infer mode: SC encoder type: Transformer on device: cuda.
Saving model and plot for Trial 0 with Validation Loss = 0.8582
Initiate model in trail 1 with mode: Classification, infer mode: SC encoder type: Transformer on device: cuda.
Saving model and plot for Trial 1 with Validation Loss = 0.7458
Best hyperparameters: {'lr': 0.0003, 'n_epochs': 350, 'alpha_0': 0.005, 'alpha_1': 0.2, 'alpha_2': 0.001, 'alpha_3': 1}
Loading the Best Model.
Starting Inference.
Perform Rejection with GMM mode with tolerance=0.05, components=[3,15]!
Found distributions with means close to 0 and 1 with 3 components.
Reject 1(0.06%) cells.
Inference Done.
We set Rank score < 0.5 as Rank- () while > 0.5 as Rank+ 
The parameters setting of model is: {'n_features': 1000, 'nhead': 2, 'nhid1': 96, 'nhid2': 8, 'n_output': 32, 'nlayers': 3, 'n_pred': 2, 'n_patho': 0, 'dropout': 0.5, 'mode': 'Classification', 'infer_mode': 'SC', 'encoder_type': 'MLP', 'model_save_path': '/mnt/NAS_21T/ProjectResult/TiRank/results/ablation/intera_4/Data5/3_Analysis/checkpoints'}
Initiate model in trail 0 with mode: Classification, infer mode: SC encoder type: MLP on device: cuda.
Saving model and plot for Trial 0 with Validation Loss = 0.7966
Initiate model in trail 1 with mode: Classification, infer mode: SC encoder type: MLP on device: cuda.
Best hyperparameters: {'lr': 1e-05, 'n_epochs': 450, 'alpha_0': 0.005, 'alpha_1': 0.8, 'alpha_2': 0.1, 'alpha_3': 0.4}
Loading the Best Model.
Starting Inference.
Perform Rejection with GMM mode with tolerance=0.05, components=[3,15]!
Underfitting!
Found distributions with means close to 0 and 1 with 3 components.
Reject 0(0.00%) cells.
Inference Done.
We set Rank score < 0.5 as Rank- () while > 0.5 as Rank+ 
The parameters setting of model is: {'n_features': 1000, 'nhead': 2, 'nhid1': 96, 'nhid2': 8, 'n_output': 32, 'nlayers': 3, 'n_pred': 2, 'n_patho': 0, 'dropout': 0.5, 'mode': 'Classification', 'infer_mode': 'SC', 'encoder_type': 'MLP', 'model_save_path': '/mnt/NAS_21T/ProjectResult/TiRank/results/ablation/intera_4/Data5/3_Analysis/checkpoints'}
Initiate model in trail 0 with mode: Classification, infer mode: SC encoder type: MLP on device: cuda with abation on 1.
Saving model and plot for Trial 0 with Validation Loss = 0.8217
Initiate model in trail 1 with mode: Classification, infer mode: SC encoder type: MLP on device: cuda with abation on 1.
Saving model and plot for Trial 1 with Validation Loss = 0.7749
Best hyperparameters: {'lr': 1e-05, 'n_epochs': 500, 'alpha_0': 0.1, 'alpha_1': 0, 'alpha_2': 0.05, 'alpha_3': 0.9}
Loading the Best Model.
Starting Inference.
Perform Rejection with GMM mode with tolerance=0.05, components=[3,15]!
Underfitting!
Found distributions with means close to 0 and 1 with 3 components.
Reject 0(0.00%) cells.
Inference Done.
We set Rank score < 0.5 as Rank- () while > 0.5 as Rank+ 
The parameters setting of model is: {'n_features': 1000, 'nhead': 2, 'nhid1': 96, 'nhid2': 8, 'n_output': 32, 'nlayers': 3, 'n_pred': 2, 'n_patho': 0, 'dropout': 0.5, 'mode': 'Classification', 'infer_mode': 'SC', 'encoder_type': 'MLP', 'model_save_path': '/mnt/NAS_21T/ProjectResult/TiRank/results/ablation/intera_4/Data5/3_Analysis/checkpoints'}
Initiate model in trail 0 with mode: Classification, infer mode: SC encoder type: MLP on device: cuda with abation on 2.
Saving model and plot for Trial 0 with Validation Loss = 0.8230
Initiate model in trail 1 with mode: Classification, infer mode: SC encoder type: MLP on device: cuda with abation on 2.
Saving model and plot for Trial 1 with Validation Loss = 0.8141
Best hyperparameters: {'lr': 0.006, 'n_epochs': 500, 'alpha_0': 0.005, 'alpha_1': 0.2, 'alpha_2': 0, 'alpha_3': 0.1}
Loading the Best Model.
Starting Inference.
Perform Rejection with GMM mode with tolerance=0.05, components=[3,15]!
Found distributions with means close to 0 and 1 with 3 components.
Reject 12(0.75%) cells.
Inference Done.
We set Rank score < 0.5 as Rank- () while > 0.5 as Rank+ 
The parameters setting of model is: {'n_features': 1000, 'nhead': 2, 'nhid1': 96, 'nhid2': 8, 'n_output': 32, 'nlayers': 3, 'n_pred': 2, 'n_patho': 0, 'dropout': 0.5, 'mode': 'Classification', 'infer_mode': 'SC', 'encoder_type': 'MLP', 'model_save_path': '/mnt/NAS_21T/ProjectResult/TiRank/results/ablation/intera_4/Data5/3_Analysis/checkpoints'}
Initiate model in trail 0 with mode: Classification, infer mode: SC encoder type: MLP on device: cuda with abation on 1,2.
Saving model and plot for Trial 0 with Validation Loss = 0.7509
Initiate model in trail 1 with mode: Classification, infer mode: SC encoder type: MLP on device: cuda with abation on 1,2.
Best hyperparameters: ... storing 'Rank_Label' as categorical
2025-03-21 09:43:06,878 - Finished dataset Data5 in /mnt/NAS_21T/ProjectResult/TiRank/results/ablation/intera_4/Data5
Processing datasets for repeat 4:  60%|â–ˆâ–ˆâ–ˆâ–ˆâ–ˆâ–ˆ    | 6/10 [2:26:43<1:26:46, 1301.67s/it]2025-03-21 09:43:06,879 - Processing dataset Data4 in /mnt/NAS_21T/ProjectResult/TiRank/results/ablation/intera_4/Data4
[I 2025-03-21 09:43:48,237] A new study created in memory with name: no-name-e6e196c8-bd9c-4567-91e0-ee0a0b4a8c87
