[I 2025-03-21 20:24:33,279] Trial 0 finished with value: 0.6686044931411743 and parameters: {'lr': 0.0006, 'n_epochs': 450, 'alpha_0': 0.005, 'alpha_1': 0.2, 'alpha_2': 0.1, 'alpha_3': 0.4}. Best is trial 0 with value: 0.6686044931411743.
[I 2025-03-21 20:24:40,250] Trial 1 finished with value: 0.787579357624054 and parameters: {'lr': 1e-05, 'n_epochs': 400, 'alpha_0': 0.06, 'alpha_1': 0.7, 'alpha_2': 0.005, 'alpha_3': 0.8}. Best is trial 0 with value: 0.6686044931411743.
... storing 'Rank_Label' as categorical
[I 2025-03-21 20:24:42,999] A new study created in memory with name: no-name-606bcfb3-d43e-44b8-b4ec-b8837597c31b
[I 2025-03-21 20:24:47,397] Trial 0 finished with value: 0.6417351961135864 and parameters: {'lr': 0.001, 'n_epochs': 450, 'alpha_0': 0.03, 'alpha_1': 0.3, 'alpha_2': 0.01, 'alpha_3': 0.5}. Best is trial 0 with value: 0.6417351961135864.
[I 2025-03-21 20:24:51,002] Trial 1 finished with value: 0.7076977491378784 and parameters: {'lr': 0.0001, 'n_epochs': 400, 'alpha_0': 0.1, 'alpha_1': 0.5, 'alpha_2': 0.1, 'alpha_3': 0.5}. Best is trial 0 with value: 0.6417351961135864.
... storing 'Rank_Label' as categorical
[I 2025-03-21 20:24:53,867] A new study created in memory with name: no-name-816aeac6-c222-4194-97bb-f696d16b8cf6
[I 2025-03-21 20:24:56,793] Trial 0 finished with value: 0.7443826198577881 and parameters: {'lr': 0.0001, 'n_epochs': 300, 'alpha_0': 0.01, 'alpha_1': 0, 'alpha_2': 0.1, 'alpha_3': 0.8}. Best is trial 0 with value: 0.7443826198577881.
[I 2025-03-21 20:24:59,549] Trial 1 finished with value: 0.808435320854187 and parameters: {'lr': 1e-05, 'n_epochs': 300, 'alpha_0': 0.1, 'alpha_1': 0, 'alpha_2': 0.05, 'alpha_3': 0.3}. Best is trial 0 with value: 0.7443826198577881.
... storing 'Rank_Label' as categorical
[I 2025-03-21 20:25:02,310] A new study created in memory with name: no-name-ce3cac6a-b0ef-40ea-9a96-f47eb01f1f81
[I 2025-03-21 20:25:05,492] Trial 0 finished with value: 0.7272870540618896 and parameters: {'lr': 0.006, 'n_epochs': 350, 'alpha_0': 0.1, 'alpha_1': 0.1, 'alpha_2': 0, 'alpha_3': 0.4}. Best is trial 0 with value: 0.7272870540618896.
[I 2025-03-21 20:25:08,176] Trial 1 finished with value: 0.8175264596939087 and parameters: {'lr': 1e-05, 'n_epochs': 300, 'alpha_0': 0.03, 'alpha_1': 0.8, 'alpha_2': 0, 'alpha_3': 0.3}. Best is trial 0 with value: 0.7272870540618896.
... storing 'Rank_Label' as categorical
[I 2025-03-21 20:25:10,903] A new study created in memory with name: no-name-c1c760b6-bac0-4200-8c38-5106b86e5547
[I 2025-03-21 20:25:14,804] Trial 0 finished with value: 0.7879319787025452 and parameters: {'lr': 0.0003, 'n_epochs': 400, 'alpha_0': 0.005, 'alpha_1': 0, 'alpha_2': 0, 'alpha_3': 0.9}. Best is trial 0 with value: 0.7879319787025452.
[I 2025-03-21 20:25:16,834] Trial 1 finished with value: 0.7834665179252625 and parameters: {'lr': 0.0006, 'n_epochs': 300, 'alpha_0': 0.03, 'alpha_1': 0, 'alpha_2': 0, 'alpha_3': 0.9}. Best is trial 1 with value: 0.7834665179252625.
... storing 'Rank_Label' as categorical
2025-03-21 20:25:19,567 - Finished dataset Data3 in /mnt/NAS_21T/ProjectResult/TiRank/results/ablation/intera_8/Data3
Processing datasets for repeat 8:  80%|â–ˆâ–ˆâ–ˆâ–ˆâ–ˆâ–ˆâ–ˆâ–ˆ  | 8/10 [2:35:45<22:12, 666.50s/it]2025-03-21 20:25:19,569 - Processing dataset Data2 in /mnt/NAS_21T/ProjectResult/TiRank/results/ablation/intera_8/Data2
[I 2025-03-21 20:25:44,768] A new study created in memory with name: no-name-b245bd25-bf63-4fb5-b9ff-02fe7bfabe35
[I 2025-03-21 20:25:49,415] Trial 0 finished with value: 0.7165979743003845 and parameters: {'lr': 0.01, 'n_epochs': 350, 'alpha_0': 0.01, 'alpha_1': 0.4, 'alpha_2': 0.1, 'alpha_3': 0.1}. Best is trial 0 with value: 0.7165979743003845.
[I 2025-03-21 20:25:55,703] Trial 1 finished with value: 0.7653282284736633 and parameters: {'lr': 0.0006, 'n_epochs': 450, 'alpha_0': 0.005, 'alpha_1': 0.7, 'alpha_2': 0.01, 'alpha_3': 0.7}. Best is trial 0 with value: 0.7165979743003845.
... storing 'Rank_Label' as categorical
[I 2025-03-21 20:25:59,111] A new study created in memory with name: no-name-9e97bb41-6228-4220-9564-4de6d28e877c
[I 2025-03-21 20:26:04,934] Trial 0 finished with value: 0.7910375595092773 and parameters: {'lr': 0.003, 'n_epochs': 350, 'alpha_0': 0.005, 'alpha_1': 0.9, 'alpha_2': 0.1, 'alpha_3': 1}. Best is trial 0 with value: 0.7910375595092773.
[I 2025-03-21 20:26:11,347] Trial 1 finished with value: 0.7866647839546204 and parameters: {'lr': 1e-06, 'n_epochs': 450, 'alpha_0': 0.06, 'alpha_1': 0.3, 'alpha_2': 0.1, 'alpha_3': 1}. Best is trial 1 with value: 0.7866647839546204.
... storing 'Rank_Label' as categorical
Found distributions with means close to 0 and 1 with 3 components.
Reject 27(8.33%) cells.
Inference Done.
We set Rank score < 0.5 as Rank- () while > 0.5 as Rank+ 
The parameters setting of model is: {'n_features': 1000, 'nhead': 2, 'nhid1': 96, 'nhid2': 8, 'n_output': 32, 'nlayers': 3, 'n_pred': 2, 'n_patho': 0, 'dropout': 0.5, 'mode': 'Classification', 'infer_mode': 'SC', 'encoder_type': 'Transformer', 'model_save_path': '/mnt/NAS_21T/ProjectResult/TiRank/results/ablation/intera_8/Data3/3_Analysis/checkpoints'}
Initiate model in trail 0 with mode: Classification, infer mode: SC encoder type: Transformer on device: cuda.
Saving model and plot for Trial 0 with Validation Loss = 0.6686
Initiate model in trail 1 with mode: Classification, infer mode: SC encoder type: Transformer on device: cuda.
Best hyperparameters: {'lr': 0.0006, 'n_epochs': 450, 'alpha_0': 0.005, 'alpha_1': 0.2, 'alpha_2': 0.1, 'alpha_3': 0.4}
Loading the Best Model.
Starting Inference.
Perform Rejection with GMM mode with tolerance=0.05, components=[3,15]!
Found distributions with means close to 0 and 1 with 3 components.
Reject 160(49.38%) cells.
Inference Done.
We set Rank score < 0.5 as Rank- () while > 0.5 as Rank+ 
The parameters setting of model is: {'n_features': 1000, 'nhead': 2, 'nhid1': 96, 'nhid2': 8, 'n_output': 32, 'nlayers': 3, 'n_pred': 2, 'n_patho': 0, 'dropout': 0.5, 'mode': 'Classification', 'infer_mode': 'SC', 'encoder_type': 'MLP', 'model_save_path': '/mnt/NAS_21T/ProjectResult/TiRank/results/ablation/intera_8/Data3/3_Analysis/checkpoints'}
Initiate model in trail 0 with mode: Classification, infer mode: SC encoder type: MLP on device: cuda.
Saving model and plot for Trial 0 with Validation Loss = 0.6417
Initiate model in trail 1 with mode: Classification, infer mode: SC encoder type: MLP on device: cuda.
Best hyperparameters: {'lr': 0.001, 'n_epochs': 450, 'alpha_0': 0.03, 'alpha_1': 0.3, 'alpha_2': 0.01, 'alpha_3': 0.5}
Loading the Best Model.
Starting Inference.
Perform Rejection with GMM mode with tolerance=0.05, components=[3,15]!
Found distributions with means close to 0 and 1 with 13 components.
Reject 248(76.54%) cells.
Inference Done.
We set Rank score < 0.5 as Rank- () while > 0.5 as Rank+ 
The parameters setting of model is: {'n_features': 1000, 'nhead': 2, 'nhid1': 96, 'nhid2': 8, 'n_output': 32, 'nlayers': 3, 'n_pred': 2, 'n_patho': 0, 'dropout': 0.5, 'mode': 'Classification', 'infer_mode': 'SC', 'encoder_type': 'MLP', 'model_save_path': '/mnt/NAS_21T/ProjectResult/TiRank/results/ablation/intera_8/Data3/3_Analysis/checkpoints'}
Initiate model in trail 0 with mode: Classification, infer mode: SC encoder type: MLP on device: cuda with abation on 1.
Saving model and plot for Trial 0 with Validation Loss = 0.7444
Initiate model in trail 1 with mode: Classification, infer mode: SC encoder type: MLP on device: cuda with abation on 1.
Best hyperparameters: {'lr': 0.0001, 'n_epochs': 300, 'alpha_0': 0.01, 'alpha_1': 0, 'alpha_2': 0.1, 'alpha_3': 0.8}
Loading the Best Model.
Starting Inference.
Perform Rejection with GMM mode with tolerance=0.05, components=[3,15]!
Underfitting!
Found distributions with means close to 0 and 1 with 3 components.
Reject 0(0.00%) cells.
Inference Done.
We set Rank score < 0.5 as Rank- () while > 0.5 as Rank+ 
The parameters setting of model is: {'n_features': 1000, 'nhead': 2, 'nhid1': 96, 'nhid2': 8, 'n_output': 32, 'nlayers': 3, 'n_pred': 2, 'n_patho': 0, 'dropout': 0.5, 'mode': 'Classification', 'infer_mode': 'SC', 'encoder_type': 'MLP', 'model_save_path': '/mnt/NAS_21T/ProjectResult/TiRank/results/ablation/intera_8/Data3/3_Analysis/checkpoints'}
Initiate model in trail 0 with mode: Classification, infer mode: SC encoder type: MLP on device: cuda with abation on 2.
Saving model and plot for Trial 0 with Validation Loss = 0.7273
Initiate model in trail 1 with mode: Classification, infer mode: SC encoder type: MLP on device: cuda with abation on 2.
Best hyperparameters: {'lr': 0.006, 'n_epochs': 350, 'alpha_0': 0.1, 'alpha_1': 0.1, 'alpha_2': 0, 'alpha_3': 0.4}
Loading the Best Model.
Starting Inference.
Perform Rejection with GMM mode with tolerance=0.05, components=[3,15]!
Found distributions with means close to 0 and 1 with 3 components.
Reject 33(10.19%) cells.
Inference Done.
We set Rank score < 0.5 as Rank- () while > 0.5 as Rank+ 
The parameters setting of model is: {'n_features': 1000, 'nhead': 2, 'nhid1': 96, 'nhid2': 8, 'n_output': 32, 'nlayers': 3, 'n_pred': 2, 'n_patho': 0, 'dropout': 0.5, 'mode': 'Classification', 'infer_mode': 'SC', 'encoder_type': 'MLP', 'model_save_path': '/mnt/NAS_21T/ProjectResult/TiRank/results/ablation/intera_8/Data3/3_Analysis/checkpoints'}
Initiate model in trail 0 with mode: Classification, infer mode: SC encoder type: MLP on device: cuda with abation on 1,2.
Saving model and plot for Trial 0 with Validation Loss = 0.7879
Initiate model in trail 1 with mode: Classification, infer mode: SC encoder type: MLP on device: cuda with abation on 1,2.
Saving model and plot for Trial 1 with Validation Loss = 0.7835
Best hyperparameters: {'lr': 0.0006, 'n_epochs': 300, 'alpha_0': 0.03, 'alpha_1': 0, 'alpha_2': 0, 'alpha_3': 0.9}
Loading the Best Model.
Starting Inference.
Perform Rejection with GMM mode with tolerance=0.05, components=[3,15]!
Underfitting!
Found distributions with means close to 0 and 1 with 3 components.
Reject 0(0.00%) cells.
Inference Done.
We set Rank score < 0.5 as Rank- () while > 0.5 as Rank+ 
Starting load data for gene pair transformation.
Starting gene pair extraction.
Get candidate genes done.
There are 459 genes up-regulated in Group 0 and 283 genes up-regulated in Group 1.
Get candidate gene pairs done.
Profile transformation done.
Starting save gene pair matrices.
Save gene pair matrices done.
Save informative gene matrices done.
The parameters setting of model is: {'n_features': 1000, 'nhead': 2, 'nhid1': 96, 'nhid2': 8, 'n_output': 32, 'nlayers': 3, 'n_pred': 2, 'n_patho': 0, 'dropout': 0.5, 'mode': 'Classification', 'infer_mode': 'SC', 'encoder_type': 'DenseNet', 'model_save_path': '/mnt/NAS_21T/ProjectResult/TiRank/results/ablation/intera_8/Data2/3_Analysis/checkpoints'}
Initiate model in trail 0 with mode: Classification, infer mode: SC encoder type: DenseNet on device: cuda.
Saving model and plot for Trial 0 with Validation Loss = 0.7166
Initiate model in trail 1 with mode: Classification, infer mode: SC encoder type: DenseNet on device: cuda.
Best hyperparameters: {'lr': 0.01, 'n_epochs': 350, 'alpha_0': 0.01, 'alpha_1': 0.4, 'alpha_2': 0.1, 'alpha_3': 0.1}
Loading the Best Model.
Starting Inference.
Perform Rejection with GMM mode with tolerance=0.05, components=[3,15]!
Found distributions with means close to 0 and 1 with 3 components.
Reject 0(0.00%) cells.
Inference Done.
We set Rank score < 0.5 as Rank- () while > 0.5 as Rank+ 
The parameters setting of model is: {'n_features': 1000, 'nhead': 2, 'nhid1': 96, 'nhid2': 8, 'n_output': 32, 'nlayers': 3, 'n_pred': 2, 'n_patho': 0, 'dropout': 0.5, 'mode': 'Classification', 'infer_mode': 'SC', 'encoder_type': 'Transformer', 'model_save_path': '/mnt/NAS_21T/ProjectResult/TiRank/results/ablation/intera_8/Data2/3_Analysis/checkpoints'}
Initiate model in trail 0 with mode: Classification, infer mode: SC encoder type: Transformer on device: cuda.
Saving model and plot for Trial 0 with Validation Loss = 0.7910
Initiate model in trail 1 with mode: Classification, infer mode: SC encoder type: Transformer on device: cuda.
Saving model and plot for Trial 1 with Validation Loss = 0.7867
Best hyperparameters: {'lr': 1e-06, 'n_epochs': 450, 'alpha_0': 0.06, 'alpha_1': 0.3, 'alpha_2': 0.1, 'alpha_3': 1}
Loading the Best Model.
Starting Inference.
Perform Rejection with GMM mode with tolerance=0.05, components=[3,15]!
Underfitting!
Found distributions with means close to 0 and 1 with 3 components.
Reject 0(0.00%) cells.
Inference Done.
We set Rank score < 0.5 as Rank- () while > 0.5 as Rank+ 
The parameters setting of model is: [I 2025-03-21 20:26:14,731] A new study created in memory with name: no-name-640377a6-bc55-4cd1-9e87-5c28bfeb8d1c
[I 2025-03-21 20:26:20,435] Trial 0 finished with value: 0.7854812741279602 and parameters: {'lr': 1e-05, 'n_epochs': 450, 'alpha_0': 0.1, 'alpha_1': 0.9, 'alpha_2': 0.001, 'alpha_3': 0.7}. Best is trial 0 with value: 0.7854812741279602.
[I 2025-03-21 20:26:25,547] Trial 1 finished with value: 0.7021375894546509 and parameters: {'lr': 0.0001, 'n_epochs': 400, 'alpha_0': 0.005, 'alpha_1': 1, 'alpha_2': 0.05, 'alpha_3': 0.8}. Best is trial 1 with value: 0.7021375894546509.
... storing 'Rank_Label' as categorical
[I 2025-03-21 20:26:28,972] A new study created in memory with name: no-name-f3a09344-3daf-41c5-8c3a-de95ca4d91fd
[I 2025-03-21 20:26:32,621] Trial 0 finished with value: 0.741150975227356 and parameters: {'lr': 0.006, 'n_epochs': 300, 'alpha_0': 0.1, 'alpha_1': 0, 'alpha_2': 0.1, 'alpha_3': 0.8}. Best is trial 0 with value: 0.741150975227356.
[I 2025-03-21 20:26:37,665] Trial 1 finished with value: 0.729261040687561 and parameters: {'lr': 0.01, 'n_epochs': 400, 'alpha_0': 0.03, 'alpha_1': 0, 'alpha_2': 0.1, 'alpha_3': 0.1}. Best is trial 1 with value: 0.729261040687561.
... storing 'Rank_Label' as categorical
[I 2025-03-21 20:26:41,272] A new study created in memory with name: no-name-4230c1a1-a039-4e40-a966-05156155675f
[I 2025-03-21 20:26:47,001] Trial 0 finished with value: 0.7968251705169678 and parameters: {'lr': 0.0003, 'n_epochs': 500, 'alpha_0': 0.01, 'alpha_1': 1, 'alpha_2': 0, 'alpha_3': 0.8}. Best is trial 0 with value: 0.7968251705169678.
[I 2025-03-21 20:26:51,877] Trial 1 finished with value: 0.8089538216590881 and parameters: {'lr': 0.001, 'n_epochs': 400, 'alpha_0': 0.03, 'alpha_1': 0.7, 'alpha_2': 0, 'alpha_3': 0.7}. Best is trial 0 with value: 0.7968251705169678.
... storing 'Rank_Label' as categorical
[I 2025-03-21 20:26:55,248] A new study created in memory with name: no-name-95dc26ee-5580-4866-8194-fdfaf3c808d3
[I 2025-03-21 20:26:59,168] Trial 0 finished with value: 0.7915008664131165 and parameters: {'lr': 0.003, 'n_epochs': 300, 'alpha_0': 0.06, 'alpha_1': 0, 'alpha_2': 0, 'alpha_3': 0.4}. Best is trial 0 with value: 0.7915008664131165.
[I 2025-03-21 20:27:04,108] Trial 1 finished with value: 0.7908319234848022 and parameters: {'lr': 1e-06, 'n_epochs': 400, 'alpha_0': 0.005, 'alpha_1': 0, 'alpha_2': 0, 'alpha_3': 0.3}. Best is trial 1 with value: 0.7908319234848022.
... storing 'Rank_Label' as categorical
2025-03-21 20:27:07,461 - Finished dataset Data2 in /mnt/NAS_21T/ProjectResult/TiRank/results/ablation/intera_8/Data2
Processing datasets for repeat 8:  90%|â–ˆâ–ˆâ–ˆâ–ˆâ–ˆâ–ˆâ–ˆâ–ˆâ–ˆ | 9/10 [2:37:33<08:11, 491.87s/it]2025-03-21 20:27:07,463 - Processing dataset Data1 in /mnt/NAS_21T/ProjectResult/TiRank/results/ablation/intera_8/Data1
[I 2025-03-21 20:27:40,713] A new study created in memory with name: no-name-328401a0-9fc6-4227-8c47-9eaea07d539a
[I 2025-03-21 20:27:46,162] Trial 0 finished with value: 0.7234058380126953 and parameters: {'lr': 1e-06, 'n_epochs': 450, 'alpha_0': 0.01, 'alpha_1': 0.3, 'alpha_2': 0.001, 'alpha_3': 0.3}. Best is trial 0 with value: 0.7234058380126953.
[I 2025-03-21 20:27:52,185] Trial 1 finished with value: 0.6160216927528381 and parameters: {'lr': 0.01, 'n_epochs': 500, 'alpha_0': 0.1, 'alpha_1': 0.3, 'alpha_2': 0.1, 'alpha_3': 0.6}. Best is trial 1 with value: 0.6160216927528381.
... storing 'Rank_Label' as categorical
[I 2025-03-21 20:27:55,821] A new study created in memory with name: no-name-cb1a1f2f-9f29-4ae0-9a02-26a86446cf2a
[I 2025-03-21 20:28:01,947] Trial 0 finished with value: 0.9239033460617065 and parameters: {'lr': 1e-06, 'n_epochs': 350, 'alpha_0': 0.1, 'alpha_1': 0.2, 'alpha_2': 0.01, 'alpha_3': 0.4}. Best is trial 0 with value: 0.9239033460617065.
[I 2025-03-21 20:28:08,506] Trial 1 finished with value: 0.6733632683753967 and parameters: {'lr': 1e-06, 'n_epochs': 350, 'alpha_0': 0.03, 'alpha_1': 0.5, 'alpha_2': 0.05, 'alpha_3': 0.8}. Best is trial 1 with value: 0.6733632683753967.
... storing 'Rank_Label' as categorical
[I 2025-03-21 20:28:11,874] A new study created in memory with name: no-name-f751b751-fd53-4e0c-afc4-42ce71a5ed62
[I 2025-03-21 20:28:16,775] Trial 0 finished with value: 0.7720310091972351 and parameters: {'lr': 1e-06, 'n_epochs': 500, 'alpha_0': 0.1, 'alpha_1': 0.1, 'alpha_2': 0.001, 'alpha_3': 0.7}. Best is trial 0 with value: 0.7720310091972351.
