[I 2025-03-21 07:51:57,077] Trial 1 finished with value: 0.6181455047234244 and parameters: {'lr': 0.001, 'n_epochs': 350, 'alpha_0': 0.06, 'alpha_1': 0.8, 'alpha_2': 0.005, 'alpha_3': 0.1}. Best is trial 0 with value: 0.5615114958389945.
... storing 'Rank_Label' as categorical
[I 2025-03-21 07:54:41,261] A new study created in memory with name: no-name-53a432fb-81f5-450c-9d76-fa9432d72c18
[I 2025-03-21 07:58:39,842] Trial 0 finished with value: 0.7358931251194166 and parameters: {'lr': 1e-06, 'n_epochs': 400, 'alpha_0': 0.01, 'alpha_1': 0, 'alpha_2': 0.001, 'alpha_3': 0.3}. Best is trial 0 with value: 0.7358931251194166.
[I 2025-03-21 08:02:05,967] Trial 1 finished with value: 0.8045233073441879 and parameters: {'lr': 0.0006, 'n_epochs': 350, 'alpha_0': 0.1, 'alpha_1': 0, 'alpha_2': 0.05, 'alpha_3': 0.2}. Best is trial 0 with value: 0.7358931251194166.
... storing 'Rank_Label' as categorical
[I 2025-03-21 08:03:55,604] A new study created in memory with name: no-name-fd8a6f32-e9f1-4052-b1bf-2b96609fda22
[I 2025-03-21 08:08:26,565] Trial 0 finished with value: 0.6496505504069121 and parameters: {'lr': 0.0003, 'n_epochs': 450, 'alpha_0': 0.1, 'alpha_1': 0.6, 'alpha_2': 0, 'alpha_3': 0.9}. Best is trial 0 with value: 0.6496505504069121.
[I 2025-03-21 08:12:53,507] Trial 1 finished with value: 0.6674427701079327 and parameters: {'lr': 0.0001, 'n_epochs': 450, 'alpha_0': 0.03, 'alpha_1': 0.1, 'alpha_2': 0, 'alpha_3': 0.8}. Best is trial 0 with value: 0.6496505504069121.
... storing 'Rank_Label' as categorical
[I 2025-03-21 08:14:44,578] A new study created in memory with name: no-name-2da517fd-d67c-412d-80e7-233657702dd3
[I 2025-03-21 08:17:43,254] Trial 0 finished with value: 0.8174919719281404 and parameters: {'lr': 1e-06, 'n_epochs': 300, 'alpha_0': 0.1, 'alpha_1': 0, 'alpha_2': 0, 'alpha_3': 1}. Best is trial 0 with value: 0.8174919719281404.
[I 2025-03-21 08:21:42,261] Trial 1 finished with value: 0.7810370429702427 and parameters: {'lr': 0.006, 'n_epochs': 400, 'alpha_0': 0.03, 'alpha_1': 0, 'alpha_2': 0, 'alpha_3': 0.8}. Best is trial 1 with value: 0.7810370429702427.
... storing 'Rank_Label' as categorical
2025-03-21 08:23:30,864 - Finished dataset Data8 in /mnt/NAS_21T/ProjectResult/TiRank/results/ablation/intera_4/Data8
Processing datasets for repeat 4:  30%|â–ˆâ–ˆâ–ˆ       | 3/10 [1:07:07<3:30:36, 1805.19s/it]2025-03-21 08:23:30,872 - Processing dataset Data7 in /mnt/NAS_21T/ProjectResult/TiRank/results/ablation/intera_4/Data7
[I 2025-03-21 08:32:48,838] A new study created in memory with name: no-name-a4d82e5e-9f99-412a-9a60-d5d7f91d471e
[I 2025-03-21 08:38:16,504] Trial 0 finished with value: 0.6104404019272845 and parameters: {'lr': 0.0001, 'n_epochs': 500, 'alpha_0': 0.005, 'alpha_1': 0.5, 'alpha_2': 0.05, 'alpha_3': 0.6}. Best is trial 0 with value: 0.6104404019272845.
[I 2025-03-21 08:43:45,782] Trial 1 finished with value: 0.7450231728346451 and parameters: {'lr': 1e-06, 'n_epochs': 500, 'alpha_0': 0.03, 'alpha_1': 1, 'alpha_2': 0.005, 'alpha_3': 0.9}. Best is trial 0 with value: 0.6104404019272845.
... storing 'Rank_Label' as categorical
[I 2025-03-21 08:45:58,377] A new study created in memory with name: no-name-d2c5594c-58dc-4535-87d9-19c3eb4fb327
[I 2025-03-21 08:50:52,641] Trial 0 finished with value: 0.6611164030821427 and parameters: {'lr': 0.0003, 'n_epochs': 450, 'alpha_0': 0.01, 'alpha_1': 0.8, 'alpha_2': 0.005, 'alpha_3': 0.4}. Best is trial 0 with value: 0.6611164030821427.
[I 2025-03-21 08:56:05,862] Trial 1 finished with value: 0.8147114411644314 and parameters: {'lr': 1e-06, 'n_epochs': 450, 'alpha_0': 0.03, 'alpha_1': 0.3, 'alpha_2': 0.01, 'alpha_3': 0.5}. Best is trial 0 with value: 0.6611164030821427.
... storing 'Rank_Label' as categorical
[I 2025-03-21 08:58:36,862] A new study created in memory with name: no-name-2f45eb53-fa26-4551-a7d5-96b0a8eeeefc
[I 2025-03-21 09:03:18,780] Trial 0 finished with value: 0.8185536887334741 and parameters: {'lr': 0.001, 'n_epochs': 450, 'alpha_0': 0.1, 'alpha_1': 0.9, 'alpha_2': 0.1, 'alpha_3': 0.5}. Best is trial 0 with value: 0.8185536887334741.
[I 2025-03-21 09:06:17,704] Trial 1 finished with value: 0.775649394678033 and parameters: {'lr': 1e-05, 'n_epochs': 300, 'alpha_0': 0.01, 'alpha_1': 0.3, 'alpha_2': 0.005, 'alpha_3': 0.4}. Best is trial 1 with value: 0.775649394678033.
... storing 'Rank_Label' as categorical
[I 2025-03-21 09:08:07,815] A new study created in memory with name: no-name-03d94ea3-be15-4c53-a662-2e7b024bd324
{'n_features': 1000, 'nhead': 2, 'nhid1': 96, 'nhid2': 8, 'n_output': 32, 'nlayers': 3, 'n_pred': 2, 'n_patho': 0, 'dropout': 0.5, 'mode': 'Classification', 'infer_mode': 'SC', 'encoder_type': 'MLP', 'model_save_path': '/mnt/NAS_21T/ProjectResult/TiRank/results/ablation/intera_4/Data8/3_Analysis/checkpoints'}
Initiate model in trail 0 with mode: Classification, infer mode: SC encoder type: MLP on device: cuda.
Saving model and plot for Trial 0 with Validation Loss = 0.5615
Initiate model in trail 1 with mode: Classification, infer mode: SC encoder type: MLP on device: cuda.
Best hyperparameters: {'lr': 0.0001, 'n_epochs': 300, 'alpha_0': 0.005, 'alpha_1': 0.7, 'alpha_2': 0.01, 'alpha_3': 0.4}
Loading the Best Model.
Starting Inference.
Perform Rejection with GMM mode with tolerance=0.05, components=[3,15]!
Found distributions with means close to 0 and 1 with 4 components.
Reject 13398(57.17%) cells.
Inference Done.
We set Rank score < 0.5 as Rank- () while > 0.5 as Rank+ 
The parameters setting of model is: {'n_features': 1000, 'nhead': 2, 'nhid1': 96, 'nhid2': 8, 'n_output': 32, 'nlayers': 3, 'n_pred': 2, 'n_patho': 0, 'dropout': 0.5, 'mode': 'Classification', 'infer_mode': 'SC', 'encoder_type': 'MLP', 'model_save_path': '/mnt/NAS_21T/ProjectResult/TiRank/results/ablation/intera_4/Data8/3_Analysis/checkpoints'}
Initiate model in trail 0 with mode: Classification, infer mode: SC encoder type: MLP on device: cuda with abation on 1.
Saving model and plot for Trial 0 with Validation Loss = 0.7359
Initiate model in trail 1 with mode: Classification, infer mode: SC encoder type: MLP on device: cuda with abation on 1.
Best hyperparameters: {'lr': 1e-06, 'n_epochs': 400, 'alpha_0': 0.01, 'alpha_1': 0, 'alpha_2': 0.001, 'alpha_3': 0.3}
Loading the Best Model.
Starting Inference.
Perform Rejection with GMM mode with tolerance=0.05, components=[3,15]!
Underfitting!
Found distributions with means close to 0 and 1 with 3 components.
Reject 0(0.00%) cells.
Inference Done.
We set Rank score < 0.5 as Rank- () while > 0.5 as Rank+ 
The parameters setting of model is: {'n_features': 1000, 'nhead': 2, 'nhid1': 96, 'nhid2': 8, 'n_output': 32, 'nlayers': 3, 'n_pred': 2, 'n_patho': 0, 'dropout': 0.5, 'mode': 'Classification', 'infer_mode': 'SC', 'encoder_type': 'MLP', 'model_save_path': '/mnt/NAS_21T/ProjectResult/TiRank/results/ablation/intera_4/Data8/3_Analysis/checkpoints'}
Initiate model in trail 0 with mode: Classification, infer mode: SC encoder type: MLP on device: cuda with abation on 2.
Saving model and plot for Trial 0 with Validation Loss = 0.6497
Initiate model in trail 1 with mode: Classification, infer mode: SC encoder type: MLP on device: cuda with abation on 2.
Best hyperparameters: {'lr': 0.0003, 'n_epochs': 450, 'alpha_0': 0.1, 'alpha_1': 0.6, 'alpha_2': 0, 'alpha_3': 0.9}
Loading the Best Model.
Starting Inference.
Perform Rejection with GMM mode with tolerance=0.05, components=[3,15]!
Found distributions with means close to 0 and 1 with 9 components.
Reject 3721(15.88%) cells.
Inference Done.
We set Rank score < 0.5 as Rank- () while > 0.5 as Rank+ 
The parameters setting of model is: {'n_features': 1000, 'nhead': 2, 'nhid1': 96, 'nhid2': 8, 'n_output': 32, 'nlayers': 3, 'n_pred': 2, 'n_patho': 0, 'dropout': 0.5, 'mode': 'Classification', 'infer_mode': 'SC', 'encoder_type': 'MLP', 'model_save_path': '/mnt/NAS_21T/ProjectResult/TiRank/results/ablation/intera_4/Data8/3_Analysis/checkpoints'}
Initiate model in trail 0 with mode: Classification, infer mode: SC encoder type: MLP on device: cuda with abation on 1,2.
Saving model and plot for Trial 0 with Validation Loss = 0.8175
Initiate model in trail 1 with mode: Classification, infer mode: SC encoder type: MLP on device: cuda with abation on 1,2.
Saving model and plot for Trial 1 with Validation Loss = 0.7810
Best hyperparameters: {'lr': 0.006, 'n_epochs': 400, 'alpha_0': 0.03, 'alpha_1': 0, 'alpha_2': 0, 'alpha_3': 0.8}
Loading the Best Model.
Starting Inference.
Perform Rejection with GMM mode with tolerance=0.05, components=[3,15]!
Underfitting!
Found distributions with means close to 0 and 1 with 3 components.
Reject 0(0.00%) cells.
Inference Done.
We set Rank score < 0.5 as Rank- () while > 0.5 as Rank+ 
Starting load data for gene pair transformation.
Starting gene pair extraction.
Get candidate genes done.
There are 707 genes up-regulated in Group 0 and 445 genes up-regulated in Group 1.
Get candidate gene pairs done.
Profile transformation done.
Starting save gene pair matrices.
Save gene pair matrices done.
Save informative gene matrices done.
The parameters setting of model is: {'n_features': 1000, 'nhead': 2, 'nhid1': 96, 'nhid2': 8, 'n_output': 32, 'nlayers': 3, 'n_pred': 2, 'n_patho': 0, 'dropout': 0.5, 'mode': 'Classification', 'infer_mode': 'SC', 'encoder_type': 'DenseNet', 'model_save_path': '/mnt/NAS_21T/ProjectResult/TiRank/results/ablation/intera_4/Data7/3_Analysis/checkpoints'}
Initiate model in trail 0 with mode: Classification, infer mode: SC encoder type: DenseNet on device: cuda.
Saving model and plot for Trial 0 with Validation Loss = 0.6104
Initiate model in trail 1 with mode: Classification, infer mode: SC encoder type: DenseNet on device: cuda.
Best hyperparameters: {'lr': 0.0001, 'n_epochs': 500, 'alpha_0': 0.005, 'alpha_1': 0.5, 'alpha_2': 0.05, 'alpha_3': 0.6}
Loading the Best Model.
Starting Inference.
Perform Rejection with GMM mode with tolerance=0.05, components=[3,15]!
Found distributions with means close to 0 and 1 with 7 components.
Reject 16485(70.35%) cells.
Inference Done.
We set Rank score < 0.5 as Rank- () while > 0.5 as Rank+ 
The parameters setting of model is: {'n_features': 1000, 'nhead': 2, 'nhid1': 96, 'nhid2': 8, 'n_output': 32, 'nlayers': 3, 'n_pred': 2, 'n_patho': 0, 'dropout': 0.5, 'mode': 'Classification', 'infer_mode': 'SC', 'encoder_type': 'Transformer', 'model_save_path': '/mnt/NAS_21T/ProjectResult/TiRank/results/ablation/intera_4/Data7/3_Analysis/checkpoints'}
Initiate model in trail 0 with mode: Classification, infer mode: SC encoder type: Transformer on device: cuda.
Saving model and plot for Trial 0 with Validation Loss = 0.6611
Initiate model in trail 1 with mode: Classification, infer mode: SC encoder type: Transformer on device: cuda.
Best hyperparameters: {'lr': 0.0003, 'n_epochs': 450, 'alpha_0': 0.01, 'alpha_1': 0.8, 'alpha_2': 0.005, 'alpha_3': 0.4}
Loading the Best Model.
Starting Inference.
Perform Rejection with GMM mode with tolerance=0.05, components=[3,15]!
Found distributions with means close to 0 and 1 with 3 components.
Reject 22(0.09%) cells.
Inference Done.
We set Rank score < 0.5 as Rank- () while > 0.5 as Rank+ 
The parameters setting of model is: {'n_features': 1000, 'nhead': 2, 'nhid1': 96, 'nhid2': 8, 'n_output': 32, 'nlayers': 3, 'n_pred': 2, 'n_patho': 0, 'dropout': 0.5, 'mode': 'Classification', 'infer_mode': 'SC', 'encoder_type': 'MLP', 'model_save_path': '/mnt/NAS_21T/ProjectResult/TiRank/results/ablation/intera_4/Data7/3_Analysis/checkpoints'}
Initiate model in trail 0 with mode: Classification, infer mode: SC encoder type: MLP on device: cuda.
Saving model and plot for Trial 0 with Validation Loss = 0.8186
Initiate model in trail 1 with mode: Classification, infer mode: SC encoder type: MLP on device: cuda.
Saving model and plot for Trial 1 with Validation Loss = 0.7756
Best hyperparameters: {'lr': 1e-05, 'n_epochs': 300, 'alpha_0': 0.01, 'alpha_1': 0.3, 'alpha_2': 0.005, 'alpha_3': 0.4}
Loading the Best Model.
Starting Inference.
Perform Rejection with GMM mode with tolerance=0.05, components=[3,15]!
Underfitting!
Found distributions with means close to 0 and 1 with 5 components.
Reject 1815(7.75%) cells.
Inference Done.
We set Rank score < 0.5 as Rank- () while > 0.5 as Rank+ 
The parameters setting of model is: {'n_features': 1000, 'nhead': 2, 'nhid1': 96, 'nhid2': 8, 'n_output': 32, 'nlayers': 3, 'n_pred': 2, 'n_patho': 0, 'dropout': 0.5, 'mode': 'Classification', 'infer_mode': 'SC', 'encoder_type': 'MLP', 'model_save_path': '/mnt/NAS_21T/ProjectResult/TiRank/results/ablation/intera_4/Data7/3_Analysis/checkpoints'}
[I 2025-03-21 09:12:46,170] Trial 0 finished with value: 0.7820881268252498 and parameters: {'lr': 1e-06, 'n_epochs': 450, 'alpha_0': 0.01, 'alpha_1': 0, 'alpha_2': 0.01, 'alpha_3': 0.6}. Best is trial 0 with value: 0.7820881268252498.
[I 2025-03-21 09:17:24,401] Trial 1 finished with value: 0.7705686584762905 and parameters: {'lr': 0.01, 'n_epochs': 450, 'alpha_0': 0.06, 'alpha_1': 0, 'alpha_2': 0.005, 'alpha_3': 1}. Best is trial 1 with value: 0.7705686584762905.
... storing 'Rank_Label' as categorical
[I 2025-03-21 09:19:13,566] A new study created in memory with name: no-name-d014d250-ea62-4804-b328-d95bb20f3c6c
[I 2025-03-21 09:22:50,974] Trial 0 finished with value: 0.7204035727874093 and parameters: {'lr': 0.006, 'n_epochs': 350, 'alpha_0': 0.06, 'alpha_1': 0.3, 'alpha_2': 0, 'alpha_3': 0.7}. Best is trial 0 with value: 0.7204035727874093.
[I 2025-03-21 09:25:56,110] Trial 1 finished with value: 0.7063690838606461 and parameters: {'lr': 0.0001, 'n_epochs': 300, 'alpha_0': 0.005, 'alpha_1': 0.4, 'alpha_2': 0, 'alpha_3': 0.8}. Best is trial 1 with value: 0.7063690838606461.
... storing 'Rank_Label' as categorical
[I 2025-03-21 09:27:46,019] A new study created in memory with name: no-name-5e0bb857-7f93-45f3-85c0-a2fd41024b5b
[I 2025-03-21 09:31:11,248] Trial 0 finished with value: 0.7993870533030966 and parameters: {'lr': 0.006, 'n_epochs': 300, 'alpha_0': 0.03, 'alpha_1': 0, 'alpha_2': 0, 'alpha_3': 0.3}. Best is trial 0 with value: 0.7993870533030966.
[I 2025-03-21 09:35:12,040] Trial 1 finished with value: 0.8467300793398982 and parameters: {'lr': 1e-06, 'n_epochs': 350, 'alpha_0': 0.06, 'alpha_1': 0, 'alpha_2': 0, 'alpha_3': 0.5}. Best is trial 0 with value: 0.7993870533030966.
... storing 'Rank_Label' as categorical
2025-03-21 09:37:01,129 - Finished dataset Data7 in /mnt/NAS_21T/ProjectResult/TiRank/results/ablation/intera_4/Data7
Processing datasets for repeat 4:  40%|â–ˆâ–ˆâ–ˆâ–ˆ      | 4/10 [2:20:37<4:43:21, 2833.65s/it]2025-03-21 09:37:01,154 - Processing dataset Data6 in /mnt/NAS_21T/ProjectResult/TiRank/results/ablation/intera_4/Data6
[I 2025-03-21 09:37:23,731] A new study created in memory with name: no-name-665da341-ce79-4faa-bcd8-10a5e3d349b5
[I 2025-03-21 09:37:36,940] Trial 0 finished with value: 0.6071706712245941 and parameters: {'lr': 1e-05, 'n_epochs': 400, 'alpha_0': 0.1, 'alpha_1': 0.4, 'alpha_2': 0.001, 'alpha_3': 1}. Best is trial 0 with value: 0.6071706712245941.
[I 2025-03-21 09:37:50,560] Trial 1 finished with value: 0.7354581356048584 and parameters: {'lr': 0.01, 'n_epochs': 400, 'alpha_0': 0.005, 'alpha_1': 0.9, 'alpha_2': 0.01, 'alpha_3': 0.7}. Best is trial 0 with value: 0.6071706712245941.
... storing 'Rank_Label' as categorical
[I 2025-03-21 09:37:53,562] A new study created in memory with name: no-name-11e126a7-28cc-454b-8031-c67889550dff
[I 2025-03-21 09:38:05,374] Trial 0 finished with value: 0.6221963167190552 and parameters: {'lr': 0.0006, 'n_epochs': 300, 'alpha_0': 0.01, 'alpha_1': 0.8, 'alpha_2': 0.05, 'alpha_3': 0.6}. Best is trial 0 with value: 0.6221963167190552.
[I 2025-03-21 09:38:18,338] Trial 1 finished with value: 0.6920112669467926 and parameters: {'lr': 1e-05, 'n_epochs': 350, 'alpha_0': 0.03, 'alpha_1': 0.6, 'alpha_2': 0.01, 'alpha_3': 0.6}. Best is trial 0 with value: 0.6221963167190552.
... storing 'Rank_Label' as categorical
[I 2025-03-21 09:38:21,250] A new study created in memory with name: no-name-e5a2ba18-733c-4511-bb14-862a4dd67349
[I 2025-03-21 09:38:31,671] Trial 0 finished with value: 0.7600497007369995 and parameters: {'lr': 1e-06, 'n_epochs': 350, 'alpha_0': 0.03, 'alpha_1': 0.6, 'alpha_2': 0.01, 'alpha_3': 0.5}. Best is trial 0 with value: 0.7600497007369995.
[I 2025-03-21 09:38:42,104] Trial 1 finished with value: 0.5552074015140533 and parameters: {'lr': 0.001, 'n_epochs': 350, 'alpha_0': 0.03, 'alpha_1': 0.2, 'alpha_2': 0.01, 'alpha_3': 0.8}. Best is trial 1 with value: 0.5552074015140533.
... storing 'Rank_Label' as categorical
[I 2025-03-21 09:38:45,937] A new study created in memory with name: no-name-5811f44a-0240-41bf-b928-574d4864af05
[I 2025-03-21 09:38:54,783] Trial 0 finished with value: 0.8047182559967041 and parameters: {'lr': 0.0001, 'n_epochs': 300, 'alpha_0': 0.06, 'alpha_1': 0, 'alpha_2': 0.001, 'alpha_3': 0.2}. Best is trial 0 with value: 0.8047182559967041.
[I 2025-03-21 09:39:06,994] Trial 1 finished with value: 0.7492592334747314 and parameters: {'lr': 0.0001, 'n_epochs': 450, 'alpha_0': 0.1, 'alpha_1': 0, 'alpha_2': 0.01, 'alpha_3': 0.6}. Best is trial 1 with value: 0.7492592334747314.
... storing 'Rank_Label' as categorical
[I 2025-03-21 09:39:09,873] A new study created in memory with name: no-name-97b60b43-b7a3-47df-b205-59d3958c1c4b
