[I 2025-03-21 04:46:15,044] Trial 1 finished with value: 0.8060722351074219 and parameters: {'lr': 0.0003, 'n_epochs': 300, 'alpha_0': 0.01, 'alpha_1': 1, 'alpha_2': 0.001, 'alpha_3': 0.2}. Best is trial 0 with value: 0.7810412049293518.
... storing 'Rank_Label' as categorical
[I 2025-03-21 04:46:18,355] A new study created in memory with name: no-name-a9d311df-14cc-4005-82de-2a88c287e84d
[I 2025-03-21 04:46:22,195] Trial 0 finished with value: 0.7951087951660156 and parameters: {'lr': 1e-06, 'n_epochs': 300, 'alpha_0': 0.01, 'alpha_1': 0, 'alpha_2': 0.005, 'alpha_3': 0.4}. Best is trial 0 with value: 0.7951087951660156.
[I 2025-03-21 04:46:26,353] Trial 1 finished with value: 0.7413401007652283 and parameters: {'lr': 0.003, 'n_epochs': 350, 'alpha_0': 0.005, 'alpha_1': 0, 'alpha_2': 0.01, 'alpha_3': 0.1}. Best is trial 1 with value: 0.7413401007652283.
... storing 'Rank_Label' as categorical
[I 2025-03-21 04:46:29,801] A new study created in memory with name: no-name-74761930-bfa4-4490-bb32-bc8481e29208
[I 2025-03-21 04:46:34,910] Trial 0 finished with value: 0.8383868932723999 and parameters: {'lr': 0.001, 'n_epochs': 400, 'alpha_0': 0.1, 'alpha_1': 0.2, 'alpha_2': 0, 'alpha_3': 0.7}. Best is trial 0 with value: 0.8383868932723999.
[I 2025-03-21 04:46:40,970] Trial 1 finished with value: 0.803195595741272 and parameters: {'lr': 0.001, 'n_epochs': 500, 'alpha_0': 0.06, 'alpha_1': 0.6, 'alpha_2': 0, 'alpha_3': 0.6}. Best is trial 1 with value: 0.803195595741272.
... storing 'Rank_Label' as categorical
[I 2025-03-21 04:46:44,283] A new study created in memory with name: no-name-aa3d8a37-83d0-40d5-ab81-d3f5c9b5517c
[I 2025-03-21 04:46:50,505] Trial 0 finished with value: 0.7953193783760071 and parameters: {'lr': 0.006, 'n_epochs': 500, 'alpha_0': 0.01, 'alpha_1': 0, 'alpha_2': 0, 'alpha_3': 0.6}. Best is trial 0 with value: 0.7953193783760071.
[I 2025-03-21 04:46:55,453] Trial 1 finished with value: 0.791526734828949 and parameters: {'lr': 0.0003, 'n_epochs': 450, 'alpha_0': 0.06, 'alpha_1': 0, 'alpha_2': 0, 'alpha_3': 0.4}. Best is trial 1 with value: 0.791526734828949.
... storing 'Rank_Label' as categorical
2025-03-21 04:46:59,041 - Finished dataset Data2 in /mnt/NAS_21T/ProjectResult/TiRank/results/ablation/intera_2/Data2
Processing datasets for repeat 2:  90%|â–ˆâ–ˆâ–ˆâ–ˆâ–ˆâ–ˆâ–ˆâ–ˆâ–ˆ | 9/10 [2:35:03<08:05, 485.89s/it]2025-03-21 04:46:59,044 - Processing dataset Data1 in /mnt/NAS_21T/ProjectResult/TiRank/results/ablation/intera_2/Data1
[I 2025-03-21 04:47:36,523] A new study created in memory with name: no-name-716e0b4a-bffa-43e0-8fe2-0ec7e70758e9
[I 2025-03-21 04:47:42,698] Trial 0 finished with value: 0.7378286123275757 and parameters: {'lr': 1e-05, 'n_epochs': 500, 'alpha_0': 0.005, 'alpha_1': 0.4, 'alpha_2': 0.001, 'alpha_3': 0.7}. Best is trial 0 with value: 0.7378286123275757.
[I 2025-03-21 04:47:46,826] Trial 1 finished with value: 0.7450258731842041 and parameters: {'lr': 0.0003, 'n_epochs': 350, 'alpha_0': 0.03, 'alpha_1': 0.3, 'alpha_2': 0.1, 'alpha_3': 0.4}. Best is trial 0 with value: 0.7378286123275757.
... storing 'Rank_Label' as categorical
[I 2025-03-21 04:47:50,424] A new study created in memory with name: no-name-61e0ed33-87f2-4755-b509-f09fa0fe40e3
[I 2025-03-21 04:47:55,487] Trial 0 finished with value: 0.7650294899940491 and parameters: {'lr': 0.006, 'n_epochs': 300, 'alpha_0': 0.03, 'alpha_1': 0.4, 'alpha_2': 0.1, 'alpha_3': 0.2}. Best is trial 0 with value: 0.7650294899940491.
[I 2025-03-21 04:48:02,089] Trial 1 finished with value: 0.7174740433692932 and parameters: {'lr': 1e-06, 'n_epochs': 500, 'alpha_0': 0.06, 'alpha_1': 0.6, 'alpha_2': 0.001, 'alpha_3': 0.2}. Best is trial 1 with value: 0.7174740433692932.
... storing 'Rank_Label' as categorical
[I 2025-03-21 04:48:05,394] A new study created in memory with name: no-name-0058df52-4844-4f38-a4f6-6feec56254a4
[I 2025-03-21 04:48:09,871] Trial 0 finished with value: 0.832813024520874 and parameters: {'lr': 0.003, 'n_epochs': 450, 'alpha_0': 0.005, 'alpha_1': 0.2, 'alpha_2': 0.005, 'alpha_3': 0.2}. Best is trial 0 with value: 0.832813024520874.
[I 2025-03-21 04:48:12,866] Trial 1 finished with value: 0.7960129976272583 and parameters: {'lr': 0.003, 'n_epochs': 300, 'alpha_0': 0.03, 'alpha_1': 1, 'alpha_2': 0.1, 'alpha_3': 0.6}. Best is trial 1 with value: 0.7960129976272583.
... storing 'Rank_Label' as categorical
We set Rank score < 0.5 as Rank- () while > 0.5 as Rank+ 
The parameters setting of model is: {'n_features': 1000, 'nhead': 2, 'nhid1': 96, 'nhid2': 8, 'n_output': 32, 'nlayers': 3, 'n_pred': 2, 'n_patho': 0, 'dropout': 0.5, 'mode': 'Classification', 'infer_mode': 'SC', 'encoder_type': 'MLP', 'model_save_path': '/mnt/NAS_21T/ProjectResult/TiRank/results/ablation/intera_2/Data2/3_Analysis/checkpoints'}
Initiate model in trail 0 with mode: Classification, infer mode: SC encoder type: MLP on device: cuda.
Saving model and plot for Trial 0 with Validation Loss = 0.7810
Initiate model in trail 1 with mode: Classification, infer mode: SC encoder type: MLP on device: cuda.
Best hyperparameters: {'lr': 0.001, 'n_epochs': 400, 'alpha_0': 0.01, 'alpha_1': 0.7, 'alpha_2': 0.01, 'alpha_3': 0.2}
Loading the Best Model.
Starting Inference.
Perform Rejection with GMM mode with tolerance=0.05, components=[3,15]!
Found distributions with means close to 0 and 1 with 3 components.
Reject 161(31.76%) cells.
Inference Done.
We set Rank score < 0.5 as Rank- () while > 0.5 as Rank+ 
The parameters setting of model is: {'n_features': 1000, 'nhead': 2, 'nhid1': 96, 'nhid2': 8, 'n_output': 32, 'nlayers': 3, 'n_pred': 2, 'n_patho': 0, 'dropout': 0.5, 'mode': 'Classification', 'infer_mode': 'SC', 'encoder_type': 'MLP', 'model_save_path': '/mnt/NAS_21T/ProjectResult/TiRank/results/ablation/intera_2/Data2/3_Analysis/checkpoints'}
Initiate model in trail 0 with mode: Classification, infer mode: SC encoder type: MLP on device: cuda with abation on 1.
Saving model and plot for Trial 0 with Validation Loss = 0.7951
Initiate model in trail 1 with mode: Classification, infer mode: SC encoder type: MLP on device: cuda with abation on 1.
Saving model and plot for Trial 1 with Validation Loss = 0.7413
Best hyperparameters: {'lr': 0.003, 'n_epochs': 350, 'alpha_0': 0.005, 'alpha_1': 0, 'alpha_2': 0.01, 'alpha_3': 0.1}
Loading the Best Model.
Starting Inference.
Perform Rejection with GMM mode with tolerance=0.05, components=[3,15]!
Underfitting!
Found distributions with means close to 0 and 1 with 3 components.
Reject 0(0.00%) cells.
Inference Done.
We set Rank score < 0.5 as Rank- () while > 0.5 as Rank+ 
The parameters setting of model is: {'n_features': 1000, 'nhead': 2, 'nhid1': 96, 'nhid2': 8, 'n_output': 32, 'nlayers': 3, 'n_pred': 2, 'n_patho': 0, 'dropout': 0.5, 'mode': 'Classification', 'infer_mode': 'SC', 'encoder_type': 'MLP', 'model_save_path': '/mnt/NAS_21T/ProjectResult/TiRank/results/ablation/intera_2/Data2/3_Analysis/checkpoints'}
Initiate model in trail 0 with mode: Classification, infer mode: SC encoder type: MLP on device: cuda with abation on 2.
Saving model and plot for Trial 0 with Validation Loss = 0.8384
Initiate model in trail 1 with mode: Classification, infer mode: SC encoder type: MLP on device: cuda with abation on 2.
Saving model and plot for Trial 1 with Validation Loss = 0.8032
Best hyperparameters: {'lr': 0.001, 'n_epochs': 500, 'alpha_0': 0.06, 'alpha_1': 0.6, 'alpha_2': 0, 'alpha_3': 0.6}
Loading the Best Model.
Starting Inference.
Perform Rejection with GMM mode with tolerance=0.05, components=[3,15]!
Found distributions with means close to 0 and 1 with 3 components.
Reject 111(21.89%) cells.
Inference Done.
We set Rank score < 0.5 as Rank- () while > 0.5 as Rank+ 
The parameters setting of model is: {'n_features': 1000, 'nhead': 2, 'nhid1': 96, 'nhid2': 8, 'n_output': 32, 'nlayers': 3, 'n_pred': 2, 'n_patho': 0, 'dropout': 0.5, 'mode': 'Classification', 'infer_mode': 'SC', 'encoder_type': 'MLP', 'model_save_path': '/mnt/NAS_21T/ProjectResult/TiRank/results/ablation/intera_2/Data2/3_Analysis/checkpoints'}
Initiate model in trail 0 with mode: Classification, infer mode: SC encoder type: MLP on device: cuda with abation on 1,2.
Saving model and plot for Trial 0 with Validation Loss = 0.7953
Initiate model in trail 1 with mode: Classification, infer mode: SC encoder type: MLP on device: cuda with abation on 1,2.
Saving model and plot for Trial 1 with Validation Loss = 0.7915
Best hyperparameters: {'lr': 0.0003, 'n_epochs': 450, 'alpha_0': 0.06, 'alpha_1': 0, 'alpha_2': 0, 'alpha_3': 0.4}
Loading the Best Model.
Starting Inference.
Perform Rejection with GMM mode with tolerance=0.05, components=[3,15]!
Underfitting!
Found distributions with means close to 0 and 1 with 3 components.
Reject 0(0.00%) cells.
Inference Done.
We set Rank score < 0.5 as Rank- () while > 0.5 as Rank+ 
Starting load data for gene pair transformation.
Starting gene pair extraction.
Get candidate genes done.
There are 219 genes up-regulated in Group 0 and 1096 genes up-regulated in Group 1.
Get candidate gene pairs done.
Profile transformation done.
Starting save gene pair matrices.
Save gene pair matrices done.
Save informative gene matrices done.
The parameters setting of model is: {'n_features': 1000, 'nhead': 2, 'nhid1': 96, 'nhid2': 8, 'n_output': 32, 'nlayers': 3, 'n_pred': 2, 'n_patho': 0, 'dropout': 0.5, 'mode': 'Classification', 'infer_mode': 'SC', 'encoder_type': 'DenseNet', 'model_save_path': '/mnt/NAS_21T/ProjectResult/TiRank/results/ablation/intera_2/Data1/3_Analysis/checkpoints'}
Initiate model in trail 0 with mode: Classification, infer mode: SC encoder type: DenseNet on device: cuda.
Saving model and plot for Trial 0 with Validation Loss = 0.7378
Initiate model in trail 1 with mode: Classification, infer mode: SC encoder type: DenseNet on device: cuda.
Best hyperparameters: {'lr': 1e-05, 'n_epochs': 500, 'alpha_0': 0.005, 'alpha_1': 0.4, 'alpha_2': 0.001, 'alpha_3': 0.7}
Loading the Best Model.
Starting Inference.
Perform Rejection with GMM mode with tolerance=0.05, components=[3,15]!
Found distributions with means close to 0 and 1 with 3 components.
Reject 153(30.18%) cells.
Inference Done.
We set Rank score < 0.5 as Rank- () while > 0.5 as Rank+ 
The parameters setting of model is: {'n_features': 1000, 'nhead': 2, 'nhid1': 96, 'nhid2': 8, 'n_output': 32, 'nlayers': 3, 'n_pred': 2, 'n_patho': 0, 'dropout': 0.5, 'mode': 'Classification', 'infer_mode': 'SC', 'encoder_type': 'Transformer', 'model_save_path': '/mnt/NAS_21T/ProjectResult/TiRank/results/ablation/intera_2/Data1/3_Analysis/checkpoints'}
Initiate model in trail 0 with mode: Classification, infer mode: SC encoder type: Transformer on device: cuda.
Saving model and plot for Trial 0 with Validation Loss = 0.7650
Initiate model in trail 1 with mode: Classification, infer mode: SC encoder type: Transformer on device: cuda.
Saving model and plot for Trial 1 with Validation Loss = 0.7175
Best hyperparameters: {'lr': 1e-06, 'n_epochs': 500, 'alpha_0': 0.06, 'alpha_1': 0.6, 'alpha_2': 0.001, 'alpha_3': 0.2}
Loading the Best Model.
Starting Inference.
Perform Rejection with GMM mode with tolerance=0.05, components=[3,15]!
Underfitting!
Found distributions with means close to 0 and 1 with 3 components.
Reject 0(0.00%) cells.
Inference Done.
We set Rank score < 0.5 as Rank- () while > 0.5 as Rank+ 
The parameters setting of model is: {'n_features': 1000, 'nhead': 2, 'nhid1': 96, 'nhid2': 8, 'n_output': 32, 'nlayers': 3, 'n_pred': 2, 'n_patho': 0, 'dropout': 0.5, 'mode': 'Classification', 'infer_mode': 'SC', 'encoder_type': 'MLP', 'model_save_path': '/mnt/NAS_21T/ProjectResult/TiRank/results/ablation/intera_2/Data1/3_Analysis/checkpoints'}
Initiate model in trail 0 with mode: Classification, infer mode: SC encoder type: MLP on device: cuda.
Saving model and plot for Trial 0 with Validation Loss = 0.8328
Initiate model in trail 1 with mode: Classification, infer mode: SC encoder type: MLP on device: cuda.
Saving model and plot for Trial 1 with Validation Loss = 0.7960
Best hyperparameters: {'lr': 0.003, 'n_epochs': 300, 'alpha_0': 0.03, 'alpha_1': 1, 'alpha_2': 0.1, 'alpha_3': 0.6}
Loading the Best Model.
Starting Inference.
Perform Rejection with GMM mode with tolerance=0.05, components=[3,15]!
Found distributions with means close to 0 and 1 with 5 components.
Reject 382(75.35%) cells.
Inference Done.
We set Rank score < 0.5 as Rank- () while > 0.5 as Rank+ 
The parameters setting of model is: [I 2025-03-21 04:48:16,280] A new study created in memory with name: no-name-8178c681-8958-42f8-b553-afe292e53398
[I 2025-03-21 04:48:19,331] Trial 0 finished with value: 0.7774275541305542 and parameters: {'lr': 1e-05, 'n_epochs': 300, 'alpha_0': 0.01, 'alpha_1': 0, 'alpha_2': 0.005, 'alpha_3': 0.6}. Best is trial 0 with value: 0.7774275541305542.
[I 2025-03-21 04:48:22,523] Trial 1 finished with value: 0.8046825528144836 and parameters: {'lr': 0.01, 'n_epochs': 350, 'alpha_0': 0.01, 'alpha_1': 0, 'alpha_2': 0.001, 'alpha_3': 0.4}. Best is trial 0 with value: 0.7774275541305542.
... storing 'Rank_Label' as categorical
[I 2025-03-21 04:48:26,193] A new study created in memory with name: no-name-3462c7b1-f327-4ec4-a6ff-a0600a5bb89b
[I 2025-03-21 04:48:30,258] Trial 0 finished with value: 0.7001053690910339 and parameters: {'lr': 0.0001, 'n_epochs': 400, 'alpha_0': 0.01, 'alpha_1': 0.7, 'alpha_2': 0, 'alpha_3': 0.5}. Best is trial 0 with value: 0.7001053690910339.
[I 2025-03-21 04:48:34,515] Trial 1 finished with value: 0.8381814360618591 and parameters: {'lr': 0.0006, 'n_epochs': 450, 'alpha_0': 0.03, 'alpha_1': 0.2, 'alpha_2': 0, 'alpha_3': 1}. Best is trial 0 with value: 0.7001053690910339.
... storing 'Rank_Label' as categorical
[I 2025-03-21 04:48:37,967] A new study created in memory with name: no-name-36ed12fc-7dad-41cd-bf64-2da39d58cc0a
[I 2025-03-21 04:48:41,792] Trial 0 finished with value: 0.7838412523269653 and parameters: {'lr': 0.0006, 'n_epochs': 400, 'alpha_0': 0.06, 'alpha_1': 0, 'alpha_2': 0, 'alpha_3': 1}. Best is trial 0 with value: 0.7838412523269653.
[I 2025-03-21 04:48:46,020] Trial 1 finished with value: 0.7622790336608887 and parameters: {'lr': 1e-05, 'n_epochs': 500, 'alpha_0': 0.06, 'alpha_1': 0, 'alpha_2': 0, 'alpha_3': 0.4}. Best is trial 1 with value: 0.7622790336608887.
... storing 'Rank_Label' as categorical
2025-03-21 04:48:49,329 - Finished dataset Data1 in /mnt/NAS_21T/ProjectResult/TiRank/results/ablation/intera_2/Data1
Processing datasets for repeat 2: 100%|â–ˆâ–ˆâ–ˆâ–ˆâ–ˆâ–ˆâ–ˆâ–ˆâ–ˆâ–ˆ| 10/10 [2:36:53<00:00, 369.93s/it]Processing datasets for repeat 2: 100%|â–ˆâ–ˆâ–ˆâ–ˆâ–ˆâ–ˆâ–ˆâ–ˆâ–ˆâ–ˆ| 10/10 [2:36:53<00:00, 941.38s/it]
2025-03-21 04:48:49,331 - Repeat 2 completed
2025-03-21 04:48:49,350 - Starting repeat 3
{'n_features': 1000, 'nhead': 2, 'nhid1': 96, 'nhid2': 8, 'n_output': 32, 'nlayers': 3, 'n_pred': 2, 'n_patho': 0, 'dropout': 0.5, 'mode': 'Classification', 'infer_mode': 'SC', 'encoder_type': 'MLP', 'model_save_path': '/mnt/NAS_21T/ProjectResult/TiRank/results/ablation/intera_2/Data1/3_Analysis/checkpoints'}
Initiate model in trail 0 with mode: Classification, infer mode: SC encoder type: MLP on device: cuda with abation on 1.
Saving model and plot for Trial 0 with Validation Loss = 0.7774
Initiate model in trail 1 with mode: Classification, infer mode: SC encoder type: MLP on device: cuda with abation on 1.
Best hyperparameters: {'lr': 1e-05, 'n_epochs': 300, 'alpha_0': 0.01, 'alpha_1': 0, 'alpha_2': 0.005, 'alpha_3': 0.6}
Loading the Best Model.
Starting Inference.
Perform Rejection with GMM mode with tolerance=0.05, components=[3,15]!
Underfitting!
Found distributions with means close to 0 and 1 with 3 components.
Reject 0(0.00%) cells.
Inference Done.
We set Rank score < 0.5 as Rank- () while > 0.5 as Rank+ 
The parameters setting of model is: {'n_features': 1000, 'nhead': 2, 'nhid1': 96, 'nhid2': 8, 'n_output': 32, 'nlayers': 3, 'n_pred': 2, 'n_patho': 0, 'dropout': 0.5, 'mode': 'Classification', 'infer_mode': 'SC', 'encoder_type': 'MLP', 'model_save_path': '/mnt/NAS_21T/ProjectResult/TiRank/results/ablation/intera_2/Data1/3_Analysis/checkpoints'}
Initiate model in trail 0 with mode: Classification, infer mode: SC encoder type: MLP on device: cuda with abation on 2.
Saving model and plot for Trial 0 with Validation Loss = 0.7001
Initiate model in trail 1 with mode: Classification, infer mode: SC encoder type: MLP on device: cuda with abation on 2.
Best hyperparameters: {'lr': 0.0001, 'n_epochs': 400, 'alpha_0': 0.01, 'alpha_1': 0.7, 'alpha_2': 0, 'alpha_3': 0.5}
Loading the Best Model.
Starting Inference.
Perform Rejection with GMM mode with tolerance=0.05, components=[3,15]!
Found distributions with means close to 0 and 1 with 3 components.
Reject 135(26.63%) cells.
Inference Done.
We set Rank score < 0.5 as Rank- () while > 0.5 as Rank+ 
The parameters setting of model is: {'n_features': 1000, 'nhead': 2, 'nhid1': 96, 'nhid2': 8, 'n_output': 32, 'nlayers': 3, 'n_pred': 2, 'n_patho': 0, 'dropout': 0.5, 'mode': 'Classification', 'infer_mode': 'SC', 'encoder_type': 'MLP', 'model_save_path': '/mnt/NAS_21T/ProjectResult/TiRank/results/ablation/intera_2/Data1/3_Analysis/checkpoints'}
Initiate model in trail 0 with mode: Classification, infer mode: SC encoder type: MLP on device: cuda with abation on 1,2.
Saving model and plot for Trial 0 with Validation Loss = 0.7838
Initiate model in trail 1 with mode: Classification, infer mode: SC encoder type: MLP on device: cuda with abation on 1,2.
Saving model and plot for Trial 1 with Validation Loss = 0.7623
Best hyperparameters: {'lr': 1e-05, 'n_epochs': 500, 'alpha_0': 0.06, 'alpha_1': 0, 'alpha_2': 0, 'alpha_3': 0.4}
Loading the Best Model.
Starting Inference.
Perform Rejection with GMM mode with tolerance=0.05, components=[3,15]!
Underfitting!
Found distributions with means close to 0 and 1 with 3 components.
Reject 0(0.00%) cells.
Inference Done.
We set Rank score < 0.5 as Rank- () while > 0.5 as Rank+ 
Processing datasets for repeat 3:   0%|          | 0/10 [00:00<?, ?it/s]2025-03-21 04:48:49,357 - Processing dataset Data10 in /mnt/NAS_21T/ProjectResult/TiRank/results/ablation/intera_3/Data10
[I 2025-03-21 04:49:15,244] A new study created in memory with name: no-name-c080f90a-2601-49f7-ac88-8f1bba2ad755
[I 2025-03-21 04:49:20,739] Trial 0 finished with value: 0.780139684677124 and parameters: {'lr': 0.0006, 'n_epochs': 400, 'alpha_0': 0.06, 'alpha_1': 0.8, 'alpha_2': 0.05, 'alpha_3': 0.5}. Best is trial 0 with value: 0.780139684677124.
[I 2025-03-21 04:49:25,576] Trial 1 finished with value: 0.7414945363998413 and parameters: {'lr': 0.003, 'n_epochs': 350, 'alpha_0': 0.06, 'alpha_1': 0.7, 'alpha_2': 0.05, 'alpha_3': 0.2}. Best is trial 1 with value: 0.7414945363998413.
... storing 'Rank_Label' as categorical
[I 2025-03-21 04:49:27,839] A new study created in memory with name: no-name-f5774f7a-3f3c-4c94-819a-904ebbf14a6b
[I 2025-03-21 04:49:36,535] Trial 0 finished with value: 0.788118839263916 and parameters: {'lr': 1e-06, 'n_epochs': 450, 'alpha_0': 0.1, 'alpha_1': 0.4, 'alpha_2': 0.01, 'alpha_3': 0.8}. Best is trial 0 with value: 0.788118839263916.
[I 2025-03-21 04:49:43,518] Trial 1 finished with value: 0.7772952914237976 and parameters: {'lr': 1e-05, 'n_epochs': 450, 'alpha_0': 0.005, 'alpha_1': 0.6, 'alpha_2': 0.01, 'alpha_3': 0.9}. Best is trial 1 with value: 0.7772952914237976.
... storing 'Rank_Label' as categorical
[I 2025-03-21 04:49:45,411] A new study created in memory with name: no-name-1959e0a4-3089-488a-8d06-d79e49a762ad
[I 2025-03-21 04:49:50,543] Trial 0 finished with value: 0.7872615456581116 and parameters: {'lr': 1e-06, 'n_epochs': 400, 'alpha_0': 0.03, 'alpha_1': 1, 'alpha_2': 0.001, 'alpha_3': 0.1}. Best is trial 0 with value: 0.7872615456581116.
[I 2025-03-21 04:49:54,196] Trial 1 finished with value: 0.7562570571899414 and parameters: {'lr': 0.001, 'n_epochs': 350, 'alpha_0': 0.005, 'alpha_1': 0.8, 'alpha_2': 0.1, 'alpha_3': 0.3}. Best is trial 1 with value: 0.7562570571899414.
... storing 'Rank_Label' as categorical
[I 2025-03-21 04:49:56,080] A new study created in memory with name: no-name-691d71c3-d02e-4750-8d80-b322800f0e17
[I 2025-03-21 04:49:58,391] Trial 0 finished with value: 0.7299612760543823 and parameters: {'lr': 0.006, 'n_epochs': 350, 'alpha_0': 0.03, 'alpha_1': 0, 'alpha_2': 0.05, 'alpha_3': 0.9}. Best is trial 0 with value: 0.7299612760543823.
[I 2025-03-21 04:50:03,093] Trial 1 finished with value: 0.7383468151092529 and parameters: {'lr': 0.001, 'n_epochs': 450, 'alpha_0': 0.03, 'alpha_1': 0, 'alpha_2': 0.05, 'alpha_3': 0.9}. Best is trial 0 with value: 0.7299612760543823.
... storing 'Rank_Label' as categorical
[I 2025-03-21 04:50:04,968] A new study created in memory with name: no-name-c224bebd-f9ea-4826-9d39-f387ffa8be34
[I 2025-03-21 04:50:08,936] Trial 0 finished with value: 0.7890588641166687 and parameters: {'lr': 0.0006, 'n_epochs': 350, 'alpha_0': 0.01, 'alpha_1': 0.3, 'alpha_2': 0, 'alpha_3': 0.5}. Best is trial 0 with value: 0.7890588641166687.
[I 2025-03-21 04:50:13,096] Trial 1 finished with value: 0.8136768341064453 and parameters: {'lr': 0.01, 'n_epochs': 350, 'alpha_0': 0.1, 'alpha_1': 0.9, 'alpha_2': 0, 'alpha_3': 0.5}. Best is trial 0 with value: 0.7890588641166687.
... storing 'Rank_Label' as categorical
[I 2025-03-21 04:50:14,970] A new study created in memory with name: no-name-a038c6b3-7fd8-493e-9a91-f1fbd1b3e8bb
[I 2025-03-21 04:50:18,599] Trial 0 finished with value: 0.7931277751922607 and parameters: {'lr': 0.01, 'n_epochs': 300, 'alpha_0': 0.01, 'alpha_1': 0, 'alpha_2': 0, 'alpha_3': 0.9}. Best is trial 0 with value: 0.7931277751922607.
