[I 2025-03-21 10:09:10,983] Trial 0 finished with value: 0.7480868541676066 and parameters: {'lr': 1e-06, 'n_epochs': 500, 'alpha_0': 0.06, 'alpha_1': 0.1, 'alpha_2': 0.1, 'alpha_3': 0.1}. Best is trial 0 with value: 0.7480868541676066.
[I 2025-03-21 10:13:44,400] Trial 1 finished with value: 0.606509462646816 and parameters: {'lr': 0.003, 'n_epochs': 400, 'alpha_0': 0.06, 'alpha_1': 1, 'alpha_2': 0.05, 'alpha_3': 0.7}. Best is trial 1 with value: 0.606509462646816.
... storing 'Rank_Label' as categorical
[I 2025-03-21 10:15:54,723] A new study created in memory with name: no-name-966bd7f7-364f-4fa8-ba07-2f23adf6983e
[I 2025-03-21 10:21:36,474] Trial 0 finished with value: 0.5573103687037593 and parameters: {'lr': 1e-05, 'n_epochs': 450, 'alpha_0': 0.06, 'alpha_1': 0.3, 'alpha_2': 0.001, 'alpha_3': 0.7}. Best is trial 0 with value: 0.5573103687037593.
[I 2025-03-21 10:25:17,435] Trial 1 finished with value: 0.5446775607440782 and parameters: {'lr': 1e-05, 'n_epochs': 300, 'alpha_0': 0.01, 'alpha_1': 0.4, 'alpha_2': 0.1, 'alpha_3': 0.7}. Best is trial 1 with value: 0.5446775607440782.
... storing 'Rank_Label' as categorical
{'n_features': 1000, 'nhead': 2, 'nhid1': 96, 'nhid2': 8, 'n_output': 32, 'nlayers': 3, 'n_pred': 2, 'n_patho': 0, 'dropout': 0.5, 'mode': 'Classification', 'infer_mode': 'SC', 'encoder_type': 'Transformer', 'model_save_path': '/mnt/NAS_21T/ProjectResult/TiRank/results/ablation/intera_5/Data9/3_Analysis/checkpoints'}
Initiate model in trail 0 with mode: Classification, infer mode: SC encoder type: Transformer on device: cuda.
Saving model and plot for Trial 0 with Validation Loss = 0.7136
Initiate model in trail 1 with mode: Classification, infer mode: SC encoder type: Transformer on device: cuda.
Best hyperparameters: {'lr': 0.001, 'n_epochs': 300, 'alpha_0': 0.005, 'alpha_1': 0.2, 'alpha_2': 0.05, 'alpha_3': 0.7}
Loading the Best Model.
Starting Inference.
Perform Rejection with GMM mode with tolerance=0.05, components=[3,15]!
Found distributions with means close to 0 and 1 with 5 components.
Reject 154(35.90%) cells.
Inference Done.
We set Rank score < 0.5 as Rank- () while > 0.5 as Rank+ 
The parameters setting of model is: {'n_features': 1000, 'nhead': 2, 'nhid1': 96, 'nhid2': 8, 'n_output': 32, 'nlayers': 3, 'n_pred': 2, 'n_patho': 0, 'dropout': 0.5, 'mode': 'Classification', 'infer_mode': 'SC', 'encoder_type': 'MLP', 'model_save_path': '/mnt/NAS_21T/ProjectResult/TiRank/results/ablation/intera_5/Data9/3_Analysis/checkpoints'}
Initiate model in trail 0 with mode: Classification, infer mode: SC encoder type: MLP on device: cuda.
Saving model and plot for Trial 0 with Validation Loss = 0.6716
Initiate model in trail 1 with mode: Classification, infer mode: SC encoder type: MLP on device: cuda.
Best hyperparameters: {'lr': 0.001, 'n_epochs': 450, 'alpha_0': 0.1, 'alpha_1': 0.6, 'alpha_2': 0.005, 'alpha_3': 0.2}
Loading the Best Model.
Starting Inference.
Perform Rejection with GMM mode with tolerance=0.05, components=[3,15]!
Found distributions with means close to 0 and 1 with 13 components.
Reject 56(13.05%) cells.
Inference Done.
We set Rank score < 0.5 as Rank- () while > 0.5 as Rank+ 
The parameters setting of model is: {'n_features': 1000, 'nhead': 2, 'nhid1': 96, 'nhid2': 8, 'n_output': 32, 'nlayers': 3, 'n_pred': 2, 'n_patho': 0, 'dropout': 0.5, 'mode': 'Classification', 'infer_mode': 'SC', 'encoder_type': 'MLP', 'model_save_path': '/mnt/NAS_21T/ProjectResult/TiRank/results/ablation/intera_5/Data9/3_Analysis/checkpoints'}
Initiate model in trail 0 with mode: Classification, infer mode: SC encoder type: MLP on device: cuda with abation on 1.
Saving model and plot for Trial 0 with Validation Loss = 0.8201
Initiate model in trail 1 with mode: Classification, infer mode: SC encoder type: MLP on device: cuda with abation on 1.
Saving model and plot for Trial 1 with Validation Loss = 0.7091
Best hyperparameters: {'lr': 0.006, 'n_epochs': 300, 'alpha_0': 0.005, 'alpha_1': 0, 'alpha_2': 0.005, 'alpha_3': 0.5}
Loading the Best Model.
Starting Inference.
Perform Rejection with GMM mode with tolerance=0.05, components=[3,15]!
Underfitting!
Found distributions with means close to 0 and 1 with 3 components.
Reject 0(0.00%) cells.
Inference Done.
We set Rank score < 0.5 as Rank- () while > 0.5 as Rank+ 
The parameters setting of model is: {'n_features': 1000, 'nhead': 2, 'nhid1': 96, 'nhid2': 8, 'n_output': 32, 'nlayers': 3, 'n_pred': 2, 'n_patho': 0, 'dropout': 0.5, 'mode': 'Classification', 'infer_mode': 'SC', 'encoder_type': 'MLP', 'model_save_path': '/mnt/NAS_21T/ProjectResult/TiRank/results/ablation/intera_5/Data9/3_Analysis/checkpoints'}
Initiate model in trail 0 with mode: Classification, infer mode: SC encoder type: MLP on device: cuda with abation on 2.
Saving model and plot for Trial 0 with Validation Loss = 0.6949
Initiate model in trail 1 with mode: Classification, infer mode: SC encoder type: MLP on device: cuda with abation on 2.
Best hyperparameters: {'lr': 0.0003, 'n_epochs': 300, 'alpha_0': 0.01, 'alpha_1': 0.9, 'alpha_2': 0, 'alpha_3': 0.8}
Loading the Best Model.
Starting Inference.
Perform Rejection with GMM mode with tolerance=0.05, components=[3,15]!
Two distribution rejection faild.
Perform single distribution rejection.
Found distributions with means close to 1 with 2 components.
Reject 34(7.93%) cells.
Inference Done.
We set Rank score < 0.5 as Rank- () while > 0.5 as Rank+ 
The parameters setting of model is: {'n_features': 1000, 'nhead': 2, 'nhid1': 96, 'nhid2': 8, 'n_output': 32, 'nlayers': 3, 'n_pred': 2, 'n_patho': 0, 'dropout': 0.5, 'mode': 'Classification', 'infer_mode': 'SC', 'encoder_type': 'MLP', 'model_save_path': '/mnt/NAS_21T/ProjectResult/TiRank/results/ablation/intera_5/Data9/3_Analysis/checkpoints'}
Initiate model in trail 0 with mode: Classification, infer mode: SC encoder type: MLP on device: cuda with abation on 1,2.
Saving model and plot for Trial 0 with Validation Loss = 0.8192
Initiate model in trail 1 with mode: Classification, infer mode: SC encoder type: MLP on device: cuda with abation on 1,2.
Saving model and plot for Trial 1 with Validation Loss = 0.7799
Best hyperparameters: {'lr': 0.0003, 'n_epochs': 500, 'alpha_0': 0.1, 'alpha_1': 0, 'alpha_2': 0, 'alpha_3': 0.3}
Loading the Best Model.
Starting Inference.
Perform Rejection with GMM mode with tolerance=0.05, components=[3,15]!
Underfitting!
Found distributions with means close to 0 and 1 with 3 components.
Reject 0(0.00%) cells.
Inference Done.
We set Rank score < 0.5 as Rank- () while > 0.5 as Rank+ 
Starting load data for gene pair transformation.
Starting gene pair extraction.
Get candidate genes done.
There are 811 genes up-regulated in Group 0 and 701 genes up-regulated in Group 1.
Get candidate gene pairs done.
Profile transformation done.
Starting save gene pair matrices.
Save gene pair matrices done.
Save informative gene matrices done.
The parameters setting of model is: {'n_features': 1000, 'nhead': 2, 'nhid1': 96, 'nhid2': 8, 'n_output': 32, 'nlayers': 3, 'n_pred': 2, 'n_patho': 0, 'dropout': 0.5, 'mode': 'Classification', 'infer_mode': 'SC', 'encoder_type': 'DenseNet', 'model_save_path': '/mnt/NAS_21T/ProjectResult/TiRank/results/ablation/intera_5/Data8/3_Analysis/checkpoints'}
Initiate model in trail 0 with mode: Classification, infer mode: SC encoder type: DenseNet on device: cuda.
Saving model and plot for Trial 0 with Validation Loss = 0.7481
Initiate model in trail 1 with mode: Classification, infer mode: SC encoder type: DenseNet on device: cuda.
Saving model and plot for Trial 1 with Validation Loss = 0.6065
Best hyperparameters: {'lr': 0.003, 'n_epochs': 400, 'alpha_0': 0.06, 'alpha_1': 1, 'alpha_2': 0.05, 'alpha_3': 0.7}
Loading the Best Model.
Starting Inference.
Perform Rejection with GMM mode with tolerance=0.05, components=[3,15]!
Found distributions with means close to 0 and 1 with 3 components.
Reject 4(0.02%) cells.
Inference Done.
We set Rank score < 0.5 as Rank- () while > 0.5 as Rank+ 
The parameters setting of model is: {'n_features': 1000, 'nhead': 2, 'nhid1': 96, 'nhid2': 8, 'n_output': 32, 'nlayers': 3, 'n_pred': 2, 'n_patho': 0, 'dropout': 0.5, 'mode': 'Classification', 'infer_mode': 'SC', 'encoder_type': 'Transformer', 'model_save_path': '/mnt/NAS_21T/ProjectResult/TiRank/results/ablation/intera_5/Data8/3_Analysis/checkpoints'}
Initiate model in trail 0 with mode: Classification, infer mode: SC encoder type: Transformer on device: cuda.
Saving model and plot for Trial 0 with Validation Loss = 0.5573
Initiate model in trail 1 with mode: Classification, infer mode: SC encoder type: Transformer on device: cuda.
Saving model and plot for Trial 1 with Validation Loss = 0.5447
Best hyperparameters: {'lr': 1e-05, 'n_epochs': 300, 'alpha_0': 0.01, 'alpha_1': 0.4, 'alpha_2': 0.1, 'alpha_3': 0.7}
Loading the Best Model.
Starting Inference.
Perform Rejection with GMM mode with tolerance=0.05, components=[3,15]!
Found distributions with means close to 0 and 1 with 7 components.
Reject 7363(31.42%) cells.
Inference Done.
We set Rank score < 0.5 as Rank- () while > 0.5 as Rank+ 
The parameters setting of model is: [I 2025-03-21 10:27:52,460] A new study created in memory with name: no-name-03d863a3-47fa-41f0-90de-b139d684a351
[I 2025-03-21 10:33:00,349] Trial 0 finished with value: 0.5832913569782091 and parameters: {'lr': 0.001, 'n_epochs': 450, 'alpha_0': 0.01, 'alpha_1': 0.8, 'alpha_2': 0.01, 'alpha_3': 0.2}. Best is trial 0 with value: 0.5832913569782091.
[I 2025-03-21 10:38:48,444] Trial 1 finished with value: 0.5982322770616283 and parameters: {'lr': 0.001, 'n_epochs': 500, 'alpha_0': 0.01, 'alpha_1': 0.6, 'alpha_2': 0.005, 'alpha_3': 0.2}. Best is trial 0 with value: 0.5832913569782091.
... storing 'Rank_Label' as categorical
[I 2025-03-21 10:40:40,383] A new study created in memory with name: no-name-005034cf-480d-4b59-ada7-2341811d6e76
[I 2025-03-21 10:46:20,647] Trial 0 finished with value: 0.7578559569690538 and parameters: {'lr': 0.003, 'n_epochs': 500, 'alpha_0': 0.005, 'alpha_1': 0, 'alpha_2': 0.001, 'alpha_3': 0.6}. Best is trial 0 with value: 0.7578559569690538.
[I 2025-03-21 10:51:28,374] Trial 1 finished with value: 0.7830525558927784 and parameters: {'lr': 0.0001, 'n_epochs': 450, 'alpha_0': 0.1, 'alpha_1': 0, 'alpha_2': 0.01, 'alpha_3': 0.6}. Best is trial 0 with value: 0.7578559569690538.
... storing 'Rank_Label' as categorical
[I 2025-03-21 10:53:17,493] A new study created in memory with name: no-name-fc96b6df-6aea-406d-976a-8b465bf6b208
[I 2025-03-21 10:57:34,902] Trial 0 finished with value: 0.7582205197085505 and parameters: {'lr': 0.006, 'n_epochs': 400, 'alpha_0': 0.01, 'alpha_1': 1, 'alpha_2': 0, 'alpha_3': 0.7}. Best is trial 0 with value: 0.7582205197085505.
[I 2025-03-21 11:02:03,096] Trial 1 finished with value: 0.7282801892446435 and parameters: {'lr': 0.006, 'n_epochs': 400, 'alpha_0': 0.1, 'alpha_1': 0.4, 'alpha_2': 0, 'alpha_3': 0.5}. Best is trial 1 with value: 0.7282801892446435.
... storing 'Rank_Label' as categorical
[I 2025-03-21 11:03:52,347] A new study created in memory with name: no-name-7088ddb8-ecd6-4a40-8f8c-13c02f2c6d4a
[I 2025-03-21 11:07:53,174] Trial 0 finished with value: 0.8077496601187665 and parameters: {'lr': 0.0006, 'n_epochs': 350, 'alpha_0': 0.03, 'alpha_1': 0, 'alpha_2': 0, 'alpha_3': 0.1}. Best is trial 0 with value: 0.8077496601187665.
[I 2025-03-21 11:12:23,832] Trial 1 finished with value: 0.8427667047666467 and parameters: {'lr': 0.0006, 'n_epochs': 400, 'alpha_0': 0.06, 'alpha_1': 0, 'alpha_2': 0, 'alpha_3': 0.7}. Best is trial 0 with value: 0.8077496601187665.
... storing 'Rank_Label' as categorical
2025-03-21 11:14:13,097 - Finished dataset Data8 in /mnt/NAS_21T/ProjectResult/TiRank/results/ablation/intera_5/Data8
Processing datasets for repeat 5:  30%|â–ˆâ–ˆâ–ˆ       | 3/10 [1:23:09<4:21:26, 2240.94s/it]2025-03-21 11:14:13,100 - Processing dataset Data7 in /mnt/NAS_21T/ProjectResult/TiRank/results/ablation/intera_5/Data7
[I 2025-03-21 11:24:03,222] A new study created in memory with name: no-name-43c4934e-4f69-4e2e-b813-e9db5e5d6786
[I 2025-03-21 11:28:37,032] Trial 0 finished with value: 0.7360163901163184 and parameters: {'lr': 0.0001, 'n_epochs': 400, 'alpha_0': 0.06, 'alpha_1': 0.9, 'alpha_2': 0.001, 'alpha_3': 0.7}. Best is trial 0 with value: 0.7360163901163184.
[I 2025-03-21 11:33:05,424] Trial 1 finished with value: 1.013346210769985 and parameters: {'lr': 0.01, 'n_epochs': 400, 'alpha_0': 0.03, 'alpha_1': 0.3, 'alpha_2': 0.001, 'alpha_3': 0.6}. Best is trial 0 with value: 0.7360163901163184.
... storing 'Rank_Label' as categorical
[I 2025-03-21 11:35:17,049] A new study created in memory with name: no-name-fb88da7f-5a65-4b31-ac30-c681662762d7
[I 2025-03-21 11:40:01,557] Trial 0 finished with value: 0.7702371374420498 and parameters: {'lr': 0.0001, 'n_epochs': 400, 'alpha_0': 0.1, 'alpha_1': 0.3, 'alpha_2': 0.001, 'alpha_3': 0.1}. Best is trial 0 with value: 0.7702371374420498.
[I 2025-03-21 11:45:40,373] Trial 1 finished with value: 0.7024226214574731 and parameters: {'lr': 0.0001, 'n_epochs': 500, 'alpha_0': 0.1, 'alpha_1': 0.1, 'alpha_2': 0.1, 'alpha_3': 0.2}. Best is trial 1 with value: 0.7024226214574731.
... storing 'Rank_Label' as categorical
[I 2025-03-21 11:48:20,086] A new study created in memory with name: no-name-9061cad2-bbc8-4ca9-8f4d-6dd88381861f
[I 2025-03-21 11:53:32,172] Trial 0 finished with value: 0.8065983886304109 and parameters: {'lr': 0.0003, 'n_epochs': 450, 'alpha_0': 0.1, 'alpha_1': 0.8, 'alpha_2': 0.1, 'alpha_3': 0.5}. Best is trial 0 with value: 0.8065983886304109.
