[I 2025-03-21 17:47:01,011] Trial 1 finished with value: 0.7881273627281189 and parameters: {'lr': 1e-06, 'n_epochs': 300, 'alpha_0': 0.1, 'alpha_1': 0.1, 'alpha_2': 0.001, 'alpha_3': 0.6}. Best is trial 0 with value: 0.7324512600898743.
... storing 'Rank_Label' as categorical
Perform Rejection with GMM mode with tolerance=0.05, components=[3,15]!
Underfitting!
Found distributions with means close to 0 and 1 with 3 components.
Reject 0(0.00%) cells.
Inference Done.
We set Rank score < 0.5 as Rank- () while > 0.5 as Rank+ 
The parameters setting of model is: {'n_features': 1000, 'nhead': 2, 'nhid1': 96, 'nhid2': 8, 'n_output': 32, 'nlayers': 3, 'n_pred': 2, 'n_patho': 0, 'dropout': 0.5, 'mode': 'Classification', 'infer_mode': 'SC', 'encoder_type': 'Transformer', 'model_save_path': '/mnt/NAS_21T/ProjectResult/TiRank/results/ablation/intera_7/Data3/3_Analysis/checkpoints'}
Initiate model in trail 0 with mode: Classification, infer mode: SC encoder type: Transformer on device: cuda.
Saving model and plot for Trial 0 with Validation Loss = 0.7165
Initiate model in trail 1 with mode: Classification, infer mode: SC encoder type: Transformer on device: cuda.
Best hyperparameters: {'lr': 0.01, 'n_epochs': 300, 'alpha_0': 0.1, 'alpha_1': 1, 'alpha_2': 0.001, 'alpha_3': 0.2}
Loading the Best Model.
Starting Inference.
Perform Rejection with GMM mode with tolerance=0.05, components=[3,15]!
Found distributions with means close to 0 and 1 with 3 components.
Reject 0(0.00%) cells.
Inference Done.
We set Rank score < 0.5 as Rank- () while > 0.5 as Rank+ 
The parameters setting of model is: {'n_features': 1000, 'nhead': 2, 'nhid1': 96, 'nhid2': 8, 'n_output': 32, 'nlayers': 3, 'n_pred': 2, 'n_patho': 0, 'dropout': 0.5, 'mode': 'Classification', 'infer_mode': 'SC', 'encoder_type': 'MLP', 'model_save_path': '/mnt/NAS_21T/ProjectResult/TiRank/results/ablation/intera_7/Data3/3_Analysis/checkpoints'}
Initiate model in trail 0 with mode: Classification, infer mode: SC encoder type: MLP on device: cuda.
Saving model and plot for Trial 0 with Validation Loss = 0.6452
Initiate model in trail 1 with mode: Classification, infer mode: SC encoder type: MLP on device: cuda.
Best hyperparameters: {'lr': 0.0006, 'n_epochs': 350, 'alpha_0': 0.005, 'alpha_1': 0.2, 'alpha_2': 0.05, 'alpha_3': 0.3}
Loading the Best Model.
Starting Inference.
Perform Rejection with GMM mode with tolerance=0.05, components=[3,15]!
Found distributions with means close to 0 and 1 with 12 components.
Reject 288(88.89%) cells.
Inference Done.
We set Rank score < 0.5 as Rank- () while > 0.5 as Rank+ 
The parameters setting of model is: {'n_features': 1000, 'nhead': 2, 'nhid1': 96, 'nhid2': 8, 'n_output': 32, 'nlayers': 3, 'n_pred': 2, 'n_patho': 0, 'dropout': 0.5, 'mode': 'Classification', 'infer_mode': 'SC', 'encoder_type': 'MLP', 'model_save_path': '/mnt/NAS_21T/ProjectResult/TiRank/results/ablation/intera_7/Data3/3_Analysis/checkpoints'}
Initiate model in trail 0 with mode: Classification, infer mode: SC encoder type: MLP on device: cuda with abation on 1.
Saving model and plot for Trial 0 with Validation Loss = 0.8053
Initiate model in trail 1 with mode: Classification, infer mode: SC encoder type: MLP on device: cuda with abation on 1.
Saving model and plot for Trial 1 with Validation Loss = 0.7322
Best hyperparameters: {'lr': 0.0001, 'n_epochs': 400, 'alpha_0': 0.03, 'alpha_1': 0, 'alpha_2': 0.01, 'alpha_3': 0.1}
Loading the Best Model.
Starting Inference.
Perform Rejection with GMM mode with tolerance=0.05, components=[3,15]!
Underfitting!
Found distributions with means close to 0 and 1 with 3 components.
Reject 0(0.00%) cells.
Inference Done.
We set Rank score < 0.5 as Rank- () while > 0.5 as Rank+ 
The parameters setting of model is: {'n_features': 1000, 'nhead': 2, 'nhid1': 96, 'nhid2': 8, 'n_output': 32, 'nlayers': 3, 'n_pred': 2, 'n_patho': 0, 'dropout': 0.5, 'mode': 'Classification', 'infer_mode': 'SC', 'encoder_type': 'MLP', 'model_save_path': '/mnt/NAS_21T/ProjectResult/TiRank/results/ablation/intera_7/Data3/3_Analysis/checkpoints'}
Initiate model in trail 0 with mode: Classification, infer mode: SC encoder type: MLP on device: cuda with abation on 2.
Saving model and plot for Trial 0 with Validation Loss = 0.7067
Initiate model in trail 1 with mode: Classification, infer mode: SC encoder type: MLP on device: cuda with abation on 2.
Best hyperparameters: {'lr': 0.0006, 'n_epochs': 300, 'alpha_0': 0.1, 'alpha_1': 0.5, 'alpha_2': 0, 'alpha_3': 0.1}
Loading the Best Model.
Starting Inference.
Perform Rejection with GMM mode with tolerance=0.05, components=[3,15]!
Found distributions with means close to 0 and 1 with 3 components.
Reject 63(19.44%) cells.
Inference Done.
We set Rank score < 0.5 as Rank- () while > 0.5 as Rank+ 
The parameters setting of model is: {'n_features': 1000, 'nhead': 2, 'nhid1': 96, 'nhid2': 8, 'n_output': 32, 'nlayers': 3, 'n_pred': 2, 'n_patho': 0, 'dropout': 0.5, 'mode': 'Classification', 'infer_mode': 'SC', 'encoder_type': 'MLP', 'model_save_path': '/mnt/NAS_21T/ProjectResult/TiRank/results/ablation/intera_7/Data3/3_Analysis/checkpoints'}
Initiate model in trail 0 with mode: Classification, infer mode: SC encoder type: MLP on device: cuda with abation on 1,2.
Saving model and plot for Trial 0 with Validation Loss = 0.7602
Initiate model in trail 1 with mode: Classification, infer mode: SC encoder type: MLP on device: cuda with abation on 1,2.
Best hyperparameters: {'lr': 1e-05, 'n_epochs': 400, 'alpha_0': 0.1, 'alpha_1': 0, 'alpha_2': 0, 'alpha_3': 0.3}
Loading the Best Model.
Starting Inference.
Perform Rejection with GMM mode with tolerance=0.05, components=[3,15]!
Underfitting!
Found distributions with means close to 0 and 1 with 3 components.
Reject 0(0.00%) cells.
Inference Done.
We set Rank score < 0.5 as Rank- () while > 0.5 as Rank+ 
Starting load data for gene pair transformation.
Starting gene pair extraction.
Get candidate genes done.
There are 459 genes up-regulated in Group 0 and 283 genes up-regulated in Group 1.
Get candidate gene pairs done.
Profile transformation done.
Starting save gene pair matrices.
Save gene pair matrices done.
Save informative gene matrices done.
The parameters setting of model is: {'n_features': 1000, 'nhead': 2, 'nhid1': 96, 'nhid2': 8, 'n_output': 32, 'nlayers': 3, 'n_pred': 2, 'n_patho': 0, 'dropout': 0.5, 'mode': 'Classification', 'infer_mode': 'SC', 'encoder_type': 'DenseNet', 'model_save_path': '/mnt/NAS_21T/ProjectResult/TiRank/results/ablation/intera_7/Data2/3_Analysis/checkpoints'}
Initiate model in trail 0 with mode: Classification, infer mode: SC encoder type: DenseNet on device: cuda.
Saving model and plot for Trial 0 with Validation Loss = 0.7209
Initiate model in trail 1 with mode: Classification, infer mode: SC encoder type: DenseNet on device: cuda.
Best hyperparameters: {'lr': 1e-05, 'n_epochs': 500, 'alpha_0': 0.005, 'alpha_1': 0.9, 'alpha_2': 0.1, 'alpha_3': 0.7}
Loading the Best Model.
Starting Inference.
Perform Rejection with GMM mode with tolerance=0.05, components=[3,15]!
Underfitting!
Found distributions with means close to 0 and 1 with 11 components.
Reject 0(0.00%) cells.
Inference Done.
We set Rank score < 0.5 as Rank- () while > 0.5 as Rank+ 
The parameters setting of model is: {'n_features': 1000, 'nhead': 2, 'nhid1': 96, 'nhid2': 8, 'n_output': 32, 'nlayers': 3, 'n_pred': 2, 'n_patho': 0, 'dropout': 0.5, 'mode': 'Classification', 'infer_mode': 'SC', 'encoder_type': 'Transformer', 'model_save_path': '/mnt/NAS_21T/ProjectResult/TiRank/results/ablation/intera_7/Data2/3_Analysis/checkpoints'}
Initiate model in trail 0 with mode: Classification, infer mode: SC encoder type: Transformer on device: cuda.
Saving model and plot for Trial 0 with Validation Loss = 0.7325
Initiate model in trail 1 with mode: Classification, infer mode: SC encoder type: Transformer on device: cuda.
Best hyperparameters: {'lr': 0.0001, 'n_epochs': 500, 'alpha_0': 0.03, 'alpha_1': 0.5, 'alpha_2': 0.01, 'alpha_3': 0.7}
Loading the Best Model.
Starting Inference.
Perform Rejection with GMM mode with tolerance=0.05, components=[3,15]!
Found distributions with means close to 0 and 1 with 5 components.
Reject 294(57.99%) cells.
Inference Done.
We set Rank score < 0.5 as Rank- () while > 0.5 as Rank+ 
The parameters setting of model is: [I 2025-03-21 17:47:04,381] A new study created in memory with name: no-name-4633f68a-c712-45e4-af91-bb6f2a08b2e3
[I 2025-03-21 17:47:10,323] Trial 0 finished with value: 0.7644407749176025 and parameters: {'lr': 0.006, 'n_epochs': 450, 'alpha_0': 0.005, 'alpha_1': 1, 'alpha_2': 0.001, 'alpha_3': 0.4}. Best is trial 0 with value: 0.7644407749176025.
[I 2025-03-21 17:47:13,963] Trial 1 finished with value: 0.7688896059989929 and parameters: {'lr': 0.006, 'n_epochs': 300, 'alpha_0': 0.005, 'alpha_1': 0.4, 'alpha_2': 0.001, 'alpha_3': 0.2}. Best is trial 0 with value: 0.7644407749176025.
... storing 'Rank_Label' as categorical
[I 2025-03-21 17:47:17,318] A new study created in memory with name: no-name-87f4649b-3bf2-462d-b0ad-1fe012030124
[I 2025-03-21 17:47:20,209] Trial 0 finished with value: 0.7385944128036499 and parameters: {'lr': 0.006, 'n_epochs': 300, 'alpha_0': 0.1, 'alpha_1': 0, 'alpha_2': 0.1, 'alpha_3': 0.8}. Best is trial 0 with value: 0.7385944128036499.
[I 2025-03-21 17:47:25,670] Trial 1 finished with value: 0.732736349105835 and parameters: {'lr': 0.0006, 'n_epochs': 450, 'alpha_0': 0.005, 'alpha_1': 0, 'alpha_2': 0.05, 'alpha_3': 1}. Best is trial 1 with value: 0.732736349105835.
... storing 'Rank_Label' as categorical
[I 2025-03-21 17:47:29,024] A new study created in memory with name: no-name-ab961064-2e49-493f-8a20-c781b3a2af43
[I 2025-03-21 17:47:34,765] Trial 0 finished with value: 0.7892554402351379 and parameters: {'lr': 1e-06, 'n_epochs': 450, 'alpha_0': 0.01, 'alpha_1': 0.9, 'alpha_2': 0, 'alpha_3': 0.8}. Best is trial 0 with value: 0.7892554402351379.
[I 2025-03-21 17:47:38,213] Trial 1 finished with value: 0.820399284362793 and parameters: {'lr': 0.0006, 'n_epochs': 300, 'alpha_0': 0.005, 'alpha_1': 0.8, 'alpha_2': 0, 'alpha_3': 0.8}. Best is trial 0 with value: 0.7892554402351379.
... storing 'Rank_Label' as categorical
[I 2025-03-21 17:47:41,582] A new study created in memory with name: no-name-06ee10eb-f863-4aa9-8331-1ede85b70373
[I 2025-03-21 17:47:46,371] Trial 0 finished with value: 0.795767068862915 and parameters: {'lr': 1e-05, 'n_epochs': 450, 'alpha_0': 0.01, 'alpha_1': 0, 'alpha_2': 0, 'alpha_3': 0.4}. Best is trial 0 with value: 0.795767068862915.
[I 2025-03-21 17:47:50,182] Trial 1 finished with value: 0.7898157238960266 and parameters: {'lr': 1e-06, 'n_epochs': 300, 'alpha_0': 0.005, 'alpha_1': 0, 'alpha_2': 0, 'alpha_3': 0.5}. Best is trial 1 with value: 0.7898157238960266.
... storing 'Rank_Label' as categorical
2025-03-21 17:47:53,540 - Finished dataset Data2 in /mnt/NAS_21T/ProjectResult/TiRank/results/ablation/intera_7/Data2
Processing datasets for repeat 7:  90%|â–ˆâ–ˆâ–ˆâ–ˆâ–ˆâ–ˆâ–ˆâ–ˆâ–ˆ | 9/10 [2:32:48<07:55, 475.16s/it]2025-03-21 17:47:53,541 - Processing dataset Data1 in /mnt/NAS_21T/ProjectResult/TiRank/results/ablation/intera_7/Data1
[I 2025-03-21 17:48:27,588] A new study created in memory with name: no-name-cac0d965-8f71-4218-a72d-67bb30cd60a5
[I 2025-03-21 17:48:32,504] Trial 0 finished with value: 0.7389143705368042 and parameters: {'lr': 0.001, 'n_epochs': 400, 'alpha_0': 0.005, 'alpha_1': 0.8, 'alpha_2': 0.1, 'alpha_3': 0.1}. Best is trial 0 with value: 0.7389143705368042.
[I 2025-03-21 17:48:36,344] Trial 1 finished with value: 0.6820006370544434 and parameters: {'lr': 0.003, 'n_epochs': 350, 'alpha_0': 0.005, 'alpha_1': 0.7, 'alpha_2': 0.01, 'alpha_3': 0.2}. Best is trial 1 with value: 0.6820006370544434.
... storing 'Rank_Label' as categorical
[I 2025-03-21 17:48:39,933] A new study created in memory with name: no-name-05c503e3-fe6b-42e2-97f1-0261a8779d8a
[I 2025-03-21 17:48:47,513] Trial 0 finished with value: 0.6281245350837708 and parameters: {'lr': 0.01, 'n_epochs': 400, 'alpha_0': 0.1, 'alpha_1': 0.8, 'alpha_2': 0.01, 'alpha_3': 0.3}. Best is trial 0 with value: 0.6281245350837708.
[I 2025-03-21 17:48:50,659] Trial 1 finished with value: 0.8892086148262024 and parameters: {'lr': 0.003, 'n_epochs': 300, 'alpha_0': 0.06, 'alpha_1': 0.7, 'alpha_2': 0.001, 'alpha_3': 0.6}. Best is trial 0 with value: 0.6281245350837708.
... storing 'Rank_Label' as categorical
[I 2025-03-21 17:48:54,017] A new study created in memory with name: no-name-1acc19c5-f4c8-4068-a9e7-b8e5e67912f2
[I 2025-03-21 17:48:56,955] Trial 0 finished with value: 0.8234476447105408 and parameters: {'lr': 0.003, 'n_epochs': 350, 'alpha_0': 0.005, 'alpha_1': 0.3, 'alpha_2': 0.05, 'alpha_3': 1}. Best is trial 0 with value: 0.8234476447105408.
[I 2025-03-21 17:49:00,278] Trial 1 finished with value: 0.7889678478240967 and parameters: {'lr': 0.01, 'n_epochs': 350, 'alpha_0': 0.005, 'alpha_1': 1, 'alpha_2': 0.05, 'alpha_3': 0.1}. Best is trial 1 with value: 0.7889678478240967.
... storing 'Rank_Label' as categorical
{'n_features': 1000, 'nhead': 2, 'nhid1': 96, 'nhid2': 8, 'n_output': 32, 'nlayers': 3, 'n_pred': 2, 'n_patho': 0, 'dropout': 0.5, 'mode': 'Classification', 'infer_mode': 'SC', 'encoder_type': 'MLP', 'model_save_path': '/mnt/NAS_21T/ProjectResult/TiRank/results/ablation/intera_7/Data2/3_Analysis/checkpoints'}
Initiate model in trail 0 with mode: Classification, infer mode: SC encoder type: MLP on device: cuda.
Saving model and plot for Trial 0 with Validation Loss = 0.7644
Initiate model in trail 1 with mode: Classification, infer mode: SC encoder type: MLP on device: cuda.
Best hyperparameters: {'lr': 0.006, 'n_epochs': 450, 'alpha_0': 0.005, 'alpha_1': 1, 'alpha_2': 0.001, 'alpha_3': 0.4}
Loading the Best Model.
Starting Inference.
Perform Rejection with GMM mode with tolerance=0.05, components=[3,15]!
Found distributions with means close to 0 and 1 with 3 components.
Reject 27(5.33%) cells.
Inference Done.
We set Rank score < 0.5 as Rank- () while > 0.5 as Rank+ 
The parameters setting of model is: {'n_features': 1000, 'nhead': 2, 'nhid1': 96, 'nhid2': 8, 'n_output': 32, 'nlayers': 3, 'n_pred': 2, 'n_patho': 0, 'dropout': 0.5, 'mode': 'Classification', 'infer_mode': 'SC', 'encoder_type': 'MLP', 'model_save_path': '/mnt/NAS_21T/ProjectResult/TiRank/results/ablation/intera_7/Data2/3_Analysis/checkpoints'}
Initiate model in trail 0 with mode: Classification, infer mode: SC encoder type: MLP on device: cuda with abation on 1.
Saving model and plot for Trial 0 with Validation Loss = 0.7386
Initiate model in trail 1 with mode: Classification, infer mode: SC encoder type: MLP on device: cuda with abation on 1.
Saving model and plot for Trial 1 with Validation Loss = 0.7327
Best hyperparameters: {'lr': 0.0006, 'n_epochs': 450, 'alpha_0': 0.005, 'alpha_1': 0, 'alpha_2': 0.05, 'alpha_3': 1}
Loading the Best Model.
Starting Inference.
Perform Rejection with GMM mode with tolerance=0.05, components=[3,15]!
Underfitting!
Found distributions with means close to 0 and 1 with 3 components.
Reject 0(0.00%) cells.
Inference Done.
We set Rank score < 0.5 as Rank- () while > 0.5 as Rank+ 
The parameters setting of model is: {'n_features': 1000, 'nhead': 2, 'nhid1': 96, 'nhid2': 8, 'n_output': 32, 'nlayers': 3, 'n_pred': 2, 'n_patho': 0, 'dropout': 0.5, 'mode': 'Classification', 'infer_mode': 'SC', 'encoder_type': 'MLP', 'model_save_path': '/mnt/NAS_21T/ProjectResult/TiRank/results/ablation/intera_7/Data2/3_Analysis/checkpoints'}
Initiate model in trail 0 with mode: Classification, infer mode: SC encoder type: MLP on device: cuda with abation on 2.
Saving model and plot for Trial 0 with Validation Loss = 0.7893
Initiate model in trail 1 with mode: Classification, infer mode: SC encoder type: MLP on device: cuda with abation on 2.
Best hyperparameters: {'lr': 1e-06, 'n_epochs': 450, 'alpha_0': 0.01, 'alpha_1': 0.9, 'alpha_2': 0, 'alpha_3': 0.8}
Loading the Best Model.
Starting Inference.
Perform Rejection with GMM mode with tolerance=0.05, components=[3,15]!
Underfitting!
Found distributions with means close to 0 and 1 with 3 components.
Reject 0(0.00%) cells.
Inference Done.
We set Rank score < 0.5 as Rank- () while > 0.5 as Rank+ 
The parameters setting of model is: {'n_features': 1000, 'nhead': 2, 'nhid1': 96, 'nhid2': 8, 'n_output': 32, 'nlayers': 3, 'n_pred': 2, 'n_patho': 0, 'dropout': 0.5, 'mode': 'Classification', 'infer_mode': 'SC', 'encoder_type': 'MLP', 'model_save_path': '/mnt/NAS_21T/ProjectResult/TiRank/results/ablation/intera_7/Data2/3_Analysis/checkpoints'}
Initiate model in trail 0 with mode: Classification, infer mode: SC encoder type: MLP on device: cuda with abation on 1,2.
Saving model and plot for Trial 0 with Validation Loss = 0.7958
Initiate model in trail 1 with mode: Classification, infer mode: SC encoder type: MLP on device: cuda with abation on 1,2.
Saving model and plot for Trial 1 with Validation Loss = 0.7898
Best hyperparameters: {'lr': 1e-06, 'n_epochs': 300, 'alpha_0': 0.005, 'alpha_1': 0, 'alpha_2': 0, 'alpha_3': 0.5}
Loading the Best Model.
Starting Inference.
Perform Rejection with GMM mode with tolerance=0.05, components=[3,15]!
Underfitting!
Found distributions with means close to 0 and 1 with 3 components.
Reject 0(0.00%) cells.
Inference Done.
We set Rank score < 0.5 as Rank- () while > 0.5 as Rank+ 
Starting load data for gene pair transformation.
Starting gene pair extraction.
Get candidate genes done.
There are 219 genes up-regulated in Group 0 and 1096 genes up-regulated in Group 1.
Get candidate gene pairs done.
Profile transformation done.
Starting save gene pair matrices.
Save gene pair matrices done.
Save informative gene matrices done.
The parameters setting of model is: {'n_features': 1000, 'nhead': 2, 'nhid1': 96, 'nhid2': 8, 'n_output': 32, 'nlayers': 3, 'n_pred': 2, 'n_patho': 0, 'dropout': 0.5, 'mode': 'Classification', 'infer_mode': 'SC', 'encoder_type': 'DenseNet', 'model_save_path': '/mnt/NAS_21T/ProjectResult/TiRank/results/ablation/intera_7/Data1/3_Analysis/checkpoints'}
Initiate model in trail 0 with mode: Classification, infer mode: SC encoder type: DenseNet on device: cuda.
Saving model and plot for Trial 0 with Validation Loss = 0.7389
Initiate model in trail 1 with mode: Classification, infer mode: SC encoder type: DenseNet on device: cuda.
Saving model and plot for Trial 1 with Validation Loss = 0.6820
Best hyperparameters: {'lr': 0.003, 'n_epochs': 350, 'alpha_0': 0.005, 'alpha_1': 0.7, 'alpha_2': 0.01, 'alpha_3': 0.2}
Loading the Best Model.
Starting Inference.
Perform Rejection with GMM mode with tolerance=0.05, components=[3,15]!
Found distributions with means close to 0 and 1 with 3 components.
Reject 1(0.20%) cells.
Inference Done.
We set Rank score < 0.5 as Rank- () while > 0.5 as Rank+ 
The parameters setting of model is: {'n_features': 1000, 'nhead': 2, 'nhid1': 96, 'nhid2': 8, 'n_output': 32, 'nlayers': 3, 'n_pred': 2, 'n_patho': 0, 'dropout': 0.5, 'mode': 'Classification', 'infer_mode': 'SC', 'encoder_type': 'Transformer', 'model_save_path': '/mnt/NAS_21T/ProjectResult/TiRank/results/ablation/intera_7/Data1/3_Analysis/checkpoints'}
Initiate model in trail 0 with mode: Classification, infer mode: SC encoder type: Transformer on device: cuda.
Saving model and plot for Trial 0 with Validation Loss = 0.6281
Initiate model in trail 1 with mode: Classification, infer mode: SC encoder type: Transformer on device: cuda.
Best hyperparameters: {'lr': 0.01, 'n_epochs': 400, 'alpha_0': 0.1, 'alpha_1': 0.8, 'alpha_2': 0.01, 'alpha_3': 0.3}
Loading the Best Model.
Starting Inference.
Perform Rejection with GMM mode with tolerance=0.05, components=[3,15]!
Found distributions with means close to 0 and 1 with 3 components.
Reject 0(0.00%) cells.
Inference Done.
We set Rank score < 0.5 as Rank- () while > 0.5 as Rank+ 
The parameters setting of model is: {'n_features': 1000, 'nhead': 2, 'nhid1': 96, 'nhid2': 8, 'n_output': 32, 'nlayers': 3, 'n_pred': 2, 'n_patho': 0, 'dropout': 0.5, 'mode': 'Classification', 'infer_mode': 'SC', 'encoder_type': 'MLP', 'model_save_path': '/mnt/NAS_21T/ProjectResult/TiRank/results/ablation/intera_7/Data1/3_Analysis/checkpoints'}
Initiate model in trail 0 with mode: Classification, infer mode: SC encoder type: MLP on device: cuda.
Saving model and plot for Trial 0 with Validation Loss = 0.8234
Initiate model in trail 1 with mode: Classification, infer mode: SC encoder type: MLP on device: cuda.
Saving model and plot for Trial 1 with Validation Loss = 0.7890
Best hyperparameters: {'lr': 0.01, 'n_epochs': 350, 'alpha_0': 0.005, 'alpha_1': 1, 'alpha_2': 0.05, 'alpha_3': 0.1}
Loading the Best Model.
Starting Inference.
Perform Rejection with GMM mode with tolerance=0.05, components=[3,15]!
Found distributions with means close to 0 and 1 with 3 components.
Reject 131(25.84%) cells.
Inference Done.
We set Rank score < 0.5 as Rank- () while > 0.5 as Rank+ 
The parameters setting of model is: [I 2025-03-21 17:49:03,647] A new study created in memory with name: no-name-b0049422-a18a-4b6d-89d4-421f895fcaf7
[I 2025-03-21 17:49:07,684] Trial 0 finished with value: 0.7771168947219849 and parameters: {'lr': 0.0001, 'n_epochs': 400, 'alpha_0': 0.005, 'alpha_1': 0, 'alpha_2': 0.1, 'alpha_3': 0.5}. Best is trial 0 with value: 0.7771168947219849.
[I 2025-03-21 17:49:09,927] Trial 1 finished with value: 0.7761633396148682 and parameters: {'lr': 0.0006, 'n_epochs': 400, 'alpha_0': 0.03, 'alpha_1': 0, 'alpha_2': 0.001, 'alpha_3': 0.4}. Best is trial 1 with value: 0.7761633396148682.
... storing 'Rank_Label' as categorical
[I 2025-03-21 17:49:13,264] A new study created in memory with name: no-name-259f6d03-9d3f-40a4-98dd-fcf4cf9057f8
[I 2025-03-21 17:49:18,089] Trial 0 finished with value: 0.8006942272186279 and parameters: {'lr': 0.0003, 'n_epochs': 500, 'alpha_0': 0.03, 'alpha_1': 0.5, 'alpha_2': 0, 'alpha_3': 0.9}. Best is trial 0 with value: 0.8006942272186279.
