[I 2025-03-20 23:05:01,478] Trial 0 finished with value: 0.7391397564307504 and parameters: {'lr': 1e-05, 'n_epochs': 300, 'alpha_0': 0.01, 'alpha_1': 1, 'alpha_2': 0, 'alpha_3': 0.7}. Best is trial 0 with value: 0.7391397564307504.
[I 2025-03-20 23:10:06,289] Trial 1 finished with value: 0.7227735726729684 and parameters: {'lr': 0.0001, 'n_epochs': 500, 'alpha_0': 0.06, 'alpha_1': 0.6, 'alpha_2': 0, 'alpha_3': 0.3}. Best is trial 1 with value: 0.7227735726729684.
... storing 'Rank_Label' as categorical
[I 2025-03-20 23:12:33,709] A new study created in memory with name: no-name-2ab66d7e-2919-4c3e-9cc9-d6f908a48273
[I 2025-03-20 23:15:40,265] Trial 0 finished with value: 0.819511107776476 and parameters: {'lr': 0.0001, 'n_epochs': 300, 'alpha_0': 0.1, 'alpha_1': 0, 'alpha_2': 0, 'alpha_3': 0.6}. Best is trial 0 with value: 0.819511107776476.
[I 2025-03-20 23:20:16,578] Trial 1 finished with value: 0.8919611961945243 and parameters: {'lr': 0.006, 'n_epochs': 450, 'alpha_0': 0.01, 'alpha_1': 0, 'alpha_2': 0, 'alpha_3': 0.3}. Best is trial 0 with value: 0.819511107776476.
... storing 'Rank_Label' as categorical
2025-03-20 23:22:11,661 - Finished dataset Data7 in /mnt/NAS_21T/ProjectResult/TiRank/results/ablation/intera_0/Data7
Processing datasets for repeat 0:  40%|â–ˆâ–ˆâ–ˆâ–ˆ      | 4/10 [2:26:21<4:50:21, 2903.65s/it]2025-03-20 23:22:11,664 - Processing dataset Data6 in /mnt/NAS_21T/ProjectResult/TiRank/results/ablation/intera_0/Data6
[I 2025-03-20 23:22:35,531] A new study created in memory with name: no-name-10f1696e-6937-4d3e-b0cf-bb0503547c17
[I 2025-03-20 23:22:45,566] Trial 0 finished with value: 0.5506894886493683 and parameters: {'lr': 0.006, 'n_epochs': 350, 'alpha_0': 0.03, 'alpha_1': 0.2, 'alpha_2': 0.001, 'alpha_3': 0.3}. Best is trial 0 with value: 0.5506894886493683.
[I 2025-03-20 23:22:56,839] Trial 1 finished with value: 0.7323095202445984 and parameters: {'lr': 1e-06, 'n_epochs': 400, 'alpha_0': 0.03, 'alpha_1': 1, 'alpha_2': 0.005, 'alpha_3': 0.1}. Best is trial 0 with value: 0.5506894886493683.
... storing 'Rank_Label' as categorical
[I 2025-03-20 23:22:59,867] A new study created in memory with name: no-name-f51274bf-1049-4c21-8c64-b96c6e5fcea0
[I 2025-03-20 23:23:13,252] Trial 0 finished with value: 0.8289366364479065 and parameters: {'lr': 1e-05, 'n_epochs': 350, 'alpha_0': 0.1, 'alpha_1': 1, 'alpha_2': 0.01, 'alpha_3': 0.6}. Best is trial 0 with value: 0.8289366364479065.
[I 2025-03-20 23:23:26,260] Trial 1 finished with value: 0.8233476877212524 and parameters: {'lr': 1e-06, 'n_epochs': 350, 'alpha_0': 0.01, 'alpha_1': 0.2, 'alpha_2': 0.05, 'alpha_3': 0.1}. Best is trial 1 with value: 0.8233476877212524.
... storing 'Rank_Label' as categorical
[I 2025-03-20 23:23:30,120] A new study created in memory with name: no-name-6c6f2c3e-c87b-448f-8e62-891109f64450
[I 2025-03-20 23:23:38,000] Trial 0 finished with value: 0.6122747659683228 and parameters: {'lr': 0.01, 'n_epochs': 350, 'alpha_0': 0.1, 'alpha_1': 0.7, 'alpha_2': 0.01, 'alpha_3': 0.3}. Best is trial 0 with value: 0.6122747659683228.
[I 2025-03-20 23:23:45,942] Trial 1 finished with value: 0.7531068921089172 and parameters: {'lr': 1e-05, 'n_epochs': 350, 'alpha_0': 0.03, 'alpha_1': 0.3, 'alpha_2': 0.05, 'alpha_3': 0.3}. Best is trial 0 with value: 0.6122747659683228.
... storing 'Rank_Label' as categorical
[I 2025-03-20 23:23:48,728] A new study created in memory with name: no-name-30b05c0c-e1fe-4c20-b7b9-28834b6d7397
[I 2025-03-20 23:23:55,515] Trial 0 finished with value: 0.7900741398334503 and parameters: {'lr': 1e-06, 'n_epochs': 300, 'alpha_0': 0.03, 'alpha_1': 0, 'alpha_2': 0.005, 'alpha_3': 0.1}. Best is trial 0 with value: 0.7900741398334503.
[I 2025-03-20 23:24:05,669] Trial 1 finished with value: 0.8076817393302917 and parameters: {'lr': 0.0006, 'n_epochs': 450, 'alpha_0': 0.005, 'alpha_1': 0, 'alpha_2': 0.01, 'alpha_3': 0.4}. Best is trial 0 with value: 0.7900741398334503.
... storing 'Rank_Label' as categorical
[I 2025-03-20 23:24:08,618] A new study created in memory with name: no-name-7106f510-8b8f-4e55-93c6-0f1f1c8556c7
{'n_features': 1000, 'nhead': 2, 'nhid1': 96, 'nhid2': 8, 'n_output': 32, 'nlayers': 3, 'n_pred': 2, 'n_patho': 0, 'dropout': 0.5, 'mode': 'Classification', 'infer_mode': 'SC', 'encoder_type': 'MLP', 'model_save_path': '/mnt/NAS_21T/ProjectResult/TiRank/results/ablation/intera_0/Data7/3_Analysis/checkpoints'}
Initiate model in trail 0 with mode: Classification, infer mode: SC encoder type: MLP on device: cuda with abation on 1.
Saving model and plot for Trial 0 with Validation Loss = 0.7849
Initiate model in trail 1 with mode: Classification, infer mode: SC encoder type: MLP on device: cuda with abation on 1.
Best hyperparameters: {'lr': 1e-05, 'n_epochs': 400, 'alpha_0': 0.005, 'alpha_1': 0, 'alpha_2': 0.05, 'alpha_3': 0.3}
Loading the Best Model.
Starting Inference.
Perform Rejection with GMM mode with tolerance=0.05, components=[3,15]!
Underfitting!
Found distributions with means close to 0 and 1 with 3 components.
Reject 0(0.00%) cells.
Inference Done.
We set Rank score < 0.5 as Rank- () while > 0.5 as Rank+ 
The parameters setting of model is: {'n_features': 1000, 'nhead': 2, 'nhid1': 96, 'nhid2': 8, 'n_output': 32, 'nlayers': 3, 'n_pred': 2, 'n_patho': 0, 'dropout': 0.5, 'mode': 'Classification', 'infer_mode': 'SC', 'encoder_type': 'MLP', 'model_save_path': '/mnt/NAS_21T/ProjectResult/TiRank/results/ablation/intera_0/Data7/3_Analysis/checkpoints'}
Initiate model in trail 0 with mode: Classification, infer mode: SC encoder type: MLP on device: cuda with abation on 2.
Saving model and plot for Trial 0 with Validation Loss = 0.7391
Initiate model in trail 1 with mode: Classification, infer mode: SC encoder type: MLP on device: cuda with abation on 2.
Saving model and plot for Trial 1 with Validation Loss = 0.7228
Best hyperparameters: {'lr': 0.0001, 'n_epochs': 500, 'alpha_0': 0.06, 'alpha_1': 0.6, 'alpha_2': 0, 'alpha_3': 0.3}
Loading the Best Model.
Starting Inference.
Perform Rejection with GMM mode with tolerance=0.05, components=[3,15]!
Found distributions with means close to 0 and 1 with 3 components.
Reject 1044(4.46%) cells.
Inference Done.
We set Rank score < 0.5 as Rank- () while > 0.5 as Rank+ 
The parameters setting of model is: {'n_features': 1000, 'nhead': 2, 'nhid1': 96, 'nhid2': 8, 'n_output': 32, 'nlayers': 3, 'n_pred': 2, 'n_patho': 0, 'dropout': 0.5, 'mode': 'Classification', 'infer_mode': 'SC', 'encoder_type': 'MLP', 'model_save_path': '/mnt/NAS_21T/ProjectResult/TiRank/results/ablation/intera_0/Data7/3_Analysis/checkpoints'}
Initiate model in trail 0 with mode: Classification, infer mode: SC encoder type: MLP on device: cuda with abation on 1,2.
Saving model and plot for Trial 0 with Validation Loss = 0.8195
Initiate model in trail 1 with mode: Classification, infer mode: SC encoder type: MLP on device: cuda with abation on 1,2.
Best hyperparameters: {'lr': 0.0001, 'n_epochs': 300, 'alpha_0': 0.1, 'alpha_1': 0, 'alpha_2': 0, 'alpha_3': 0.6}
Loading the Best Model.
Starting Inference.
Perform Rejection with GMM mode with tolerance=0.05, components=[3,15]!
Underfitting!
Found distributions with means close to 0 and 1 with 3 components.
Reject 0(0.00%) cells.
Inference Done.
We set Rank score < 0.5 as Rank- () while > 0.5 as Rank+ 
Starting load data for gene pair transformation.
Starting gene pair extraction.
Get candidate genes done.
There are 826 genes up-regulated in Group 0 and 707 genes up-regulated in Group 1.
Get candidate gene pairs done.
Profile transformation done.
Starting save gene pair matrices.
Save gene pair matrices done.
Save informative gene matrices done.
The parameters setting of model is: {'n_features': 1000, 'nhead': 2, 'nhid1': 96, 'nhid2': 8, 'n_output': 32, 'nlayers': 3, 'n_pred': 2, 'n_patho': 0, 'dropout': 0.5, 'mode': 'Classification', 'infer_mode': 'SC', 'encoder_type': 'DenseNet', 'model_save_path': '/mnt/NAS_21T/ProjectResult/TiRank/results/ablation/intera_0/Data6/3_Analysis/checkpoints'}
Initiate model in trail 0 with mode: Classification, infer mode: SC encoder type: DenseNet on device: cuda.
Saving model and plot for Trial 0 with Validation Loss = 0.5507
Initiate model in trail 1 with mode: Classification, infer mode: SC encoder type: DenseNet on device: cuda.
Best hyperparameters: {'lr': 0.006, 'n_epochs': 350, 'alpha_0': 0.03, 'alpha_1': 0.2, 'alpha_2': 0.001, 'alpha_3': 0.3}
Loading the Best Model.
Starting Inference.
Perform Rejection with GMM mode with tolerance=0.05, components=[3,15]!
Found distributions with means close to 0 and 1 with 3 components.
Reject 0(0.00%) cells.
Inference Done.
We set Rank score < 0.5 as Rank- () while > 0.5 as Rank+ 
The parameters setting of model is: {'n_features': 1000, 'nhead': 2, 'nhid1': 96, 'nhid2': 8, 'n_output': 32, 'nlayers': 3, 'n_pred': 2, 'n_patho': 0, 'dropout': 0.5, 'mode': 'Classification', 'infer_mode': 'SC', 'encoder_type': 'Transformer', 'model_save_path': '/mnt/NAS_21T/ProjectResult/TiRank/results/ablation/intera_0/Data6/3_Analysis/checkpoints'}
Initiate model in trail 0 with mode: Classification, infer mode: SC encoder type: Transformer on device: cuda.
Saving model and plot for Trial 0 with Validation Loss = 0.8289
Initiate model in trail 1 with mode: Classification, infer mode: SC encoder type: Transformer on device: cuda.
Saving model and plot for Trial 1 with Validation Loss = 0.8233
Best hyperparameters: {'lr': 1e-06, 'n_epochs': 350, 'alpha_0': 0.01, 'alpha_1': 0.2, 'alpha_2': 0.05, 'alpha_3': 0.1}
Loading the Best Model.
Starting Inference.
Perform Rejection with GMM mode with tolerance=0.05, components=[3,15]!
Underfitting!
Found distributions with means close to 0 and 1 with 3 components.
Reject 0(0.00%) cells.
Inference Done.
We set Rank score < 0.5 as Rank- () while > 0.5 as Rank+ 
The parameters setting of model is: {'n_features': 1000, 'nhead': 2, 'nhid1': 96, 'nhid2': 8, 'n_output': 32, 'nlayers': 3, 'n_pred': 2, 'n_patho': 0, 'dropout': 0.5, 'mode': 'Classification', 'infer_mode': 'SC', 'encoder_type': 'MLP', 'model_save_path': '/mnt/NAS_21T/ProjectResult/TiRank/results/ablation/intera_0/Data6/3_Analysis/checkpoints'}
Initiate model in trail 0 with mode: Classification, infer mode: SC encoder type: MLP on device: cuda.
Saving model and plot for Trial 0 with Validation Loss = 0.6123
Initiate model in trail 1 with mode: Classification, infer mode: SC encoder type: MLP on device: cuda.
Best hyperparameters: {'lr': 0.01, 'n_epochs': 350, 'alpha_0': 0.1, 'alpha_1': 0.7, 'alpha_2': 0.01, 'alpha_3': 0.3}
Loading the Best Model.
Starting Inference.
Perform Rejection with GMM mode with tolerance=0.05, components=[3,15]!
Found distributions with means close to 0 and 1 with 3 components.
Reject 83(5.17%) cells.
Inference Done.
We set Rank score < 0.5 as Rank- () while > 0.5 as Rank+ 
The parameters setting of model is: {'n_features': 1000, 'nhead': 2, 'nhid1': 96, 'nhid2': 8, 'n_output': 32, 'nlayers': 3, 'n_pred': 2, 'n_patho': 0, 'dropout': 0.5, 'mode': 'Classification', 'infer_mode': 'SC', 'encoder_type': 'MLP', 'model_save_path': '/mnt/NAS_21T/ProjectResult/TiRank/results/ablation/intera_0/Data6/3_Analysis/checkpoints'}
Initiate model in trail 0 with mode: Classification, infer mode: SC encoder type: MLP on device: cuda with abation on 1.
Saving model and plot for Trial 0 with Validation Loss = 0.7901
Initiate model in trail 1 with mode: Classification, infer mode: SC encoder type: MLP on device: cuda with abation on 1.
Best hyperparameters: {'lr': 1e-06, 'n_epochs': 300, 'alpha_0': 0.03, 'alpha_1': 0, 'alpha_2': 0.005, 'alpha_3': 0.1}
Loading the Best Model.
Starting Inference.
Perform Rejection with GMM mode with tolerance=0.05, components=[3,15]!
Underfitting!
Found distributions with means close to 0 and 1 with 3 components.
Reject 0(0.00%) cells.
Inference Done.
We set Rank score < 0.5 as Rank- () while > 0.5 as Rank+ 
The parameters setting of model is: {'n_features': 1000, 'nhead': 2, 'nhid1': 96, 'nhid2': 8, 'n_output': 32, 'nlayers': 3, 'n_pred': 2, 'n_patho': 0, 'dropout': 0.5, 'mode': 'Classification', 'infer_mode': 'SC', 'encoder_type': 'MLP', 'model_save_path': '/mnt/NAS_21T/ProjectResult/TiRank/results/ablation/intera_0/Data6/3_Analysis/checkpoints'}
[I 2025-03-20 23:24:18,639] Trial 0 finished with value: 0.63088059425354 and parameters: {'lr': 0.0001, 'n_epochs': 450, 'alpha_0': 0.01, 'alpha_1': 0.8, 'alpha_2': 0, 'alpha_3': 0.1}. Best is trial 0 with value: 0.63088059425354.
[I 2025-03-20 23:24:29,034] Trial 1 finished with value: 0.7991664409637451 and parameters: {'lr': 1e-05, 'n_epochs': 450, 'alpha_0': 0.1, 'alpha_1': 0.3, 'alpha_2': 0, 'alpha_3': 0.8}. Best is trial 0 with value: 0.63088059425354.
... storing 'Rank_Label' as categorical
[I 2025-03-20 23:24:31,785] A new study created in memory with name: no-name-202990c7-d2b1-4ebc-8c90-b1f428ebcbb0
[I 2025-03-20 23:24:44,022] Trial 0 finished with value: 0.835573822259903 and parameters: {'lr': 0.0003, 'n_epochs': 500, 'alpha_0': 0.03, 'alpha_1': 0, 'alpha_2': 0, 'alpha_3': 0.6}. Best is trial 0 with value: 0.835573822259903.
[I 2025-03-20 23:24:50,989] Trial 1 finished with value: 0.7977384924888611 and parameters: {'lr': 1e-05, 'n_epochs': 300, 'alpha_0': 0.06, 'alpha_1': 0, 'alpha_2': 0, 'alpha_3': 0.5}. Best is trial 1 with value: 0.7977384924888611.
... storing 'Rank_Label' as categorical
2025-03-20 23:24:53,750 - Finished dataset Data6 in /mnt/NAS_21T/ProjectResult/TiRank/results/ablation/intera_0/Data6
Processing datasets for repeat 0:  50%|â–ˆâ–ˆâ–ˆâ–ˆâ–ˆ     | 5/10 [2:29:03<2:39:35, 1915.03s/it]2025-03-20 23:24:53,753 - Processing dataset Data5 in /mnt/NAS_21T/ProjectResult/TiRank/results/ablation/intera_0/Data5
[I 2025-03-20 23:25:30,530] A new study created in memory with name: no-name-30b2b7da-913c-4816-93b4-b43a524c9700
[I 2025-03-20 23:25:42,753] Trial 0 finished with value: 0.7220138311386108 and parameters: {'lr': 1e-05, 'n_epochs': 500, 'alpha_0': 0.005, 'alpha_1': 0.2, 'alpha_2': 0.1, 'alpha_3': 0.4}. Best is trial 0 with value: 0.7220138311386108.
[I 2025-03-20 23:25:53,755] Trial 1 finished with value: 0.6954828202724457 and parameters: {'lr': 1e-06, 'n_epochs': 450, 'alpha_0': 0.03, 'alpha_1': 0.5, 'alpha_2': 0.005, 'alpha_3': 0.9}. Best is trial 1 with value: 0.6954828202724457.
... storing 'Rank_Label' as categorical
[I 2025-03-20 23:25:56,771] A new study created in memory with name: no-name-093357f0-7357-46fa-87ec-41ba0679ebea
[I 2025-03-20 23:26:09,679] Trial 0 finished with value: 0.629218190908432 and parameters: {'lr': 0.0003, 'n_epochs': 500, 'alpha_0': 0.06, 'alpha_1': 0.9, 'alpha_2': 0.05, 'alpha_3': 1}. Best is trial 0 with value: 0.629218190908432.
[I 2025-03-20 23:26:17,187] Trial 1 finished with value: 0.8447010815143585 and parameters: {'lr': 0.0001, 'n_epochs': 300, 'alpha_0': 0.06, 'alpha_1': 0.8, 'alpha_2': 0.01, 'alpha_3': 0.5}. Best is trial 0 with value: 0.629218190908432.
... storing 'Rank_Label' as categorical
[I 2025-03-20 23:26:20,484] A new study created in memory with name: no-name-0bb5b40a-1abe-4825-839e-1489607f1980
[I 2025-03-20 23:26:31,692] Trial 0 finished with value: 0.6433083713054657 and parameters: {'lr': 0.003, 'n_epochs': 500, 'alpha_0': 0.01, 'alpha_1': 0.9, 'alpha_2': 0.05, 'alpha_3': 0.9}. Best is trial 0 with value: 0.6433083713054657.
[I 2025-03-20 23:26:38,503] Trial 1 finished with value: 0.7481898069381714 and parameters: {'lr': 0.003, 'n_epochs': 300, 'alpha_0': 0.06, 'alpha_1': 1, 'alpha_2': 0.001, 'alpha_3': 0.5}. Best is trial 0 with value: 0.6433083713054657.
... storing 'Rank_Label' as categorical
[I 2025-03-20 23:26:41,282] A new study created in memory with name: no-name-a2d5af8f-168d-4cf3-97c0-26740396b2b2
[I 2025-03-20 23:26:50,920] Trial 0 finished with value: 0.8401156663894653 and parameters: {'lr': 0.0003, 'n_epochs': 450, 'alpha_0': 0.1, 'alpha_1': 0, 'alpha_2': 0.1, 'alpha_3': 0.2}. Best is trial 0 with value: 0.8401156663894653.
[I 2025-03-20 23:26:57,982] Trial 1 finished with value: 0.7911027371883392 and parameters: {'lr': 0.006, 'n_epochs': 300, 'alpha_0': 0.1, 'alpha_1': 0, 'alpha_2': 0.05, 'alpha_3': 0.4}. Best is trial 1 with value: 0.7911027371883392.
... storing 'Rank_Label' as categorical
[I 2025-03-20 23:27:01,689] A new study created in memory with name: no-name-10c8b74b-b1b6-4900-a9a9-79c3901e2f1b
[I 2025-03-20 23:27:08,878] Trial 0 finished with value: 0.7683761119842529 and parameters: {'lr': 1e-06, 'n_epochs': 300, 'alpha_0': 0.01, 'alpha_1': 1, 'alpha_2': 0, 'alpha_3': 0.8}. Best is trial 0 with value: 0.7683761119842529.
[I 2025-03-20 23:27:14,787] Trial 1 finished with value: 0.6279039978981018 and parameters: {'lr': 0.003, 'n_epochs': 300, 'alpha_0': 0.03, 'alpha_1': 0.6, 'alpha_2': 0, 'alpha_3': 0.3}. Best is trial 1 with value: 0.6279039978981018.
... storing 'Rank_Label' as categorical
[I 2025-03-20 23:27:17,554] A new study created in memory with name: no-name-4244b56d-59ed-41e1-b9e5-3e724d185221
