[I 2025-03-21 22:59:07,343] Trial 1 finished with value: 0.7757138013839722 and parameters: {'lr': 0.001, 'n_epochs': 300, 'alpha_0': 0.01, 'alpha_1': 0.2, 'alpha_2': 0.01, 'alpha_3': 0.1}. Best is trial 0 with value: 0.7556564211845398.
... storing 'Rank_Label' as categorical
{'n_features': 1000, 'nhead': 2, 'nhid1': 96, 'nhid2': 8, 'n_output': 32, 'nlayers': 3, 'n_pred': 2, 'n_patho': 0, 'dropout': 0.5, 'mode': 'Classification', 'infer_mode': 'SC', 'encoder_type': 'DenseNet', 'model_save_path': '/mnt/NAS_21T/ProjectResult/TiRank/results/ablation/intera_9/Data3/3_Analysis/checkpoints'}
Initiate model in trail 0 with mode: Classification, infer mode: SC encoder type: DenseNet on device: cuda.
Saving model and plot for Trial 0 with Validation Loss = 0.7781
Initiate model in trail 1 with mode: Classification, infer mode: SC encoder type: DenseNet on device: cuda.
Best hyperparameters: {'lr': 1e-06, 'n_epochs': 450, 'alpha_0': 0.03, 'alpha_1': 0.9, 'alpha_2': 0.01, 'alpha_3': 0.1}
Loading the Best Model.
Starting Inference.
Perform Rejection with GMM mode with tolerance=0.05, components=[3,15]!
Underfitting!
Found distributions with means close to 0 and 1 with 3 components.
Reject 0(0.00%) cells.
Inference Done.
We set Rank score < 0.5 as Rank- () while > 0.5 as Rank+ 
The parameters setting of model is: {'n_features': 1000, 'nhead': 2, 'nhid1': 96, 'nhid2': 8, 'n_output': 32, 'nlayers': 3, 'n_pred': 2, 'n_patho': 0, 'dropout': 0.5, 'mode': 'Classification', 'infer_mode': 'SC', 'encoder_type': 'Transformer', 'model_save_path': '/mnt/NAS_21T/ProjectResult/TiRank/results/ablation/intera_9/Data3/3_Analysis/checkpoints'}
Initiate model in trail 0 with mode: Classification, infer mode: SC encoder type: Transformer on device: cuda.
Saving model and plot for Trial 0 with Validation Loss = 0.7843
Initiate model in trail 1 with mode: Classification, infer mode: SC encoder type: Transformer on device: cuda.
Saving model and plot for Trial 1 with Validation Loss = 0.7292
Best hyperparameters: {'lr': 1e-05, 'n_epochs': 300, 'alpha_0': 0.005, 'alpha_1': 0.5, 'alpha_2': 0.01, 'alpha_3': 0.5}
Loading the Best Model.
Starting Inference.
Perform Rejection with GMM mode with tolerance=0.05, components=[3,15]!
Underfitting!
Found distributions with means close to 0 and 1 with 3 components.
Reject 0(0.00%) cells.
Inference Done.
We set Rank score < 0.5 as Rank- () while > 0.5 as Rank+ 
The parameters setting of model is: {'n_features': 1000, 'nhead': 2, 'nhid1': 96, 'nhid2': 8, 'n_output': 32, 'nlayers': 3, 'n_pred': 2, 'n_patho': 0, 'dropout': 0.5, 'mode': 'Classification', 'infer_mode': 'SC', 'encoder_type': 'MLP', 'model_save_path': '/mnt/NAS_21T/ProjectResult/TiRank/results/ablation/intera_9/Data3/3_Analysis/checkpoints'}
Initiate model in trail 0 with mode: Classification, infer mode: SC encoder type: MLP on device: cuda.
Saving model and plot for Trial 0 with Validation Loss = 0.6840
Initiate model in trail 1 with mode: Classification, infer mode: SC encoder type: MLP on device: cuda.
Saving model and plot for Trial 1 with Validation Loss = 0.6800
Best hyperparameters: {'lr': 0.006, 'n_epochs': 450, 'alpha_0': 0.03, 'alpha_1': 0.8, 'alpha_2': 0.05, 'alpha_3': 0.1}
Loading the Best Model.
Starting Inference.
Perform Rejection with GMM mode with tolerance=0.05, components=[3,15]!
Found distributions with means close to 0 and 1 with 6 components.
Reject 189(58.33%) cells.
Inference Done.
We set Rank score < 0.5 as Rank- () while > 0.5 as Rank+ 
The parameters setting of model is: {'n_features': 1000, 'nhead': 2, 'nhid1': 96, 'nhid2': 8, 'n_output': 32, 'nlayers': 3, 'n_pred': 2, 'n_patho': 0, 'dropout': 0.5, 'mode': 'Classification', 'infer_mode': 'SC', 'encoder_type': 'MLP', 'model_save_path': '/mnt/NAS_21T/ProjectResult/TiRank/results/ablation/intera_9/Data3/3_Analysis/checkpoints'}
Initiate model in trail 0 with mode: Classification, infer mode: SC encoder type: MLP on device: cuda with abation on 1.
Saving model and plot for Trial 0 with Validation Loss = 0.7177
Initiate model in trail 1 with mode: Classification, infer mode: SC encoder type: MLP on device: cuda with abation on 1.
Best hyperparameters: {'lr': 0.006, 'n_epochs': 300, 'alpha_0': 0.1, 'alpha_1': 0, 'alpha_2': 0.1, 'alpha_3': 0.2}
Loading the Best Model.
Starting Inference.
Perform Rejection with GMM mode with tolerance=0.05, components=[3,15]!
Underfitting!
Found distributions with means close to 0 and 1 with 3 components.
Reject 0(0.00%) cells.
Inference Done.
We set Rank score < 0.5 as Rank- () while > 0.5 as Rank+ 
The parameters setting of model is: {'n_features': 1000, 'nhead': 2, 'nhid1': 96, 'nhid2': 8, 'n_output': 32, 'nlayers': 3, 'n_pred': 2, 'n_patho': 0, 'dropout': 0.5, 'mode': 'Classification', 'infer_mode': 'SC', 'encoder_type': 'MLP', 'model_save_path': '/mnt/NAS_21T/ProjectResult/TiRank/results/ablation/intera_9/Data3/3_Analysis/checkpoints'}
Initiate model in trail 0 with mode: Classification, infer mode: SC encoder type: MLP on device: cuda with abation on 2.
Saving model and plot for Trial 0 with Validation Loss = 0.7628
Initiate model in trail 1 with mode: Classification, infer mode: SC encoder type: MLP on device: cuda with abation on 2.
Saving model and plot for Trial 1 with Validation Loss = 0.6963
Best hyperparameters: {'lr': 0.0003, 'n_epochs': 300, 'alpha_0': 0.1, 'alpha_1': 0.7, 'alpha_2': 0, 'alpha_3': 0.5}
Loading the Best Model.
Starting Inference.
Perform Rejection with GMM mode with tolerance=0.05, components=[3,15]!
Found distributions with means close to 0 and 1 with 5 components.
Reject 90(27.78%) cells.
Inference Done.
We set Rank score < 0.5 as Rank- () while > 0.5 as Rank+ 
The parameters setting of model is: {'n_features': 1000, 'nhead': 2, 'nhid1': 96, 'nhid2': 8, 'n_output': 32, 'nlayers': 3, 'n_pred': 2, 'n_patho': 0, 'dropout': 0.5, 'mode': 'Classification', 'infer_mode': 'SC', 'encoder_type': 'MLP', 'model_save_path': '/mnt/NAS_21T/ProjectResult/TiRank/results/ablation/intera_9/Data3/3_Analysis/checkpoints'}
Initiate model in trail 0 with mode: Classification, infer mode: SC encoder type: MLP on device: cuda with abation on 1,2.
Saving model and plot for Trial 0 with Validation Loss = 0.8003
Initiate model in trail 1 with mode: Classification, infer mode: SC encoder type: MLP on device: cuda with abation on 1,2.
Best hyperparameters: {'lr': 0.003, 'n_epochs': 500, 'alpha_0': 0.06, 'alpha_1': 0, 'alpha_2': 0, 'alpha_3': 0.1}
Loading the Best Model.
Starting Inference.
Perform Rejection with GMM mode with tolerance=0.05, components=[3,15]!
Underfitting!
Found distributions with means close to 0 and 1 with 3 components.
Reject 0(0.00%) cells.
Inference Done.
We set Rank score < 0.5 as Rank- () while > 0.5 as Rank+ 
Starting load data for gene pair transformation.
Starting gene pair extraction.
Get candidate genes done.
There are 459 genes up-regulated in Group 0 and 283 genes up-regulated in Group 1.
Get candidate gene pairs done.
Profile transformation done.
Starting save gene pair matrices.
Save gene pair matrices done.
Save informative gene matrices done.
The parameters setting of model is: {'n_features': 1000, 'nhead': 2, 'nhid1': 96, 'nhid2': 8, 'n_output': 32, 'nlayers': 3, 'n_pred': 2, 'n_patho': 0, 'dropout': 0.5, 'mode': 'Classification', 'infer_mode': 'SC', 'encoder_type': 'DenseNet', 'model_save_path': '/mnt/NAS_21T/ProjectResult/TiRank/results/ablation/intera_9/Data2/3_Analysis/checkpoints'}
Initiate model in trail 0 with mode: Classification, infer mode: SC encoder type: DenseNet on device: cuda.
Saving model and plot for Trial 0 with Validation Loss = 0.7557
Initiate model in trail 1 with mode: Classification, infer mode: SC encoder type: DenseNet on device: cuda.
Best hyperparameters: {'lr': 0.0006, 'n_epochs': 350, 'alpha_0': 0.01, 'alpha_1': 0.6, 'alpha_2': 0.005, 'alpha_3': 0.7}
Loading the Best Model.
Starting Inference.
Perform Rejection with GMM mode with tolerance=0.05, components=[3,15]!
Found distributions with means close to 0 and 1 with 3 components.
Reject 51(10.06%) cells.
Inference Done.
We set Rank score < 0.5 as Rank- () while > 0.5 as Rank+ 
The parameters setting of model is: {'n_features': 1000, 'nhead': 2, 'nhid1': 96, 'nhid2': 8, 'n_output': 32, 'nlayers': 3, 'n_pred': 2, 'n_patho': 0, 'dropout': 0.5, 'mode': 'Classification', 'infer_mode': 'SC', 'encoder_type': 'Transformer', 'model_save_path': '/mnt/NAS_21T/ProjectResult/TiRank/results/ablation/intera_9/Data2/3_Analysis/checkpoints'}[I 2025-03-21 22:59:10,789] A new study created in memory with name: no-name-e51d3a82-af2c-4a26-8948-55adce434e07
[I 2025-03-21 22:59:16,523] Trial 0 finished with value: 0.7843008041381836 and parameters: {'lr': 1e-06, 'n_epochs': 300, 'alpha_0': 0.1, 'alpha_1': 0.5, 'alpha_2': 0.005, 'alpha_3': 0.3}. Best is trial 0 with value: 0.7843008041381836.
[I 2025-03-21 22:59:23,681] Trial 1 finished with value: 0.8349646329879761 and parameters: {'lr': 0.0006, 'n_epochs': 400, 'alpha_0': 0.06, 'alpha_1': 0.4, 'alpha_2': 0.001, 'alpha_3': 0.3}. Best is trial 0 with value: 0.7843008041381836.
... storing 'Rank_Label' as categorical
[I 2025-03-21 22:59:27,026] A new study created in memory with name: no-name-29709063-f5cc-42e7-9c0f-56227d2ee48c
[I 2025-03-21 22:59:33,232] Trial 0 finished with value: 0.7667956948280334 and parameters: {'lr': 0.01, 'n_epochs': 500, 'alpha_0': 0.01, 'alpha_1': 0.3, 'alpha_2': 0.005, 'alpha_3': 0.5}. Best is trial 0 with value: 0.7667956948280334.
[I 2025-03-21 22:59:36,984] Trial 1 finished with value: 0.7899834513664246 and parameters: {'lr': 1e-06, 'n_epochs': 300, 'alpha_0': 0.005, 'alpha_1': 0.9, 'alpha_2': 0.05, 'alpha_3': 0.2}. Best is trial 0 with value: 0.7667956948280334.
... storing 'Rank_Label' as categorical
[I 2025-03-21 22:59:40,371] A new study created in memory with name: no-name-42f4fd67-ad18-473e-ab67-223d55aaaf2a
[I 2025-03-21 22:59:44,036] Trial 0 finished with value: 0.7891000509262085 and parameters: {'lr': 1e-05, 'n_epochs': 300, 'alpha_0': 0.03, 'alpha_1': 0, 'alpha_2': 0.01, 'alpha_3': 1}. Best is trial 0 with value: 0.7891000509262085.
[I 2025-03-21 22:59:50,190] Trial 1 finished with value: 0.7909586429595947 and parameters: {'lr': 1e-05, 'n_epochs': 500, 'alpha_0': 0.03, 'alpha_1': 0, 'alpha_2': 0.001, 'alpha_3': 0.7}. Best is trial 0 with value: 0.7891000509262085.
... storing 'Rank_Label' as categorical
[I 2025-03-21 22:59:53,519] A new study created in memory with name: no-name-d5110f20-2c76-4631-b23f-00a844a4a8e0
[I 2025-03-21 22:59:57,507] Trial 0 finished with value: 0.7668861746788025 and parameters: {'lr': 0.0003, 'n_epochs': 300, 'alpha_0': 0.06, 'alpha_1': 0.5, 'alpha_2': 0, 'alpha_3': 1}. Best is trial 0 with value: 0.7668861746788025.
[I 2025-03-21 23:00:03,177] Trial 1 finished with value: 0.8577883243560791 and parameters: {'lr': 0.01, 'n_epochs': 450, 'alpha_0': 0.1, 'alpha_1': 0.1, 'alpha_2': 0, 'alpha_3': 0.3}. Best is trial 0 with value: 0.7668861746788025.
... storing 'Rank_Label' as categorical
[I 2025-03-21 23:00:06,623] A new study created in memory with name: no-name-08c312c3-5470-4a0d-af50-d96f99e0df7c
[I 2025-03-21 23:00:11,173] Trial 0 finished with value: 0.7962745428085327 and parameters: {'lr': 0.001, 'n_epochs': 350, 'alpha_0': 0.1, 'alpha_1': 0, 'alpha_2': 0, 'alpha_3': 0.5}. Best is trial 0 with value: 0.7962745428085327.
[I 2025-03-21 23:00:14,544] Trial 1 finished with value: 0.7911080121994019 and parameters: {'lr': 0.006, 'n_epochs': 350, 'alpha_0': 0.01, 'alpha_1': 0, 'alpha_2': 0, 'alpha_3': 0.3}. Best is trial 1 with value: 0.7911080121994019.
... storing 'Rank_Label' as categorical
2025-03-21 23:00:17,872 - Finished dataset Data2 in /mnt/NAS_21T/ProjectResult/TiRank/results/ablation/intera_9/Data2
Processing datasets for repeat 9:  90%|â–ˆâ–ˆâ–ˆâ–ˆâ–ˆâ–ˆâ–ˆâ–ˆâ–ˆ | 9/10 [2:31:24<07:57, 477.02s/it]2025-03-21 23:00:17,874 - Processing dataset Data1 in /mnt/NAS_21T/ProjectResult/TiRank/results/ablation/intera_9/Data1
[I 2025-03-21 23:00:50,506] A new study created in memory with name: no-name-39bb1600-e5ff-403b-a254-5c4c70914c1c
[I 2025-03-21 23:00:55,376] Trial 0 finished with value: 0.7470030188560486 and parameters: {'lr': 0.01, 'n_epochs': 400, 'alpha_0': 0.06, 'alpha_1': 0.2, 'alpha_2': 0.001, 'alpha_3': 0.2}. Best is trial 0 with value: 0.7470030188560486.
[I 2025-03-21 23:01:00,368] Trial 1 finished with value: 0.7640718817710876 and parameters: {'lr': 0.001, 'n_epochs': 450, 'alpha_0': 0.03, 'alpha_1': 0.5, 'alpha_2': 0.1, 'alpha_3': 0.4}. Best is trial 0 with value: 0.7470030188560486.
... storing 'Rank_Label' as categorical
[I 2025-03-21 23:01:03,745] A new study created in memory with name: no-name-80d24bfa-709e-4bd9-9b14-1fec1f8592bc
[I 2025-03-21 23:01:10,547] Trial 0 finished with value: 0.7929177284240723 and parameters: {'lr': 0.0006, 'n_epochs': 350, 'alpha_0': 0.03, 'alpha_1': 0.5, 'alpha_2': 0.01, 'alpha_3': 0.8}. Best is trial 0 with value: 0.7929177284240723.
[I 2025-03-21 23:01:14,689] Trial 1 finished with value: 0.8258423209190369 and parameters: {'lr': 0.0003, 'n_epochs': 450, 'alpha_0': 0.1, 'alpha_1': 0.2, 'alpha_2': 0.01, 'alpha_3': 0.3}. Best is trial 0 with value: 0.7929177284240723.
... storing 'Rank_Label' as categorical
[I 2025-03-21 23:01:18,012] A new study created in memory with name: no-name-62ea0b93-c127-4ac8-b0c6-43527acb4888
[I 2025-03-21 23:01:22,775] Trial 0 finished with value: 0.8115854859352112 and parameters: {'lr': 0.01, 'n_epochs': 450, 'alpha_0': 0.005, 'alpha_1': 0.8, 'alpha_2': 0.01, 'alpha_3': 0.2}. Best is trial 0 with value: 0.8115854859352112.
