[I 2025-03-20 23:30:38,254] Trial 0 finished with value: 0.7568534016609192 and parameters: {'lr': 0.01, 'n_epochs': 450, 'alpha_0': 0.005, 'alpha_1': 1, 'alpha_2': 0.01, 'alpha_3': 0.3}. Best is trial 0 with value: 0.7568534016609192.
[I 2025-03-20 23:30:45,558] Trial 1 finished with value: 0.6996471881866455 and parameters: {'lr': 0.0003, 'n_epochs': 400, 'alpha_0': 0.06, 'alpha_1': 0.7, 'alpha_2': 0.005, 'alpha_3': 0.3}. Best is trial 1 with value: 0.6996471881866455.
... storing 'Rank_Label' as categorical
[I 2025-03-20 23:30:49,138] A new study created in memory with name: no-name-bf94aecf-4d07-4582-972d-7828a2248707
[I 2025-03-20 23:30:52,510] Trial 0 finished with value: 0.71131432056427 and parameters: {'lr': 0.001, 'n_epochs': 350, 'alpha_0': 0.03, 'alpha_1': 0.5, 'alpha_2': 0.005, 'alpha_3': 0.1}. Best is trial 0 with value: 0.71131432056427.
[I 2025-03-20 23:30:57,330] Trial 1 finished with value: 0.7253050208091736 and parameters: {'lr': 0.0001, 'n_epochs': 500, 'alpha_0': 0.06, 'alpha_1': 0.3, 'alpha_2': 0.005, 'alpha_3': 0.9}. Best is trial 0 with value: 0.71131432056427.
... storing 'Rank_Label' as categorical
[I 2025-03-20 23:31:00,011] A new study created in memory with name: no-name-dfc32c19-739f-4ca4-b1a9-41f865b9e245
[I 2025-03-20 23:31:03,628] Trial 0 finished with value: 0.7597103118896484 and parameters: {'lr': 0.0003, 'n_epochs': 400, 'alpha_0': 0.1, 'alpha_1': 0, 'alpha_2': 0.005, 'alpha_3': 0.7}. Best is trial 0 with value: 0.7597103118896484.
[I 2025-03-20 23:31:06,462] Trial 1 finished with value: 0.7827151417732239 and parameters: {'lr': 1e-05, 'n_epochs': 300, 'alpha_0': 0.06, 'alpha_1': 0, 'alpha_2': 0.01, 'alpha_3': 0.4}. Best is trial 0 with value: 0.7597103118896484.
... storing 'Rank_Label' as categorical
[I 2025-03-20 23:31:09,358] A new study created in memory with name: no-name-71ee3a15-2e69-4719-8924-403ded1f8717
[I 2025-03-20 23:31:13,918] Trial 0 finished with value: 0.7986252903938293 and parameters: {'lr': 1e-05, 'n_epochs': 500, 'alpha_0': 0.03, 'alpha_1': 0.4, 'alpha_2': 0, 'alpha_3': 0.8}. Best is trial 0 with value: 0.7986252903938293.
[I 2025-03-20 23:31:16,768] Trial 1 finished with value: 0.7979447841644287 and parameters: {'lr': 1e-06, 'n_epochs': 300, 'alpha_0': 0.01, 'alpha_1': 0.3, 'alpha_2': 0, 'alpha_3': 0.6}. Best is trial 1 with value: 0.7979447841644287.
... storing 'Rank_Label' as categorical
[I 2025-03-20 23:31:19,430] A new study created in memory with name: no-name-871479c6-e356-4350-a340-a9133a03a417
[I 2025-03-20 23:31:23,645] Trial 0 finished with value: 0.8021728992462158 and parameters: {'lr': 0.01, 'n_epochs': 450, 'alpha_0': 0.01, 'alpha_1': 0, 'alpha_2': 0, 'alpha_3': 0.1}. Best is trial 0 with value: 0.8021728992462158.
[I 2025-03-20 23:31:26,960] Trial 1 finished with value: 0.8157910704612732 and parameters: {'lr': 0.001, 'n_epochs': 400, 'alpha_0': 0.005, 'alpha_1': 0, 'alpha_2': 0, 'alpha_3': 0.4}. Best is trial 0 with value: 0.8021728992462158.
... storing 'Rank_Label' as categorical
2025-03-20 23:31:29,922 - Finished dataset Data3 in /mnt/NAS_21T/ProjectResult/TiRank/results/ablation/intera_0/Data3
Processing datasets for repeat 0:  80%|â–ˆâ–ˆâ–ˆâ–ˆâ–ˆâ–ˆâ–ˆâ–ˆ  | 8/10 [2:35:39<22:16, 668.12s/it]2025-03-20 23:31:29,925 - Processing dataset Data2 in /mnt/NAS_21T/ProjectResult/TiRank/results/ablation/intera_0/Data2
[I 2025-03-20 23:32:00,379] A new study created in memory with name: no-name-ac2204b5-10aa-4094-9e60-bea58bdaf7ab
[I 2025-03-20 23:32:06,955] Trial 0 finished with value: 0.7386294603347778 and parameters: {'lr': 1e-06, 'n_epochs': 450, 'alpha_0': 0.005, 'alpha_1': 0.4, 'alpha_2': 0.005, 'alpha_3': 0.8}. Best is trial 0 with value: 0.7386294603347778.
[I 2025-03-20 23:32:11,639] Trial 1 finished with value: 0.720127284526825 and parameters: {'lr': 1e-05, 'n_epochs': 300, 'alpha_0': 0.01, 'alpha_1': 0.8, 'alpha_2': 0.1, 'alpha_3': 1}. Best is trial 1 with value: 0.720127284526825.
... storing 'Rank_Label' as categorical
[I 2025-03-20 23:32:15,233] A new study created in memory with name: no-name-c0bd0de0-01c1-498e-9ad2-54ac128406c8
[I 2025-03-20 23:32:21,611] Trial 0 finished with value: 0.8159600496292114 and parameters: {'lr': 0.0003, 'n_epochs': 300, 'alpha_0': 0.005, 'alpha_1': 1, 'alpha_2': 0.005, 'alpha_3': 0.9}. Best is trial 0 with value: 0.8159600496292114.
[I 2025-03-20 23:32:25,531] Trial 1 finished with value: 0.7354972958564758 and parameters: {'lr': 0.0001, 'n_epochs': 300, 'alpha_0': 0.01, 'alpha_1': 0.1, 'alpha_2': 0.001, 'alpha_3': 1}. Best is trial 1 with value: 0.7354972958564758.
Initiate model in trail 1 with mode: Classification, infer mode: SC encoder type: DenseNet on device: cuda.
Saving model and plot for Trial 1 with Validation Loss = 0.6909
Best hyperparameters: {'lr': 0.003, 'n_epochs': 300, 'alpha_0': 0.06, 'alpha_1': 0.7, 'alpha_2': 0.05, 'alpha_3': 0.2}
Loading the Best Model.
Starting Inference.
Perform Rejection with GMM mode with tolerance=0.05, components=[3,15]!
Found distributions with means close to 0 and 1 with 3 components.
Reject 144(44.44%) cells.
Inference Done.
We set Rank score < 0.5 as Rank- () while > 0.5 as Rank+ 
The parameters setting of model is: {'n_features': 1000, 'nhead': 2, 'nhid1': 96, 'nhid2': 8, 'n_output': 32, 'nlayers': 3, 'n_pred': 2, 'n_patho': 0, 'dropout': 0.5, 'mode': 'Classification', 'infer_mode': 'SC', 'encoder_type': 'Transformer', 'model_save_path': '/mnt/NAS_21T/ProjectResult/TiRank/results/ablation/intera_0/Data3/3_Analysis/checkpoints'}
Initiate model in trail 0 with mode: Classification, infer mode: SC encoder type: Transformer on device: cuda.
Saving model and plot for Trial 0 with Validation Loss = 0.7569
Initiate model in trail 1 with mode: Classification, infer mode: SC encoder type: Transformer on device: cuda.
Saving model and plot for Trial 1 with Validation Loss = 0.6996
Best hyperparameters: {'lr': 0.0003, 'n_epochs': 400, 'alpha_0': 0.06, 'alpha_1': 0.7, 'alpha_2': 0.005, 'alpha_3': 0.3}
Loading the Best Model.
Starting Inference.
Perform Rejection with GMM mode with tolerance=0.05, components=[3,15]!
Found distributions with means close to 0 and 1 with 3 components.
Reject 29(8.95%) cells.
Inference Done.
We set Rank score < 0.5 as Rank- () while > 0.5 as Rank+ 
The parameters setting of model is: {'n_features': 1000, 'nhead': 2, 'nhid1': 96, 'nhid2': 8, 'n_output': 32, 'nlayers': 3, 'n_pred': 2, 'n_patho': 0, 'dropout': 0.5, 'mode': 'Classification', 'infer_mode': 'SC', 'encoder_type': 'MLP', 'model_save_path': '/mnt/NAS_21T/ProjectResult/TiRank/results/ablation/intera_0/Data3/3_Analysis/checkpoints'}
Initiate model in trail 0 with mode: Classification, infer mode: SC encoder type: MLP on device: cuda.
Saving model and plot for Trial 0 with Validation Loss = 0.7113
Initiate model in trail 1 with mode: Classification, infer mode: SC encoder type: MLP on device: cuda.
Best hyperparameters: {'lr': 0.001, 'n_epochs': 350, 'alpha_0': 0.03, 'alpha_1': 0.5, 'alpha_2': 0.005, 'alpha_3': 0.1}
Loading the Best Model.
Starting Inference.
Perform Rejection with GMM mode with tolerance=0.05, components=[3,15]!
Found distributions with means close to 0 and 1 with 3 components.
Reject 76(23.46%) cells.
Inference Done.
We set Rank score < 0.5 as Rank- () while > 0.5 as Rank+ 
The parameters setting of model is: {'n_features': 1000, 'nhead': 2, 'nhid1': 96, 'nhid2': 8, 'n_output': 32, 'nlayers': 3, 'n_pred': 2, 'n_patho': 0, 'dropout': 0.5, 'mode': 'Classification', 'infer_mode': 'SC', 'encoder_type': 'MLP', 'model_save_path': '/mnt/NAS_21T/ProjectResult/TiRank/results/ablation/intera_0/Data3/3_Analysis/checkpoints'}
Initiate model in trail 0 with mode: Classification, infer mode: SC encoder type: MLP on device: cuda with abation on 1.
Saving model and plot for Trial 0 with Validation Loss = 0.7597
Initiate model in trail 1 with mode: Classification, infer mode: SC encoder type: MLP on device: cuda with abation on 1.
Best hyperparameters: {'lr': 0.0003, 'n_epochs': 400, 'alpha_0': 0.1, 'alpha_1': 0, 'alpha_2': 0.005, 'alpha_3': 0.7}
Loading the Best Model.
Starting Inference.
Perform Rejection with GMM mode with tolerance=0.05, components=[3,15]!
Underfitting!
Found distributions with means close to 0 and 1 with 3 components.
Reject 0(0.00%) cells.
Inference Done.
We set Rank score < 0.5 as Rank- () while > 0.5 as Rank+ 
The parameters setting of model is: {'n_features': 1000, 'nhead': 2, 'nhid1': 96, 'nhid2': 8, 'n_output': 32, 'nlayers': 3, 'n_pred': 2, 'n_patho': 0, 'dropout': 0.5, 'mode': 'Classification', 'infer_mode': 'SC', 'encoder_type': 'MLP', 'model_save_path': '/mnt/NAS_21T/ProjectResult/TiRank/results/ablation/intera_0/Data3/3_Analysis/checkpoints'}
Initiate model in trail 0 with mode: Classification, infer mode: SC encoder type: MLP on device: cuda with abation on 2.
Saving model and plot for Trial 0 with Validation Loss = 0.7986
Initiate model in trail 1 with mode: Classification, infer mode: SC encoder type: MLP on device: cuda with abation on 2.
Saving model and plot for Trial 1 with Validation Loss = 0.7979
Best hyperparameters: {'lr': 1e-06, 'n_epochs': 300, 'alpha_0': 0.01, 'alpha_1': 0.3, 'alpha_2': 0, 'alpha_3': 0.6}
Loading the Best Model.
Starting Inference.
Perform Rejection with GMM mode with tolerance=0.05, components=[3,15]!
Underfitting!
Found distributions with means close to 0 and 1 with 3 components.
Reject 0(0.00%) cells.
Inference Done.
We set Rank score < 0.5 as Rank- () while > 0.5 as Rank+ 
The parameters setting of model is: {'n_features': 1000, 'nhead': 2, 'nhid1': 96, 'nhid2': 8, 'n_output': 32, 'nlayers': 3, 'n_pred': 2, 'n_patho': 0, 'dropout': 0.5, 'mode': 'Classification', 'infer_mode': 'SC', 'encoder_type': 'MLP', 'model_save_path': '/mnt/NAS_21T/ProjectResult/TiRank/results/ablation/intera_0/Data3/3_Analysis/checkpoints'}
Initiate model in trail 0 with mode: Classification, infer mode: SC encoder type: MLP on device: cuda with abation on 1,2.
Saving model and plot for Trial 0 with Validation Loss = 0.8022
Initiate model in trail 1 with mode: Classification, infer mode: SC encoder type: MLP on device: cuda with abation on 1,2.
Best hyperparameters: {'lr': 0.01, 'n_epochs': 450, 'alpha_0': 0.01, 'alpha_1': 0, 'alpha_2': 0, 'alpha_3': 0.1}
Loading the Best Model.
Starting Inference.
Perform Rejection with GMM mode with tolerance=0.05, components=[3,15]!
Underfitting!
Found distributions with means close to 0 and 1 with 3 components.
Reject 0(0.00%) cells.
Inference Done.
We set Rank score < 0.5 as Rank- () while > 0.5 as Rank+ 
Starting load data for gene pair transformation.
Starting gene pair extraction.
Get candidate genes done.
There are 459 genes up-regulated in Group 0 and 283 genes up-regulated in Group 1.
Get candidate gene pairs done.
Profile transformation done.
Starting save gene pair matrices.
Save gene pair matrices done.
Save informative gene matrices done.
The parameters setting of model is: {'n_features': 1000, 'nhead': 2, 'nhid1': 96, 'nhid2': 8, 'n_output': 32, 'nlayers': 3, 'n_pred': 2, 'n_patho': 0, 'dropout': 0.5, 'mode': 'Classification', 'infer_mode': 'SC', 'encoder_type': 'DenseNet', 'model_save_path': '/mnt/NAS_21T/ProjectResult/TiRank/results/ablation/intera_0/Data2/3_Analysis/checkpoints'}
Initiate model in trail 0 with mode: Classification, infer mode: SC encoder type: DenseNet on device: cuda.
Saving model and plot for Trial 0 with Validation Loss = 0.7386
Initiate model in trail 1 with mode: Classification, infer mode: SC encoder type: DenseNet on device: cuda.
Saving model and plot for Trial 1 with Validation Loss = 0.7201
Best hyperparameters: {'lr': 1e-05, 'n_epochs': 300, 'alpha_0': 0.01, 'alpha_1': 0.8, 'alpha_2': 0.1, 'alpha_3': 1}
Loading the Best Model.
Starting Inference.
Perform Rejection with GMM mode with tolerance=0.05, components=[3,15]!
Underfitting!
Found distributions with means close to 0 and 1 with 14 components.
Reject 10(1.97%) cells.
Inference Done.
We set Rank score < 0.5 as Rank- () while > 0.5 as Rank+ 
The parameters setting of model is: {'n_features': 1000, 'nhead': 2, 'nhid1': 96, 'nhid2': 8, 'n_output': 32, 'nlayers': 3, 'n_pred': 2, 'n_patho': 0, 'dropout': 0.5, 'mode': 'Classification', 'infer_mode': 'SC', 'encoder_type': 'Transformer', 'model_save_path': '/mnt/NAS_21T/ProjectResult/TiRank/results/ablation/intera_0/Data2/3_Analysis/checkpoints'}
Initiate model in trail 0 with mode: Classification, infer mode: SC encoder type: Transformer on device: cuda.
Saving model and plot for Trial 0 with Validation Loss = 0.8160
Initiate model in trail 1 with mode: Classification, infer mode: SC encoder type: Transformer on device: cuda.
Saving model and plot for Trial 1 with Validation Loss = 0.7355
Best hyperparameters: ... storing 'Rank_Label' as categorical
[I 2025-03-20 23:32:28,822] A new study created in memory with name: no-name-0f7f9d87-1f17-4a78-b4e2-bae803ef9e99
[I 2025-03-20 23:32:33,886] Trial 0 finished with value: 0.7888907194137573 and parameters: {'lr': 1e-06, 'n_epochs': 400, 'alpha_0': 0.01, 'alpha_1': 0.4, 'alpha_2': 0.1, 'alpha_3': 0.4}. Best is trial 0 with value: 0.7888907194137573.
[I 2025-03-20 23:32:37,673] Trial 1 finished with value: 0.7924458384513855 and parameters: {'lr': 0.01, 'n_epochs': 300, 'alpha_0': 0.03, 'alpha_1': 1, 'alpha_2': 0.05, 'alpha_3': 1}. Best is trial 0 with value: 0.7888907194137573.
... storing 'Rank_Label' as categorical
[I 2025-03-20 23:32:40,975] A new study created in memory with name: no-name-3ce48a3f-66df-4191-ab2e-343698d8c75d
[I 2025-03-20 23:32:46,589] Trial 0 finished with value: 0.7480624318122864 and parameters: {'lr': 0.006, 'n_epochs': 450, 'alpha_0': 0.1, 'alpha_1': 0, 'alpha_2': 0.05, 'alpha_3': 0.1}. Best is trial 0 with value: 0.7480624318122864.
[I 2025-03-20 23:32:51,395] Trial 1 finished with value: 0.7701716423034668 and parameters: {'lr': 0.0003, 'n_epochs': 400, 'alpha_0': 0.005, 'alpha_1': 0, 'alpha_2': 0.001, 'alpha_3': 0.7}. Best is trial 0 with value: 0.7480624318122864.
... storing 'Rank_Label' as categorical
[I 2025-03-20 23:32:54,672] A new study created in memory with name: no-name-8b1421cf-d060-410a-904a-4a2640780acf
[I 2025-03-20 23:32:58,255] Trial 0 finished with value: 0.8208761811256409 and parameters: {'lr': 0.001, 'n_epochs': 300, 'alpha_0': 0.03, 'alpha_1': 0.6, 'alpha_2': 0, 'alpha_3': 0.5}. Best is trial 0 with value: 0.8208761811256409.
[I 2025-03-20 23:33:02,002] Trial 1 finished with value: 0.7151221036911011 and parameters: {'lr': 0.0001, 'n_epochs': 400, 'alpha_0': 0.1, 'alpha_1': 0.7, 'alpha_2': 0, 'alpha_3': 0.8}. Best is trial 1 with value: 0.7151221036911011.
... storing 'Rank_Label' as categorical
[I 2025-03-20 23:33:05,380] A new study created in memory with name: no-name-2ce1c73d-18f8-4e52-aa0a-debb54a912d9
[I 2025-03-20 23:33:09,943] Trial 0 finished with value: 0.790296196937561 and parameters: {'lr': 0.0001, 'n_epochs': 350, 'alpha_0': 0.03, 'alpha_1': 0, 'alpha_2': 0, 'alpha_3': 0.9}. Best is trial 0 with value: 0.790296196937561.
[I 2025-03-20 23:33:15,815] Trial 1 finished with value: 0.7940984964370728 and parameters: {'lr': 1e-05, 'n_epochs': 500, 'alpha_0': 0.01, 'alpha_1': 0, 'alpha_2': 0, 'alpha_3': 0.5}. Best is trial 0 with value: 0.790296196937561.
... storing 'Rank_Label' as categorical
2025-03-20 23:33:19,118 - Finished dataset Data2 in /mnt/NAS_21T/ProjectResult/TiRank/results/ablation/intera_0/Data2
Processing datasets for repeat 0:  90%|â–ˆâ–ˆâ–ˆâ–ˆâ–ˆâ–ˆâ–ˆâ–ˆâ–ˆ | 9/10 [2:37:29<08:13, 493.39s/it]2025-03-20 23:33:19,120 - Processing dataset Data1 in /mnt/NAS_21T/ProjectResult/TiRank/results/ablation/intera_0/Data1
[I 2025-03-20 23:33:57,316] A new study created in memory with name: no-name-ea4a31b6-cd54-4544-8f5f-32114cdaad77
[I 2025-03-20 23:34:01,646] Trial 0 finished with value: 0.8075194954872131 and parameters: {'lr': 0.001, 'n_epochs': 350, 'alpha_0': 0.005, 'alpha_1': 0.9, 'alpha_2': 0.005, 'alpha_3': 1}. Best is trial 0 with value: 0.8075194954872131.
[I 2025-03-20 23:34:06,160] Trial 1 finished with value: 0.7953195571899414 and parameters: {'lr': 1e-06, 'n_epochs': 450, 'alpha_0': 0.06, 'alpha_1': 0.1, 'alpha_2': 0.001, 'alpha_3': 0.7}. Best is trial 1 with value: 0.7953195571899414.
... storing 'Rank_Label' as categorical
[I 2025-03-20 23:34:09,745] A new study created in memory with name: no-name-e40d16b0-fc86-42c5-8ec1-7a8fbb7187a0
[I 2025-03-20 23:34:18,042] Trial 0 finished with value: 0.928904116153717 and parameters: {'lr': 0.001, 'n_epochs': 500, 'alpha_0': 0.06, 'alpha_1': 0.1, 'alpha_2': 0.001, 'alpha_3': 0.2}. Best is trial 0 with value: 0.928904116153717.
[I 2025-03-20 23:34:25,888] Trial 1 finished with value: 0.7458289265632629 and parameters: {'lr': 1e-05, 'n_epochs': 450, 'alpha_0': 0.03, 'alpha_1': 0.3, 'alpha_2': 0.01, 'alpha_3': 0.6}. Best is trial 1 with value: 0.7458289265632629.
... storing 'Rank_Label' as categorical
[I 2025-03-20 23:34:29,203] A new study created in memory with name: no-name-748924aa-50ca-48cf-88cd-671d1326a96b
[I 2025-03-20 23:34:32,915] Trial 0 finished with value: 0.800304651260376 and parameters: {'lr': 0.001, 'n_epochs': 350, 'alpha_0': 0.1, 'alpha_1': 0.7, 'alpha_2': 0.1, 'alpha_3': 0.9}. Best is trial 0 with value: 0.800304651260376.
