[I 2025-03-21 20:28:20,768] Trial 1 finished with value: 0.7954808473587036 and parameters: {'lr': 0.0006, 'n_epochs': 400, 'alpha_0': 0.06, 'alpha_1': 0.6, 'alpha_2': 0.001, 'alpha_3': 0.7}. Best is trial 0 with value: 0.7720310091972351.
... storing 'Rank_Label' as categorical
{'n_features': 1000, 'nhead': 2, 'nhid1': 96, 'nhid2': 8, 'n_output': 32, 'nlayers': 3, 'n_pred': 2, 'n_patho': 0, 'dropout': 0.5, 'mode': 'Classification', 'infer_mode': 'SC', 'encoder_type': 'MLP', 'model_save_path': '/mnt/NAS_21T/ProjectResult/TiRank/results/ablation/intera_8/Data2/3_Analysis/checkpoints'}
Initiate model in trail 0 with mode: Classification, infer mode: SC encoder type: MLP on device: cuda.
Saving model and plot for Trial 0 with Validation Loss = 0.7855
Initiate model in trail 1 with mode: Classification, infer mode: SC encoder type: MLP on device: cuda.
Saving model and plot for Trial 1 with Validation Loss = 0.7021
Best hyperparameters: {'lr': 0.0001, 'n_epochs': 400, 'alpha_0': 0.005, 'alpha_1': 1, 'alpha_2': 0.05, 'alpha_3': 0.8}
Loading the Best Model.
Starting Inference.
Perform Rejection with GMM mode with tolerance=0.05, components=[3,15]!
Two distribution rejection faild.
Perform single distribution rejection.
Found distributions with means close to 1 with 2 components.
Reject 329(64.89%) cells.
Inference Done.
We set Rank score < 0.5 as Rank- () while > 0.5 as Rank+ 
The parameters setting of model is: {'n_features': 1000, 'nhead': 2, 'nhid1': 96, 'nhid2': 8, 'n_output': 32, 'nlayers': 3, 'n_pred': 2, 'n_patho': 0, 'dropout': 0.5, 'mode': 'Classification', 'infer_mode': 'SC', 'encoder_type': 'MLP', 'model_save_path': '/mnt/NAS_21T/ProjectResult/TiRank/results/ablation/intera_8/Data2/3_Analysis/checkpoints'}
Initiate model in trail 0 with mode: Classification, infer mode: SC encoder type: MLP on device: cuda with abation on 1.
Saving model and plot for Trial 0 with Validation Loss = 0.7412
Initiate model in trail 1 with mode: Classification, infer mode: SC encoder type: MLP on device: cuda with abation on 1.
Saving model and plot for Trial 1 with Validation Loss = 0.7293
Best hyperparameters: {'lr': 0.01, 'n_epochs': 400, 'alpha_0': 0.03, 'alpha_1': 0, 'alpha_2': 0.1, 'alpha_3': 0.1}
Loading the Best Model.
Starting Inference.
Perform Rejection with GMM mode with tolerance=0.05, components=[3,15]!
Underfitting!
Found distributions with means close to 0 and 1 with 3 components.
Reject 0(0.00%) cells.
Inference Done.
We set Rank score < 0.5 as Rank- () while > 0.5 as Rank+ 
The parameters setting of model is: {'n_features': 1000, 'nhead': 2, 'nhid1': 96, 'nhid2': 8, 'n_output': 32, 'nlayers': 3, 'n_pred': 2, 'n_patho': 0, 'dropout': 0.5, 'mode': 'Classification', 'infer_mode': 'SC', 'encoder_type': 'MLP', 'model_save_path': '/mnt/NAS_21T/ProjectResult/TiRank/results/ablation/intera_8/Data2/3_Analysis/checkpoints'}
Initiate model in trail 0 with mode: Classification, infer mode: SC encoder type: MLP on device: cuda with abation on 2.
Saving model and plot for Trial 0 with Validation Loss = 0.7968
Initiate model in trail 1 with mode: Classification, infer mode: SC encoder type: MLP on device: cuda with abation on 2.
Best hyperparameters: {'lr': 0.0003, 'n_epochs': 500, 'alpha_0': 0.01, 'alpha_1': 1, 'alpha_2': 0, 'alpha_3': 0.8}
Loading the Best Model.
Starting Inference.
Perform Rejection with GMM mode with tolerance=0.05, components=[3,15]!
Found distributions with means close to 0 and 1 with 3 components.
Reject 198(39.05%) cells.
Inference Done.
We set Rank score < 0.5 as Rank- () while > 0.5 as Rank+ 
The parameters setting of model is: {'n_features': 1000, 'nhead': 2, 'nhid1': 96, 'nhid2': 8, 'n_output': 32, 'nlayers': 3, 'n_pred': 2, 'n_patho': 0, 'dropout': 0.5, 'mode': 'Classification', 'infer_mode': 'SC', 'encoder_type': 'MLP', 'model_save_path': '/mnt/NAS_21T/ProjectResult/TiRank/results/ablation/intera_8/Data2/3_Analysis/checkpoints'}
Initiate model in trail 0 with mode: Classification, infer mode: SC encoder type: MLP on device: cuda with abation on 1,2.
Saving model and plot for Trial 0 with Validation Loss = 0.7915
Initiate model in trail 1 with mode: Classification, infer mode: SC encoder type: MLP on device: cuda with abation on 1,2.
Saving model and plot for Trial 1 with Validation Loss = 0.7908
Best hyperparameters: {'lr': 1e-06, 'n_epochs': 400, 'alpha_0': 0.005, 'alpha_1': 0, 'alpha_2': 0, 'alpha_3': 0.3}
Loading the Best Model.
Starting Inference.
Perform Rejection with GMM mode with tolerance=0.05, components=[3,15]!
Underfitting!
Found distributions with means close to 0 and 1 with 3 components.
Reject 0(0.00%) cells.
Inference Done.
We set Rank score < 0.5 as Rank- () while > 0.5 as Rank+ 
Starting load data for gene pair transformation.
Starting gene pair extraction.
Get candidate genes done.
There are 219 genes up-regulated in Group 0 and 1096 genes up-regulated in Group 1.
Get candidate gene pairs done.
Profile transformation done.
Starting save gene pair matrices.
Save gene pair matrices done.
Save informative gene matrices done.
The parameters setting of model is: {'n_features': 1000, 'nhead': 2, 'nhid1': 96, 'nhid2': 8, 'n_output': 32, 'nlayers': 3, 'n_pred': 2, 'n_patho': 0, 'dropout': 0.5, 'mode': 'Classification', 'infer_mode': 'SC', 'encoder_type': 'DenseNet', 'model_save_path': '/mnt/NAS_21T/ProjectResult/TiRank/results/ablation/intera_8/Data1/3_Analysis/checkpoints'}
Initiate model in trail 0 with mode: Classification, infer mode: SC encoder type: DenseNet on device: cuda.
Saving model and plot for Trial 0 with Validation Loss = 0.7234
Initiate model in trail 1 with mode: Classification, infer mode: SC encoder type: DenseNet on device: cuda.
Saving model and plot for Trial 1 with Validation Loss = 0.6160
Best hyperparameters: {'lr': 0.01, 'n_epochs': 500, 'alpha_0': 0.1, 'alpha_1': 0.3, 'alpha_2': 0.1, 'alpha_3': 0.6}
Loading the Best Model.
Starting Inference.
Perform Rejection with GMM mode with tolerance=0.05, components=[3,15]!
Found distributions with means close to 0 and 1 with 3 components.
Reject 0(0.00%) cells.
Inference Done.
We set Rank score < 0.5 as Rank- () while > 0.5 as Rank+ 
The parameters setting of model is: {'n_features': 1000, 'nhead': 2, 'nhid1': 96, 'nhid2': 8, 'n_output': 32, 'nlayers': 3, 'n_pred': 2, 'n_patho': 0, 'dropout': 0.5, 'mode': 'Classification', 'infer_mode': 'SC', 'encoder_type': 'Transformer', 'model_save_path': '/mnt/NAS_21T/ProjectResult/TiRank/results/ablation/intera_8/Data1/3_Analysis/checkpoints'}
Initiate model in trail 0 with mode: Classification, infer mode: SC encoder type: Transformer on device: cuda.
Saving model and plot for Trial 0 with Validation Loss = 0.9239
Initiate model in trail 1 with mode: Classification, infer mode: SC encoder type: Transformer on device: cuda.
Saving model and plot for Trial 1 with Validation Loss = 0.6734
Best hyperparameters: {'lr': 1e-06, 'n_epochs': 350, 'alpha_0': 0.03, 'alpha_1': 0.5, 'alpha_2': 0.05, 'alpha_3': 0.8}
Loading the Best Model.
Starting Inference.
Perform Rejection with GMM mode with tolerance=0.05, components=[3,15]!
Underfitting!
Found distributions with means close to 0 and 1 with 3 components.
Reject 0(0.00%) cells.
Inference Done.
We set Rank score < 0.5 as Rank- () while > 0.5 as Rank+ 
The parameters setting of model is: {'n_features': 1000, 'nhead': 2, 'nhid1': 96, 'nhid2': 8, 'n_output': 32, 'nlayers': 3, 'n_pred': 2, 'n_patho': 0, 'dropout': 0.5, 'mode': 'Classification', 'infer_mode': 'SC', 'encoder_type': 'MLP', 'model_save_path': '/mnt/NAS_21T/ProjectResult/TiRank/results/ablation/intera_8/Data1/3_Analysis/checkpoints'}
Initiate model in trail 0 with mode: Classification, infer mode: SC encoder type: MLP on device: cuda.
Saving model and plot for Trial 0 with Validation Loss = 0.7720
Initiate model in trail 1 with mode: Classification, infer mode: SC encoder type: MLP on device: cuda.
Best hyperparameters: {'lr': 1e-06, 'n_epochs': 500, 'alpha_0': 0.1, 'alpha_1': 0.1, 'alpha_2': 0.001, 'alpha_3': 0.7}
Loading the Best Model.
Starting Inference.
Perform Rejection with GMM mode with tolerance=0.05, components=[3,15]!
Underfitting!
Found distributions with means close to 0 and 1 with 3 components.
Reject 0(0.00%) cells.
Inference Done.
We set Rank score < 0.5 as Rank- () while > 0.5 as Rank+ 
The parameters setting of model is: [I 2025-03-21 20:28:24,135] A new study created in memory with name: no-name-546d4fea-306d-4c96-923a-42c2ff2db291
[I 2025-03-21 20:28:27,561] Trial 0 finished with value: 0.821086049079895 and parameters: {'lr': 0.006, 'n_epochs': 350, 'alpha_0': 0.03, 'alpha_1': 0, 'alpha_2': 0.001, 'alpha_3': 0.8}. Best is trial 0 with value: 0.821086049079895.
[I 2025-03-21 20:28:30,867] Trial 1 finished with value: 0.7438670992851257 and parameters: {'lr': 0.0001, 'n_epochs': 350, 'alpha_0': 0.1, 'alpha_1': 0, 'alpha_2': 0.01, 'alpha_3': 0.4}. Best is trial 1 with value: 0.7438670992851257.
... storing 'Rank_Label' as categorical
[I 2025-03-21 20:28:34,437] A new study created in memory with name: no-name-fd3a194d-b0d6-432c-b1c7-820ad9dcef39
[I 2025-03-21 20:28:37,437] Trial 0 finished with value: 0.7894991636276245 and parameters: {'lr': 0.0003, 'n_epochs': 350, 'alpha_0': 0.03, 'alpha_1': 0.1, 'alpha_2': 0, 'alpha_3': 0.7}. Best is trial 0 with value: 0.7894991636276245.
[I 2025-03-21 20:28:40,848] Trial 1 finished with value: 0.778932511806488 and parameters: {'lr': 1e-05, 'n_epochs': 350, 'alpha_0': 0.03, 'alpha_1': 0.6, 'alpha_2': 0, 'alpha_3': 0.5}. Best is trial 1 with value: 0.778932511806488.
... storing 'Rank_Label' as categorical
[I 2025-03-21 20:28:44,193] A new study created in memory with name: no-name-6559cb74-b560-4814-9990-e6202e3964c9
[I 2025-03-21 20:28:47,219] Trial 0 finished with value: 0.7825051546096802 and parameters: {'lr': 0.006, 'n_epochs': 300, 'alpha_0': 0.06, 'alpha_1': 0, 'alpha_2': 0, 'alpha_3': 0.7}. Best is trial 0 with value: 0.7825051546096802.
[I 2025-03-21 20:28:50,108] Trial 1 finished with value: 0.8002113103866577 and parameters: {'lr': 0.0001, 'n_epochs': 300, 'alpha_0': 0.005, 'alpha_1': 0, 'alpha_2': 0, 'alpha_3': 1}. Best is trial 0 with value: 0.7825051546096802.
... storing 'Rank_Label' as categorical
2025-03-21 20:28:53,455 - Finished dataset Data1 in /mnt/NAS_21T/ProjectResult/TiRank/results/ablation/intera_8/Data1
Processing datasets for repeat 8: 100%|â–ˆâ–ˆâ–ˆâ–ˆâ–ˆâ–ˆâ–ˆâ–ˆâ–ˆâ–ˆ| 10/10 [2:39:19<00:00, 372.74s/it]Processing datasets for repeat 8: 100%|â–ˆâ–ˆâ–ˆâ–ˆâ–ˆâ–ˆâ–ˆâ–ˆâ–ˆâ–ˆ| 10/10 [2:39:19<00:00, 955.93s/it]
2025-03-21 20:28:53,457 - Repeat 8 completed
2025-03-21 20:28:53,457 - Starting repeat 9
{'n_features': 1000, 'nhead': 2, 'nhid1': 96, 'nhid2': 8, 'n_output': 32, 'nlayers': 3, 'n_pred': 2, 'n_patho': 0, 'dropout': 0.5, 'mode': 'Classification', 'infer_mode': 'SC', 'encoder_type': 'MLP', 'model_save_path': '/mnt/NAS_21T/ProjectResult/TiRank/results/ablation/intera_8/Data1/3_Analysis/checkpoints'}
Initiate model in trail 0 with mode: Classification, infer mode: SC encoder type: MLP on device: cuda with abation on 1.
Saving model and plot for Trial 0 with Validation Loss = 0.8211
Initiate model in trail 1 with mode: Classification, infer mode: SC encoder type: MLP on device: cuda with abation on 1.
Saving model and plot for Trial 1 with Validation Loss = 0.7439
Best hyperparameters: {'lr': 0.0001, 'n_epochs': 350, 'alpha_0': 0.1, 'alpha_1': 0, 'alpha_2': 0.01, 'alpha_3': 0.4}
Loading the Best Model.
Starting Inference.
Perform Rejection with GMM mode with tolerance=0.05, components=[3,15]!
Underfitting!
Found distributions with means close to 0 and 1 with 3 components.
Reject 0(0.00%) cells.
Inference Done.
We set Rank score < 0.5 as Rank- () while > 0.5 as Rank+ 
The parameters setting of model is: {'n_features': 1000, 'nhead': 2, 'nhid1': 96, 'nhid2': 8, 'n_output': 32, 'nlayers': 3, 'n_pred': 2, 'n_patho': 0, 'dropout': 0.5, 'mode': 'Classification', 'infer_mode': 'SC', 'encoder_type': 'MLP', 'model_save_path': '/mnt/NAS_21T/ProjectResult/TiRank/results/ablation/intera_8/Data1/3_Analysis/checkpoints'}
Initiate model in trail 0 with mode: Classification, infer mode: SC encoder type: MLP on device: cuda with abation on 2.
Saving model and plot for Trial 0 with Validation Loss = 0.7895
Initiate model in trail 1 with mode: Classification, infer mode: SC encoder type: MLP on device: cuda with abation on 2.
Saving model and plot for Trial 1 with Validation Loss = 0.7789
Best hyperparameters: {'lr': 1e-05, 'n_epochs': 350, 'alpha_0': 0.03, 'alpha_1': 0.6, 'alpha_2': 0, 'alpha_3': 0.5}
Loading the Best Model.
Starting Inference.
Perform Rejection with GMM mode with tolerance=0.05, components=[3,15]!
Underfitting!
Found distributions with means close to 0 and 1 with 3 components.
Reject 0(0.00%) cells.
Inference Done.
We set Rank score < 0.5 as Rank- () while > 0.5 as Rank+ 
The parameters setting of model is: {'n_features': 1000, 'nhead': 2, 'nhid1': 96, 'nhid2': 8, 'n_output': 32, 'nlayers': 3, 'n_pred': 2, 'n_patho': 0, 'dropout': 0.5, 'mode': 'Classification', 'infer_mode': 'SC', 'encoder_type': 'MLP', 'model_save_path': '/mnt/NAS_21T/ProjectResult/TiRank/results/ablation/intera_8/Data1/3_Analysis/checkpoints'}
Initiate model in trail 0 with mode: Classification, infer mode: SC encoder type: MLP on device: cuda with abation on 1,2.
Saving model and plot for Trial 0 with Validation Loss = 0.7825
Initiate model in trail 1 with mode: Classification, infer mode: SC encoder type: MLP on device: cuda with abation on 1,2.
Best hyperparameters: {'lr': 0.006, 'n_epochs': 300, 'alpha_0': 0.06, 'alpha_1': 0, 'alpha_2': 0, 'alpha_3': 0.7}
Loading the Best Model.
Starting Inference.
Perform Rejection with GMM mode with tolerance=0.05, components=[3,15]!
Underfitting!
Found distributions with means close to 0 and 1 with 3 components.
Reject 0(0.00%) cells.
Inference Done.
We set Rank score < 0.5 as Rank- () while > 0.5 as Rank+ 
Processing datasets for repeat 9:   0%|          | 0/10 [00:00<?, ?it/s]2025-03-21 20:28:53,464 - Processing dataset Data10 in /mnt/NAS_21T/ProjectResult/TiRank/results/ablation/intera_9/Data10
[I 2025-03-21 20:29:16,116] A new study created in memory with name: no-name-e6c43928-1b95-4170-95a5-7e5c5ab95a7e
[I 2025-03-21 20:29:21,370] Trial 0 finished with value: 0.7744086980819702 and parameters: {'lr': 0.006, 'n_epochs': 350, 'alpha_0': 0.03, 'alpha_1': 1, 'alpha_2': 0.001, 'alpha_3': 0.3}. Best is trial 0 with value: 0.7744086980819702.
[I 2025-03-21 20:29:28,507] Trial 1 finished with value: 0.7494436502456665 and parameters: {'lr': 0.001, 'n_epochs': 500, 'alpha_0': 0.01, 'alpha_1': 0.2, 'alpha_2': 0.01, 'alpha_3': 0.6}. Best is trial 1 with value: 0.7494436502456665.
... storing 'Rank_Label' as categorical
[I 2025-03-21 20:29:30,495] A new study created in memory with name: no-name-7dbc65d8-47f2-4ebf-a2c4-49a4baa45125
[I 2025-03-21 20:29:36,467] Trial 0 finished with value: 0.8218543529510498 and parameters: {'lr': 0.006, 'n_epochs': 300, 'alpha_0': 0.01, 'alpha_1': 0.8, 'alpha_2': 0.05, 'alpha_3': 1}. Best is trial 0 with value: 0.8218543529510498.
[I 2025-03-21 20:29:46,570] Trial 1 finished with value: 0.7620065212249756 and parameters: {'lr': 0.001, 'n_epochs': 500, 'alpha_0': 0.005, 'alpha_1': 0.8, 'alpha_2': 0.1, 'alpha_3': 0.6}. Best is trial 1 with value: 0.7620065212249756.
... storing 'Rank_Label' as categorical
[I 2025-03-21 20:29:48,526] A new study created in memory with name: no-name-46bf01d2-f437-4b24-a4e5-7720308ce3aa
[I 2025-03-21 20:29:53,052] Trial 0 finished with value: 0.7856945991516113 and parameters: {'lr': 1e-05, 'n_epochs': 400, 'alpha_0': 0.1, 'alpha_1': 0.9, 'alpha_2': 0.005, 'alpha_3': 0.3}. Best is trial 0 with value: 0.7856945991516113.
[I 2025-03-21 20:29:57,116] Trial 1 finished with value: 0.7948556542396545 and parameters: {'lr': 1e-05, 'n_epochs': 350, 'alpha_0': 0.005, 'alpha_1': 0.4, 'alpha_2': 0.1, 'alpha_3': 0.5}. Best is trial 0 with value: 0.7856945991516113.
... storing 'Rank_Label' as categorical
[I 2025-03-21 20:29:59,040] A new study created in memory with name: no-name-5079fb4f-d33c-4512-b747-8f745ecda46c
[I 2025-03-21 20:30:03,413] Trial 0 finished with value: 0.788777232170105 and parameters: {'lr': 1e-06, 'n_epochs': 350, 'alpha_0': 0.03, 'alpha_1': 0, 'alpha_2': 0.05, 'alpha_3': 0.1}. Best is trial 0 with value: 0.788777232170105.
[I 2025-03-21 20:30:09,471] Trial 1 finished with value: 0.7677642107009888 and parameters: {'lr': 0.0006, 'n_epochs': 500, 'alpha_0': 0.1, 'alpha_1': 0, 'alpha_2': 0.05, 'alpha_3': 0.3}. Best is trial 1 with value: 0.7677642107009888.
... storing 'Rank_Label' as categorical
[I 2025-03-21 20:30:11,420] A new study created in memory with name: no-name-29ccf779-e32a-488e-8537-4f4ebd00ec9b
[I 2025-03-21 20:30:17,083] Trial 0 finished with value: 0.7788541913032532 and parameters: {'lr': 0.0006, 'n_epochs': 500, 'alpha_0': 0.01, 'alpha_1': 0.3, 'alpha_2': 0, 'alpha_3': 0.5}. Best is trial 0 with value: 0.7788541913032532.
[I 2025-03-21 20:30:22,488] Trial 1 finished with value: 0.7811089754104614 and parameters: {'lr': 0.0003, 'n_epochs': 500, 'alpha_0': 0.06, 'alpha_1': 0.5, 'alpha_2': 0, 'alpha_3': 0.1}. Best is trial 0 with value: 0.7788541913032532.
... storing 'Rank_Label' as categorical
[I 2025-03-21 20:30:24,405] A new study created in memory with name: no-name-b3e6cd60-df86-4a08-93d6-36f02be7975b
[I 2025-03-21 20:30:30,334] Trial 0 finished with value: 0.7902007102966309 and parameters: {'lr': 0.0006, 'n_epochs': 500, 'alpha_0': 0.03, 'alpha_1': 0, 'alpha_2': 0, 'alpha_3': 0.8}. Best is trial 0 with value: 0.7902007102966309.
[I 2025-03-21 20:30:35,250] Trial 1 finished with value: 0.7928878664970398 and parameters: {'lr': 0.0003, 'n_epochs': 450, 'alpha_0': 0.01, 'alpha_1': 0, 'alpha_2': 0, 'alpha_3': 0.7}. Best is trial 0 with value: 0.7902007102966309.
... storing 'Rank_Label' as categorical
2025-03-21 20:30:37,170 - Finished dataset Data10 in /mnt/NAS_21T/ProjectResult/TiRank/results/ablation/intera_9/Data10
Processing datasets for repeat 9:  10%|â–ˆ         | 1/10 [01:43<15:33, 103.71s/it]2025-03-21 20:30:37,171 - Processing dataset Data9 in /mnt/NAS_21T/ProjectResult/TiRank/results/ablation/intera_9/Data9
[I 2025-03-21 20:31:07,753] A new study created in memory with name: no-name-0e71d8c5-5d16-4cb9-9861-1a3836a6a0c7
[I 2025-03-21 20:31:11,211] Trial 0 finished with value: 0.739719033241272 and parameters: {'lr': 0.01, 'n_epochs': 300, 'alpha_0': 0.06, 'alpha_1': 0.9, 'alpha_2': 0.1, 'alpha_3': 0.2}. Best is trial 0 with value: 0.739719033241272.
