[I 2025-03-21 19:54:16,802] Trial 1 finished with value: 0.8278731600097988 and parameters: {'lr': 0.0006, 'n_epochs': 450, 'alpha_0': 0.1, 'alpha_1': 0, 'alpha_2': 0.001, 'alpha_3': 0.8}. Best is trial 0 with value: 0.7676165544468424.
... storing 'Rank_Label' as categorical
[I 2025-03-21 19:56:46,245] A new study created in memory with name: no-name-f53e1fee-c73d-48a5-86c5-407d6b0d30bc
[I 2025-03-21 20:00:56,302] Trial 0 finished with value: 0.720635605895001 and parameters: {'lr': 0.006, 'n_epochs': 400, 'alpha_0': 0.03, 'alpha_1': 0.9, 'alpha_2': 0, 'alpha_3': 0.3}. Best is trial 0 with value: 0.720635605895001.
[I 2025-03-21 20:06:07,078] Trial 1 finished with value: 0.7444035203560538 and parameters: {'lr': 1e-05, 'n_epochs': 500, 'alpha_0': 0.005, 'alpha_1': 0.3, 'alpha_2': 0, 'alpha_3': 0.9}. Best is trial 0 with value: 0.720635605895001.
... storing 'Rank_Label' as categorical
[I 2025-03-21 20:08:02,841] A new study created in memory with name: no-name-0201eb9f-02ca-4894-b1d7-94b4be320a51
[I 2025-03-21 20:11:39,395] Trial 0 finished with value: 0.8293249684831371 and parameters: {'lr': 0.006, 'n_epochs': 350, 'alpha_0': 0.005, 'alpha_1': 0, 'alpha_2': 0, 'alpha_3': 0.1}. Best is trial 0 with value: 0.8293249684831371.
[I 2025-03-21 20:14:39,775] Trial 1 finished with value: 0.7556028029193049 and parameters: {'lr': 1e-05, 'n_epochs': 300, 'alpha_0': 0.005, 'alpha_1': 0, 'alpha_2': 0, 'alpha_3': 0.9}. Best is trial 1 with value: 0.7556028029193049.
... storing 'Rank_Label' as categorical
2025-03-21 20:16:36,131 - Finished dataset Data7 in /mnt/NAS_21T/ProjectResult/TiRank/results/ablation/intera_8/Data7
Processing datasets for repeat 8:  40%|â–ˆâ–ˆâ–ˆâ–ˆ      | 4/10 [2:27:01<4:53:31, 2935.23s/it]2025-03-21 20:16:36,138 - Processing dataset Data6 in /mnt/NAS_21T/ProjectResult/TiRank/results/ablation/intera_8/Data6
[I 2025-03-21 20:16:57,293] A new study created in memory with name: no-name-c88eb055-79b5-476e-8b9a-2bc4fd281b52
[I 2025-03-21 20:17:06,270] Trial 0 finished with value: 0.808123916387558 and parameters: {'lr': 1e-06, 'n_epochs': 300, 'alpha_0': 0.01, 'alpha_1': 1, 'alpha_2': 0.005, 'alpha_3': 0.7}. Best is trial 0 with value: 0.808123916387558.
[I 2025-03-21 20:17:15,247] Trial 1 finished with value: 0.7540094256401062 and parameters: {'lr': 1e-05, 'n_epochs': 300, 'alpha_0': 0.03, 'alpha_1': 0.3, 'alpha_2': 0.05, 'alpha_3': 0.9}. Best is trial 1 with value: 0.7540094256401062.
... storing 'Rank_Label' as categorical
[I 2025-03-21 20:17:18,173] A new study created in memory with name: no-name-83ee2fbc-8eee-425d-a5f1-5d4eb61844f5
[I 2025-03-21 20:17:26,727] Trial 0 finished with value: 0.6576140522956848 and parameters: {'lr': 0.001, 'n_epochs': 300, 'alpha_0': 0.005, 'alpha_1': 0.4, 'alpha_2': 0.001, 'alpha_3': 0.2}. Best is trial 0 with value: 0.6576140522956848.
[I 2025-03-21 20:17:40,414] Trial 1 finished with value: 0.5620267689228058 and parameters: {'lr': 0.0006, 'n_epochs': 500, 'alpha_0': 0.01, 'alpha_1': 0.1, 'alpha_2': 0.01, 'alpha_3': 0.4}. Best is trial 1 with value: 0.5620267689228058.
... storing 'Rank_Label' as categorical
[I 2025-03-21 20:17:43,250] A new study created in memory with name: no-name-641fd36f-8980-4274-98b2-c24f0d12e814
[I 2025-03-21 20:17:54,372] Trial 0 finished with value: 0.555900365114212 and parameters: {'lr': 0.001, 'n_epochs': 450, 'alpha_0': 0.1, 'alpha_1': 0.2, 'alpha_2': 0.05, 'alpha_3': 0.8}. Best is trial 0 with value: 0.555900365114212.
[I 2025-03-21 20:18:03,324] Trial 1 finished with value: 0.5306715369224548 and parameters: {'lr': 0.003, 'n_epochs': 350, 'alpha_0': 0.1, 'alpha_1': 0.3, 'alpha_2': 0.01, 'alpha_3': 0.5}. Best is trial 1 with value: 0.5306715369224548.
... storing 'Rank_Label' as categorical
[I 2025-03-21 20:18:06,213] A new study created in memory with name: no-name-2838bad7-c2d1-4cf9-964a-e299e93a6c88
[I 2025-03-21 20:18:13,482] Trial 0 finished with value: 0.7892579138278961 and parameters: {'lr': 1e-06, 'n_epochs': 300, 'alpha_0': 0.03, 'alpha_1': 0, 'alpha_2': 0.05, 'alpha_3': 0.2}. Best is trial 0 with value: 0.7892579138278961.
[I 2025-03-21 20:18:25,975] Trial 1 finished with value: 0.7790406942367554 and parameters: {'lr': 1e-05, 'n_epochs': 500, 'alpha_0': 0.03, 'alpha_1': 0, 'alpha_2': 0.01, 'alpha_3': 0.5}. Best is trial 1 with value: 0.7790406942367554.
... storing 'Rank_Label' as categorical
[I 2025-03-21 20:18:28,796] A new study created in memory with name: no-name-8e0308e9-9ddb-4e6a-86f3-b200bdd87116
[I 2025-03-21 20:18:37,620] Trial 0 finished with value: 0.6171568334102631 and parameters: {'lr': 0.001, 'n_epochs': 350, 'alpha_0': 0.1, 'alpha_1': 0.8, 'alpha_2': 0, 'alpha_3': 0.5}. Best is trial 0 with value: 0.6171568334102631.
[I 2025-03-21 20:18:46,243] Trial 1 finished with value: 0.6341736912727356 and parameters: {'lr': 0.0001, 'n_epochs': 350, 'alpha_0': 0.1, 'alpha_1': 0.6, 'alpha_2': 0, 'alpha_3': 1}. Best is trial 0 with value: 0.6171568334102631.
Initiate model in trail 1 with mode: Classification, infer mode: SC encoder type: MLP on device: cuda with abation on 1.
Best hyperparameters: {'lr': 0.006, 'n_epochs': 350, 'alpha_0': 0.06, 'alpha_1': 0, 'alpha_2': 0.1, 'alpha_3': 0.4}
Loading the Best Model.
Starting Inference.
Perform Rejection with GMM mode with tolerance=0.05, components=[3,15]!
Underfitting!
Found distributions with means close to 0 and 1 with 3 components.
Reject 0(0.00%) cells.
Inference Done.
We set Rank score < 0.5 as Rank- () while > 0.5 as Rank+ 
The parameters setting of model is: {'n_features': 1000, 'nhead': 2, 'nhid1': 96, 'nhid2': 8, 'n_output': 32, 'nlayers': 3, 'n_pred': 2, 'n_patho': 0, 'dropout': 0.5, 'mode': 'Classification', 'infer_mode': 'SC', 'encoder_type': 'MLP', 'model_save_path': '/mnt/NAS_21T/ProjectResult/TiRank/results/ablation/intera_8/Data7/3_Analysis/checkpoints'}
Initiate model in trail 0 with mode: Classification, infer mode: SC encoder type: MLP on device: cuda with abation on 2.
Saving model and plot for Trial 0 with Validation Loss = 0.7206
Initiate model in trail 1 with mode: Classification, infer mode: SC encoder type: MLP on device: cuda with abation on 2.
Best hyperparameters: {'lr': 0.006, 'n_epochs': 400, 'alpha_0': 0.03, 'alpha_1': 0.9, 'alpha_2': 0, 'alpha_3': 0.3}
Loading the Best Model.
Starting Inference.
Perform Rejection with GMM mode with tolerance=0.05, components=[3,15]!
Found distributions with means close to 0 and 1 with 3 components.
Reject 3(0.01%) cells.
Inference Done.
We set Rank score < 0.5 as Rank- () while > 0.5 as Rank+ 
The parameters setting of model is: {'n_features': 1000, 'nhead': 2, 'nhid1': 96, 'nhid2': 8, 'n_output': 32, 'nlayers': 3, 'n_pred': 2, 'n_patho': 0, 'dropout': 0.5, 'mode': 'Classification', 'infer_mode': 'SC', 'encoder_type': 'MLP', 'model_save_path': '/mnt/NAS_21T/ProjectResult/TiRank/results/ablation/intera_8/Data7/3_Analysis/checkpoints'}
Initiate model in trail 0 with mode: Classification, infer mode: SC encoder type: MLP on device: cuda with abation on 1,2.
Saving model and plot for Trial 0 with Validation Loss = 0.8293
Initiate model in trail 1 with mode: Classification, infer mode: SC encoder type: MLP on device: cuda with abation on 1,2.
Saving model and plot for Trial 1 with Validation Loss = 0.7556
Best hyperparameters: {'lr': 1e-05, 'n_epochs': 300, 'alpha_0': 0.005, 'alpha_1': 0, 'alpha_2': 0, 'alpha_3': 0.9}
Loading the Best Model.
Starting Inference.
Perform Rejection with GMM mode with tolerance=0.05, components=[3,15]!
Underfitting!
Found distributions with means close to 0 and 1 with 3 components.
Reject 0(0.00%) cells.
Inference Done.
We set Rank score < 0.5 as Rank- () while > 0.5 as Rank+ 
Starting load data for gene pair transformation.
Starting gene pair extraction.
Get candidate genes done.
There are 826 genes up-regulated in Group 0 and 707 genes up-regulated in Group 1.
Get candidate gene pairs done.
Profile transformation done.
Starting save gene pair matrices.
Save gene pair matrices done.
Save informative gene matrices done.
The parameters setting of model is: {'n_features': 1000, 'nhead': 2, 'nhid1': 96, 'nhid2': 8, 'n_output': 32, 'nlayers': 3, 'n_pred': 2, 'n_patho': 0, 'dropout': 0.5, 'mode': 'Classification', 'infer_mode': 'SC', 'encoder_type': 'DenseNet', 'model_save_path': '/mnt/NAS_21T/ProjectResult/TiRank/results/ablation/intera_8/Data6/3_Analysis/checkpoints'}
Initiate model in trail 0 with mode: Classification, infer mode: SC encoder type: DenseNet on device: cuda.
Saving model and plot for Trial 0 with Validation Loss = 0.8081
Initiate model in trail 1 with mode: Classification, infer mode: SC encoder type: DenseNet on device: cuda.
Saving model and plot for Trial 1 with Validation Loss = 0.7540
Best hyperparameters: {'lr': 1e-05, 'n_epochs': 300, 'alpha_0': 0.03, 'alpha_1': 0.3, 'alpha_2': 0.05, 'alpha_3': 0.9}
Loading the Best Model.
Starting Inference.
Perform Rejection with GMM mode with tolerance=0.05, components=[3,15]!
Underfitting!
Found distributions with means close to 0 and 1 with 4 components.
Reject 1174(73.19%) cells.
Inference Done.
We set Rank score < 0.5 as Rank- () while > 0.5 as Rank+ 
The parameters setting of model is: {'n_features': 1000, 'nhead': 2, 'nhid1': 96, 'nhid2': 8, 'n_output': 32, 'nlayers': 3, 'n_pred': 2, 'n_patho': 0, 'dropout': 0.5, 'mode': 'Classification', 'infer_mode': 'SC', 'encoder_type': 'Transformer', 'model_save_path': '/mnt/NAS_21T/ProjectResult/TiRank/results/ablation/intera_8/Data6/3_Analysis/checkpoints'}
Initiate model in trail 0 with mode: Classification, infer mode: SC encoder type: Transformer on device: cuda.
Saving model and plot for Trial 0 with Validation Loss = 0.6576
Initiate model in trail 1 with mode: Classification, infer mode: SC encoder type: Transformer on device: cuda.
Saving model and plot for Trial 1 with Validation Loss = 0.5620
Best hyperparameters: {'lr': 0.0006, 'n_epochs': 500, 'alpha_0': 0.01, 'alpha_1': 0.1, 'alpha_2': 0.01, 'alpha_3': 0.4}
Loading the Best Model.
Starting Inference.
Perform Rejection with GMM mode with tolerance=0.05, components=[3,15]!
Found distributions with means close to 0 and 1 with 3 components.
Reject 669(41.71%) cells.
Inference Done.
We set Rank score < 0.5 as Rank- () while > 0.5 as Rank+ 
The parameters setting of model is: {'n_features': 1000, 'nhead': 2, 'nhid1': 96, 'nhid2': 8, 'n_output': 32, 'nlayers': 3, 'n_pred': 2, 'n_patho': 0, 'dropout': 0.5, 'mode': 'Classification', 'infer_mode': 'SC', 'encoder_type': 'MLP', 'model_save_path': '/mnt/NAS_21T/ProjectResult/TiRank/results/ablation/intera_8/Data6/3_Analysis/checkpoints'}
Initiate model in trail 0 with mode: Classification, infer mode: SC encoder type: MLP on device: cuda.
Saving model and plot for Trial 0 with Validation Loss = 0.5559
Initiate model in trail 1 with mode: Classification, infer mode: SC encoder type: MLP on device: cuda.
Saving model and plot for Trial 1 with Validation Loss = 0.5307
Best hyperparameters: {'lr': 0.003, 'n_epochs': 350, 'alpha_0': 0.1, 'alpha_1': 0.3, 'alpha_2': 0.01, 'alpha_3': 0.5}
Loading the Best Model.
Starting Inference.
Perform Rejection with GMM mode with tolerance=0.05, components=[3,15]!
Found distributions with means close to 0 and 1 with 5 components.
Reject 437(27.24%) cells.
Inference Done.
We set Rank score < 0.5 as Rank- () while > 0.5 as Rank+ 
The parameters setting of model is: {'n_features': 1000, 'nhead': 2, 'nhid1': 96, 'nhid2': 8, 'n_output': 32, 'nlayers': 3, 'n_pred': 2, 'n_patho': 0, 'dropout': 0.5, 'mode': 'Classification', 'infer_mode': 'SC', 'encoder_type': 'MLP', 'model_save_path': '/mnt/NAS_21T/ProjectResult/TiRank/results/ablation/intera_8/Data6/3_Analysis/checkpoints'}
Initiate model in trail 0 with mode: Classification, infer mode: SC encoder type: MLP on device: cuda with abation on 1.
Saving model and plot for Trial 0 with Validation Loss = 0.7893
Initiate model in trail 1 with mode: Classification, infer mode: SC encoder type: MLP on device: cuda with abation on 1.
Saving model and plot for Trial 1 with Validation Loss = 0.7790
Best hyperparameters: {'lr': 1e-05, 'n_epochs': 500, 'alpha_0': 0.03, 'alpha_1': 0, 'alpha_2': 0.01, 'alpha_3': 0.5}
Loading the Best Model.
Starting Inference.
Perform Rejection with GMM mode with tolerance=0.05, components=[3,15]!
Underfitting!
Found distributions with means close to 0 and 1 with 3 components.
Reject 0(0.00%) cells.
Inference Done.
We set Rank score < 0.5 as Rank- () while > 0.5 as Rank+ 
The parameters setting of model is: {'n_features': 1000, 'nhead': 2, 'nhid1': 96, 'nhid2': 8, 'n_output': 32, 'nlayers': 3, 'n_pred': 2, 'n_patho': 0, 'dropout': 0.5, 'mode': 'Classification', 'infer_mode': 'SC', 'encoder_type': 'MLP', 'model_save_path': '/mnt/NAS_21T/ProjectResult/TiRank/results/ablation/intera_8/Data6/3_Analysis/checkpoints'}
Initiate model in trail 0 with mode: Classification, infer mode: SC encoder type: MLP on device: cuda with abation on 2.
Saving model and plot for Trial 0 with Validation Loss = 0.6172
Initiate model in trail 1 with mode: Classification, infer mode: SC encoder type: MLP on device: cuda with abation on 2.
Best hyperparameters: ... storing 'Rank_Label' as categorical
[I 2025-03-21 20:18:50,087] A new study created in memory with name: no-name-1fe8496c-7990-4f48-b785-abfcae50b39c
[I 2025-03-21 20:18:57,733] Trial 0 finished with value: 0.7783360779285431 and parameters: {'lr': 0.003, 'n_epochs': 300, 'alpha_0': 0.01, 'alpha_1': 0, 'alpha_2': 0, 'alpha_3': 0.2}. Best is trial 0 with value: 0.7783360779285431.
[I 2025-03-21 20:19:07,798] Trial 1 finished with value: 0.784682959318161 and parameters: {'lr': 0.01, 'n_epochs': 400, 'alpha_0': 0.01, 'alpha_1': 0, 'alpha_2': 0, 'alpha_3': 0.2}. Best is trial 0 with value: 0.7783360779285431.
... storing 'Rank_Label' as categorical
2025-03-21 20:19:10,834 - Finished dataset Data6 in /mnt/NAS_21T/ProjectResult/TiRank/results/ablation/intera_8/Data6
Processing datasets for repeat 8:  50%|â–ˆâ–ˆâ–ˆâ–ˆâ–ˆ     | 5/10 [2:29:36<2:41:02, 1932.55s/it]2025-03-21 20:19:10,836 - Processing dataset Data5 in /mnt/NAS_21T/ProjectResult/TiRank/results/ablation/intera_8/Data5
[I 2025-03-21 20:19:42,640] A new study created in memory with name: no-name-95428bb3-0375-4af4-88f4-827968f468b4
[I 2025-03-21 20:19:51,112] Trial 0 finished with value: 0.5064729750156403 and parameters: {'lr': 0.006, 'n_epochs': 300, 'alpha_0': 0.03, 'alpha_1': 0.2, 'alpha_2': 0.1, 'alpha_3': 0.6}. Best is trial 0 with value: 0.5064729750156403.
[I 2025-03-21 20:20:03,380] Trial 1 finished with value: 0.7373268008232117 and parameters: {'lr': 0.0003, 'n_epochs': 500, 'alpha_0': 0.06, 'alpha_1': 0.7, 'alpha_2': 0.001, 'alpha_3': 0.6}. Best is trial 0 with value: 0.5064729750156403.
... storing 'Rank_Label' as categorical
[I 2025-03-21 20:20:06,273] A new study created in memory with name: no-name-9ad760a7-c2c1-40dc-b84e-3ea54a6b142f
[I 2025-03-21 20:20:19,701] Trial 0 finished with value: 0.695167601108551 and parameters: {'lr': 0.0003, 'n_epochs': 500, 'alpha_0': 0.03, 'alpha_1': 0.9, 'alpha_2': 0.01, 'alpha_3': 0.9}. Best is trial 0 with value: 0.695167601108551.
[I 2025-03-21 20:20:31,076] Trial 1 finished with value: 0.7372646033763885 and parameters: {'lr': 0.003, 'n_epochs': 400, 'alpha_0': 0.005, 'alpha_1': 1, 'alpha_2': 0.1, 'alpha_3': 1}. Best is trial 0 with value: 0.695167601108551.
... storing 'Rank_Label' as categorical
[I 2025-03-21 20:20:33,940] A new study created in memory with name: no-name-d89bfbc9-00c7-42dd-8466-04e23fe1f226
[I 2025-03-21 20:20:42,281] Trial 0 finished with value: 0.7620896995067596 and parameters: {'lr': 0.01, 'n_epochs': 350, 'alpha_0': 0.06, 'alpha_1': 0.3, 'alpha_2': 0.001, 'alpha_3': 0.6}. Best is trial 0 with value: 0.7620896995067596.
[I 2025-03-21 20:20:48,780] Trial 1 finished with value: 0.7916964292526245 and parameters: {'lr': 1e-05, 'n_epochs': 300, 'alpha_0': 0.03, 'alpha_1': 0.3, 'alpha_2': 0.005, 'alpha_3': 0.5}. Best is trial 0 with value: 0.7620896995067596.
... storing 'Rank_Label' as categorical
[I 2025-03-21 20:20:51,602] A new study created in memory with name: no-name-bcce9db0-29ad-4bf8-b36d-0dfc67514205
[I 2025-03-21 20:20:58,671] Trial 0 finished with value: 0.8199205100536346 and parameters: {'lr': 1e-05, 'n_epochs': 300, 'alpha_0': 0.06, 'alpha_1': 0, 'alpha_2': 0.001, 'alpha_3': 0.3}. Best is trial 0 with value: 0.8199205100536346.
[I 2025-03-21 20:21:05,632] Trial 1 finished with value: 0.7285015285015106 and parameters: {'lr': 0.006, 'n_epochs': 300, 'alpha_0': 0.03, 'alpha_1': 0, 'alpha_2': 0.1, 'alpha_3': 0.8}. Best is trial 1 with value: 0.7285015285015106.
... storing 'Rank_Label' as categorical
[I 2025-03-21 20:21:08,438] A new study created in memory with name: no-name-b5b9a3c5-d4ae-4856-be31-f65ff40c4f79
[I 2025-03-21 20:21:17,846] Trial 0 finished with value: 0.6912093460559845 and parameters: {'lr': 0.003, 'n_epochs': 400, 'alpha_0': 0.1, 'alpha_1': 0.5, 'alpha_2': 0, 'alpha_3': 0.9}. Best is trial 0 with value: 0.6912093460559845.
[I 2025-03-21 20:21:29,612] Trial 1 finished with value: 0.7702834904193878 and parameters: {'lr': 0.003, 'n_epochs': 500, 'alpha_0': 0.06, 'alpha_1': 0.9, 'alpha_2': 0, 'alpha_3': 0.2}. Best is trial 0 with value: 0.6912093460559845.
... storing 'Rank_Label' as categorical
[I 2025-03-21 20:21:32,450] A new study created in memory with name: no-name-218dd503-74b1-46a9-8618-31786fcbdf69
[I 2025-03-21 20:21:39,660] Trial 0 finished with value: 0.725592702627182 and parameters: {'lr': 1e-05, 'n_epochs': 300, 'alpha_0': 0.005, 'alpha_1': 0, 'alpha_2': 0, 'alpha_3': 0.9}. Best is trial 0 with value: 0.725592702627182.
