[I 2025-03-21 15:14:36,406] Trial 0 finished with value: 0.8340365290641785 and parameters: {'lr': 1e-05, 'n_epochs': 450, 'alpha_0': 0.03, 'alpha_1': 0, 'alpha_2': 0.1, 'alpha_3': 0.5}. Best is trial 0 with value: 0.8340365290641785.
[I 2025-03-21 15:14:39,965] Trial 1 finished with value: 0.7981570363044739 and parameters: {'lr': 0.001, 'n_epochs': 350, 'alpha_0': 0.1, 'alpha_1': 0, 'alpha_2': 0.001, 'alpha_3': 0.8}. Best is trial 1 with value: 0.7981570363044739.
... storing 'Rank_Label' as categorical
[I 2025-03-21 15:14:43,301] A new study created in memory with name: no-name-96a3cd1d-1ee9-463d-b060-914d87f54d70
[I 2025-03-21 15:14:47,612] Trial 0 finished with value: 0.8569031357765198 and parameters: {'lr': 0.01, 'n_epochs': 450, 'alpha_0': 0.005, 'alpha_1': 0.3, 'alpha_2': 0, 'alpha_3': 0.3}. Best is trial 0 with value: 0.8569031357765198.
[I 2025-03-21 15:14:51,459] Trial 1 finished with value: 0.7846165895462036 and parameters: {'lr': 0.003, 'n_epochs': 400, 'alpha_0': 0.005, 'alpha_1': 0.2, 'alpha_2': 0, 'alpha_3': 0.1}. Best is trial 1 with value: 0.7846165895462036.
... storing 'Rank_Label' as categorical
[I 2025-03-21 15:14:54,819] A new study created in memory with name: no-name-2d7505a2-75b1-4607-bf6c-a2b6d35ac36c
[I 2025-03-21 15:14:58,913] Trial 0 finished with value: 0.7984230518341064 and parameters: {'lr': 0.0001, 'n_epochs': 500, 'alpha_0': 0.005, 'alpha_1': 0, 'alpha_2': 0, 'alpha_3': 0.5}. Best is trial 0 with value: 0.7984230518341064.
[I 2025-03-21 15:15:01,716] Trial 1 finished with value: 0.7925273180007935 and parameters: {'lr': 1e-06, 'n_epochs': 450, 'alpha_0': 0.03, 'alpha_1': 0, 'alpha_2': 0, 'alpha_3': 0.7}. Best is trial 1 with value: 0.7925273180007935.
... storing 'Rank_Label' as categorical
2025-03-21 15:15:05,071 - Finished dataset Data1 in /mnt/NAS_21T/ProjectResult/TiRank/results/ablation/intera_6/Data1
Processing datasets for repeat 6: 100%|â–ˆâ–ˆâ–ˆâ–ˆâ–ˆâ–ˆâ–ˆâ–ˆâ–ˆâ–ˆ| 10/10 [2:31:32<00:00, 357.34s/it]Processing datasets for repeat 6: 100%|â–ˆâ–ˆâ–ˆâ–ˆâ–ˆâ–ˆâ–ˆâ–ˆâ–ˆâ–ˆ| 10/10 [2:31:32<00:00, 909.26s/it]
2025-03-21 15:15:05,072 - Repeat 6 completed
2025-03-21 15:15:05,073 - Starting repeat 7
{'n_features': 1000, 'nhead': 2, 'nhid1': 96, 'nhid2': 8, 'n_output': 32, 'nlayers': 3, 'n_pred': 2, 'n_patho': 0, 'dropout': 0.5, 'mode': 'Classification', 'infer_mode': 'SC', 'encoder_type': 'MLP', 'model_save_path': '/mnt/NAS_21T/ProjectResult/TiRank/results/ablation/intera_6/Data1/3_Analysis/checkpoints'}
Initiate model in trail 0 with mode: Classification, infer mode: SC encoder type: MLP on device: cuda.
Saving model and plot for Trial 0 with Validation Loss = 0.7753
Initiate model in trail 1 with mode: Classification, infer mode: SC encoder type: MLP on device: cuda.
Best hyperparameters: {'lr': 1e-06, 'n_epochs': 350, 'alpha_0': 0.03, 'alpha_1': 0.2, 'alpha_2': 0.001, 'alpha_3': 0.9}
Loading the Best Model.
Starting Inference.
Perform Rejection with GMM mode with tolerance=0.05, components=[3,15]!
Underfitting!
Found distributions with means close to 0 and 1 with 3 components.
Reject 0(0.00%) cells.
Inference Done.
We set Rank score < 0.5 as Rank- () while > 0.5 as Rank+ 
The parameters setting of model is: {'n_features': 1000, 'nhead': 2, 'nhid1': 96, 'nhid2': 8, 'n_output': 32, 'nlayers': 3, 'n_pred': 2, 'n_patho': 0, 'dropout': 0.5, 'mode': 'Classification', 'infer_mode': 'SC', 'encoder_type': 'MLP', 'model_save_path': '/mnt/NAS_21T/ProjectResult/TiRank/results/ablation/intera_6/Data1/3_Analysis/checkpoints'}
Initiate model in trail 0 with mode: Classification, infer mode: SC encoder type: MLP on device: cuda with abation on 1.
Saving model and plot for Trial 0 with Validation Loss = 0.8340
Initiate model in trail 1 with mode: Classification, infer mode: SC encoder type: MLP on device: cuda with abation on 1.
Saving model and plot for Trial 1 with Validation Loss = 0.7982
Best hyperparameters: {'lr': 0.001, 'n_epochs': 350, 'alpha_0': 0.1, 'alpha_1': 0, 'alpha_2': 0.001, 'alpha_3': 0.8}
Loading the Best Model.
Starting Inference.
Perform Rejection with GMM mode with tolerance=0.05, components=[3,15]!
Underfitting!
Found distributions with means close to 0 and 1 with 3 components.
Reject 0(0.00%) cells.
Inference Done.
We set Rank score < 0.5 as Rank- () while > 0.5 as Rank+ 
The parameters setting of model is: {'n_features': 1000, 'nhead': 2, 'nhid1': 96, 'nhid2': 8, 'n_output': 32, 'nlayers': 3, 'n_pred': 2, 'n_patho': 0, 'dropout': 0.5, 'mode': 'Classification', 'infer_mode': 'SC', 'encoder_type': 'MLP', 'model_save_path': '/mnt/NAS_21T/ProjectResult/TiRank/results/ablation/intera_6/Data1/3_Analysis/checkpoints'}
Initiate model in trail 0 with mode: Classification, infer mode: SC encoder type: MLP on device: cuda with abation on 2.
Saving model and plot for Trial 0 with Validation Loss = 0.8569
Initiate model in trail 1 with mode: Classification, infer mode: SC encoder type: MLP on device: cuda with abation on 2.
Saving model and plot for Trial 1 with Validation Loss = 0.7846
Best hyperparameters: {'lr': 0.003, 'n_epochs': 400, 'alpha_0': 0.005, 'alpha_1': 0.2, 'alpha_2': 0, 'alpha_3': 0.1}
Loading the Best Model.
Starting Inference.
Perform Rejection with GMM mode with tolerance=0.05, components=[3,15]!
Found distributions with means close to 0 and 1 with 3 components.
Reject 14(2.76%) cells.
Inference Done.
We set Rank score < 0.5 as Rank- () while > 0.5 as Rank+ 
The parameters setting of model is: {'n_features': 1000, 'nhead': 2, 'nhid1': 96, 'nhid2': 8, 'n_output': 32, 'nlayers': 3, 'n_pred': 2, 'n_patho': 0, 'dropout': 0.5, 'mode': 'Classification', 'infer_mode': 'SC', 'encoder_type': 'MLP', 'model_save_path': '/mnt/NAS_21T/ProjectResult/TiRank/results/ablation/intera_6/Data1/3_Analysis/checkpoints'}
Initiate model in trail 0 with mode: Classification, infer mode: SC encoder type: MLP on device: cuda with abation on 1,2.
Saving model and plot for Trial 0 with Validation Loss = 0.7984
Initiate model in trail 1 with mode: Classification, infer mode: SC encoder type: MLP on device: cuda with abation on 1,2.
Saving model and plot for Trial 1 with Validation Loss = 0.7925
Best hyperparameters: {'lr': 1e-06, 'n_epochs': 450, 'alpha_0': 0.03, 'alpha_1': 0, 'alpha_2': 0, 'alpha_3': 0.7}
Loading the Best Model.
Starting Inference.
Perform Rejection with GMM mode with tolerance=0.05, components=[3,15]!
Underfitting!
Found distributions with means close to 0 and 1 with 3 components.
Reject 0(0.00%) cells.
Inference Done.
We set Rank score < 0.5 as Rank- () while > 0.5 as Rank+ 
Processing datasets for repeat 7:   0%|          | 0/10 [00:00<?, ?it/s]2025-03-21 15:15:05,073 - Processing dataset Data10 in /mnt/NAS_21T/ProjectResult/TiRank/results/ablation/intera_7/Data10
[I 2025-03-21 15:15:29,439] A new study created in memory with name: no-name-c4334d77-4b39-440b-a68d-a2f7660dc63d
[I 2025-03-21 15:15:34,485] Trial 0 finished with value: 0.7625371813774109 and parameters: {'lr': 0.0001, 'n_epochs': 350, 'alpha_0': 0.005, 'alpha_1': 0.6, 'alpha_2': 0.001, 'alpha_3': 0.7}. Best is trial 0 with value: 0.7625371813774109.
[I 2025-03-21 15:15:40,359] Trial 1 finished with value: 0.7765151858329773 and parameters: {'lr': 0.01, 'n_epochs': 450, 'alpha_0': 0.01, 'alpha_1': 0.2, 'alpha_2': 0.005, 'alpha_3': 0.8}. Best is trial 0 with value: 0.7625371813774109.
... storing 'Rank_Label' as categorical
[I 2025-03-21 15:15:42,348] A new study created in memory with name: no-name-6eafb26d-03cb-4ce6-bb97-8131cd758484
[I 2025-03-21 15:15:49,930] Trial 0 finished with value: 0.7697076797485352 and parameters: {'lr': 0.003, 'n_epochs': 400, 'alpha_0': 0.01, 'alpha_1': 0.6, 'alpha_2': 0.01, 'alpha_3': 0.7}. Best is trial 0 with value: 0.7697076797485352.
[I 2025-03-21 15:15:59,313] Trial 1 finished with value: 0.7856690287590027 and parameters: {'lr': 0.001, 'n_epochs': 500, 'alpha_0': 0.03, 'alpha_1': 0.9, 'alpha_2': 0.01, 'alpha_3': 0.4}. Best is trial 0 with value: 0.7697076797485352.
... storing 'Rank_Label' as categorical
[I 2025-03-21 15:16:01,278] A new study created in memory with name: no-name-e2e4f954-aa4a-4ff7-95c8-3b553ea454f7
[I 2025-03-21 15:16:07,468] Trial 0 finished with value: 0.7872905731201172 and parameters: {'lr': 1e-06, 'n_epochs': 500, 'alpha_0': 0.03, 'alpha_1': 0.2, 'alpha_2': 0.1, 'alpha_3': 0.3}. Best is trial 0 with value: 0.7872905731201172.
[I 2025-03-21 15:16:13,311] Trial 1 finished with value: 0.7890729308128357 and parameters: {'lr': 1e-06, 'n_epochs': 500, 'alpha_0': 0.01, 'alpha_1': 0.2, 'alpha_2': 0.05, 'alpha_3': 0.8}. Best is trial 0 with value: 0.7872905731201172.
... storing 'Rank_Label' as categorical
[I 2025-03-21 15:16:15,239] A new study created in memory with name: no-name-80b31801-11bf-4c58-b1d3-05d883f62512
[I 2025-03-21 15:16:19,256] Trial 0 finished with value: 0.7286490797996521 and parameters: {'lr': 0.003, 'n_epochs': 350, 'alpha_0': 0.005, 'alpha_1': 0, 'alpha_2': 0.05, 'alpha_3': 0.7}. Best is trial 0 with value: 0.7286490797996521.
[I 2025-03-21 15:16:23,350] Trial 1 finished with value: 0.7415623068809509 and parameters: {'lr': 0.0001, 'n_epochs': 350, 'alpha_0': 0.005, 'alpha_1': 0, 'alpha_2': 0.01, 'alpha_3': 0.6}. Best is trial 0 with value: 0.7286490797996521.
... storing 'Rank_Label' as categorical
[I 2025-03-21 15:16:25,478] A new study created in memory with name: no-name-1cb163bf-1c45-4e57-8eb4-e4c55fd19fc6
[I 2025-03-21 15:16:30,788] Trial 0 finished with value: 0.7278062105178833 and parameters: {'lr': 0.0001, 'n_epochs': 500, 'alpha_0': 0.01, 'alpha_1': 0.1, 'alpha_2': 0, 'alpha_3': 0.1}. Best is trial 0 with value: 0.7278062105178833.
[I 2025-03-21 15:16:33,938] Trial 1 finished with value: 0.7738801836967468 and parameters: {'lr': 0.006, 'n_epochs': 350, 'alpha_0': 0.03, 'alpha_1': 0.9, 'alpha_2': 0, 'alpha_3': 1}. Best is trial 0 with value: 0.7278062105178833.
... storing 'Rank_Label' as categorical
[I 2025-03-21 15:16:35,943] A new study created in memory with name: no-name-1d299649-c6cb-4811-8e4f-7aba2bd0e1aa
[I 2025-03-21 15:16:41,004] Trial 0 finished with value: 0.7957649230957031 and parameters: {'lr': 0.0001, 'n_epochs': 400, 'alpha_0': 0.06, 'alpha_1': 0, 'alpha_2': 0, 'alpha_3': 1}. Best is trial 0 with value: 0.7957649230957031.
[I 2025-03-21 15:16:44,328] Trial 1 finished with value: 0.7986228466033936 and parameters: {'lr': 0.006, 'n_epochs': 300, 'alpha_0': 0.01, 'alpha_1': 0, 'alpha_2': 0, 'alpha_3': 0.3}. Best is trial 0 with value: 0.7957649230957031.
... storing 'Rank_Label' as categorical
2025-03-21 15:16:46,481 - Finished dataset Data10 in /mnt/NAS_21T/ProjectResult/TiRank/results/ablation/intera_7/Data10
Processing datasets for repeat 7:  10%|â–ˆ         | 1/10 [01:41<15:12, 101.41s/it]2025-03-21 15:16:46,484 - Processing dataset Data9 in /mnt/NAS_21T/ProjectResult/TiRank/results/ablation/intera_7/Data9
[I 2025-03-21 15:17:18,227] A new study created in memory with name: no-name-541f99ef-3b1b-49f1-b996-9b0a68ee8be5
[I 2025-03-21 15:17:23,090] Trial 0 finished with value: 0.6499007940292358 and parameters: {'lr': 0.0001, 'n_epochs': 450, 'alpha_0': 0.1, 'alpha_1': 1, 'alpha_2': 0.1, 'alpha_3': 0.3}. Best is trial 0 with value: 0.6499007940292358.
[I 2025-03-21 15:17:27,759] Trial 1 finished with value: 0.6205026507377625 and parameters: {'lr': 0.0006, 'n_epochs': 450, 'alpha_0': 0.01, 'alpha_1': 0.3, 'alpha_2': 0.05, 'alpha_3': 0.2}. Best is trial 1 with value: 0.6205026507377625.
... storing 'Rank_Label' as categorical
Starting load data for gene pair transformation.
Starting gene pair extraction.
Get candidate genes done.
There are 322 genes up-regulated in Group 0 and 283 genes up-regulated in Group 1.
Get candidate gene pairs done.
Profile transformation done.
Starting save gene pair matrices.
Save gene pair matrices done.
Save informative gene matrices done.
The parameters setting of model is: {'n_features': 1000, 'nhead': 2, 'nhid1': 96, 'nhid2': 8, 'n_output': 32, 'nlayers': 3, 'n_pred': 2, 'n_patho': 0, 'dropout': 0.5, 'mode': 'Classification', 'infer_mode': 'SC', 'encoder_type': 'DenseNet', 'model_save_path': '/mnt/NAS_21T/ProjectResult/TiRank/results/ablation/intera_7/Data10/3_Analysis/checkpoints'}
Initiate model in trail 0 with mode: Classification, infer mode: SC encoder type: DenseNet on device: cuda.
Saving model and plot for Trial 0 with Validation Loss = 0.7625
Initiate model in trail 1 with mode: Classification, infer mode: SC encoder type: DenseNet on device: cuda.
Best hyperparameters: {'lr': 0.0001, 'n_epochs': 350, 'alpha_0': 0.005, 'alpha_1': 0.6, 'alpha_2': 0.001, 'alpha_3': 0.7}
Loading the Best Model.
Starting Inference.
Perform Rejection with GMM mode with tolerance=0.05, components=[3,15]!
Found distributions with means close to 0 and 1 with 3 components.
Reject 121(28.21%) cells.
Inference Done.
We set Rank score < 0.5 as Rank- () while > 0.5 as Rank+ 
The parameters setting of model is: {'n_features': 1000, 'nhead': 2, 'nhid1': 96, 'nhid2': 8, 'n_output': 32, 'nlayers': 3, 'n_pred': 2, 'n_patho': 0, 'dropout': 0.5, 'mode': 'Classification', 'infer_mode': 'SC', 'encoder_type': 'Transformer', 'model_save_path': '/mnt/NAS_21T/ProjectResult/TiRank/results/ablation/intera_7/Data10/3_Analysis/checkpoints'}
Initiate model in trail 0 with mode: Classification, infer mode: SC encoder type: Transformer on device: cuda.
Saving model and plot for Trial 0 with Validation Loss = 0.7697
Initiate model in trail 1 with mode: Classification, infer mode: SC encoder type: Transformer on device: cuda.
Best hyperparameters: {'lr': 0.003, 'n_epochs': 400, 'alpha_0': 0.01, 'alpha_1': 0.6, 'alpha_2': 0.01, 'alpha_3': 0.7}
Loading the Best Model.
Starting Inference.
Perform Rejection with GMM mode with tolerance=0.05, components=[3,15]!
Found distributions with means close to 0 and 1 with 3 components.
Reject 1(0.23%) cells.
Inference Done.
We set Rank score < 0.5 as Rank- () while > 0.5 as Rank+ 
The parameters setting of model is: {'n_features': 1000, 'nhead': 2, 'nhid1': 96, 'nhid2': 8, 'n_output': 32, 'nlayers': 3, 'n_pred': 2, 'n_patho': 0, 'dropout': 0.5, 'mode': 'Classification', 'infer_mode': 'SC', 'encoder_type': 'MLP', 'model_save_path': '/mnt/NAS_21T/ProjectResult/TiRank/results/ablation/intera_7/Data10/3_Analysis/checkpoints'}
Initiate model in trail 0 with mode: Classification, infer mode: SC encoder type: MLP on device: cuda.
Saving model and plot for Trial 0 with Validation Loss = 0.7873
Initiate model in trail 1 with mode: Classification, infer mode: SC encoder type: MLP on device: cuda.
Best hyperparameters: {'lr': 1e-06, 'n_epochs': 500, 'alpha_0': 0.03, 'alpha_1': 0.2, 'alpha_2': 0.1, 'alpha_3': 0.3}
Loading the Best Model.
Starting Inference.
Perform Rejection with GMM mode with tolerance=0.05, components=[3,15]!
Underfitting!
Found distributions with means close to 0 and 1 with 3 components.
Reject 0(0.00%) cells.
Inference Done.
We set Rank score < 0.5 as Rank- () while > 0.5 as Rank+ 
The parameters setting of model is: {'n_features': 1000, 'nhead': 2, 'nhid1': 96, 'nhid2': 8, 'n_output': 32, 'nlayers': 3, 'n_pred': 2, 'n_patho': 0, 'dropout': 0.5, 'mode': 'Classification', 'infer_mode': 'SC', 'encoder_type': 'MLP', 'model_save_path': '/mnt/NAS_21T/ProjectResult/TiRank/results/ablation/intera_7/Data10/3_Analysis/checkpoints'}
Initiate model in trail 0 with mode: Classification, infer mode: SC encoder type: MLP on device: cuda with abation on 1.
Saving model and plot for Trial 0 with Validation Loss = 0.7286
Initiate model in trail 1 with mode: Classification, infer mode: SC encoder type: MLP on device: cuda with abation on 1.
Best hyperparameters: {'lr': 0.003, 'n_epochs': 350, 'alpha_0': 0.005, 'alpha_1': 0, 'alpha_2': 0.05, 'alpha_3': 0.7}
Loading the Best Model.
Starting Inference.
Perform Rejection with GMM mode with tolerance=0.05, components=[3,15]!
Underfitting!
Found distributions with means close to 0 and 1 with 3 components.
Reject 0(0.00%) cells.
Inference Done.
We set Rank score < 0.5 as Rank- () while > 0.5 as Rank+ 
The parameters setting of model is: {'n_features': 1000, 'nhead': 2, 'nhid1': 96, 'nhid2': 8, 'n_output': 32, 'nlayers': 3, 'n_pred': 2, 'n_patho': 0, 'dropout': 0.5, 'mode': 'Classification', 'infer_mode': 'SC', 'encoder_type': 'MLP', 'model_save_path': '/mnt/NAS_21T/ProjectResult/TiRank/results/ablation/intera_7/Data10/3_Analysis/checkpoints'}
Initiate model in trail 0 with mode: Classification, infer mode: SC encoder type: MLP on device: cuda with abation on 2.
Saving model and plot for Trial 0 with Validation Loss = 0.7278
Initiate model in trail 1 with mode: Classification, infer mode: SC encoder type: MLP on device: cuda with abation on 2.
Best hyperparameters: {'lr': 0.0001, 'n_epochs': 500, 'alpha_0': 0.01, 'alpha_1': 0.1, 'alpha_2': 0, 'alpha_3': 0.1}
Loading the Best Model.
Starting Inference.
Perform Rejection with GMM mode with tolerance=0.05, components=[3,15]!
Found distributions with means close to 0 and 1 with 12 components.
Reject 332(77.39%) cells.
Inference Done.
We set Rank score < 0.5 as Rank- () while > 0.5 as Rank+ 
The parameters setting of model is: {'n_features': 1000, 'nhead': 2, 'nhid1': 96, 'nhid2': 8, 'n_output': 32, 'nlayers': 3, 'n_pred': 2, 'n_patho': 0, 'dropout': 0.5, 'mode': 'Classification', 'infer_mode': 'SC', 'encoder_type': 'MLP', 'model_save_path': '/mnt/NAS_21T/ProjectResult/TiRank/results/ablation/intera_7/Data10/3_Analysis/checkpoints'}
Initiate model in trail 0 with mode: Classification, infer mode: SC encoder type: MLP on device: cuda with abation on 1,2.
Saving model and plot for Trial 0 with Validation Loss = 0.7958
Initiate model in trail 1 with mode: Classification, infer mode: SC encoder type: MLP on device: cuda with abation on 1,2.
Best hyperparameters: {'lr': 0.0001, 'n_epochs': 400, 'alpha_0': 0.06, 'alpha_1': 0, 'alpha_2': 0, 'alpha_3': 1}
Loading the Best Model.
Starting Inference.
Perform Rejection with GMM mode with tolerance=0.05, components=[3,15]!
Underfitting!
Found distributions with means close to 0 and 1 with 3 components.
Reject 0(0.00%) cells.
Inference Done.
We set Rank score < 0.5 as Rank- () while > 0.5 as Rank+ 
Starting load data for gene pair transformation.
Starting gene pair extraction.
Get candidate genes done.
There are 263 genes up-regulated in Group 0 and 460 genes up-regulated in Group 1.
Get candidate gene pairs done.
Profile transformation done.
Starting save gene pair matrices.
Save gene pair matrices done.
Save informative gene matrices done.
The parameters setting of model is: {'n_features': 1000, 'nhead': 2, 'nhid1': 96, 'nhid2': 8, 'n_output': 32, 'nlayers': 3, 'n_pred': 2, 'n_patho': 0, 'dropout': 0.5, 'mode': 'Classification', 'infer_mode': 'SC', 'encoder_type': 'DenseNet', 'model_save_path': '/mnt/NAS_21T/ProjectResult/TiRank/results/ablation/intera_7/Data9/3_Analysis/checkpoints'}
Initiate model in trail 0 with mode: Classification, infer mode: SC encoder type: DenseNet on device: cuda.
Saving model and plot for Trial 0 with Validation Loss = 0.6499
Initiate model in trail 1 with mode: Classification, infer mode: SC encoder type: DenseNet on device: cuda.
Saving model and plot for Trial 1 with Validation Loss = 0.6205
Best hyperparameters: {'lr': 0.0006, 'n_epochs': 450, 'alpha_0': 0.01, 'alpha_1': 0.3, 'alpha_2': 0.05, 'alpha_3': 0.2}
Loading the Best Model.
Starting Inference.
Perform Rejection with GMM mode with tolerance=0.05, components=[3,15]!
Two distribution rejection faild.
Perform single distribution rejection.
Found distributions with means close to 1 with 2 components.
Reject 0(0.00%) cells.
Inference Done.
We set Rank score < 0.5 as Rank- () while > 0.5 as Rank+ 
[I 2025-03-21 15:17:29,799] A new study created in memory with name: no-name-a4fb4806-061d-4c00-bc4b-b633036c83b5
[I 2025-03-21 15:17:36,159] Trial 0 finished with value: 0.7477991580963135 and parameters: {'lr': 0.006, 'n_epochs': 350, 'alpha_0': 0.06, 'alpha_1': 0.2, 'alpha_2': 0.01, 'alpha_3': 0.1}. Best is trial 0 with value: 0.7477991580963135.
[I 2025-03-21 15:17:43,825] Trial 1 finished with value: 0.7524561882019043 and parameters: {'lr': 0.003, 'n_epochs': 500, 'alpha_0': 0.03, 'alpha_1': 0.9, 'alpha_2': 0.001, 'alpha_3': 0.8}. Best is trial 0 with value: 0.7477991580963135.
... storing 'Rank_Label' as categorical
[I 2025-03-21 15:17:45,785] A new study created in memory with name: no-name-79d77f70-8ff1-4833-bff6-982aa3116c83
[I 2025-03-21 15:17:48,657] Trial 0 finished with value: 0.833081066608429 and parameters: {'lr': 1e-05, 'n_epochs': 300, 'alpha_0': 0.005, 'alpha_1': 0.4, 'alpha_2': 0.001, 'alpha_3': 0.9}. Best is trial 0 with value: 0.833081066608429.
[I 2025-03-21 15:17:51,971] Trial 1 finished with value: 0.6806660294532776 and parameters: {'lr': 0.0006, 'n_epochs': 350, 'alpha_0': 0.1, 'alpha_1': 0.4, 'alpha_2': 0.01, 'alpha_3': 0.3}. Best is trial 1 with value: 0.6806660294532776.
... storing 'Rank_Label' as categorical
[I 2025-03-21 15:17:54,144] A new study created in memory with name: no-name-b91c3eef-0fe2-402f-9d0b-68add91c058c
[I 2025-03-21 15:17:57,270] Trial 0 finished with value: 0.734305739402771 and parameters: {'lr': 0.0003, 'n_epochs': 350, 'alpha_0': 0.005, 'alpha_1': 0, 'alpha_2': 0.05, 'alpha_3': 0.3}. Best is trial 0 with value: 0.734305739402771.
[I 2025-03-21 15:18:00,110] Trial 1 finished with value: 0.7364329099655151 and parameters: {'lr': 1e-05, 'n_epochs': 300, 'alpha_0': 0.01, 'alpha_1': 0, 'alpha_2': 0.001, 'alpha_3': 0.9}. Best is trial 0 with value: 0.734305739402771.
... storing 'Rank_Label' as categorical
[I 2025-03-21 15:18:02,057] A new study created in memory with name: no-name-76604673-4d2c-4cc5-9bd0-dd8190e4976f
[I 2025-03-21 15:18:05,870] Trial 0 finished with value: 0.6902672052383423 and parameters: {'lr': 0.0003, 'n_epochs': 400, 'alpha_0': 0.06, 'alpha_1': 1, 'alpha_2': 0, 'alpha_3': 1}. Best is trial 0 with value: 0.6902672052383423.
