[I 2025-03-21 21:12:19,729] Trial 0 finished with value: 0.7783899670061858 and parameters: {'lr': 1e-06, 'n_epochs': 350, 'alpha_0': 0.03, 'alpha_1': 0, 'alpha_2': 0.005, 'alpha_3': 1}. Best is trial 0 with value: 0.7783899670061858.
[I 2025-03-21 21:15:18,968] Trial 1 finished with value: 0.767881805482118 and parameters: {'lr': 1e-06, 'n_epochs': 300, 'alpha_0': 0.03, 'alpha_1': 0, 'alpha_2': 0.1, 'alpha_3': 0.5}. Best is trial 1 with value: 0.767881805482118.
... storing 'Rank_Label' as categorical
[I 2025-03-21 21:17:46,465] A new study created in memory with name: no-name-9487a583-4108-409e-ba2b-9f483a0a2d71
[I 2025-03-21 21:21:43,937] Trial 0 finished with value: 0.6935550363167472 and parameters: {'lr': 0.01, 'n_epochs': 400, 'alpha_0': 0.06, 'alpha_1': 0.4, 'alpha_2': 0, 'alpha_3': 0.5}. Best is trial 0 with value: 0.6935550363167472.
[I 2025-03-21 21:25:43,146] Trial 1 finished with value: 0.6607962924501171 and parameters: {'lr': 0.003, 'n_epochs': 400, 'alpha_0': 0.01, 'alpha_1': 0.8, 'alpha_2': 0, 'alpha_3': 1}. Best is trial 1 with value: 0.6607962924501171.
... storing 'Rank_Label' as categorical
[I 2025-03-21 21:27:31,837] A new study created in memory with name: no-name-d863c992-3d99-47f7-a321-26dff40a267c
[I 2025-03-21 21:32:01,934] Trial 0 finished with value: 0.8181934900905775 and parameters: {'lr': 0.0001, 'n_epochs': 450, 'alpha_0': 0.03, 'alpha_1': 0, 'alpha_2': 0, 'alpha_3': 0.9}. Best is trial 0 with value: 0.8181934900905775.
[I 2025-03-21 21:35:27,137] Trial 1 finished with value: 0.762173082517541 and parameters: {'lr': 0.0003, 'n_epochs': 350, 'alpha_0': 0.06, 'alpha_1': 0, 'alpha_2': 0, 'alpha_3': 0.4}. Best is trial 1 with value: 0.762173082517541.
... storing 'Rank_Label' as categorical
2025-03-21 21:37:15,984 - Finished dataset Data8 in /mnt/NAS_21T/ProjectResult/TiRank/results/ablation/intera_9/Data8
Processing datasets for repeat 9:  30%|â–ˆâ–ˆâ–ˆ       | 3/10 [1:08:22<3:34:14, 1836.29s/it]2025-03-21 21:37:15,987 - Processing dataset Data7 in /mnt/NAS_21T/ProjectResult/TiRank/results/ablation/intera_9/Data7
[I 2025-03-21 21:49:29,651] A new study created in memory with name: no-name-62a0e992-76b4-4491-b28c-712d93274fe4
[I 2025-03-21 21:52:44,673] Trial 0 finished with value: 0.7541612853174624 and parameters: {'lr': 0.0006, 'n_epochs': 300, 'alpha_0': 0.005, 'alpha_1': 0.6, 'alpha_2': 0.05, 'alpha_3': 0.6}. Best is trial 0 with value: 0.7541612853174624.
[I 2025-03-21 21:57:03,251] Trial 1 finished with value: 0.8311033119326052 and parameters: {'lr': 0.0006, 'n_epochs': 400, 'alpha_0': 0.005, 'alpha_1': 0.1, 'alpha_2': 0.1, 'alpha_3': 0.6}. Best is trial 0 with value: 0.7541612853174624.
... storing 'Rank_Label' as categorical
[I 2025-03-21 21:58:52,560] A new study created in memory with name: no-name-860f9332-15cf-4ee0-aad5-97257ae3eeaf
[I 2025-03-21 22:03:03,126] Trial 0 finished with value: 0.7687639749568441 and parameters: {'lr': 0.001, 'n_epochs': 400, 'alpha_0': 0.03, 'alpha_1': 0.7, 'alpha_2': 0.01, 'alpha_3': 0.9}. Best is trial 0 with value: 0.7687639749568441.
[I 2025-03-21 22:07:40,234] Trial 1 finished with value: 0.847996825757234 and parameters: {'lr': 0.006, 'n_epochs': 450, 'alpha_0': 0.005, 'alpha_1': 0.5, 'alpha_2': 0.01, 'alpha_3': 0.8}. Best is trial 0 with value: 0.7687639749568441.
... storing 'Rank_Label' as categorical
[I 2025-03-21 22:09:37,507] A new study created in memory with name: no-name-e7c413af-f8f8-4f60-b870-66c0a77a853b
[I 2025-03-21 22:13:11,222] Trial 0 finished with value: 0.7548361161480779 and parameters: {'lr': 0.0006, 'n_epochs': 350, 'alpha_0': 0.005, 'alpha_1': 0.1, 'alpha_2': 0.005, 'alpha_3': 0.7}. Best is trial 0 with value: 0.7548361161480779.
[I 2025-03-21 22:16:46,934] Trial 1 finished with value: 0.7346784524295641 and parameters: {'lr': 0.003, 'n_epochs': 350, 'alpha_0': 0.06, 'alpha_1': 0.1, 'alpha_2': 0.001, 'alpha_3': 0.9}. Best is trial 1 with value: 0.7346784524295641.
... storing 'Rank_Label' as categorical
{'n_features': 1000, 'nhead': 2, 'nhid1': 96, 'nhid2': 8, 'n_output': 32, 'nlayers': 3, 'n_pred': 2, 'n_patho': 0, 'dropout': 0.5, 'mode': 'Classification', 'infer_mode': 'SC', 'encoder_type': 'MLP', 'model_save_path': '/mnt/NAS_21T/ProjectResult/TiRank/results/ablation/intera_9/Data8/3_Analysis/checkpoints'}
Initiate model in trail 0 with mode: Classification, infer mode: SC encoder type: MLP on device: cuda.
Saving model and plot for Trial 0 with Validation Loss = 0.8051
Initiate model in trail 1 with mode: Classification, infer mode: SC encoder type: MLP on device: cuda.
Saving model and plot for Trial 1 with Validation Loss = 0.5841
Best hyperparameters: {'lr': 0.0001, 'n_epochs': 350, 'alpha_0': 0.03, 'alpha_1': 0.8, 'alpha_2': 0.005, 'alpha_3': 0.1}
Loading the Best Model.
Starting Inference.
Perform Rejection with GMM mode with tolerance=0.05, components=[3,15]!
Found distributions with means close to 0 and 1 with 6 components.
Reject 10935(46.66%) cells.
Inference Done.
We set Rank score < 0.5 as Rank- () while > 0.5 as Rank+ 
The parameters setting of model is: {'n_features': 1000, 'nhead': 2, 'nhid1': 96, 'nhid2': 8, 'n_output': 32, 'nlayers': 3, 'n_pred': 2, 'n_patho': 0, 'dropout': 0.5, 'mode': 'Classification', 'infer_mode': 'SC', 'encoder_type': 'MLP', 'model_save_path': '/mnt/NAS_21T/ProjectResult/TiRank/results/ablation/intera_9/Data8/3_Analysis/checkpoints'}
Initiate model in trail 0 with mode: Classification, infer mode: SC encoder type: MLP on device: cuda with abation on 1.
Saving model and plot for Trial 0 with Validation Loss = 0.7784
Initiate model in trail 1 with mode: Classification, infer mode: SC encoder type: MLP on device: cuda with abation on 1.
Saving model and plot for Trial 1 with Validation Loss = 0.7679
Best hyperparameters: {'lr': 1e-06, 'n_epochs': 300, 'alpha_0': 0.03, 'alpha_1': 0, 'alpha_2': 0.1, 'alpha_3': 0.5}
Loading the Best Model.
Starting Inference.
Perform Rejection with GMM mode with tolerance=0.05, components=[3,15]!
Underfitting!
Found distributions with means close to 0 and 1 with 3 components.
Reject 0(0.00%) cells.
Inference Done.
We set Rank score < 0.5 as Rank- () while > 0.5 as Rank+ 
The parameters setting of model is: {'n_features': 1000, 'nhead': 2, 'nhid1': 96, 'nhid2': 8, 'n_output': 32, 'nlayers': 3, 'n_pred': 2, 'n_patho': 0, 'dropout': 0.5, 'mode': 'Classification', 'infer_mode': 'SC', 'encoder_type': 'MLP', 'model_save_path': '/mnt/NAS_21T/ProjectResult/TiRank/results/ablation/intera_9/Data8/3_Analysis/checkpoints'}
Initiate model in trail 0 with mode: Classification, infer mode: SC encoder type: MLP on device: cuda with abation on 2.
Saving model and plot for Trial 0 with Validation Loss = 0.6936
Initiate model in trail 1 with mode: Classification, infer mode: SC encoder type: MLP on device: cuda with abation on 2.
Saving model and plot for Trial 1 with Validation Loss = 0.6608
Best hyperparameters: {'lr': 0.003, 'n_epochs': 400, 'alpha_0': 0.01, 'alpha_1': 0.8, 'alpha_2': 0, 'alpha_3': 1}
Loading the Best Model.
Starting Inference.
Perform Rejection with GMM mode with tolerance=0.05, components=[3,15]!
Found distributions with means close to 0 and 1 with 3 components.
Reject 254(1.08%) cells.
Inference Done.
We set Rank score < 0.5 as Rank- () while > 0.5 as Rank+ 
The parameters setting of model is: {'n_features': 1000, 'nhead': 2, 'nhid1': 96, 'nhid2': 8, 'n_output': 32, 'nlayers': 3, 'n_pred': 2, 'n_patho': 0, 'dropout': 0.5, 'mode': 'Classification', 'infer_mode': 'SC', 'encoder_type': 'MLP', 'model_save_path': '/mnt/NAS_21T/ProjectResult/TiRank/results/ablation/intera_9/Data8/3_Analysis/checkpoints'}
Initiate model in trail 0 with mode: Classification, infer mode: SC encoder type: MLP on device: cuda with abation on 1,2.
Saving model and plot for Trial 0 with Validation Loss = 0.8182
Initiate model in trail 1 with mode: Classification, infer mode: SC encoder type: MLP on device: cuda with abation on 1,2.
Saving model and plot for Trial 1 with Validation Loss = 0.7622
Best hyperparameters: {'lr': 0.0003, 'n_epochs': 350, 'alpha_0': 0.06, 'alpha_1': 0, 'alpha_2': 0, 'alpha_3': 0.4}
Loading the Best Model.
Starting Inference.
Perform Rejection with GMM mode with tolerance=0.05, components=[3,15]!
Underfitting!
Found distributions with means close to 0 and 1 with 3 components.
Reject 0(0.00%) cells.
Inference Done.
We set Rank score < 0.5 as Rank- () while > 0.5 as Rank+ 
Starting load data for gene pair transformation.
Starting gene pair extraction.
Get candidate genes done.
There are 707 genes up-regulated in Group 0 and 445 genes up-regulated in Group 1.
Get candidate gene pairs done.
Profile transformation done.
Starting save gene pair matrices.
Save gene pair matrices done.
Save informative gene matrices done.
The parameters setting of model is: {'n_features': 1000, 'nhead': 2, 'nhid1': 96, 'nhid2': 8, 'n_output': 32, 'nlayers': 3, 'n_pred': 2, 'n_patho': 0, 'dropout': 0.5, 'mode': 'Classification', 'infer_mode': 'SC', 'encoder_type': 'DenseNet', 'model_save_path': '/mnt/NAS_21T/ProjectResult/TiRank/results/ablation/intera_9/Data7/3_Analysis/checkpoints'}
Initiate model in trail 0 with mode: Classification, infer mode: SC encoder type: DenseNet on device: cuda.
Saving model and plot for Trial 0 with Validation Loss = 0.7542
Initiate model in trail 1 with mode: Classification, infer mode: SC encoder type: DenseNet on device: cuda.
Best hyperparameters: {'lr': 0.0006, 'n_epochs': 300, 'alpha_0': 0.005, 'alpha_1': 0.6, 'alpha_2': 0.05, 'alpha_3': 0.6}
Loading the Best Model.
Starting Inference.
Perform Rejection with GMM mode with tolerance=0.05, components=[3,15]!
Found distributions with means close to 0 and 1 with 3 components.
Reject 96(0.41%) cells.
Inference Done.
We set Rank score < 0.5 as Rank- () while > 0.5 as Rank+ 
The parameters setting of model is: {'n_features': 1000, 'nhead': 2, 'nhid1': 96, 'nhid2': 8, 'n_output': 32, 'nlayers': 3, 'n_pred': 2, 'n_patho': 0, 'dropout': 0.5, 'mode': 'Classification', 'infer_mode': 'SC', 'encoder_type': 'Transformer', 'model_save_path': '/mnt/NAS_21T/ProjectResult/TiRank/results/ablation/intera_9/Data7/3_Analysis/checkpoints'}
Initiate model in trail 0 with mode: Classification, infer mode: SC encoder type: Transformer on device: cuda.
Saving model and plot for Trial 0 with Validation Loss = 0.7688
Initiate model in trail 1 with mode: Classification, infer mode: SC encoder type: Transformer on device: cuda.
Best hyperparameters: {'lr': 0.001, 'n_epochs': 400, 'alpha_0': 0.03, 'alpha_1': 0.7, 'alpha_2': 0.01, 'alpha_3': 0.9}
Loading the Best Model.
Starting Inference.
Perform Rejection with GMM mode with tolerance=0.05, components=[3,15]!
Found distributions with means close to 0 and 1 with 3 components.
Reject 0(0.00%) cells.
Inference Done.
We set Rank score < 0.5 as Rank- () while > 0.5 as Rank+ 
The parameters setting of model is: {'n_features': 1000, 'nhead': 2, 'nhid1': 96, 'nhid2': 8, 'n_output': 32, 'nlayers': 3, 'n_pred': 2, 'n_patho': 0, 'dropout': 0.5, 'mode': 'Classification', 'infer_mode': 'SC', 'encoder_type': 'MLP', 'model_save_path': '/mnt/NAS_21T/ProjectResult/TiRank/results/ablation/intera_9/Data7/3_Analysis/checkpoints'}
Initiate model in trail 0 with mode: Classification, infer mode: SC encoder type: MLP on device: cuda.
Saving model and plot for Trial 0 with Validation Loss = 0.7548
Initiate model in trail 1 with mode: Classification, infer mode: SC encoder type: MLP on device: cuda.
Saving model and plot for Trial 1 with Validation Loss = 0.7347
Best hyperparameters: {'lr': 0.003, 'n_epochs': 350, 'alpha_0': 0.06, 'alpha_1': 0.1, 'alpha_2': 0.001, 'alpha_3': 0.9}
Loading the Best Model.
Starting Inference.
Perform Rejection with GMM mode with tolerance=0.05, components=[3,15]!
Found distributions with means close to 0 and 1 with 3 components.
Reject 747(3.19%) cells.
Inference Done.
We set Rank score < 0.5 as Rank- () while > 0.5 as Rank+ 
The parameters setting of model is: [I 2025-03-21 22:19:38,310] A new study created in memory with name: no-name-78fb783c-18b2-4af3-9aa9-c7e7cd82fef7
[I 2025-03-21 22:23:43,171] Trial 0 finished with value: 0.7399998203567837 and parameters: {'lr': 0.001, 'n_epochs': 400, 'alpha_0': 0.03, 'alpha_1': 0, 'alpha_2': 0.05, 'alpha_3': 1}. Best is trial 0 with value: 0.7399998203567837.
[I 2025-03-21 22:27:16,604] Trial 1 finished with value: 0.7986515449440997 and parameters: {'lr': 0.006, 'n_epochs': 350, 'alpha_0': 0.1, 'alpha_1': 0, 'alpha_2': 0.1, 'alpha_3': 0.1}. Best is trial 0 with value: 0.7399998203567837.
... storing 'Rank_Label' as categorical
[I 2025-03-21 22:29:17,526] A new study created in memory with name: no-name-30f59e85-3faf-414c-b380-1d12cffc779d
[I 2025-03-21 22:34:19,874] Trial 0 finished with value: 0.7858625209849813 and parameters: {'lr': 1e-06, 'n_epochs': 500, 'alpha_0': 0.06, 'alpha_1': 0.8, 'alpha_2': 0, 'alpha_3': 0.6}. Best is trial 0 with value: 0.7858625209849813.
[I 2025-03-21 22:37:54,852] Trial 1 finished with value: 0.7308610677719116 and parameters: {'lr': 0.0003, 'n_epochs': 350, 'alpha_0': 0.06, 'alpha_1': 0.6, 'alpha_2': 0, 'alpha_3': 0.8}. Best is trial 1 with value: 0.7308610677719116.
... storing 'Rank_Label' as categorical
[I 2025-03-21 22:39:45,502] A new study created in memory with name: no-name-c5f5567e-47af-4239-a1c6-58671778c291
[I 2025-03-21 22:44:53,157] Trial 0 finished with value: 0.8059371398842853 and parameters: {'lr': 0.01, 'n_epochs': 500, 'alpha_0': 0.005, 'alpha_1': 0, 'alpha_2': 0, 'alpha_3': 0.4}. Best is trial 0 with value: 0.8059371398842853.
[I 2025-03-21 22:47:54,750] Trial 1 finished with value: 0.7614734561546989 and parameters: {'lr': 0.003, 'n_epochs': 300, 'alpha_0': 0.01, 'alpha_1': 0, 'alpha_2': 0, 'alpha_3': 0.1}. Best is trial 1 with value: 0.7614734561546989.
... storing 'Rank_Label' as categorical
2025-03-21 22:49:43,380 - Finished dataset Data7 in /mnt/NAS_21T/ProjectResult/TiRank/results/ablation/intera_9/Data7
Processing datasets for repeat 9:  40%|â–ˆâ–ˆâ–ˆâ–ˆ      | 4/10 [2:20:49<4:42:45, 2827.65s/it]2025-03-21 22:49:43,386 - Processing dataset Data6 in /mnt/NAS_21T/ProjectResult/TiRank/results/ablation/intera_9/Data6
[I 2025-03-21 22:50:04,678] A new study created in memory with name: no-name-dee44dcc-6ff3-4245-959a-79e1c772539c
[I 2025-03-21 22:50:17,817] Trial 0 finished with value: 0.7517012357711792 and parameters: {'lr': 0.01, 'n_epochs': 450, 'alpha_0': 0.1, 'alpha_1': 0.2, 'alpha_2': 0.001, 'alpha_3': 0.1}. Best is trial 0 with value: 0.7517012357711792.
[I 2025-03-21 22:50:31,242] Trial 1 finished with value: 0.6976775527000427 and parameters: {'lr': 0.003, 'n_epochs': 450, 'alpha_0': 0.06, 'alpha_1': 0.9, 'alpha_2': 0.005, 'alpha_3': 0.2}. Best is trial 1 with value: 0.6976775527000427.
... storing 'Rank_Label' as categorical
[I 2025-03-21 22:50:34,332] A new study created in memory with name: no-name-48a0f004-9856-4316-b3fd-23064e420606
[I 2025-03-21 22:50:43,074] Trial 0 finished with value: 0.7738150954246521 and parameters: {'lr': 1e-05, 'n_epochs': 300, 'alpha_0': 0.06, 'alpha_1': 0.5, 'alpha_2': 0.05, 'alpha_3': 0.5}. Best is trial 0 with value: 0.7738150954246521.
[I 2025-03-21 22:50:53,195] Trial 1 finished with value: 0.7190706431865692 and parameters: {'lr': 0.01, 'n_epochs': 400, 'alpha_0': 0.06, 'alpha_1': 0.3, 'alpha_2': 0.01, 'alpha_3': 0.1}. Best is trial 1 with value: 0.7190706431865692.
... storing 'Rank_Label' as categorical
[I 2025-03-21 22:50:56,056] A new study created in memory with name: no-name-796a53c3-e501-48fe-a2fb-e636f088aaf0
[I 2025-03-21 22:51:09,084] Trial 0 finished with value: 0.6687223315238953 and parameters: {'lr': 0.01, 'n_epochs': 500, 'alpha_0': 0.01, 'alpha_1': 0.8, 'alpha_2': 0.01, 'alpha_3': 0.5}. Best is trial 0 with value: 0.6687223315238953.
[I 2025-03-21 22:51:17,516] Trial 1 finished with value: 0.651305764913559 and parameters: {'lr': 0.01, 'n_epochs': 350, 'alpha_0': 0.01, 'alpha_1': 0.2, 'alpha_2': 0.001, 'alpha_3': 0.4}. Best is trial 1 with value: 0.651305764913559.
... storing 'Rank_Label' as categorical
[I 2025-03-21 22:51:20,349] A new study created in memory with name: no-name-7e3b44e0-23b6-4015-a1da-f1bef4287f36
[I 2025-03-21 22:51:29,181] Trial 0 finished with value: 0.7727290987968445 and parameters: {'lr': 1e-06, 'n_epochs': 350, 'alpha_0': 0.03, 'alpha_1': 0, 'alpha_2': 0.1, 'alpha_3': 0.2}. Best is trial 0 with value: 0.7727290987968445.
