[I 2025-03-21 06:48:41,466] Trial 0 finished with value: 0.6925918330316958 and parameters: {'lr': 0.003, 'n_epochs': 300, 'alpha_0': 0.1, 'alpha_1': 0.4, 'alpha_2': 0, 'alpha_3': 0.1}. Best is trial 0 with value: 0.6925918330316958.
[I 2025-03-21 06:53:17,967] Trial 1 finished with value: 0.6943348024202429 and parameters: {'lr': 1e-05, 'n_epochs': 450, 'alpha_0': 0.005, 'alpha_1': 0.2, 'alpha_2': 0, 'alpha_3': 0.3}. Best is trial 0 with value: 0.6925918330316958.
... storing 'Rank_Label' as categorical
[I 2025-03-21 06:55:07,548] A new study created in memory with name: no-name-0657f033-2627-4603-b751-4c635af61c20
[I 2025-03-21 06:58:07,315] Trial 0 finished with value: 0.8075862060422483 and parameters: {'lr': 0.01, 'n_epochs': 300, 'alpha_0': 0.03, 'alpha_1': 0, 'alpha_2': 0, 'alpha_3': 0.2}. Best is trial 0 with value: 0.8075862060422483.
[I 2025-03-21 07:02:10,953] Trial 1 finished with value: 0.7748282914576323 and parameters: {'lr': 0.0001, 'n_epochs': 400, 'alpha_0': 0.01, 'alpha_1': 0, 'alpha_2': 0, 'alpha_3': 0.7}. Best is trial 1 with value: 0.7748282914576323.
... storing 'Rank_Label' as categorical
2025-03-21 07:03:59,737 - Finished dataset Data7 in /mnt/NAS_21T/ProjectResult/TiRank/results/ablation/intera_3/Data7
Processing datasets for repeat 3:  40%|â–ˆâ–ˆâ–ˆâ–ˆ      | 4/10 [2:15:10<4:30:20, 2703.42s/it]2025-03-21 07:03:59,742 - Processing dataset Data6 in /mnt/NAS_21T/ProjectResult/TiRank/results/ablation/intera_3/Data6
[I 2025-03-21 07:04:20,224] A new study created in memory with name: no-name-5bd1fbba-8a13-47e1-8f74-63e79011be45
[I 2025-03-21 07:04:33,962] Trial 0 finished with value: 0.7502700686454773 and parameters: {'lr': 0.01, 'n_epochs': 500, 'alpha_0': 0.03, 'alpha_1': 0.8, 'alpha_2': 0.1, 'alpha_3': 0.5}. Best is trial 0 with value: 0.7502700686454773.
[I 2025-03-21 07:04:47,809] Trial 1 finished with value: 0.8230447173118591 and parameters: {'lr': 0.01, 'n_epochs': 500, 'alpha_0': 0.1, 'alpha_1': 0.6, 'alpha_2': 0.1, 'alpha_3': 0.7}. Best is trial 0 with value: 0.7502700686454773.
... storing 'Rank_Label' as categorical
[I 2025-03-21 07:04:50,730] A new study created in memory with name: no-name-894bb490-2a0e-4a8e-b9e9-2fffbade3392
[I 2025-03-21 07:05:05,726] Trial 0 finished with value: 0.8861788809299469 and parameters: {'lr': 1e-06, 'n_epochs': 500, 'alpha_0': 0.01, 'alpha_1': 0.5, 'alpha_2': 0.01, 'alpha_3': 0.6}. Best is trial 0 with value: 0.8861788809299469.
[I 2025-03-21 07:05:14,790] Trial 1 finished with value: 0.8268575072288513 and parameters: {'lr': 1e-06, 'n_epochs': 350, 'alpha_0': 0.06, 'alpha_1': 0.6, 'alpha_2': 0.005, 'alpha_3': 0.3}. Best is trial 1 with value: 0.8268575072288513.
... storing 'Rank_Label' as categorical
[I 2025-03-21 07:05:17,626] A new study created in memory with name: no-name-6a7c0cb7-4f63-4e01-99ca-b6b620a3924f
[I 2025-03-21 07:05:26,316] Trial 0 finished with value: 0.5606730580329895 and parameters: {'lr': 0.003, 'n_epochs': 350, 'alpha_0': 0.01, 'alpha_1': 0.1, 'alpha_2': 0.01, 'alpha_3': 0.4}. Best is trial 0 with value: 0.5606730580329895.
[I 2025-03-21 07:05:38,008] Trial 1 finished with value: 0.7531029880046844 and parameters: {'lr': 1e-06, 'n_epochs': 450, 'alpha_0': 0.005, 'alpha_1': 1, 'alpha_2': 0.001, 'alpha_3': 0.5}. Best is trial 0 with value: 0.5606730580329895.
... storing 'Rank_Label' as categorical
[I 2025-03-21 07:05:41,389] A new study created in memory with name: no-name-eec472d3-0746-47a1-bce7-19dfd5087efd
[I 2025-03-21 07:05:49,037] Trial 0 finished with value: 0.8014490008354187 and parameters: {'lr': 0.0006, 'n_epochs': 300, 'alpha_0': 0.1, 'alpha_1': 0, 'alpha_2': 0.05, 'alpha_3': 0.7}. Best is trial 0 with value: 0.8014490008354187.
[I 2025-03-21 07:05:56,459] Trial 1 finished with value: 0.7693876028060913 and parameters: {'lr': 1e-05, 'n_epochs': 300, 'alpha_0': 0.1, 'alpha_1': 0, 'alpha_2': 0.005, 'alpha_3': 0.3}. Best is trial 1 with value: 0.7693876028060913.
... storing 'Rank_Label' as categorical
[I 2025-03-21 07:05:59,477] A new study created in memory with name: no-name-489e691c-1b18-42a6-8b79-ea4504038791
[I 2025-03-21 07:06:08,365] Trial 0 finished with value: 0.6522614657878876 and parameters: {'lr': 0.003, 'n_epochs': 350, 'alpha_0': 0.1, 'alpha_1': 0.5, 'alpha_2': 0, 'alpha_3': 0.2}. Best is trial 0 with value: 0.6522614657878876.
Initiate model in trail 0 with mode: Classification, infer mode: SC encoder type: MLP on device: cuda with abation on 1.
Saving model and plot for Trial 0 with Validation Loss = 0.8347
Initiate model in trail 1 with mode: Classification, infer mode: SC encoder type: MLP on device: cuda with abation on 1.
Saving model and plot for Trial 1 with Validation Loss = 0.7704
Best hyperparameters: {'lr': 0.0003, 'n_epochs': 300, 'alpha_0': 0.01, 'alpha_1': 0, 'alpha_2': 0.1, 'alpha_3': 0.2}
Loading the Best Model.
Starting Inference.
Perform Rejection with GMM mode with tolerance=0.05, components=[3,15]!
Underfitting!
Found distributions with means close to 0 and 1 with 3 components.
Reject 0(0.00%) cells.
Inference Done.
We set Rank score < 0.5 as Rank- () while > 0.5 as Rank+ 
The parameters setting of model is: {'n_features': 1000, 'nhead': 2, 'nhid1': 96, 'nhid2': 8, 'n_output': 32, 'nlayers': 3, 'n_pred': 2, 'n_patho': 0, 'dropout': 0.5, 'mode': 'Classification', 'infer_mode': 'SC', 'encoder_type': 'MLP', 'model_save_path': '/mnt/NAS_21T/ProjectResult/TiRank/results/ablation/intera_3/Data7/3_Analysis/checkpoints'}
Initiate model in trail 0 with mode: Classification, infer mode: SC encoder type: MLP on device: cuda with abation on 2.
Saving model and plot for Trial 0 with Validation Loss = 0.6926
Initiate model in trail 1 with mode: Classification, infer mode: SC encoder type: MLP on device: cuda with abation on 2.
Best hyperparameters: {'lr': 0.003, 'n_epochs': 300, 'alpha_0': 0.1, 'alpha_1': 0.4, 'alpha_2': 0, 'alpha_3': 0.1}
Loading the Best Model.
Starting Inference.
Perform Rejection with GMM mode with tolerance=0.05, components=[3,15]!
Found distributions with means close to 0 and 1 with 5 components.
Reject 849(3.62%) cells.
Inference Done.
We set Rank score < 0.5 as Rank- () while > 0.5 as Rank+ 
The parameters setting of model is: {'n_features': 1000, 'nhead': 2, 'nhid1': 96, 'nhid2': 8, 'n_output': 32, 'nlayers': 3, 'n_pred': 2, 'n_patho': 0, 'dropout': 0.5, 'mode': 'Classification', 'infer_mode': 'SC', 'encoder_type': 'MLP', 'model_save_path': '/mnt/NAS_21T/ProjectResult/TiRank/results/ablation/intera_3/Data7/3_Analysis/checkpoints'}
Initiate model in trail 0 with mode: Classification, infer mode: SC encoder type: MLP on device: cuda with abation on 1,2.
Saving model and plot for Trial 0 with Validation Loss = 0.8076
Initiate model in trail 1 with mode: Classification, infer mode: SC encoder type: MLP on device: cuda with abation on 1,2.
Saving model and plot for Trial 1 with Validation Loss = 0.7748
Best hyperparameters: {'lr': 0.0001, 'n_epochs': 400, 'alpha_0': 0.01, 'alpha_1': 0, 'alpha_2': 0, 'alpha_3': 0.7}
Loading the Best Model.
Starting Inference.
Perform Rejection with GMM mode with tolerance=0.05, components=[3,15]!
Underfitting!
Found distributions with means close to 0 and 1 with 3 components.
Reject 0(0.00%) cells.
Inference Done.
We set Rank score < 0.5 as Rank- () while > 0.5 as Rank+ 
Starting load data for gene pair transformation.
Starting gene pair extraction.
Get candidate genes done.
There are 826 genes up-regulated in Group 0 and 707 genes up-regulated in Group 1.
Get candidate gene pairs done.
Profile transformation done.
Starting save gene pair matrices.
Save gene pair matrices done.
Save informative gene matrices done.
The parameters setting of model is: {'n_features': 1000, 'nhead': 2, 'nhid1': 96, 'nhid2': 8, 'n_output': 32, 'nlayers': 3, 'n_pred': 2, 'n_patho': 0, 'dropout': 0.5, 'mode': 'Classification', 'infer_mode': 'SC', 'encoder_type': 'DenseNet', 'model_save_path': '/mnt/NAS_21T/ProjectResult/TiRank/results/ablation/intera_3/Data6/3_Analysis/checkpoints'}
Initiate model in trail 0 with mode: Classification, infer mode: SC encoder type: DenseNet on device: cuda.
Saving model and plot for Trial 0 with Validation Loss = 0.7503
Initiate model in trail 1 with mode: Classification, infer mode: SC encoder type: DenseNet on device: cuda.
Best hyperparameters: {'lr': 0.01, 'n_epochs': 500, 'alpha_0': 0.03, 'alpha_1': 0.8, 'alpha_2': 0.1, 'alpha_3': 0.5}
Loading the Best Model.
Starting Inference.
Perform Rejection with GMM mode with tolerance=0.05, components=[3,15]!
Found distributions with means close to 0 and 1 with 3 components.
Reject 0(0.00%) cells.
Inference Done.
We set Rank score < 0.5 as Rank- () while > 0.5 as Rank+ 
The parameters setting of model is: {'n_features': 1000, 'nhead': 2, 'nhid1': 96, 'nhid2': 8, 'n_output': 32, 'nlayers': 3, 'n_pred': 2, 'n_patho': 0, 'dropout': 0.5, 'mode': 'Classification', 'infer_mode': 'SC', 'encoder_type': 'Transformer', 'model_save_path': '/mnt/NAS_21T/ProjectResult/TiRank/results/ablation/intera_3/Data6/3_Analysis/checkpoints'}
Initiate model in trail 0 with mode: Classification, infer mode: SC encoder type: Transformer on device: cuda.
Saving model and plot for Trial 0 with Validation Loss = 0.8862
Initiate model in trail 1 with mode: Classification, infer mode: SC encoder type: Transformer on device: cuda.
Saving model and plot for Trial 1 with Validation Loss = 0.8269
Best hyperparameters: {'lr': 1e-06, 'n_epochs': 350, 'alpha_0': 0.06, 'alpha_1': 0.6, 'alpha_2': 0.005, 'alpha_3': 0.3}
Loading the Best Model.
Starting Inference.
Perform Rejection with GMM mode with tolerance=0.05, components=[3,15]!
Underfitting!
Found distributions with means close to 0 and 1 with 3 components.
Reject 0(0.00%) cells.
Inference Done.
We set Rank score < 0.5 as Rank- () while > 0.5 as Rank+ 
The parameters setting of model is: {'n_features': 1000, 'nhead': 2, 'nhid1': 96, 'nhid2': 8, 'n_output': 32, 'nlayers': 3, 'n_pred': 2, 'n_patho': 0, 'dropout': 0.5, 'mode': 'Classification', 'infer_mode': 'SC', 'encoder_type': 'MLP', 'model_save_path': '/mnt/NAS_21T/ProjectResult/TiRank/results/ablation/intera_3/Data6/3_Analysis/checkpoints'}
Initiate model in trail 0 with mode: Classification, infer mode: SC encoder type: MLP on device: cuda.
Saving model and plot for Trial 0 with Validation Loss = 0.5607
Initiate model in trail 1 with mode: Classification, infer mode: SC encoder type: MLP on device: cuda.
Best hyperparameters: {'lr': 0.003, 'n_epochs': 350, 'alpha_0': 0.01, 'alpha_1': 0.1, 'alpha_2': 0.01, 'alpha_3': 0.4}
Loading the Best Model.
Starting Inference.
Perform Rejection with GMM mode with tolerance=0.05, components=[3,15]!
Found distributions with means close to 0 and 1 with 10 components.
Reject 1131(70.51%) cells.
Inference Done.
We set Rank score < 0.5 as Rank- () while > 0.5 as Rank+ 
The parameters setting of model is: {'n_features': 1000, 'nhead': 2, 'nhid1': 96, 'nhid2': 8, 'n_output': 32, 'nlayers': 3, 'n_pred': 2, 'n_patho': 0, 'dropout': 0.5, 'mode': 'Classification', 'infer_mode': 'SC', 'encoder_type': 'MLP', 'model_save_path': '/mnt/NAS_21T/ProjectResult/TiRank/results/ablation/intera_3/Data6/3_Analysis/checkpoints'}
Initiate model in trail 0 with mode: Classification, infer mode: SC encoder type: MLP on device: cuda with abation on 1.
Saving model and plot for Trial 0 with Validation Loss = 0.8014
Initiate model in trail 1 with mode: Classification, infer mode: SC encoder type: MLP on device: cuda with abation on 1.
Saving model and plot for Trial 1 with Validation Loss = 0.7694
Best hyperparameters: {'lr': 1e-05, 'n_epochs': 300, 'alpha_0': 0.1, 'alpha_1': 0, 'alpha_2': 0.005, 'alpha_3': 0.3}
Loading the Best Model.
Starting Inference.
Perform Rejection with GMM mode with tolerance=0.05, components=[3,15]!
Underfitting!
Found distributions with means close to 0 and 1 with 3 components.
Reject 0(0.00%) cells.
Inference Done.
We set Rank score < 0.5 as Rank- () while > 0.5 as Rank+ 
The parameters setting of model is: {'n_features': 1000, 'nhead': 2, 'nhid1': 96, 'nhid2': 8, 'n_output': 32, 'nlayers': 3, 'n_pred': 2, 'n_patho': 0, 'dropout': 0.5, 'mode': 'Classification', 'infer_mode': 'SC', 'encoder_type': 'MLP', 'model_save_path': '/mnt/NAS_21T/ProjectResult/TiRank/results/ablation/intera_3/Data6/3_Analysis/checkpoints'}
Initiate model in trail 0 with mode: Classification, infer mode: SC encoder type: MLP on device: cuda with abation on 2.
Saving model and plot for Trial 0 with Validation Loss = 0.6523
[I 2025-03-21 07:06:15,847] Trial 1 finished with value: 0.641693115234375 and parameters: {'lr': 0.01, 'n_epochs': 300, 'alpha_0': 0.005, 'alpha_1': 0.3, 'alpha_2': 0, 'alpha_3': 1}. Best is trial 1 with value: 0.641693115234375.
... storing 'Rank_Label' as categorical
[I 2025-03-21 07:06:18,694] A new study created in memory with name: no-name-92c828c6-81eb-4791-ba25-ee12fdf9da25
[I 2025-03-21 07:06:26,386] Trial 0 finished with value: 0.8044564425945282 and parameters: {'lr': 0.001, 'n_epochs': 300, 'alpha_0': 0.03, 'alpha_1': 0, 'alpha_2': 0, 'alpha_3': 0.1}. Best is trial 0 with value: 0.8044564425945282.
[I 2025-03-21 07:06:32,577] Trial 1 finished with value: 0.8192059993743896 and parameters: {'lr': 1e-05, 'n_epochs': 300, 'alpha_0': 0.03, 'alpha_1': 0, 'alpha_2': 0, 'alpha_3': 0.8}. Best is trial 0 with value: 0.8044564425945282.
... storing 'Rank_Label' as categorical
2025-03-21 07:06:35,404 - Finished dataset Data6 in /mnt/NAS_21T/ProjectResult/TiRank/results/ablation/intera_3/Data6
Processing datasets for repeat 3:  50%|â–ˆâ–ˆâ–ˆâ–ˆâ–ˆ     | 5/10 [2:17:46<2:28:43, 1784.68s/it]2025-03-21 07:06:35,406 - Processing dataset Data5 in /mnt/NAS_21T/ProjectResult/TiRank/results/ablation/intera_3/Data5
[I 2025-03-21 07:07:07,078] A new study created in memory with name: no-name-f74cd2fd-3a40-47e1-a743-1bcc9d50f30b
[I 2025-03-21 07:07:19,849] Trial 0 finished with value: 0.7978292107582092 and parameters: {'lr': 0.0006, 'n_epochs': 450, 'alpha_0': 0.03, 'alpha_1': 0.8, 'alpha_2': 0.01, 'alpha_3': 0.4}. Best is trial 0 with value: 0.7978292107582092.
[I 2025-03-21 07:07:29,404] Trial 1 finished with value: 0.762467235326767 and parameters: {'lr': 1e-05, 'n_epochs': 350, 'alpha_0': 0.1, 'alpha_1': 0.4, 'alpha_2': 0.01, 'alpha_3': 0.3}. Best is trial 1 with value: 0.762467235326767.
... storing 'Rank_Label' as categorical
[I 2025-03-21 07:07:32,319] A new study created in memory with name: no-name-3ce549f5-e94d-4e45-9ad0-493d79962dbe
[I 2025-03-21 07:07:41,170] Trial 0 finished with value: 0.7876327335834503 and parameters: {'lr': 1e-05, 'n_epochs': 350, 'alpha_0': 0.1, 'alpha_1': 1, 'alpha_2': 0.005, 'alpha_3': 0.4}. Best is trial 0 with value: 0.7876327335834503.
[I 2025-03-21 07:07:51,515] Trial 1 finished with value: 0.7645494937896729 and parameters: {'lr': 0.0001, 'n_epochs': 350, 'alpha_0': 0.1, 'alpha_1': 1, 'alpha_2': 0.1, 'alpha_3': 0.7}. Best is trial 1 with value: 0.7645494937896729.
... storing 'Rank_Label' as categorical
[I 2025-03-21 07:07:54,568] A new study created in memory with name: no-name-2e98b812-4395-44a2-838f-445e67b0f190
[I 2025-03-21 07:08:02,887] Trial 0 finished with value: 0.8248805105686188 and parameters: {'lr': 0.001, 'n_epochs': 450, 'alpha_0': 0.1, 'alpha_1': 0.3, 'alpha_2': 0.005, 'alpha_3': 0.9}. Best is trial 0 with value: 0.8248805105686188.
[I 2025-03-21 07:08:12,683] Trial 1 finished with value: 0.7589778006076813 and parameters: {'lr': 1e-05, 'n_epochs': 400, 'alpha_0': 0.03, 'alpha_1': 0.5, 'alpha_2': 0.05, 'alpha_3': 0.8}. Best is trial 1 with value: 0.7589778006076813.
... storing 'Rank_Label' as categorical
[I 2025-03-21 07:08:15,688] A new study created in memory with name: no-name-3a4b2b55-e927-4e01-a78f-752f957a7a1b
[I 2025-03-21 07:08:23,910] Trial 0 finished with value: 0.7950326502323151 and parameters: {'lr': 0.006, 'n_epochs': 350, 'alpha_0': 0.06, 'alpha_1': 0, 'alpha_2': 0.005, 'alpha_3': 0.5}. Best is trial 0 with value: 0.7950326502323151.
[I 2025-03-21 07:08:30,902] Trial 1 finished with value: 0.8547146320343018 and parameters: {'lr': 0.003, 'n_epochs': 300, 'alpha_0': 0.1, 'alpha_1': 0, 'alpha_2': 0.01, 'alpha_3': 0.4}. Best is trial 0 with value: 0.7950326502323151.
... storing 'Rank_Label' as categorical
[I 2025-03-21 07:08:33,764] A new study created in memory with name: no-name-fff986cd-d681-4a77-9fcd-b6845586d692
[I 2025-03-21 07:08:43,101] Trial 0 finished with value: 0.7119798958301544 and parameters: {'lr': 0.0006, 'n_epochs': 400, 'alpha_0': 0.06, 'alpha_1': 0.7, 'alpha_2': 0, 'alpha_3': 0.8}. Best is trial 0 with value: 0.7119798958301544.
[I 2025-03-21 07:08:52,296] Trial 1 finished with value: 0.8494651317596436 and parameters: {'lr': 0.01, 'n_epochs': 400, 'alpha_0': 0.06, 'alpha_1': 0.5, 'alpha_2': 0, 'alpha_3': 0.6}. Best is trial 0 with value: 0.7119798958301544.
... storing 'Rank_Label' as categorical
[I 2025-03-21 07:08:55,209] A new study created in memory with name: no-name-aca52dfd-cee9-4a32-b7d8-806258e4e643
[I 2025-03-21 07:09:04,241] Trial 0 finished with value: 0.8358441889286041 and parameters: {'lr': 0.003, 'n_epochs': 400, 'alpha_0': 0.01, 'alpha_1': 0, 'alpha_2': 0, 'alpha_3': 0.9}. Best is trial 0 with value: 0.8358441889286041.
