[I 2025-03-21 12:41:08,949] Trial 0 finished with value: 0.790607750415802 and parameters: {'lr': 0.001, 'n_epochs': 350, 'alpha_0': 0.01, 'alpha_1': 0, 'alpha_2': 0.001, 'alpha_3': 0.1}. Best is trial 0 with value: 0.790607750415802.
[I 2025-03-21 12:41:15,326] Trial 1 finished with value: 0.7342115044593811 and parameters: {'lr': 0.01, 'n_epochs': 500, 'alpha_0': 0.005, 'alpha_1': 0, 'alpha_2': 0.01, 'alpha_3': 0.6}. Best is trial 1 with value: 0.7342115044593811.
... storing 'Rank_Label' as categorical
[I 2025-03-21 12:41:18,709] A new study created in memory with name: no-name-d2231c1c-0256-4f28-866d-19d928213a2b
[I 2025-03-21 12:41:23,040] Trial 0 finished with value: 0.7837631702423096 and parameters: {'lr': 1e-05, 'n_epochs': 350, 'alpha_0': 0.005, 'alpha_1': 0.6, 'alpha_2': 0, 'alpha_3': 0.3}. Best is trial 0 with value: 0.7837631702423096.
[I 2025-03-21 12:41:29,361] Trial 1 finished with value: 0.7977631092071533 and parameters: {'lr': 1e-06, 'n_epochs': 500, 'alpha_0': 0.01, 'alpha_1': 0.6, 'alpha_2': 0, 'alpha_3': 0.5}. Best is trial 0 with value: 0.7837631702423096.
... storing 'Rank_Label' as categorical
[I 2025-03-21 12:41:32,744] A new study created in memory with name: no-name-10a7c679-4778-4fe3-89af-4316b5cec518
[I 2025-03-21 12:41:37,879] Trial 0 finished with value: 0.792256236076355 and parameters: {'lr': 0.003, 'n_epochs': 400, 'alpha_0': 0.01, 'alpha_1': 0, 'alpha_2': 0, 'alpha_3': 0.2}. Best is trial 0 with value: 0.792256236076355.
[I 2025-03-21 12:41:43,723] Trial 1 finished with value: 0.7900593280792236 and parameters: {'lr': 1e-05, 'n_epochs': 450, 'alpha_0': 0.01, 'alpha_1': 0, 'alpha_2': 0, 'alpha_3': 0.7}. Best is trial 1 with value: 0.7900593280792236.
... storing 'Rank_Label' as categorical
2025-03-21 12:41:47,116 - Finished dataset Data2 in /mnt/NAS_21T/ProjectResult/TiRank/results/ablation/intera_5/Data2
Processing datasets for repeat 5:  90%|â–ˆâ–ˆâ–ˆâ–ˆâ–ˆâ–ˆâ–ˆâ–ˆâ–ˆ | 9/10 [2:50:43<08:49, 529.22s/it]2025-03-21 12:41:47,118 - Processing dataset Data1 in /mnt/NAS_21T/ProjectResult/TiRank/results/ablation/intera_5/Data1
[I 2025-03-21 12:42:20,645] A new study created in memory with name: no-name-673c137d-b086-40bf-8ee6-5bd9c38ee7e7
[I 2025-03-21 12:42:25,897] Trial 0 finished with value: 0.7126334309577942 and parameters: {'lr': 1e-05, 'n_epochs': 400, 'alpha_0': 0.1, 'alpha_1': 0.4, 'alpha_2': 0.05, 'alpha_3': 0.4}. Best is trial 0 with value: 0.7126334309577942.
[I 2025-03-21 12:42:31,724] Trial 1 finished with value: 0.7929152846336365 and parameters: {'lr': 1e-05, 'n_epochs': 500, 'alpha_0': 0.01, 'alpha_1': 0.1, 'alpha_2': 0.005, 'alpha_3': 0.6}. Best is trial 0 with value: 0.7126334309577942.
... storing 'Rank_Label' as categorical
[I 2025-03-21 12:42:35,142] A new study created in memory with name: no-name-87c9cdc1-e00a-48c8-b326-d102fb4ddc5e
[I 2025-03-21 12:42:40,370] Trial 0 finished with value: 0.836835503578186 and parameters: {'lr': 0.0006, 'n_epochs': 300, 'alpha_0': 0.03, 'alpha_1': 0.9, 'alpha_2': 0.001, 'alpha_3': 0.8}. Best is trial 0 with value: 0.836835503578186.
[I 2025-03-21 12:42:45,444] Trial 1 finished with value: 0.7389365434646606 and parameters: {'lr': 0.006, 'n_epochs': 300, 'alpha_0': 0.005, 'alpha_1': 0.5, 'alpha_2': 0.005, 'alpha_3': 0.1}. Best is trial 1 with value: 0.7389365434646606.
... storing 'Rank_Label' as categorical
[I 2025-03-21 12:42:48,825] A new study created in memory with name: no-name-8f6fa40c-e3aa-4967-bc0a-d72c44f47a8b
[I 2025-03-21 12:42:52,939] Trial 0 finished with value: 0.7150675058364868 and parameters: {'lr': 0.0001, 'n_epochs': 400, 'alpha_0': 0.005, 'alpha_1': 0.9, 'alpha_2': 0.05, 'alpha_3': 0.7}. Best is trial 0 with value: 0.7150675058364868.
[I 2025-03-21 12:42:56,176] Trial 1 finished with value: 0.8052822351455688 and parameters: {'lr': 0.003, 'n_epochs': 350, 'alpha_0': 0.005, 'alpha_1': 0.3, 'alpha_2': 0.1, 'alpha_3': 0.7}. Best is trial 0 with value: 0.7150675058364868.
... storing 'Rank_Label' as categorical
[I 2025-03-21 12:42:59,560] A new study created in memory with name: no-name-94a0adbc-9041-458e-ad5e-49129dbc40b8
{'n_features': 1000, 'nhead': 2, 'nhid1': 96, 'nhid2': 8, 'n_output': 32, 'nlayers': 3, 'n_pred': 2, 'n_patho': 0, 'dropout': 0.5, 'mode': 'Classification', 'infer_mode': 'SC', 'encoder_type': 'MLP', 'model_save_path': '/mnt/NAS_21T/ProjectResult/TiRank/results/ablation/intera_5/Data2/3_Analysis/checkpoints'}
Initiate model in trail 0 with mode: Classification, infer mode: SC encoder type: MLP on device: cuda.
Saving model and plot for Trial 0 with Validation Loss = 0.7668
Initiate model in trail 1 with mode: Classification, infer mode: SC encoder type: MLP on device: cuda.
Best hyperparameters: {'lr': 0.003, 'n_epochs': 350, 'alpha_0': 0.1, 'alpha_1': 0.8, 'alpha_2': 0.05, 'alpha_3': 0.2}
Loading the Best Model.
Starting Inference.
Perform Rejection with GMM mode with tolerance=0.05, components=[3,15]!
Found distributions with means close to 0 and 1 with 3 components.
Reject 212(41.81%) cells.
Inference Done.
We set Rank score < 0.5 as Rank- () while > 0.5 as Rank+ 
The parameters setting of model is: {'n_features': 1000, 'nhead': 2, 'nhid1': 96, 'nhid2': 8, 'n_output': 32, 'nlayers': 3, 'n_pred': 2, 'n_patho': 0, 'dropout': 0.5, 'mode': 'Classification', 'infer_mode': 'SC', 'encoder_type': 'MLP', 'model_save_path': '/mnt/NAS_21T/ProjectResult/TiRank/results/ablation/intera_5/Data2/3_Analysis/checkpoints'}
Initiate model in trail 0 with mode: Classification, infer mode: SC encoder type: MLP on device: cuda with abation on 1.
Saving model and plot for Trial 0 with Validation Loss = 0.7906
Initiate model in trail 1 with mode: Classification, infer mode: SC encoder type: MLP on device: cuda with abation on 1.
Saving model and plot for Trial 1 with Validation Loss = 0.7342
Best hyperparameters: {'lr': 0.01, 'n_epochs': 500, 'alpha_0': 0.005, 'alpha_1': 0, 'alpha_2': 0.01, 'alpha_3': 0.6}
Loading the Best Model.
Starting Inference.
Perform Rejection with GMM mode with tolerance=0.05, components=[3,15]!
Underfitting!
Found distributions with means close to 0 and 1 with 3 components.
Reject 0(0.00%) cells.
Inference Done.
We set Rank score < 0.5 as Rank- () while > 0.5 as Rank+ 
The parameters setting of model is: {'n_features': 1000, 'nhead': 2, 'nhid1': 96, 'nhid2': 8, 'n_output': 32, 'nlayers': 3, 'n_pred': 2, 'n_patho': 0, 'dropout': 0.5, 'mode': 'Classification', 'infer_mode': 'SC', 'encoder_type': 'MLP', 'model_save_path': '/mnt/NAS_21T/ProjectResult/TiRank/results/ablation/intera_5/Data2/3_Analysis/checkpoints'}
Initiate model in trail 0 with mode: Classification, infer mode: SC encoder type: MLP on device: cuda with abation on 2.
Saving model and plot for Trial 0 with Validation Loss = 0.7838
Initiate model in trail 1 with mode: Classification, infer mode: SC encoder type: MLP on device: cuda with abation on 2.
Best hyperparameters: {'lr': 1e-05, 'n_epochs': 350, 'alpha_0': 0.005, 'alpha_1': 0.6, 'alpha_2': 0, 'alpha_3': 0.3}
Loading the Best Model.
Starting Inference.
Perform Rejection with GMM mode with tolerance=0.05, components=[3,15]!
Underfitting!
Found distributions with means close to 0 and 1 with 3 components.
Reject 0(0.00%) cells.
Inference Done.
We set Rank score < 0.5 as Rank- () while > 0.5 as Rank+ 
The parameters setting of model is: {'n_features': 1000, 'nhead': 2, 'nhid1': 96, 'nhid2': 8, 'n_output': 32, 'nlayers': 3, 'n_pred': 2, 'n_patho': 0, 'dropout': 0.5, 'mode': 'Classification', 'infer_mode': 'SC', 'encoder_type': 'MLP', 'model_save_path': '/mnt/NAS_21T/ProjectResult/TiRank/results/ablation/intera_5/Data2/3_Analysis/checkpoints'}
Initiate model in trail 0 with mode: Classification, infer mode: SC encoder type: MLP on device: cuda with abation on 1,2.
Saving model and plot for Trial 0 with Validation Loss = 0.7923
Initiate model in trail 1 with mode: Classification, infer mode: SC encoder type: MLP on device: cuda with abation on 1,2.
Saving model and plot for Trial 1 with Validation Loss = 0.7901
Best hyperparameters: {'lr': 1e-05, 'n_epochs': 450, 'alpha_0': 0.01, 'alpha_1': 0, 'alpha_2': 0, 'alpha_3': 0.7}
Loading the Best Model.
Starting Inference.
Perform Rejection with GMM mode with tolerance=0.05, components=[3,15]!
Underfitting!
Found distributions with means close to 0 and 1 with 3 components.
Reject 0(0.00%) cells.
Inference Done.
We set Rank score < 0.5 as Rank- () while > 0.5 as Rank+ 
Starting load data for gene pair transformation.
Starting gene pair extraction.
Get candidate genes done.
There are 219 genes up-regulated in Group 0 and 1096 genes up-regulated in Group 1.
Get candidate gene pairs done.
Profile transformation done.
Starting save gene pair matrices.
Save gene pair matrices done.
Save informative gene matrices done.
The parameters setting of model is: {'n_features': 1000, 'nhead': 2, 'nhid1': 96, 'nhid2': 8, 'n_output': 32, 'nlayers': 3, 'n_pred': 2, 'n_patho': 0, 'dropout': 0.5, 'mode': 'Classification', 'infer_mode': 'SC', 'encoder_type': 'DenseNet', 'model_save_path': '/mnt/NAS_21T/ProjectResult/TiRank/results/ablation/intera_5/Data1/3_Analysis/checkpoints'}
Initiate model in trail 0 with mode: Classification, infer mode: SC encoder type: DenseNet on device: cuda.
Saving model and plot for Trial 0 with Validation Loss = 0.7126
Initiate model in trail 1 with mode: Classification, infer mode: SC encoder type: DenseNet on device: cuda.
Best hyperparameters: {'lr': 1e-05, 'n_epochs': 400, 'alpha_0': 0.1, 'alpha_1': 0.4, 'alpha_2': 0.05, 'alpha_3': 0.4}
Loading the Best Model.
Starting Inference.
Perform Rejection with GMM mode with tolerance=0.05, components=[3,15]!
Underfitting!
Found distributions with means close to 0 and 1 with 3 components.
Reject 0(0.00%) cells.
Inference Done.
We set Rank score < 0.5 as Rank- () while > 0.5 as Rank+ 
The parameters setting of model is: {'n_features': 1000, 'nhead': 2, 'nhid1': 96, 'nhid2': 8, 'n_output': 32, 'nlayers': 3, 'n_pred': 2, 'n_patho': 0, 'dropout': 0.5, 'mode': 'Classification', 'infer_mode': 'SC', 'encoder_type': 'Transformer', 'model_save_path': '/mnt/NAS_21T/ProjectResult/TiRank/results/ablation/intera_5/Data1/3_Analysis/checkpoints'}
Initiate model in trail 0 with mode: Classification, infer mode: SC encoder type: Transformer on device: cuda.
Saving model and plot for Trial 0 with Validation Loss = 0.8368
Initiate model in trail 1 with mode: Classification, infer mode: SC encoder type: Transformer on device: cuda.
Saving model and plot for Trial 1 with Validation Loss = 0.7389
Best hyperparameters: {'lr': 0.006, 'n_epochs': 300, 'alpha_0': 0.005, 'alpha_1': 0.5, 'alpha_2': 0.005, 'alpha_3': 0.1}
Loading the Best Model.
Starting Inference.
Perform Rejection with GMM mode with tolerance=0.05, components=[3,15]!
Found distributions with means close to 0 and 1 with 3 components.
Reject 0(0.00%) cells.
Inference Done.
We set Rank score < 0.5 as Rank- () while > 0.5 as Rank+ 
The parameters setting of model is: {'n_features': 1000, 'nhead': 2, 'nhid1': 96, 'nhid2': 8, 'n_output': 32, 'nlayers': 3, 'n_pred': 2, 'n_patho': 0, 'dropout': 0.5, 'mode': 'Classification', 'infer_mode': 'SC', 'encoder_type': 'MLP', 'model_save_path': '/mnt/NAS_21T/ProjectResult/TiRank/results/ablation/intera_5/Data1/3_Analysis/checkpoints'}
Initiate model in trail 0 with mode: Classification, infer mode: SC encoder type: MLP on device: cuda.
Saving model and plot for Trial 0 with Validation Loss = 0.7151
Initiate model in trail 1 with mode: Classification, infer mode: SC encoder type: MLP on device: cuda.
Best hyperparameters: {'lr': 0.0001, 'n_epochs': 400, 'alpha_0': 0.005, 'alpha_1': 0.9, 'alpha_2': 0.05, 'alpha_3': 0.7}
Loading the Best Model.
Starting Inference.
Perform Rejection with GMM mode with tolerance=0.05, components=[3,15]!
Found distributions with means close to 0 and 1 with 7 components.
Reject 358(70.61%) cells.
Inference Done.
We set Rank score < 0.5 as Rank- () while > 0.5 as Rank+ 
The parameters setting of model is: {'n_features': 1000, 'nhead': 2, 'nhid1': 96, 'nhid2': 8, 'n_output': 32, 'nlayers': 3, 'n_pred': 2, 'n_patho': 0, 'dropout': 0.5, 'mode': 'Classification', 'infer_mode': 'SC', 'encoder_type': 'MLP', 'model_save_path': '/mnt/NAS_21T/ProjectResult/TiRank/results/ablation/intera_5/Data1/3_Analysis/checkpoints'}
[I 2025-03-21 12:43:02,820] Trial 0 finished with value: 0.7679298520088196 and parameters: {'lr': 1e-06, 'n_epochs': 300, 'alpha_0': 0.01, 'alpha_1': 0, 'alpha_2': 0.1, 'alpha_3': 0.4}. Best is trial 0 with value: 0.7679298520088196.
[I 2025-03-21 12:43:06,695] Trial 1 finished with value: 0.8585676550865173 and parameters: {'lr': 1e-06, 'n_epochs': 400, 'alpha_0': 0.06, 'alpha_1': 0, 'alpha_2': 0.1, 'alpha_3': 0.7}. Best is trial 0 with value: 0.7679298520088196.
... storing 'Rank_Label' as categorical
[I 2025-03-21 12:43:10,065] A new study created in memory with name: no-name-4d0c94e4-3b8e-44be-976e-fbc5d4776bf8
[I 2025-03-21 12:43:15,266] Trial 0 finished with value: 0.8151407241821289 and parameters: {'lr': 0.001, 'n_epochs': 500, 'alpha_0': 0.1, 'alpha_1': 0.8, 'alpha_2': 0, 'alpha_3': 0.5}. Best is trial 0 with value: 0.8151407241821289.
[I 2025-03-21 12:43:18,810] Trial 1 finished with value: 0.7136729955673218 and parameters: {'lr': 0.0001, 'n_epochs': 350, 'alpha_0': 0.005, 'alpha_1': 0.8, 'alpha_2': 0, 'alpha_3': 0.2}. Best is trial 1 with value: 0.7136729955673218.
... storing 'Rank_Label' as categorical
[I 2025-03-21 12:43:22,224] A new study created in memory with name: no-name-178ae339-4f4f-4ae8-b278-272451a46339
[I 2025-03-21 12:43:25,113] Trial 0 finished with value: 0.7500351667404175 and parameters: {'lr': 0.0003, 'n_epochs': 300, 'alpha_0': 0.005, 'alpha_1': 0, 'alpha_2': 0, 'alpha_3': 0.6}. Best is trial 0 with value: 0.7500351667404175.
[I 2025-03-21 12:43:29,083] Trial 1 finished with value: 0.7981133460998535 and parameters: {'lr': 0.001, 'n_epochs': 400, 'alpha_0': 0.01, 'alpha_1': 0, 'alpha_2': 0, 'alpha_3': 0.2}. Best is trial 0 with value: 0.7500351667404175.
... storing 'Rank_Label' as categorical
2025-03-21 12:43:32,448 - Finished dataset Data1 in /mnt/NAS_21T/ProjectResult/TiRank/results/ablation/intera_5/Data1
Processing datasets for repeat 5: 100%|â–ˆâ–ˆâ–ˆâ–ˆâ–ˆâ–ˆâ–ˆâ–ˆâ–ˆâ–ˆ| 10/10 [2:52:28<00:00, 398.36s/it]Processing datasets for repeat 5: 100%|â–ˆâ–ˆâ–ˆâ–ˆâ–ˆâ–ˆâ–ˆâ–ˆâ–ˆâ–ˆ| 10/10 [2:52:28<00:00, 1034.88s/it]
2025-03-21 12:43:32,455 - Repeat 5 completed
2025-03-21 12:43:32,483 - Starting repeat 6
Initiate model in trail 0 with mode: Classification, infer mode: SC encoder type: MLP on device: cuda with abation on 1.
Saving model and plot for Trial 0 with Validation Loss = 0.7679
Initiate model in trail 1 with mode: Classification, infer mode: SC encoder type: MLP on device: cuda with abation on 1.
Best hyperparameters: {'lr': 1e-06, 'n_epochs': 300, 'alpha_0': 0.01, 'alpha_1': 0, 'alpha_2': 0.1, 'alpha_3': 0.4}
Loading the Best Model.
Starting Inference.
Perform Rejection with GMM mode with tolerance=0.05, components=[3,15]!
Underfitting!
Found distributions with means close to 0 and 1 with 3 components.
Reject 0(0.00%) cells.
Inference Done.
We set Rank score < 0.5 as Rank- () while > 0.5 as Rank+ 
The parameters setting of model is: {'n_features': 1000, 'nhead': 2, 'nhid1': 96, 'nhid2': 8, 'n_output': 32, 'nlayers': 3, 'n_pred': 2, 'n_patho': 0, 'dropout': 0.5, 'mode': 'Classification', 'infer_mode': 'SC', 'encoder_type': 'MLP', 'model_save_path': '/mnt/NAS_21T/ProjectResult/TiRank/results/ablation/intera_5/Data1/3_Analysis/checkpoints'}
Initiate model in trail 0 with mode: Classification, infer mode: SC encoder type: MLP on device: cuda with abation on 2.
Saving model and plot for Trial 0 with Validation Loss = 0.8151
Initiate model in trail 1 with mode: Classification, infer mode: SC encoder type: MLP on device: cuda with abation on 2.
Saving model and plot for Trial 1 with Validation Loss = 0.7137
Best hyperparameters: {'lr': 0.0001, 'n_epochs': 350, 'alpha_0': 0.005, 'alpha_1': 0.8, 'alpha_2': 0, 'alpha_3': 0.2}
Loading the Best Model.
Starting Inference.
Perform Rejection with GMM mode with tolerance=0.05, components=[3,15]!
Found distributions with means close to 0 and 1 with 8 components.
Reject 187(36.88%) cells.
Inference Done.
We set Rank score < 0.5 as Rank- () while > 0.5 as Rank+ 
The parameters setting of model is: {'n_features': 1000, 'nhead': 2, 'nhid1': 96, 'nhid2': 8, 'n_output': 32, 'nlayers': 3, 'n_pred': 2, 'n_patho': 0, 'dropout': 0.5, 'mode': 'Classification', 'infer_mode': 'SC', 'encoder_type': 'MLP', 'model_save_path': '/mnt/NAS_21T/ProjectResult/TiRank/results/ablation/intera_5/Data1/3_Analysis/checkpoints'}
Initiate model in trail 0 with mode: Classification, infer mode: SC encoder type: MLP on device: cuda with abation on 1,2.
Saving model and plot for Trial 0 with Validation Loss = 0.7500
Initiate model in trail 1 with mode: Classification, infer mode: SC encoder type: MLP on device: cuda with abation on 1,2.
Best hyperparameters: {'lr': 0.0003, 'n_epochs': 300, 'alpha_0': 0.005, 'alpha_1': 0, 'alpha_2': 0, 'alpha_3': 0.6}
Loading the Best Model.
Starting Inference.
Perform Rejection with GMM mode with tolerance=0.05, components=[3,15]!
Underfitting!
Found distributions with means close to 0 and 1 with 3 components.
Reject 0(0.00%) cells.
Inference Done.
We set Rank score < 0.5 as Rank- () while > 0.5 as Rank+ 
Processing datasets for repeat 6:   0%|          | 0/10 [00:00<?, ?it/s]2025-03-21 12:43:32,485 - Processing dataset Data10 in /mnt/NAS_21T/ProjectResult/TiRank/results/ablation/intera_6/Data10
[I 2025-03-21 12:43:55,697] A new study created in memory with name: no-name-fac96d9b-0311-4791-b26d-6e8182143e50
[I 2025-03-21 12:44:02,511] Trial 0 finished with value: 0.7235375046730042 and parameters: {'lr': 0.0003, 'n_epochs': 500, 'alpha_0': 0.06, 'alpha_1': 0.6, 'alpha_2': 0.1, 'alpha_3': 0.4}. Best is trial 0 with value: 0.7235375046730042.
[I 2025-03-21 12:44:08,084] Trial 1 finished with value: 0.7486525774002075 and parameters: {'lr': 0.0001, 'n_epochs': 400, 'alpha_0': 0.005, 'alpha_1': 0.8, 'alpha_2': 0.05, 'alpha_3': 0.1}. Best is trial 0 with value: 0.7235375046730042.
... storing 'Rank_Label' as categorical
[I 2025-03-21 12:44:10,102] A new study created in memory with name: no-name-78fc9a3a-5dfa-440e-8e2f-f6a507ee6532
[I 2025-03-21 12:44:17,149] Trial 0 finished with value: 0.7967090010643005 and parameters: {'lr': 0.0006, 'n_epochs': 350, 'alpha_0': 0.06, 'alpha_1': 0.4, 'alpha_2': 0.001, 'alpha_3': 0.8}. Best is trial 0 with value: 0.7967090010643005.
[I 2025-03-21 12:44:23,610] Trial 1 finished with value: 0.7927408218383789 and parameters: {'lr': 1e-06, 'n_epochs': 400, 'alpha_0': 0.06, 'alpha_1': 0.5, 'alpha_2': 0.1, 'alpha_3': 1}. Best is trial 1 with value: 0.7927408218383789.
... storing 'Rank_Label' as categorical
[I 2025-03-21 12:44:25,569] A new study created in memory with name: no-name-095bb46a-3bc5-47e5-9888-c1d8edc75488
[I 2025-03-21 12:44:30,704] Trial 0 finished with value: 0.7056809663772583 and parameters: {'lr': 0.0003, 'n_epochs': 400, 'alpha_0': 0.03, 'alpha_1': 0.5, 'alpha_2': 0.1, 'alpha_3': 0.7}. Best is trial 0 with value: 0.7056809663772583.
[I 2025-03-21 12:44:35,925] Trial 1 finished with value: 0.7900540828704834 and parameters: {'lr': 1e-06, 'n_epochs': 450, 'alpha_0': 0.1, 'alpha_1': 0.6, 'alpha_2': 0.01, 'alpha_3': 0.9}. Best is trial 0 with value: 0.7056809663772583.
... storing 'Rank_Label' as categorical
[I 2025-03-21 12:44:37,878] A new study created in memory with name: no-name-28c5d16e-d7bb-4532-81fd-0fdb7f560634
[I 2025-03-21 12:44:42,572] Trial 0 finished with value: 0.7890438437461853 and parameters: {'lr': 0.001, 'n_epochs': 400, 'alpha_0': 0.06, 'alpha_1': 0, 'alpha_2': 0.001, 'alpha_3': 0.6}. Best is trial 0 with value: 0.7890438437461853.
[I 2025-03-21 12:44:46,381] Trial 1 finished with value: 0.7437960505485535 and parameters: {'lr': 0.0003, 'n_epochs': 350, 'alpha_0': 0.005, 'alpha_1': 0, 'alpha_2': 0.005, 'alpha_3': 0.6}. Best is trial 1 with value: 0.7437960505485535.
... storing 'Rank_Label' as categorical
[I 2025-03-21 12:44:48,347] A new study created in memory with name: no-name-26912cc3-590f-425e-b333-acd87ff0fc11
[I 2025-03-21 12:44:54,406] Trial 0 finished with value: 0.8080325126647949 and parameters: {'lr': 0.001, 'n_epochs': 500, 'alpha_0': 0.03, 'alpha_1': 0.7, 'alpha_2': 0, 'alpha_3': 0.4}. Best is trial 0 with value: 0.8080325126647949.
[I 2025-03-21 12:44:58,747] Trial 1 finished with value: 0.7737826108932495 and parameters: {'lr': 0.0003, 'n_epochs': 350, 'alpha_0': 0.03, 'alpha_1': 0.4, 'alpha_2': 0, 'alpha_3': 0.8}. Best is trial 1 with value: 0.7737826108932495.
... storing 'Rank_Label' as categorical
[I 2025-03-21 12:45:00,711] A new study created in memory with name: no-name-c9899144-8dd7-4ec4-ac22-2ac83a566f3c
[I 2025-03-21 12:45:04,683] Trial 0 finished with value: 0.7881104946136475 and parameters: {'lr': 0.01, 'n_epochs': 300, 'alpha_0': 0.01, 'alpha_1': 0, 'alpha_2': 0, 'alpha_3': 0.6}. Best is trial 0 with value: 0.7881104946136475.
[I 2025-03-21 12:45:08,120] Trial 1 finished with value: 0.7920142412185669 and parameters: {'lr': 0.003, 'n_epochs': 300, 'alpha_0': 0.03, 'alpha_1': 0, 'alpha_2': 0, 'alpha_3': 0.2}. Best is trial 0 with value: 0.7881104946136475.
... storing 'Rank_Label' as categorical
2025-03-21 12:45:10,059 - Finished dataset Data10 in /mnt/NAS_21T/ProjectResult/TiRank/results/ablation/intera_6/Data10
Processing datasets for repeat 6:  10%|â–ˆ         | 1/10 [01:37<14:38, 97.58s/it]2025-03-21 12:45:10,061 - Processing dataset Data9 in /mnt/NAS_21T/ProjectResult/TiRank/results/ablation/intera_6/Data9
[I 2025-03-21 12:45:41,001] A new study created in memory with name: no-name-56232782-604d-4a44-9bdd-766719a1075e
[I 2025-03-21 12:45:46,334] Trial 0 finished with value: 0.8279942274093628 and parameters: {'lr': 0.01, 'n_epochs': 500, 'alpha_0': 0.1, 'alpha_1': 0.2, 'alpha_2': 0.01, 'alpha_3': 0.4}. Best is trial 0 with value: 0.8279942274093628.
