[I 2025-03-21 09:43:54,993] Trial 0 finished with value: 0.6661646962165833 and parameters: {'lr': 0.0001, 'n_epochs': 500, 'alpha_0': 0.01, 'alpha_1': 0.9, 'alpha_2': 0.005, 'alpha_3': 0.6}. Best is trial 0 with value: 0.6661646962165833.
[I 2025-03-21 09:43:58,385] Trial 1 finished with value: 0.7346153259277344 and parameters: {'lr': 1e-05, 'n_epochs': 300, 'alpha_0': 0.005, 'alpha_1': 0.9, 'alpha_2': 0.01, 'alpha_3': 0.4}. Best is trial 0 with value: 0.6661646962165833.
... storing 'Rank_Label' as categorical
[I 2025-03-21 09:44:01,221] A new study created in memory with name: no-name-019965cc-134d-485f-ae38-0efb1dc9cb98
[I 2025-03-21 09:44:10,237] Trial 0 finished with value: 0.8357920050621033 and parameters: {'lr': 1e-06, 'n_epochs': 450, 'alpha_0': 0.01, 'alpha_1': 1, 'alpha_2': 0.001, 'alpha_3': 0.4}. Best is trial 0 with value: 0.8357920050621033.
[I 2025-03-21 09:44:16,165] Trial 1 finished with value: 0.8168635368347168 and parameters: {'lr': 1e-06, 'n_epochs': 300, 'alpha_0': 0.06, 'alpha_1': 0.1, 'alpha_2': 0.05, 'alpha_3': 0.9}. Best is trial 1 with value: 0.8168635368347168.
... storing 'Rank_Label' as categorical
[I 2025-03-21 09:44:18,992] A new study created in memory with name: no-name-ea4f3bdf-8610-469e-8f88-f5bc90acf8f4
[I 2025-03-21 09:44:23,917] Trial 0 finished with value: 0.644859790802002 and parameters: {'lr': 0.0006, 'n_epochs': 400, 'alpha_0': 0.1, 'alpha_1': 0.1, 'alpha_2': 0.05, 'alpha_3': 0.7}. Best is trial 0 with value: 0.644859790802002.
[I 2025-03-21 09:44:27,080] Trial 1 finished with value: 0.6873648762702942 and parameters: {'lr': 0.0003, 'n_epochs': 300, 'alpha_0': 0.01, 'alpha_1': 0.7, 'alpha_2': 0.001, 'alpha_3': 0.5}. Best is trial 0 with value: 0.644859790802002.
... storing 'Rank_Label' as categorical
[I 2025-03-21 09:44:29,933] A new study created in memory with name: no-name-7928044b-e565-42f3-b625-d659a4598e16
[I 2025-03-21 09:44:33,463] Trial 0 finished with value: 0.7362792491912842 and parameters: {'lr': 0.003, 'n_epochs': 300, 'alpha_0': 0.01, 'alpha_1': 0, 'alpha_2': 0.005, 'alpha_3': 0.6}. Best is trial 0 with value: 0.7362792491912842.
[I 2025-03-21 09:44:39,105] Trial 1 finished with value: 0.74321049451828 and parameters: {'lr': 0.0006, 'n_epochs': 500, 'alpha_0': 0.01, 'alpha_1': 0, 'alpha_2': 0.05, 'alpha_3': 0.1}. Best is trial 0 with value: 0.7362792491912842.
... storing 'Rank_Label' as categorical
[I 2025-03-21 09:44:41,941] A new study created in memory with name: no-name-404b6d52-853d-40a1-90da-585af5046647
[I 2025-03-21 09:44:47,225] Trial 0 finished with value: 0.7157325148582458 and parameters: {'lr': 0.0006, 'n_epochs': 450, 'alpha_0': 0.1, 'alpha_1': 0.5, 'alpha_2': 0, 'alpha_3': 0.2}. Best is trial 0 with value: 0.7157325148582458.
[I 2025-03-21 09:44:51,059] Trial 1 finished with value: 0.7147785425186157 and parameters: {'lr': 0.001, 'n_epochs': 350, 'alpha_0': 0.01, 'alpha_1': 0.3, 'alpha_2': 0, 'alpha_3': 0.4}. Best is trial 1 with value: 0.7147785425186157.
... storing 'Rank_Label' as categorical
[I 2025-03-21 09:44:53,878] A new study created in memory with name: no-name-27ef83dd-f44b-4309-92ad-a5a83ffcaa02
[I 2025-03-21 09:44:57,279] Trial 0 finished with value: 0.7809771299362183 and parameters: {'lr': 0.0001, 'n_epochs': 300, 'alpha_0': 0.005, 'alpha_1': 0, 'alpha_2': 0, 'alpha_3': 0.4}. Best is trial 0 with value: 0.7809771299362183.
[I 2025-03-21 09:45:01,920] Trial 1 finished with value: 0.7782474160194397 and parameters: {'lr': 0.0006, 'n_epochs': 400, 'alpha_0': 0.1, 'alpha_1': 0, 'alpha_2': 0, 'alpha_3': 0.4}. Best is trial 1 with value: 0.7782474160194397.
... storing 'Rank_Label' as categorical
2025-03-21 09:45:04,713 - Finished dataset Data4 in /mnt/NAS_21T/ProjectResult/TiRank/results/ablation/intera_4/Data4
Processing datasets for repeat 4:  70%|â–ˆâ–ˆâ–ˆâ–ˆâ–ˆâ–ˆâ–ˆ   | 7/10 [2:28:41<45:43, 914.64s/it]   2025-03-21 09:45:04,715 - Processing dataset Data3 in /mnt/NAS_21T/ProjectResult/TiRank/results/ablation/intera_4/Data3
[I 2025-03-21 09:45:43,348] A new study created in memory with name: no-name-60b4945a-f35b-4a3c-8d0e-d56bfa2c39e3
[I 2025-03-21 09:45:49,393] Trial 0 finished with value: 0.7040033936500549 and parameters: {'lr': 0.003, 'n_epochs': 500, 'alpha_0': 0.1, 'alpha_1': 1, 'alpha_2': 0.001, 'alpha_3': 0.7}. Best is trial 0 with value: 0.7040033936500549.
{'lr': 0.001, 'n_epochs': 350, 'alpha_0': 0.06, 'alpha_1': 0, 'alpha_2': 0, 'alpha_3': 0.3}
Loading the Best Model.
Starting Inference.
Perform Rejection with GMM mode with tolerance=0.05, components=[3,15]!
Underfitting!
Found distributions with means close to 0 and 1 with 3 components.
Reject 0(0.00%) cells.
Inference Done.
We set Rank score < 0.5 as Rank- () while > 0.5 as Rank+ 
Starting load data for gene pair transformation.
Starting gene pair extraction.
Get candidate genes done.
There are 414 genes up-regulated in Group 0 and 465 genes up-regulated in Group 1.
Get candidate gene pairs done.
Profile transformation done.
Starting save gene pair matrices.
Save gene pair matrices done.
Save informative gene matrices done.
The parameters setting of model is: {'n_features': 1000, 'nhead': 2, 'nhid1': 96, 'nhid2': 8, 'n_output': 32, 'nlayers': 3, 'n_pred': 2, 'n_patho': 0, 'dropout': 0.5, 'mode': 'Classification', 'infer_mode': 'SC', 'encoder_type': 'DenseNet', 'model_save_path': '/mnt/NAS_21T/ProjectResult/TiRank/results/ablation/intera_4/Data4/3_Analysis/checkpoints'}
Initiate model in trail 0 with mode: Classification, infer mode: SC encoder type: DenseNet on device: cuda.
Saving model and plot for Trial 0 with Validation Loss = 0.6662
Initiate model in trail 1 with mode: Classification, infer mode: SC encoder type: DenseNet on device: cuda.
Best hyperparameters: {'lr': 0.0001, 'n_epochs': 500, 'alpha_0': 0.01, 'alpha_1': 0.9, 'alpha_2': 0.005, 'alpha_3': 0.6}
Loading the Best Model.
Starting Inference.
Perform Rejection with GMM mode with tolerance=0.05, components=[3,15]!
Found distributions with means close to 0 and 1 with 5 components.
Reject 141(43.52%) cells.
Inference Done.
We set Rank score < 0.5 as Rank- () while > 0.5 as Rank+ 
The parameters setting of model is: {'n_features': 1000, 'nhead': 2, 'nhid1': 96, 'nhid2': 8, 'n_output': 32, 'nlayers': 3, 'n_pred': 2, 'n_patho': 0, 'dropout': 0.5, 'mode': 'Classification', 'infer_mode': 'SC', 'encoder_type': 'Transformer', 'model_save_path': '/mnt/NAS_21T/ProjectResult/TiRank/results/ablation/intera_4/Data4/3_Analysis/checkpoints'}
Initiate model in trail 0 with mode: Classification, infer mode: SC encoder type: Transformer on device: cuda.
Saving model and plot for Trial 0 with Validation Loss = 0.8358
Initiate model in trail 1 with mode: Classification, infer mode: SC encoder type: Transformer on device: cuda.
Saving model and plot for Trial 1 with Validation Loss = 0.8169
Best hyperparameters: {'lr': 1e-06, 'n_epochs': 300, 'alpha_0': 0.06, 'alpha_1': 0.1, 'alpha_2': 0.05, 'alpha_3': 0.9}
Loading the Best Model.
Starting Inference.
Perform Rejection with GMM mode with tolerance=0.05, components=[3,15]!
Underfitting!
Found distributions with means close to 0 and 1 with 3 components.
Reject 0(0.00%) cells.
Inference Done.
We set Rank score < 0.5 as Rank- () while > 0.5 as Rank+ 
The parameters setting of model is: {'n_features': 1000, 'nhead': 2, 'nhid1': 96, 'nhid2': 8, 'n_output': 32, 'nlayers': 3, 'n_pred': 2, 'n_patho': 0, 'dropout': 0.5, 'mode': 'Classification', 'infer_mode': 'SC', 'encoder_type': 'MLP', 'model_save_path': '/mnt/NAS_21T/ProjectResult/TiRank/results/ablation/intera_4/Data4/3_Analysis/checkpoints'}
Initiate model in trail 0 with mode: Classification, infer mode: SC encoder type: MLP on device: cuda.
Saving model and plot for Trial 0 with Validation Loss = 0.6449
Initiate model in trail 1 with mode: Classification, infer mode: SC encoder type: MLP on device: cuda.
Best hyperparameters: {'lr': 0.0006, 'n_epochs': 400, 'alpha_0': 0.1, 'alpha_1': 0.1, 'alpha_2': 0.05, 'alpha_3': 0.7}
Loading the Best Model.
Starting Inference.
Perform Rejection with GMM mode with tolerance=0.05, components=[3,15]!
Found distributions with means close to 0 and 1 with 8 components.
Reject 255(78.70%) cells.
Inference Done.
We set Rank score < 0.5 as Rank- () while > 0.5 as Rank+ 
The parameters setting of model is: {'n_features': 1000, 'nhead': 2, 'nhid1': 96, 'nhid2': 8, 'n_output': 32, 'nlayers': 3, 'n_pred': 2, 'n_patho': 0, 'dropout': 0.5, 'mode': 'Classification', 'infer_mode': 'SC', 'encoder_type': 'MLP', 'model_save_path': '/mnt/NAS_21T/ProjectResult/TiRank/results/ablation/intera_4/Data4/3_Analysis/checkpoints'}
Initiate model in trail 0 with mode: Classification, infer mode: SC encoder type: MLP on device: cuda with abation on 1.
Saving model and plot for Trial 0 with Validation Loss = 0.7363
Initiate model in trail 1 with mode: Classification, infer mode: SC encoder type: MLP on device: cuda with abation on 1.
Best hyperparameters: {'lr': 0.003, 'n_epochs': 300, 'alpha_0': 0.01, 'alpha_1': 0, 'alpha_2': 0.005, 'alpha_3': 0.6}
Loading the Best Model.
Starting Inference.
Perform Rejection with GMM mode with tolerance=0.05, components=[3,15]!
Underfitting!
Found distributions with means close to 0 and 1 with 3 components.
Reject 0(0.00%) cells.
Inference Done.
We set Rank score < 0.5 as Rank- () while > 0.5 as Rank+ 
The parameters setting of model is: {'n_features': 1000, 'nhead': 2, 'nhid1': 96, 'nhid2': 8, 'n_output': 32, 'nlayers': 3, 'n_pred': 2, 'n_patho': 0, 'dropout': 0.5, 'mode': 'Classification', 'infer_mode': 'SC', 'encoder_type': 'MLP', 'model_save_path': '/mnt/NAS_21T/ProjectResult/TiRank/results/ablation/intera_4/Data4/3_Analysis/checkpoints'}
Initiate model in trail 0 with mode: Classification, infer mode: SC encoder type: MLP on device: cuda with abation on 2.
Saving model and plot for Trial 0 with Validation Loss = 0.7157
Initiate model in trail 1 with mode: Classification, infer mode: SC encoder type: MLP on device: cuda with abation on 2.
Saving model and plot for Trial 1 with Validation Loss = 0.7148
Best hyperparameters: {'lr': 0.001, 'n_epochs': 350, 'alpha_0': 0.01, 'alpha_1': 0.3, 'alpha_2': 0, 'alpha_3': 0.4}
Loading the Best Model.
Starting Inference.
Perform Rejection with GMM mode with tolerance=0.05, components=[3,15]!
Found distributions with means close to 0 and 1 with 3 components.
Reject 52(16.05%) cells.
Inference Done.
We set Rank score < 0.5 as Rank- () while > 0.5 as Rank+ 
The parameters setting of model is: {'n_features': 1000, 'nhead': 2, 'nhid1': 96, 'nhid2': 8, 'n_output': 32, 'nlayers': 3, 'n_pred': 2, 'n_patho': 0, 'dropout': 0.5, 'mode': 'Classification', 'infer_mode': 'SC', 'encoder_type': 'MLP', 'model_save_path': '/mnt/NAS_21T/ProjectResult/TiRank/results/ablation/intera_4/Data4/3_Analysis/checkpoints'}
Initiate model in trail 0 with mode: Classification, infer mode: SC encoder type: MLP on device: cuda with abation on 1,2.
Saving model and plot for Trial 0 with Validation Loss = 0.7810
Initiate model in trail 1 with mode: Classification, infer mode: SC encoder type: MLP on device: cuda with abation on 1,2.
Saving model and plot for Trial 1 with Validation Loss = 0.7782
Best hyperparameters: {'lr': 0.0006, 'n_epochs': 400, 'alpha_0': 0.1, 'alpha_1': 0, 'alpha_2': 0, 'alpha_3': 0.4}
Loading the Best Model.
Starting Inference.
Perform Rejection with GMM mode with tolerance=0.05, components=[3,15]!
Underfitting!
Found distributions with means close to 0 and 1 with 3 components.
Reject 0(0.00%) cells.
Inference Done.
We set Rank score < 0.5 as Rank- () while > 0.5 as Rank+ 
Starting load data for gene pair transformation.
Starting gene pair extraction.
Get candidate genes done.
There are 414 genes up-regulated in Group 0 and 465 genes up-regulated in Group 1.
Get candidate gene pairs done.
Profile transformation done.
Starting save gene pair matrices.
Save gene pair matrices done.
Save informative gene matrices done.
The parameters setting of model is: {'n_features': 1000, 'nhead': 2, 'nhid1': 96, 'nhid2': 8, 'n_output': 32, 'nlayers': 3, 'n_pred': 2, 'n_patho': 0, 'dropout': 0.5, 'mode': 'Classification', 'infer_mode': 'SC', 'encoder_type': 'DenseNet', 'model_save_path': '/mnt/NAS_21T/ProjectResult/TiRank/results/ablation/intera_4/Data3/3_Analysis/checkpoints'}
Initiate model in trail 0 with mode: Classification, infer mode: SC encoder type: DenseNet on device: cuda.
Saving model and plot for Trial 0 with Validation Loss = 0.7040
[I 2025-03-21 09:45:54,675] Trial 1 finished with value: 0.6629777550697327 and parameters: {'lr': 0.001, 'n_epochs': 400, 'alpha_0': 0.005, 'alpha_1': 0.5, 'alpha_2': 0.05, 'alpha_3': 0.4}. Best is trial 1 with value: 0.6629777550697327.
... storing 'Rank_Label' as categorical
[I 2025-03-21 09:45:57,550] A new study created in memory with name: no-name-a408a08a-f5ca-45ea-b83b-8f9e6f8332d9
[I 2025-03-21 09:46:03,208] Trial 0 finished with value: 0.8206005096435547 and parameters: {'lr': 1e-05, 'n_epochs': 300, 'alpha_0': 0.005, 'alpha_1': 0.3, 'alpha_2': 0.01, 'alpha_3': 0.9}. Best is trial 0 with value: 0.8206005096435547.
[I 2025-03-21 09:46:11,089] Trial 1 finished with value: 0.815963864326477 and parameters: {'lr': 1e-05, 'n_epochs': 400, 'alpha_0': 0.005, 'alpha_1': 0.2, 'alpha_2': 0.1, 'alpha_3': 0.2}. Best is trial 1 with value: 0.815963864326477.
... storing 'Rank_Label' as categorical
[I 2025-03-21 09:46:13,920] A new study created in memory with name: no-name-9f92c8ae-b85a-4117-a859-4149b72946f1
[I 2025-03-21 09:46:18,383] Trial 0 finished with value: 0.832373321056366 and parameters: {'lr': 1e-06, 'n_epochs': 400, 'alpha_0': 0.03, 'alpha_1': 0.4, 'alpha_2': 0.01, 'alpha_3': 0.5}. Best is trial 0 with value: 0.832373321056366.
[I 2025-03-21 09:46:23,666] Trial 1 finished with value: 0.7165642380714417 and parameters: {'lr': 0.006, 'n_epochs': 450, 'alpha_0': 0.06, 'alpha_1': 0.4, 'alpha_2': 0.005, 'alpha_3': 0.4}. Best is trial 1 with value: 0.7165642380714417.
... storing 'Rank_Label' as categorical
[I 2025-03-21 09:46:26,463] A new study created in memory with name: no-name-4a352322-e84e-423f-b70d-8d2d688dccd6
[I 2025-03-21 09:46:31,645] Trial 0 finished with value: 0.7397427558898926 and parameters: {'lr': 0.0003, 'n_epochs': 500, 'alpha_0': 0.005, 'alpha_1': 0, 'alpha_2': 0.005, 'alpha_3': 1}. Best is trial 0 with value: 0.7397427558898926.
[I 2025-03-21 09:46:36,839] Trial 1 finished with value: 0.7222710251808167 and parameters: {'lr': 0.0003, 'n_epochs': 450, 'alpha_0': 0.03, 'alpha_1': 0, 'alpha_2': 0.1, 'alpha_3': 0.9}. Best is trial 1 with value: 0.7222710251808167.
... storing 'Rank_Label' as categorical
[I 2025-03-21 09:46:39,659] A new study created in memory with name: no-name-a1143220-6071-4aa4-8666-12635f343cf5
[I 2025-03-21 09:46:43,889] Trial 0 finished with value: 0.7018790245056152 and parameters: {'lr': 0.0003, 'n_epochs': 400, 'alpha_0': 0.03, 'alpha_1': 0.9, 'alpha_2': 0, 'alpha_3': 0.4}. Best is trial 0 with value: 0.7018790245056152.
[I 2025-03-21 09:46:48,376] Trial 1 finished with value: 0.7147957682609558 and parameters: {'lr': 0.001, 'n_epochs': 400, 'alpha_0': 0.005, 'alpha_1': 0.5, 'alpha_2': 0, 'alpha_3': 0.1}. Best is trial 0 with value: 0.7018790245056152.
... storing 'Rank_Label' as categorical
[I 2025-03-21 09:46:51,423] A new study created in memory with name: no-name-2b7ae7dd-fb2d-4fe3-a781-6ddcc362db28
[I 2025-03-21 09:46:54,814] Trial 0 finished with value: 0.7676234245300293 and parameters: {'lr': 0.01, 'n_epochs': 300, 'alpha_0': 0.005, 'alpha_1': 0, 'alpha_2': 0, 'alpha_3': 1}. Best is trial 0 with value: 0.7676234245300293.
[I 2025-03-21 09:47:00,206] Trial 1 finished with value: 0.8364356756210327 and parameters: {'lr': 0.01, 'n_epochs': 500, 'alpha_0': 0.1, 'alpha_1': 0, 'alpha_2': 0, 'alpha_3': 1}. Best is trial 0 with value: 0.7676234245300293.
... storing 'Rank_Label' as categorical
2025-03-21 09:47:03,017 - Finished dataset Data3 in /mnt/NAS_21T/ProjectResult/TiRank/results/ablation/intera_4/Data3
Processing datasets for repeat 4:  80%|â–ˆâ–ˆâ–ˆâ–ˆâ–ˆâ–ˆâ–ˆâ–ˆ  | 8/10 [2:30:39<22:02, 661.13s/it]2025-03-21 09:47:03,019 - Processing dataset Data2 in /mnt/NAS_21T/ProjectResult/TiRank/results/ablation/intera_4/Data2
[I 2025-03-21 09:47:29,477] A new study created in memory with name: no-name-40d0797e-872e-4ff9-b3ca-c969683e5c6e
[I 2025-03-21 09:47:37,410] Trial 0 finished with value: 0.7063511610031128 and parameters: {'lr': 1e-05, 'n_epochs': 450, 'alpha_0': 0.03, 'alpha_1': 0.4, 'alpha_2': 0.005, 'alpha_3': 0.3}. Best is trial 0 with value: 0.7063511610031128.
[I 2025-03-21 09:47:44,359] Trial 1 finished with value: 0.7715450525283813 and parameters: {'lr': 1e-06, 'n_epochs': 400, 'alpha_0': 0.005, 'alpha_1': 0.4, 'alpha_2': 0.001, 'alpha_3': 0.8}. Best is trial 0 with value: 0.7063511610031128.
... storing 'Rank_Label' as categorical
[I 2025-03-21 09:47:47,925] A new study created in memory with name: no-name-1a35c6b0-8962-4a00-8985-ddfad9cbecbb
[I 2025-03-21 09:47:55,744] Trial 0 finished with value: 0.7644568085670471 and parameters: {'lr': 0.01, 'n_epochs': 400, 'alpha_0': 0.06, 'alpha_1': 0.8, 'alpha_2': 0.05, 'alpha_3': 0.5}. Best is trial 0 with value: 0.7644568085670471.
