[I 2025-03-21 17:43:23,847] Trial 0 finished with value: 0.7411564588546753 and parameters: {'lr': 1e-05, 'n_epochs': 300, 'alpha_0': 0.01, 'alpha_1': 0.9, 'alpha_2': 0.05, 'alpha_3': 0.2}. Best is trial 0 with value: 0.7411564588546753.
[I 2025-03-21 17:43:28,582] Trial 1 finished with value: 0.7030912637710571 and parameters: {'lr': 0.003, 'n_epochs': 400, 'alpha_0': 0.03, 'alpha_1': 0.9, 'alpha_2': 0.1, 'alpha_3': 1}. Best is trial 1 with value: 0.7030912637710571.
... storing 'Rank_Label' as categorical
[I 2025-03-21 17:43:31,367] A new study created in memory with name: no-name-73e0e918-1d6f-4324-9235-bfef805b2715
[I 2025-03-21 17:43:36,143] Trial 0 finished with value: 0.6648769974708557 and parameters: {'lr': 0.006, 'n_epochs': 300, 'alpha_0': 0.005, 'alpha_1': 0.5, 'alpha_2': 0.05, 'alpha_3': 0.9}. Best is trial 0 with value: 0.6648769974708557.
[I 2025-03-21 17:43:42,585] Trial 1 finished with value: 0.6850878596305847 and parameters: {'lr': 0.0003, 'n_epochs': 400, 'alpha_0': 0.06, 'alpha_1': 0.9, 'alpha_2': 0.05, 'alpha_3': 0.5}. Best is trial 0 with value: 0.6648769974708557.
... storing 'Rank_Label' as categorical
[I 2025-03-21 17:43:45,331] A new study created in memory with name: no-name-1b3383e0-eb67-49e3-bd2e-7ed30fe3def7
[I 2025-03-21 17:43:47,778] Trial 0 finished with value: 0.7371098399162292 and parameters: {'lr': 0.001, 'n_epochs': 300, 'alpha_0': 0.1, 'alpha_1': 0.9, 'alpha_2': 0.005, 'alpha_3': 0.4}. Best is trial 0 with value: 0.7371098399162292.
[I 2025-03-21 17:43:51,060] Trial 1 finished with value: 0.6444827318191528 and parameters: {'lr': 0.0006, 'n_epochs': 350, 'alpha_0': 0.005, 'alpha_1': 0.1, 'alpha_2': 0.1, 'alpha_3': 0.9}. Best is trial 1 with value: 0.6444827318191528.
... storing 'Rank_Label' as categorical
[I 2025-03-21 17:43:53,855] A new study created in memory with name: no-name-74d8d2e8-791a-4cfd-9b4a-f1122823d42b
[I 2025-03-21 17:43:57,540] Trial 0 finished with value: 0.7634304761886597 and parameters: {'lr': 1e-06, 'n_epochs': 400, 'alpha_0': 0.06, 'alpha_1': 0, 'alpha_2': 0.001, 'alpha_3': 0.4}. Best is trial 0 with value: 0.7634304761886597.
[I 2025-03-21 17:44:01,124] Trial 1 finished with value: 0.7044773697853088 and parameters: {'lr': 0.0003, 'n_epochs': 400, 'alpha_0': 0.005, 'alpha_1': 0, 'alpha_2': 0.05, 'alpha_3': 0.8}. Best is trial 1 with value: 0.7044773697853088.
... storing 'Rank_Label' as categorical
[I 2025-03-21 17:44:03,858] A new study created in memory with name: no-name-adc5e0fb-891b-4c27-9e3f-cf96d12eb975
[I 2025-03-21 17:44:07,972] Trial 0 finished with value: 0.6998037695884705 and parameters: {'lr': 0.0003, 'n_epochs': 500, 'alpha_0': 0.005, 'alpha_1': 0.6, 'alpha_2': 0, 'alpha_3': 0.5}. Best is trial 0 with value: 0.6998037695884705.
[I 2025-03-21 17:44:10,856] Trial 1 finished with value: 0.7229004502296448 and parameters: {'lr': 0.001, 'n_epochs': 300, 'alpha_0': 0.01, 'alpha_1': 0.6, 'alpha_2': 0, 'alpha_3': 0.9}. Best is trial 0 with value: 0.6998037695884705.
... storing 'Rank_Label' as categorical
[I 2025-03-21 17:44:13,595] A new study created in memory with name: no-name-1131881f-718f-4ee0-840b-20341898ccc1
[I 2025-03-21 17:44:18,302] Trial 0 finished with value: 0.775407612323761 and parameters: {'lr': 0.01, 'n_epochs': 500, 'alpha_0': 0.01, 'alpha_1': 0, 'alpha_2': 0, 'alpha_3': 0.2}. Best is trial 0 with value: 0.775407612323761.
[I 2025-03-21 17:44:22,986] Trial 1 finished with value: 0.8188836574554443 and parameters: {'lr': 0.0006, 'n_epochs': 500, 'alpha_0': 0.01, 'alpha_1': 0, 'alpha_2': 0, 'alpha_3': 0.4}. Best is trial 0 with value: 0.775407612323761.
... storing 'Rank_Label' as categorical
2025-03-21 17:44:25,896 - Finished dataset Data4 in /mnt/NAS_21T/ProjectResult/TiRank/results/ablation/intera_7/Data4
Processing datasets for repeat 7:  70%|â–ˆâ–ˆâ–ˆâ–ˆâ–ˆâ–ˆâ–ˆ   | 7/10 [2:29:20<44:47, 895.94s/it]   2025-03-21 17:44:25,898 - Processing dataset Data3 in /mnt/NAS_21T/ProjectResult/TiRank/results/ablation/intera_7/Data3
[I 2025-03-21 17:45:03,020] A new study created in memory with name: no-name-32f0b493-bc27-4740-8a26-d4759b4627ab
[I 2025-03-21 17:45:06,866] Trial 0 finished with value: 0.7397772669792175 and parameters: {'lr': 0.0001, 'n_epochs': 350, 'alpha_0': 0.06, 'alpha_1': 0.9, 'alpha_2': 0.005, 'alpha_3': 0.4}. Best is trial 0 with value: 0.7397772669792175.
[I 2025-03-21 17:45:11,042] Trial 1 finished with value: 0.7270857095718384 and parameters: {'lr': 1e-06, 'n_epochs': 350, 'alpha_0': 0.01, 'alpha_1': 1, 'alpha_2': 0.005, 'alpha_3': 0.8}. Best is trial 1 with value: 0.7270857095718384.
Reject 0(0.00%) cells.
Inference Done.
We set Rank score < 0.5 as Rank- () while > 0.5 as Rank+ 
Starting load data for gene pair transformation.
Starting gene pair extraction.
Get candidate genes done.
There are 414 genes up-regulated in Group 0 and 465 genes up-regulated in Group 1.
Get candidate gene pairs done.
Profile transformation done.
Starting save gene pair matrices.
Save gene pair matrices done.
Save informative gene matrices done.
The parameters setting of model is: {'n_features': 1000, 'nhead': 2, 'nhid1': 96, 'nhid2': 8, 'n_output': 32, 'nlayers': 3, 'n_pred': 2, 'n_patho': 0, 'dropout': 0.5, 'mode': 'Classification', 'infer_mode': 'SC', 'encoder_type': 'DenseNet', 'model_save_path': '/mnt/NAS_21T/ProjectResult/TiRank/results/ablation/intera_7/Data4/3_Analysis/checkpoints'}
Initiate model in trail 0 with mode: Classification, infer mode: SC encoder type: DenseNet on device: cuda.
Saving model and plot for Trial 0 with Validation Loss = 0.7412
Initiate model in trail 1 with mode: Classification, infer mode: SC encoder type: DenseNet on device: cuda.
Saving model and plot for Trial 1 with Validation Loss = 0.7031
Best hyperparameters: {'lr': 0.003, 'n_epochs': 400, 'alpha_0': 0.03, 'alpha_1': 0.9, 'alpha_2': 0.1, 'alpha_3': 1}
Loading the Best Model.
Starting Inference.
Perform Rejection with GMM mode with tolerance=0.05, components=[3,15]!
Found distributions with means close to 0 and 1 with 3 components.
Reject 9(2.78%) cells.
Inference Done.
We set Rank score < 0.5 as Rank- () while > 0.5 as Rank+ 
The parameters setting of model is: {'n_features': 1000, 'nhead': 2, 'nhid1': 96, 'nhid2': 8, 'n_output': 32, 'nlayers': 3, 'n_pred': 2, 'n_patho': 0, 'dropout': 0.5, 'mode': 'Classification', 'infer_mode': 'SC', 'encoder_type': 'Transformer', 'model_save_path': '/mnt/NAS_21T/ProjectResult/TiRank/results/ablation/intera_7/Data4/3_Analysis/checkpoints'}
Initiate model in trail 0 with mode: Classification, infer mode: SC encoder type: Transformer on device: cuda.
Saving model and plot for Trial 0 with Validation Loss = 0.6649
Initiate model in trail 1 with mode: Classification, infer mode: SC encoder type: Transformer on device: cuda.
Best hyperparameters: {'lr': 0.006, 'n_epochs': 300, 'alpha_0': 0.005, 'alpha_1': 0.5, 'alpha_2': 0.05, 'alpha_3': 0.9}
Loading the Best Model.
Starting Inference.
Perform Rejection with GMM mode with tolerance=0.05, components=[3,15]!
Found distributions with means close to 0 and 1 with 3 components.
Reject 161(49.69%) cells.
Inference Done.
We set Rank score < 0.5 as Rank- () while > 0.5 as Rank+ 
The parameters setting of model is: {'n_features': 1000, 'nhead': 2, 'nhid1': 96, 'nhid2': 8, 'n_output': 32, 'nlayers': 3, 'n_pred': 2, 'n_patho': 0, 'dropout': 0.5, 'mode': 'Classification', 'infer_mode': 'SC', 'encoder_type': 'MLP', 'model_save_path': '/mnt/NAS_21T/ProjectResult/TiRank/results/ablation/intera_7/Data4/3_Analysis/checkpoints'}
Initiate model in trail 0 with mode: Classification, infer mode: SC encoder type: MLP on device: cuda.
Saving model and plot for Trial 0 with Validation Loss = 0.7371
Initiate model in trail 1 with mode: Classification, infer mode: SC encoder type: MLP on device: cuda.
Saving model and plot for Trial 1 with Validation Loss = 0.6445
Best hyperparameters: {'lr': 0.0006, 'n_epochs': 350, 'alpha_0': 0.005, 'alpha_1': 0.1, 'alpha_2': 0.1, 'alpha_3': 0.9}
Loading the Best Model.
Starting Inference.
Perform Rejection with GMM mode with tolerance=0.05, components=[3,15]!
Found distributions with means close to 0 and 1 with 13 components.
Reject 292(90.12%) cells.
Inference Done.
We set Rank score < 0.5 as Rank- () while > 0.5 as Rank+ 
The parameters setting of model is: {'n_features': 1000, 'nhead': 2, 'nhid1': 96, 'nhid2': 8, 'n_output': 32, 'nlayers': 3, 'n_pred': 2, 'n_patho': 0, 'dropout': 0.5, 'mode': 'Classification', 'infer_mode': 'SC', 'encoder_type': 'MLP', 'model_save_path': '/mnt/NAS_21T/ProjectResult/TiRank/results/ablation/intera_7/Data4/3_Analysis/checkpoints'}
Initiate model in trail 0 with mode: Classification, infer mode: SC encoder type: MLP on device: cuda with abation on 1.
Saving model and plot for Trial 0 with Validation Loss = 0.7634
Initiate model in trail 1 with mode: Classification, infer mode: SC encoder type: MLP on device: cuda with abation on 1.
Saving model and plot for Trial 1 with Validation Loss = 0.7045
Best hyperparameters: {'lr': 0.0003, 'n_epochs': 400, 'alpha_0': 0.005, 'alpha_1': 0, 'alpha_2': 0.05, 'alpha_3': 0.8}
Loading the Best Model.
Starting Inference.
Perform Rejection with GMM mode with tolerance=0.05, components=[3,15]!
Underfitting!
Found distributions with means close to 0 and 1 with 3 components.
Reject 0(0.00%) cells.
Inference Done.
We set Rank score < 0.5 as Rank- () while > 0.5 as Rank+ 
The parameters setting of model is: {'n_features': 1000, 'nhead': 2, 'nhid1': 96, 'nhid2': 8, 'n_output': 32, 'nlayers': 3, 'n_pred': 2, 'n_patho': 0, 'dropout': 0.5, 'mode': 'Classification', 'infer_mode': 'SC', 'encoder_type': 'MLP', 'model_save_path': '/mnt/NAS_21T/ProjectResult/TiRank/results/ablation/intera_7/Data4/3_Analysis/checkpoints'}
Initiate model in trail 0 with mode: Classification, infer mode: SC encoder type: MLP on device: cuda with abation on 2.
Saving model and plot for Trial 0 with Validation Loss = 0.6998
Initiate model in trail 1 with mode: Classification, infer mode: SC encoder type: MLP on device: cuda with abation on 2.
Best hyperparameters: {'lr': 0.0003, 'n_epochs': 500, 'alpha_0': 0.005, 'alpha_1': 0.6, 'alpha_2': 0, 'alpha_3': 0.5}
Loading the Best Model.
Starting Inference.
Perform Rejection with GMM mode with tolerance=0.05, components=[3,15]!
Found distributions with means close to 0 and 1 with 5 components.
Reject 104(32.10%) cells.
Inference Done.
We set Rank score < 0.5 as Rank- () while > 0.5 as Rank+ 
The parameters setting of model is: {'n_features': 1000, 'nhead': 2, 'nhid1': 96, 'nhid2': 8, 'n_output': 32, 'nlayers': 3, 'n_pred': 2, 'n_patho': 0, 'dropout': 0.5, 'mode': 'Classification', 'infer_mode': 'SC', 'encoder_type': 'MLP', 'model_save_path': '/mnt/NAS_21T/ProjectResult/TiRank/results/ablation/intera_7/Data4/3_Analysis/checkpoints'}
Initiate model in trail 0 with mode: Classification, infer mode: SC encoder type: MLP on device: cuda with abation on 1,2.
Saving model and plot for Trial 0 with Validation Loss = 0.7754
Initiate model in trail 1 with mode: Classification, infer mode: SC encoder type: MLP on device: cuda with abation on 1,2.
Best hyperparameters: {'lr': 0.01, 'n_epochs': 500, 'alpha_0': 0.01, 'alpha_1': 0, 'alpha_2': 0, 'alpha_3': 0.2}
Loading the Best Model.
Starting Inference.
Perform Rejection with GMM mode with tolerance=0.05, components=[3,15]!
Underfitting!
Found distributions with means close to 0 and 1 with 3 components.
Reject 0(0.00%) cells.
Inference Done.
We set Rank score < 0.5 as Rank- () while > 0.5 as Rank+ 
Starting load data for gene pair transformation.
Starting gene pair extraction.
Get candidate genes done.
There are 414 genes up-regulated in Group 0 and 465 genes up-regulated in Group 1.
Get candidate gene pairs done.
Profile transformation done.
Starting save gene pair matrices.
Save gene pair matrices done.
Save informative gene matrices done.
The parameters setting of model is: {'n_features': 1000, 'nhead': 2, 'nhid1': 96, 'nhid2': 8, 'n_output': 32, 'nlayers': 3, 'n_pred': 2, 'n_patho': 0, 'dropout': 0.5, 'mode': 'Classification', 'infer_mode': 'SC', 'encoder_type': 'DenseNet', 'model_save_path': '/mnt/NAS_21T/ProjectResult/TiRank/results/ablation/intera_7/Data3/3_Analysis/checkpoints'}
Initiate model in trail 0 with mode: Classification, infer mode: SC encoder type: DenseNet on device: cuda.
Saving model and plot for Trial 0 with Validation Loss = 0.7398
Initiate model in trail 1 with mode: Classification, infer mode: SC encoder type: DenseNet on device: cuda.
Saving model and plot for Trial 1 with Validation Loss = 0.7271
Best hyperparameters: {'lr': 1e-06, 'n_epochs': 350, 'alpha_0': 0.01, 'alpha_1': 1, 'alpha_2': 0.005, 'alpha_3': 0.8}
Loading the Best Model.
Starting Inference.
... storing 'Rank_Label' as categorical
[I 2025-03-21 17:45:13,825] A new study created in memory with name: no-name-5be66314-8390-4ca1-a3b4-d83d8343714b
[I 2025-03-21 17:45:19,355] Trial 0 finished with value: 0.7164801955223083 and parameters: {'lr': 0.01, 'n_epochs': 300, 'alpha_0': 0.1, 'alpha_1': 1, 'alpha_2': 0.001, 'alpha_3': 0.2}. Best is trial 0 with value: 0.7164801955223083.
[I 2025-03-21 17:45:24,866] Trial 1 finished with value: 0.8033501505851746 and parameters: {'lr': 1e-05, 'n_epochs': 300, 'alpha_0': 0.03, 'alpha_1': 0.9, 'alpha_2': 0.05, 'alpha_3': 0.1}. Best is trial 0 with value: 0.7164801955223083.
... storing 'Rank_Label' as categorical
[I 2025-03-21 17:45:27,615] A new study created in memory with name: no-name-30a8e226-5092-4b1b-81ad-dd67de914a32
[I 2025-03-21 17:45:30,933] Trial 0 finished with value: 0.6451807618141174 and parameters: {'lr': 0.0006, 'n_epochs': 350, 'alpha_0': 0.005, 'alpha_1': 0.2, 'alpha_2': 0.05, 'alpha_3': 0.3}. Best is trial 0 with value: 0.6451807618141174.
[I 2025-03-21 17:45:34,212] Trial 1 finished with value: 0.777786135673523 and parameters: {'lr': 1e-05, 'n_epochs': 350, 'alpha_0': 0.03, 'alpha_1': 0.8, 'alpha_2': 0.005, 'alpha_3': 0.2}. Best is trial 0 with value: 0.6451807618141174.
... storing 'Rank_Label' as categorical
[I 2025-03-21 17:45:36,997] A new study created in memory with name: no-name-f7f24b88-1ff7-4cff-b13b-79efd37ad64a
[I 2025-03-21 17:45:41,496] Trial 0 finished with value: 0.8053048849105835 and parameters: {'lr': 0.001, 'n_epochs': 500, 'alpha_0': 0.005, 'alpha_1': 0, 'alpha_2': 0.001, 'alpha_3': 0.2}. Best is trial 0 with value: 0.8053048849105835.
[I 2025-03-21 17:45:45,209] Trial 1 finished with value: 0.7321909070014954 and parameters: {'lr': 0.0001, 'n_epochs': 400, 'alpha_0': 0.03, 'alpha_1': 0, 'alpha_2': 0.01, 'alpha_3': 0.1}. Best is trial 1 with value: 0.7321909070014954.
... storing 'Rank_Label' as categorical
[I 2025-03-21 17:45:48,118] A new study created in memory with name: no-name-e9a5f0c9-a613-400c-9234-c23f99ce9d7c
[I 2025-03-21 17:45:50,889] Trial 0 finished with value: 0.7067157030105591 and parameters: {'lr': 0.0006, 'n_epochs': 300, 'alpha_0': 0.1, 'alpha_1': 0.5, 'alpha_2': 0, 'alpha_3': 0.1}. Best is trial 0 with value: 0.7067157030105591.
[I 2025-03-21 17:45:55,202] Trial 1 finished with value: 0.7826805114746094 and parameters: {'lr': 1e-05, 'n_epochs': 450, 'alpha_0': 0.06, 'alpha_1': 0.6, 'alpha_2': 0, 'alpha_3': 0.6}. Best is trial 0 with value: 0.7067157030105591.
... storing 'Rank_Label' as categorical
[I 2025-03-21 17:45:57,928] A new study created in memory with name: no-name-5944851b-38b5-48ec-b197-9a3fb022e537
[I 2025-03-21 17:46:01,674] Trial 0 finished with value: 0.7602246999740601 and parameters: {'lr': 1e-05, 'n_epochs': 400, 'alpha_0': 0.1, 'alpha_1': 0, 'alpha_2': 0, 'alpha_3': 0.3}. Best is trial 0 with value: 0.7602246999740601.
[I 2025-03-21 17:46:04,938] Trial 1 finished with value: 0.7733176946640015 and parameters: {'lr': 0.0003, 'n_epochs': 350, 'alpha_0': 0.01, 'alpha_1': 0, 'alpha_2': 0, 'alpha_3': 0.4}. Best is trial 0 with value: 0.7602246999740601.
... storing 'Rank_Label' as categorical
2025-03-21 17:46:07,647 - Finished dataset Data3 in /mnt/NAS_21T/ProjectResult/TiRank/results/ablation/intera_7/Data3
Processing datasets for repeat 7:  80%|â–ˆâ–ˆâ–ˆâ–ˆâ–ˆâ–ˆâ–ˆâ–ˆ  | 8/10 [2:31:02<21:26, 643.11s/it]2025-03-21 17:46:07,648 - Processing dataset Data2 in /mnt/NAS_21T/ProjectResult/TiRank/results/ablation/intera_7/Data2
[I 2025-03-21 17:46:33,102] A new study created in memory with name: no-name-afee28a9-f020-48a8-9f18-59fa5fc6de53
[I 2025-03-21 17:46:39,873] Trial 0 finished with value: 0.7208707332611084 and parameters: {'lr': 1e-05, 'n_epochs': 500, 'alpha_0': 0.005, 'alpha_1': 0.9, 'alpha_2': 0.1, 'alpha_3': 0.7}. Best is trial 0 with value: 0.7208707332611084.
[I 2025-03-21 17:46:44,212] Trial 1 finished with value: 0.7383131980895996 and parameters: {'lr': 0.001, 'n_epochs': 300, 'alpha_0': 0.01, 'alpha_1': 0.8, 'alpha_2': 0.01, 'alpha_3': 0.4}. Best is trial 0 with value: 0.7208707332611084.
... storing 'Rank_Label' as categorical
[I 2025-03-21 17:46:47,648] A new study created in memory with name: no-name-ed24eb9c-69de-4ed3-ac3a-c317529e0fb3
[I 2025-03-21 17:46:56,806] Trial 0 finished with value: 0.7324512600898743 and parameters: {'lr': 0.0001, 'n_epochs': 500, 'alpha_0': 0.03, 'alpha_1': 0.5, 'alpha_2': 0.01, 'alpha_3': 0.7}. Best is trial 0 with value: 0.7324512600898743.
