[I 2025-03-21 12:45:50,478] Trial 1 finished with value: 0.7680308222770691 and parameters: {'lr': 0.0003, 'n_epochs': 350, 'alpha_0': 0.005, 'alpha_1': 0.3, 'alpha_2': 0.01, 'alpha_3': 0.8}. Best is trial 1 with value: 0.7680308222770691.
Starting load data for gene pair transformation.
Starting gene pair extraction.
Get candidate genes done.
There are 322 genes up-regulated in Group 0 and 283 genes up-regulated in Group 1.
Get candidate gene pairs done.
Profile transformation done.
Starting save gene pair matrices.
Save gene pair matrices done.
Save informative gene matrices done.
The parameters setting of model is: {'n_features': 1000, 'nhead': 2, 'nhid1': 96, 'nhid2': 8, 'n_output': 32, 'nlayers': 3, 'n_pred': 2, 'n_patho': 0, 'dropout': 0.5, 'mode': 'Classification', 'infer_mode': 'SC', 'encoder_type': 'DenseNet', 'model_save_path': '/mnt/NAS_21T/ProjectResult/TiRank/results/ablation/intera_6/Data10/3_Analysis/checkpoints'}
Initiate model in trail 0 with mode: Classification, infer mode: SC encoder type: DenseNet on device: cuda.
Saving model and plot for Trial 0 with Validation Loss = 0.7235
Initiate model in trail 1 with mode: Classification, infer mode: SC encoder type: DenseNet on device: cuda.
Best hyperparameters: {'lr': 0.0003, 'n_epochs': 500, 'alpha_0': 0.06, 'alpha_1': 0.6, 'alpha_2': 0.1, 'alpha_3': 0.4}
Loading the Best Model.
Starting Inference.
Perform Rejection with GMM mode with tolerance=0.05, components=[3,15]!
Found distributions with means close to 0 and 1 with 3 components.
Reject 254(59.21%) cells.
Inference Done.
We set Rank score < 0.5 as Rank- () while > 0.5 as Rank+ 
The parameters setting of model is: {'n_features': 1000, 'nhead': 2, 'nhid1': 96, 'nhid2': 8, 'n_output': 32, 'nlayers': 3, 'n_pred': 2, 'n_patho': 0, 'dropout': 0.5, 'mode': 'Classification', 'infer_mode': 'SC', 'encoder_type': 'Transformer', 'model_save_path': '/mnt/NAS_21T/ProjectResult/TiRank/results/ablation/intera_6/Data10/3_Analysis/checkpoints'}
Initiate model in trail 0 with mode: Classification, infer mode: SC encoder type: Transformer on device: cuda.
Saving model and plot for Trial 0 with Validation Loss = 0.7967
Initiate model in trail 1 with mode: Classification, infer mode: SC encoder type: Transformer on device: cuda.
Saving model and plot for Trial 1 with Validation Loss = 0.7927
Best hyperparameters: {'lr': 1e-06, 'n_epochs': 400, 'alpha_0': 0.06, 'alpha_1': 0.5, 'alpha_2': 0.1, 'alpha_3': 1}
Loading the Best Model.
Starting Inference.
Perform Rejection with GMM mode with tolerance=0.05, components=[3,15]!
Underfitting!
Found distributions with means close to 0 and 1 with 3 components.
Reject 0(0.00%) cells.
Inference Done.
We set Rank score < 0.5 as Rank- () while > 0.5 as Rank+ 
The parameters setting of model is: {'n_features': 1000, 'nhead': 2, 'nhid1': 96, 'nhid2': 8, 'n_output': 32, 'nlayers': 3, 'n_pred': 2, 'n_patho': 0, 'dropout': 0.5, 'mode': 'Classification', 'infer_mode': 'SC', 'encoder_type': 'MLP', 'model_save_path': '/mnt/NAS_21T/ProjectResult/TiRank/results/ablation/intera_6/Data10/3_Analysis/checkpoints'}
Initiate model in trail 0 with mode: Classification, infer mode: SC encoder type: MLP on device: cuda.
Saving model and plot for Trial 0 with Validation Loss = 0.7057
Initiate model in trail 1 with mode: Classification, infer mode: SC encoder type: MLP on device: cuda.
Best hyperparameters: {'lr': 0.0003, 'n_epochs': 400, 'alpha_0': 0.03, 'alpha_1': 0.5, 'alpha_2': 0.1, 'alpha_3': 0.7}
Loading the Best Model.
Starting Inference.
Perform Rejection with GMM mode with tolerance=0.05, components=[3,15]!
Found distributions with means close to 0 and 1 with 4 components.
Reject 230(53.61%) cells.
Inference Done.
We set Rank score < 0.5 as Rank- () while > 0.5 as Rank+ 
The parameters setting of model is: {'n_features': 1000, 'nhead': 2, 'nhid1': 96, 'nhid2': 8, 'n_output': 32, 'nlayers': 3, 'n_pred': 2, 'n_patho': 0, 'dropout': 0.5, 'mode': 'Classification', 'infer_mode': 'SC', 'encoder_type': 'MLP', 'model_save_path': '/mnt/NAS_21T/ProjectResult/TiRank/results/ablation/intera_6/Data10/3_Analysis/checkpoints'}
Initiate model in trail 0 with mode: Classification, infer mode: SC encoder type: MLP on device: cuda with abation on 1.
Saving model and plot for Trial 0 with Validation Loss = 0.7890
Initiate model in trail 1 with mode: Classification, infer mode: SC encoder type: MLP on device: cuda with abation on 1.
Saving model and plot for Trial 1 with Validation Loss = 0.7438
Best hyperparameters: {'lr': 0.0003, 'n_epochs': 350, 'alpha_0': 0.005, 'alpha_1': 0, 'alpha_2': 0.005, 'alpha_3': 0.6}
Loading the Best Model.
Starting Inference.
Perform Rejection with GMM mode with tolerance=0.05, components=[3,15]!
Underfitting!
Found distributions with means close to 0 and 1 with 3 components.
Reject 0(0.00%) cells.
Inference Done.
We set Rank score < 0.5 as Rank- () while > 0.5 as Rank+ 
The parameters setting of model is: {'n_features': 1000, 'nhead': 2, 'nhid1': 96, 'nhid2': 8, 'n_output': 32, 'nlayers': 3, 'n_pred': 2, 'n_patho': 0, 'dropout': 0.5, 'mode': 'Classification', 'infer_mode': 'SC', 'encoder_type': 'MLP', 'model_save_path': '/mnt/NAS_21T/ProjectResult/TiRank/results/ablation/intera_6/Data10/3_Analysis/checkpoints'}
Initiate model in trail 0 with mode: Classification, infer mode: SC encoder type: MLP on device: cuda with abation on 2.
Saving model and plot for Trial 0 with Validation Loss = 0.8080
Initiate model in trail 1 with mode: Classification, infer mode: SC encoder type: MLP on device: cuda with abation on 2.
Saving model and plot for Trial 1 with Validation Loss = 0.7738
Best hyperparameters: {'lr': 0.0003, 'n_epochs': 350, 'alpha_0': 0.03, 'alpha_1': 0.4, 'alpha_2': 0, 'alpha_3': 0.8}
Loading the Best Model.
Starting Inference.
Perform Rejection with GMM mode with tolerance=0.05, components=[3,15]!
Found distributions with means close to 0 and 1 with 3 components.
Reject 137(31.93%) cells.
Inference Done.
We set Rank score < 0.5 as Rank- () while > 0.5 as Rank+ 
The parameters setting of model is: {'n_features': 1000, 'nhead': 2, 'nhid1': 96, 'nhid2': 8, 'n_output': 32, 'nlayers': 3, 'n_pred': 2, 'n_patho': 0, 'dropout': 0.5, 'mode': 'Classification', 'infer_mode': 'SC', 'encoder_type': 'MLP', 'model_save_path': '/mnt/NAS_21T/ProjectResult/TiRank/results/ablation/intera_6/Data10/3_Analysis/checkpoints'}
Initiate model in trail 0 with mode: Classification, infer mode: SC encoder type: MLP on device: cuda with abation on 1,2.
Saving model and plot for Trial 0 with Validation Loss = 0.7881
Initiate model in trail 1 with mode: Classification, infer mode: SC encoder type: MLP on device: cuda with abation on 1,2.
Best hyperparameters: {'lr': 0.01, 'n_epochs': 300, 'alpha_0': 0.01, 'alpha_1': 0, 'alpha_2': 0, 'alpha_3': 0.6}
Loading the Best Model.
Starting Inference.
Perform Rejection with GMM mode with tolerance=0.05, components=[3,15]!
Underfitting!
Found distributions with means close to 0 and 1 with 3 components.
Reject 0(0.00%) cells.
Inference Done.
We set Rank score < 0.5 as Rank- () while > 0.5 as Rank+ 
Starting load data for gene pair transformation.
Starting gene pair extraction.
Get candidate genes done.
There are 263 genes up-regulated in Group 0 and 460 genes up-regulated in Group 1.
Get candidate gene pairs done.
Profile transformation done.
Starting save gene pair matrices.
Save gene pair matrices done.
Save informative gene matrices done.
The parameters setting of model is: {'n_features': 1000, 'nhead': 2, 'nhid1': 96, 'nhid2': 8, 'n_output': 32, 'nlayers': 3, 'n_pred': 2, 'n_patho': 0, 'dropout': 0.5, 'mode': 'Classification', 'infer_mode': 'SC', 'encoder_type': 'DenseNet', 'model_save_path': '/mnt/NAS_21T/ProjectResult/TiRank/results/ablation/intera_6/Data9/3_Analysis/checkpoints'}
Initiate model in trail 0 with mode: Classification, infer mode: SC encoder type: DenseNet on device: cuda.
Saving model and plot for Trial 0 with Validation Loss = 0.8280
Initiate model in trail 1 with mode: Classification, infer mode: SC encoder type: DenseNet on device: cuda.
Saving model and plot for Trial 1 with Validation Loss = 0.7680
Best hyperparameters: {'lr': 0.0003, 'n_epochs': 350, 'alpha_0': 0.005, 'alpha_1': 0.3, 'alpha_2': 0.01, 'alpha_3': 0.8}
Loading the Best Model.
Starting Inference.
Perform Rejection with GMM mode with tolerance=0.05, components=[3,15]!
Found distributions with means close to 0 and 1 with 4 components.
... storing 'Rank_Label' as categorical
[I 2025-03-21 12:45:52,470] A new study created in memory with name: no-name-c35cc4b1-5828-402a-85de-96782470c4a0
[I 2025-03-21 12:45:56,881] Trial 0 finished with value: 0.764610767364502 and parameters: {'lr': 0.0003, 'n_epochs': 350, 'alpha_0': 0.1, 'alpha_1': 0.8, 'alpha_2': 0.05, 'alpha_3': 1}. Best is trial 0 with value: 0.764610767364502.
[I 2025-03-21 12:46:04,662] Trial 1 finished with value: 0.7382038831710815 and parameters: {'lr': 0.0006, 'n_epochs': 450, 'alpha_0': 0.06, 'alpha_1': 0.4, 'alpha_2': 0.01, 'alpha_3': 0.9}. Best is trial 1 with value: 0.7382038831710815.
... storing 'Rank_Label' as categorical
[I 2025-03-21 12:46:06,664] A new study created in memory with name: no-name-ac0c2681-86bf-497e-9d72-2bce43fe17e1
[I 2025-03-21 12:46:09,982] Trial 0 finished with value: 0.708824098110199 and parameters: {'lr': 0.003, 'n_epochs': 300, 'alpha_0': 0.005, 'alpha_1': 0.2, 'alpha_2': 0.05, 'alpha_3': 0.5}. Best is trial 0 with value: 0.708824098110199.
[I 2025-03-21 12:46:13,426] Trial 1 finished with value: 0.7827810645103455 and parameters: {'lr': 1e-05, 'n_epochs': 350, 'alpha_0': 0.01, 'alpha_1': 0.4, 'alpha_2': 0.1, 'alpha_3': 0.5}. Best is trial 0 with value: 0.708824098110199.
... storing 'Rank_Label' as categorical
[I 2025-03-21 12:46:15,404] A new study created in memory with name: no-name-9151b058-f2ca-4e6e-89d3-3b0db9017707
[I 2025-03-21 12:46:19,373] Trial 0 finished with value: 0.740519106388092 and parameters: {'lr': 0.001, 'n_epochs': 350, 'alpha_0': 0.1, 'alpha_1': 0, 'alpha_2': 0.01, 'alpha_3': 0.4}. Best is trial 0 with value: 0.740519106388092.
[I 2025-03-21 12:46:24,519] Trial 1 finished with value: 0.745012640953064 and parameters: {'lr': 0.0006, 'n_epochs': 500, 'alpha_0': 0.06, 'alpha_1': 0, 'alpha_2': 0.05, 'alpha_3': 0.8}. Best is trial 0 with value: 0.740519106388092.
... storing 'Rank_Label' as categorical
[I 2025-03-21 12:46:26,480] A new study created in memory with name: no-name-7f6b806b-a22b-4004-949e-014f914618bd
[I 2025-03-21 12:46:29,852] Trial 0 finished with value: 0.7407618165016174 and parameters: {'lr': 0.0001, 'n_epochs': 300, 'alpha_0': 0.03, 'alpha_1': 0.2, 'alpha_2': 0, 'alpha_3': 0.3}. Best is trial 0 with value: 0.7407618165016174.
[I 2025-03-21 12:46:32,981] Trial 1 finished with value: 0.797786295413971 and parameters: {'lr': 0.01, 'n_epochs': 300, 'alpha_0': 0.06, 'alpha_1': 0.4, 'alpha_2': 0, 'alpha_3': 0.5}. Best is trial 0 with value: 0.7407618165016174.
... storing 'Rank_Label' as categorical
[I 2025-03-21 12:46:34,959] A new study created in memory with name: no-name-d2adb2b0-d4c0-40cf-b352-c5c790f9fca4
[I 2025-03-21 12:46:38,277] Trial 0 finished with value: 0.7371442317962646 and parameters: {'lr': 0.001, 'n_epochs': 350, 'alpha_0': 0.01, 'alpha_1': 0, 'alpha_2': 0, 'alpha_3': 0.7}. Best is trial 0 with value: 0.7371442317962646.
[I 2025-03-21 12:46:41,407] Trial 1 finished with value: 0.8246912360191345 and parameters: {'lr': 1e-05, 'n_epochs': 350, 'alpha_0': 0.03, 'alpha_1': 0, 'alpha_2': 0, 'alpha_3': 1}. Best is trial 0 with value: 0.7371442317962646.
... storing 'Rank_Label' as categorical
2025-03-21 12:46:43,324 - Finished dataset Data9 in /mnt/NAS_21T/ProjectResult/TiRank/results/ablation/intera_6/Data9
Processing datasets for repeat 6:  20%|â–ˆâ–ˆ        | 2/10 [03:10<12:40, 95.04s/it]2025-03-21 12:46:43,326 - Processing dataset Data8 in /mnt/NAS_21T/ProjectResult/TiRank/results/ablation/intera_6/Data8
[I 2025-03-21 12:56:08,417] A new study created in memory with name: no-name-11fe1306-3d9b-41da-b64e-222a41107605
[I 2025-03-21 12:59:29,001] Trial 0 finished with value: 0.5894740197969519 and parameters: {'lr': 0.0006, 'n_epochs': 300, 'alpha_0': 0.01, 'alpha_1': 1, 'alpha_2': 0.1, 'alpha_3': 0.8}. Best is trial 0 with value: 0.5894740197969519.
[I 2025-03-21 13:02:45,603] Trial 1 finished with value: 0.5722836748413418 and parameters: {'lr': 0.0001, 'n_epochs': 300, 'alpha_0': 0.03, 'alpha_1': 0.7, 'alpha_2': 0.1, 'alpha_3': 0.7}. Best is trial 1 with value: 0.5722836748413418.
... storing 'Rank_Label' as categorical
[I 2025-03-21 13:06:02,904] A new study created in memory with name: no-name-d0d38e2e-34ff-42e4-965b-98887f2ae5fc
[I 2025-03-21 13:10:18,687] Trial 0 finished with value: 0.5896988951641581 and parameters: {'lr': 0.0003, 'n_epochs': 400, 'alpha_0': 0.03, 'alpha_1': 1, 'alpha_2': 0.001, 'alpha_3': 0.9}. Best is trial 0 with value: 0.5896988951641581.
[I 2025-03-21 13:13:30,270] Trial 1 finished with value: 0.6336288426233374 and parameters: {'lr': 0.006, 'n_epochs': 300, 'alpha_0': 0.005, 'alpha_1': 0.5, 'alpha_2': 0.1, 'alpha_3': 0.1}. Best is trial 0 with value: 0.5896988951641581.
... storing 'Rank_Label' as categorical
Reject 132(30.77%) cells.
Inference Done.
We set Rank score < 0.5 as Rank- () while > 0.5 as Rank+ 
The parameters setting of model is: {'n_features': 1000, 'nhead': 2, 'nhid1': 96, 'nhid2': 8, 'n_output': 32, 'nlayers': 3, 'n_pred': 2, 'n_patho': 0, 'dropout': 0.5, 'mode': 'Classification', 'infer_mode': 'SC', 'encoder_type': 'Transformer', 'model_save_path': '/mnt/NAS_21T/ProjectResult/TiRank/results/ablation/intera_6/Data9/3_Analysis/checkpoints'}
Initiate model in trail 0 with mode: Classification, infer mode: SC encoder type: Transformer on device: cuda.
Saving model and plot for Trial 0 with Validation Loss = 0.7646
Initiate model in trail 1 with mode: Classification, infer mode: SC encoder type: Transformer on device: cuda.
Saving model and plot for Trial 1 with Validation Loss = 0.7382
Best hyperparameters: {'lr': 0.0006, 'n_epochs': 450, 'alpha_0': 0.06, 'alpha_1': 0.4, 'alpha_2': 0.01, 'alpha_3': 0.9}
Loading the Best Model.
Starting Inference.
Perform Rejection with GMM mode with tolerance=0.05, components=[3,15]!
Found distributions with means close to 0 and 1 with 3 components.
Reject 11(2.56%) cells.
Inference Done.
We set Rank score < 0.5 as Rank- () while > 0.5 as Rank+ 
The parameters setting of model is: {'n_features': 1000, 'nhead': 2, 'nhid1': 96, 'nhid2': 8, 'n_output': 32, 'nlayers': 3, 'n_pred': 2, 'n_patho': 0, 'dropout': 0.5, 'mode': 'Classification', 'infer_mode': 'SC', 'encoder_type': 'MLP', 'model_save_path': '/mnt/NAS_21T/ProjectResult/TiRank/results/ablation/intera_6/Data9/3_Analysis/checkpoints'}
Initiate model in trail 0 with mode: Classification, infer mode: SC encoder type: MLP on device: cuda.
Saving model and plot for Trial 0 with Validation Loss = 0.7088
Initiate model in trail 1 with mode: Classification, infer mode: SC encoder type: MLP on device: cuda.
Best hyperparameters: {'lr': 0.003, 'n_epochs': 300, 'alpha_0': 0.005, 'alpha_1': 0.2, 'alpha_2': 0.05, 'alpha_3': 0.5}
Loading the Best Model.
Starting Inference.
Perform Rejection with GMM mode with tolerance=0.05, components=[3,15]!
Found distributions with means close to 0 and 1 with 5 components.
Reject 268(62.47%) cells.
Inference Done.
We set Rank score < 0.5 as Rank- () while > 0.5 as Rank+ 
The parameters setting of model is: {'n_features': 1000, 'nhead': 2, 'nhid1': 96, 'nhid2': 8, 'n_output': 32, 'nlayers': 3, 'n_pred': 2, 'n_patho': 0, 'dropout': 0.5, 'mode': 'Classification', 'infer_mode': 'SC', 'encoder_type': 'MLP', 'model_save_path': '/mnt/NAS_21T/ProjectResult/TiRank/results/ablation/intera_6/Data9/3_Analysis/checkpoints'}
Initiate model in trail 0 with mode: Classification, infer mode: SC encoder type: MLP on device: cuda with abation on 1.
Saving model and plot for Trial 0 with Validation Loss = 0.7405
Initiate model in trail 1 with mode: Classification, infer mode: SC encoder type: MLP on device: cuda with abation on 1.
Best hyperparameters: {'lr': 0.001, 'n_epochs': 350, 'alpha_0': 0.1, 'alpha_1': 0, 'alpha_2': 0.01, 'alpha_3': 0.4}
Loading the Best Model.
Starting Inference.
Perform Rejection with GMM mode with tolerance=0.05, components=[3,15]!
Underfitting!
Found distributions with means close to 0 and 1 with 3 components.
Reject 0(0.00%) cells.
Inference Done.
We set Rank score < 0.5 as Rank- () while > 0.5 as Rank+ 
The parameters setting of model is: {'n_features': 1000, 'nhead': 2, 'nhid1': 96, 'nhid2': 8, 'n_output': 32, 'nlayers': 3, 'n_pred': 2, 'n_patho': 0, 'dropout': 0.5, 'mode': 'Classification', 'infer_mode': 'SC', 'encoder_type': 'MLP', 'model_save_path': '/mnt/NAS_21T/ProjectResult/TiRank/results/ablation/intera_6/Data9/3_Analysis/checkpoints'}
Initiate model in trail 0 with mode: Classification, infer mode: SC encoder type: MLP on device: cuda with abation on 2.
Saving model and plot for Trial 0 with Validation Loss = 0.7408
Initiate model in trail 1 with mode: Classification, infer mode: SC encoder type: MLP on device: cuda with abation on 2.
Best hyperparameters: {'lr': 0.0001, 'n_epochs': 300, 'alpha_0': 0.03, 'alpha_1': 0.2, 'alpha_2': 0, 'alpha_3': 0.3}
Loading the Best Model.
Starting Inference.
Perform Rejection with GMM mode with tolerance=0.05, components=[3,15]!
Underfitting!
Found distributions with means close to 0 and 1 with 5 components.
Reject 67(15.62%) cells.
Inference Done.
We set Rank score < 0.5 as Rank- () while > 0.5 as Rank+ 
The parameters setting of model is: {'n_features': 1000, 'nhead': 2, 'nhid1': 96, 'nhid2': 8, 'n_output': 32, 'nlayers': 3, 'n_pred': 2, 'n_patho': 0, 'dropout': 0.5, 'mode': 'Classification', 'infer_mode': 'SC', 'encoder_type': 'MLP', 'model_save_path': '/mnt/NAS_21T/ProjectResult/TiRank/results/ablation/intera_6/Data9/3_Analysis/checkpoints'}
Initiate model in trail 0 with mode: Classification, infer mode: SC encoder type: MLP on device: cuda with abation on 1,2.
Saving model and plot for Trial 0 with Validation Loss = 0.7371
Initiate model in trail 1 with mode: Classification, infer mode: SC encoder type: MLP on device: cuda with abation on 1,2.
Best hyperparameters: {'lr': 0.001, 'n_epochs': 350, 'alpha_0': 0.01, 'alpha_1': 0, 'alpha_2': 0, 'alpha_3': 0.7}
Loading the Best Model.
Starting Inference.
Perform Rejection with GMM mode with tolerance=0.05, components=[3,15]!
Underfitting!
Found distributions with means close to 0 and 1 with 3 components.
Reject 0(0.00%) cells.
Inference Done.
We set Rank score < 0.5 as Rank- () while > 0.5 as Rank+ 
Starting load data for gene pair transformation.
Starting gene pair extraction.
Get candidate genes done.
There are 811 genes up-regulated in Group 0 and 701 genes up-regulated in Group 1.
Get candidate gene pairs done.
Profile transformation done.
Starting save gene pair matrices.
Save gene pair matrices done.
Save informative gene matrices done.
The parameters setting of model is: {'n_features': 1000, 'nhead': 2, 'nhid1': 96, 'nhid2': 8, 'n_output': 32, 'nlayers': 3, 'n_pred': 2, 'n_patho': 0, 'dropout': 0.5, 'mode': 'Classification', 'infer_mode': 'SC', 'encoder_type': 'DenseNet', 'model_save_path': '/mnt/NAS_21T/ProjectResult/TiRank/results/ablation/intera_6/Data8/3_Analysis/checkpoints'}
Initiate model in trail 0 with mode: Classification, infer mode: SC encoder type: DenseNet on device: cuda.
Saving model and plot for Trial 0 with Validation Loss = 0.5895
Initiate model in trail 1 with mode: Classification, infer mode: SC encoder type: DenseNet on device: cuda.
Saving model and plot for Trial 1 with Validation Loss = 0.5723
Best hyperparameters: {'lr': 0.0001, 'n_epochs': 300, 'alpha_0': 0.03, 'alpha_1': 0.7, 'alpha_2': 0.1, 'alpha_3': 0.7}
Loading the Best Model.
Starting Inference.
Perform Rejection with GMM mode with tolerance=0.05, components=[3,15]!
Found distributions with means close to 0 and 1 with 6 components.
Reject 14760(62.99%) cells.
Inference Done.
We set Rank score < 0.5 as Rank- () while > 0.5 as Rank+ 
The parameters setting of model is: {'n_features': 1000, 'nhead': 2, 'nhid1': 96, 'nhid2': 8, 'n_output': 32, 'nlayers': 3, 'n_pred': 2, 'n_patho': 0, 'dropout': 0.5, 'mode': 'Classification', 'infer_mode': 'SC', 'encoder_type': 'Transformer', 'model_save_path': '/mnt/NAS_21T/ProjectResult/TiRank/results/ablation/intera_6/Data8/3_Analysis/checkpoints'}
Initiate model in trail 0 with mode: Classification, infer mode: SC encoder type: Transformer on device: cuda.
Saving model and plot for Trial 0 with Validation Loss = 0.5897
Initiate model in trail 1 with mode: Classification, infer mode: SC encoder type: Transformer on device: cuda.
Best hyperparameters: {'lr': 0.0003, 'n_epochs': 400, 'alpha_0': 0.03, 'alpha_1': 1, 'alpha_2': 0.001, 'alpha_3': 0.9}
Loading the Best Model.
Starting Inference.
Perform Rejection with GMM mode with tolerance=0.05, components=[3,15]!
Found distributions with means close to 0 and 1 with 3 components.
Reject 55(0.23%) cells.
Inference Done.
We set Rank score < 0.5 as Rank- () while > 0.5 as Rank+ 
The parameters setting of model is: [I 2025-03-21 13:15:32,660] A new study created in memory with name: no-name-0f5ff34d-1b7a-4d4a-b8d1-7ee927e8e5cc
[I 2025-03-21 13:20:30,266] Trial 0 finished with value: 0.6164627982222516 and parameters: {'lr': 0.001, 'n_epochs': 500, 'alpha_0': 0.06, 'alpha_1': 1, 'alpha_2': 0.005, 'alpha_3': 0.9}. Best is trial 0 with value: 0.6164627982222516.
[I 2025-03-21 13:23:56,371] Trial 1 finished with value: 0.5733673442964968 and parameters: {'lr': 0.003, 'n_epochs': 350, 'alpha_0': 0.06, 'alpha_1': 0.7, 'alpha_2': 0.01, 'alpha_3': 0.2}. Best is trial 1 with value: 0.5733673442964968.
... storing 'Rank_Label' as categorical
[I 2025-03-21 13:25:45,862] A new study created in memory with name: no-name-23b4e416-a743-4b5d-9f9f-f47bf19fc0af
