[I 2025-03-21 12:32:33,760] Trial 1 finished with value: 0.6178295910358429 and parameters: {'lr': 0.0003, 'n_epochs': 400, 'alpha_0': 0.06, 'alpha_1': 0.2, 'alpha_2': 0, 'alpha_3': 0.7}. Best is trial 0 with value: 0.6111604273319244.
... storing 'Rank_Label' as categorical
[I 2025-03-21 12:32:37,975] A new study created in memory with name: no-name-3f768500-cb21-4350-bf13-ace010e1942b
[I 2025-03-21 12:32:51,701] Trial 0 finished with value: 0.7919948101043701 and parameters: {'lr': 0.001, 'n_epochs': 450, 'alpha_0': 0.03, 'alpha_1': 0, 'alpha_2': 0, 'alpha_3': 0.7}. Best is trial 0 with value: 0.7919948101043701.
[I 2025-03-21 12:33:05,294] Trial 1 finished with value: 0.8271573781967163 and parameters: {'lr': 0.003, 'n_epochs': 450, 'alpha_0': 0.03, 'alpha_1': 0, 'alpha_2': 0, 'alpha_3': 0.8}. Best is trial 0 with value: 0.7919948101043701.
... storing 'Rank_Label' as categorical
2025-03-21 12:33:08,200 - Finished dataset Data6 in /mnt/NAS_21T/ProjectResult/TiRank/results/ablation/intera_5/Data6
Processing datasets for repeat 5:  50%|â–ˆâ–ˆâ–ˆâ–ˆâ–ˆ     | 5/10 [2:42:04<2:53:39, 2083.85s/it]2025-03-21 12:33:08,205 - Processing dataset Data5 in /mnt/NAS_21T/ProjectResult/TiRank/results/ablation/intera_5/Data5
[I 2025-03-21 12:33:41,167] A new study created in memory with name: no-name-4217a938-2556-4b48-863c-71a36ff67402
[I 2025-03-21 12:33:53,059] Trial 0 finished with value: 0.743558794260025 and parameters: {'lr': 1e-06, 'n_epochs': 350, 'alpha_0': 0.06, 'alpha_1': 0.5, 'alpha_2': 0.01, 'alpha_3': 0.2}. Best is trial 0 with value: 0.743558794260025.
[I 2025-03-21 12:34:07,742] Trial 1 finished with value: 0.775215357542038 and parameters: {'lr': 0.0003, 'n_epochs': 450, 'alpha_0': 0.1, 'alpha_1': 0.6, 'alpha_2': 0.05, 'alpha_3': 0.8}. Best is trial 0 with value: 0.743558794260025.
... storing 'Rank_Label' as categorical
[I 2025-03-21 12:34:10,705] A new study created in memory with name: no-name-e8529d03-9acd-479f-8895-38971c0154c6
[I 2025-03-21 12:34:25,740] Trial 0 finished with value: 0.7139746844768524 and parameters: {'lr': 0.006, 'n_epochs': 400, 'alpha_0': 0.005, 'alpha_1': 0.2, 'alpha_2': 0.1, 'alpha_3': 0.3}. Best is trial 0 with value: 0.7139746844768524.
[I 2025-03-21 12:34:37,192] Trial 1 finished with value: 0.7566130459308624 and parameters: {'lr': 0.001, 'n_epochs': 300, 'alpha_0': 0.06, 'alpha_1': 0.2, 'alpha_2': 0.1, 'alpha_3': 0.8}. Best is trial 0 with value: 0.7139746844768524.
... storing 'Rank_Label' as categorical
[I 2025-03-21 12:34:40,134] A new study created in memory with name: no-name-6b4fcc50-8600-4889-a5dc-e0f685e1c166
[I 2025-03-21 12:34:54,886] Trial 0 finished with value: 0.7058599889278412 and parameters: {'lr': 0.003, 'n_epochs': 500, 'alpha_0': 0.03, 'alpha_1': 0.5, 'alpha_2': 0.01, 'alpha_3': 0.8}. Best is trial 0 with value: 0.7058599889278412.
[I 2025-03-21 12:35:04,593] Trial 1 finished with value: 0.7309151887893677 and parameters: {'lr': 0.001, 'n_epochs': 350, 'alpha_0': 0.01, 'alpha_1': 0.8, 'alpha_2': 0.1, 'alpha_3': 0.1}. Best is trial 0 with value: 0.7058599889278412.
... storing 'Rank_Label' as categorical
[I 2025-03-21 12:35:07,701] A new study created in memory with name: no-name-5b84eeab-92b7-4bf4-93c3-26771eb6ed85
[I 2025-03-21 12:35:19,224] Trial 0 finished with value: 0.7578090727329254 and parameters: {'lr': 0.001, 'n_epochs': 400, 'alpha_0': 0.03, 'alpha_1': 0, 'alpha_2': 0.01, 'alpha_3': 0.4}. Best is trial 0 with value: 0.7578090727329254.
[I 2025-03-21 12:35:27,476] Trial 1 finished with value: 0.8420900404453278 and parameters: {'lr': 1e-06, 'n_epochs': 300, 'alpha_0': 0.01, 'alpha_1': 0, 'alpha_2': 0.001, 'alpha_3': 0.4}. Best is trial 0 with value: 0.7578090727329254.
... storing 'Rank_Label' as categorical
[I 2025-03-21 12:35:30,373] A new study created in memory with name: no-name-7fe8b655-59ae-4ed3-a7f1-96f82b64ab3a
[I 2025-03-21 12:35:42,168] Trial 0 finished with value: 0.7447296679019928 and parameters: {'lr': 0.0001, 'n_epochs': 400, 'alpha_0': 0.03, 'alpha_1': 1, 'alpha_2': 0, 'alpha_3': 1}. Best is trial 0 with value: 0.7447296679019928.
[I 2025-03-21 12:35:55,914] Trial 1 finished with value: 0.7391872107982635 and parameters: {'lr': 0.0001, 'n_epochs': 500, 'alpha_0': 0.03, 'alpha_1': 0.4, 'alpha_2': 0, 'alpha_3': 0.1}. Best is trial 1 with value: 0.7391872107982635.
... storing 'Rank_Label' as categorical
[I 2025-03-21 12:35:58,861] A new study created in memory with name: no-name-3bb932e4-3ab3-4d3f-83ad-56bc84b4eca1
[I 2025-03-21 12:36:08,824] Trial 0 finished with value: 0.8558080494403839 and parameters: {'lr': 0.0003, 'n_epochs': 350, 'alpha_0': 0.1, 'alpha_1': 0, 'alpha_2': 0, 'alpha_3': 0.7}. Best is trial 0 with value: 0.8558080494403839.
[I 2025-03-21 12:36:18,502] Trial 1 finished with value: 0.7828806042671204 and parameters: {'lr': 0.0006, 'n_epochs': 350, 'alpha_0': 0.06, 'alpha_1': 0, 'alpha_2': 0, 'alpha_3': 0.7}. Best is trial 1 with value: 0.7828806042671204.
Initiate model in trail 1 with mode: Classification, infer mode: SC encoder type: MLP on device: cuda with abation on 2.
Best hyperparameters: {'lr': 0.0003, 'n_epochs': 400, 'alpha_0': 0.1, 'alpha_1': 0.1, 'alpha_2': 0, 'alpha_3': 0.5}
Loading the Best Model.
Starting Inference.
Perform Rejection with GMM mode with tolerance=0.05, components=[3,15]!
Two distribution rejection faild.
Perform single distribution rejection.
Found distributions with means close to 1 with 2 components.
Reject 199(12.41%) cells.
Inference Done.
We set Rank score < 0.5 as Rank- () while > 0.5 as Rank+ 
The parameters setting of model is: {'n_features': 1000, 'nhead': 2, 'nhid1': 96, 'nhid2': 8, 'n_output': 32, 'nlayers': 3, 'n_pred': 2, 'n_patho': 0, 'dropout': 0.5, 'mode': 'Classification', 'infer_mode': 'SC', 'encoder_type': 'MLP', 'model_save_path': '/mnt/NAS_21T/ProjectResult/TiRank/results/ablation/intera_5/Data6/3_Analysis/checkpoints'}
Initiate model in trail 0 with mode: Classification, infer mode: SC encoder type: MLP on device: cuda with abation on 1,2.
Saving model and plot for Trial 0 with Validation Loss = 0.7920
Initiate model in trail 1 with mode: Classification, infer mode: SC encoder type: MLP on device: cuda with abation on 1,2.
Best hyperparameters: {'lr': 0.001, 'n_epochs': 450, 'alpha_0': 0.03, 'alpha_1': 0, 'alpha_2': 0, 'alpha_3': 0.7}
Loading the Best Model.
Starting Inference.
Perform Rejection with GMM mode with tolerance=0.05, components=[3,15]!
Underfitting!
Found distributions with means close to 0 and 1 with 3 components.
Reject 0(0.00%) cells.
Inference Done.
We set Rank score < 0.5 as Rank- () while > 0.5 as Rank+ 
Starting load data for gene pair transformation.
Starting gene pair extraction.
Get candidate genes done.
There are 766 genes up-regulated in Group 0 and 417 genes up-regulated in Group 1.
Get candidate gene pairs done.
Profile transformation done.
Starting save gene pair matrices.
Save gene pair matrices done.
Save informative gene matrices done.
The parameters setting of model is: {'n_features': 1000, 'nhead': 2, 'nhid1': 96, 'nhid2': 8, 'n_output': 32, 'nlayers': 3, 'n_pred': 2, 'n_patho': 0, 'dropout': 0.5, 'mode': 'Classification', 'infer_mode': 'SC', 'encoder_type': 'DenseNet', 'model_save_path': '/mnt/NAS_21T/ProjectResult/TiRank/results/ablation/intera_5/Data5/3_Analysis/checkpoints'}
Initiate model in trail 0 with mode: Classification, infer mode: SC encoder type: DenseNet on device: cuda.
Saving model and plot for Trial 0 with Validation Loss = 0.7436
Initiate model in trail 1 with mode: Classification, infer mode: SC encoder type: DenseNet on device: cuda.
Best hyperparameters: {'lr': 1e-06, 'n_epochs': 350, 'alpha_0': 0.06, 'alpha_1': 0.5, 'alpha_2': 0.01, 'alpha_3': 0.2}
Loading the Best Model.
Starting Inference.
Perform Rejection with GMM mode with tolerance=0.05, components=[3,15]!
Underfitting!
Found distributions with means close to 0 and 1 with 3 components.
Reject 0(0.00%) cells.
Inference Done.
We set Rank score < 0.5 as Rank- () while > 0.5 as Rank+ 
The parameters setting of model is: {'n_features': 1000, 'nhead': 2, 'nhid1': 96, 'nhid2': 8, 'n_output': 32, 'nlayers': 3, 'n_pred': 2, 'n_patho': 0, 'dropout': 0.5, 'mode': 'Classification', 'infer_mode': 'SC', 'encoder_type': 'Transformer', 'model_save_path': '/mnt/NAS_21T/ProjectResult/TiRank/results/ablation/intera_5/Data5/3_Analysis/checkpoints'}
Initiate model in trail 0 with mode: Classification, infer mode: SC encoder type: Transformer on device: cuda.
Saving model and plot for Trial 0 with Validation Loss = 0.7140
Initiate model in trail 1 with mode: Classification, infer mode: SC encoder type: Transformer on device: cuda.
Best hyperparameters: {'lr': 0.006, 'n_epochs': 400, 'alpha_0': 0.005, 'alpha_1': 0.2, 'alpha_2': 0.1, 'alpha_3': 0.3}
Loading the Best Model.
Starting Inference.
Perform Rejection with GMM mode with tolerance=0.05, components=[3,15]!
Found distributions with means close to 0 and 1 with 3 components.
Reject 0(0.00%) cells.
Inference Done.
We set Rank score < 0.5 as Rank- () while > 0.5 as Rank+ 
The parameters setting of model is: {'n_features': 1000, 'nhead': 2, 'nhid1': 96, 'nhid2': 8, 'n_output': 32, 'nlayers': 3, 'n_pred': 2, 'n_patho': 0, 'dropout': 0.5, 'mode': 'Classification', 'infer_mode': 'SC', 'encoder_type': 'MLP', 'model_save_path': '/mnt/NAS_21T/ProjectResult/TiRank/results/ablation/intera_5/Data5/3_Analysis/checkpoints'}
Initiate model in trail 0 with mode: Classification, infer mode: SC encoder type: MLP on device: cuda.
Saving model and plot for Trial 0 with Validation Loss = 0.7059
Initiate model in trail 1 with mode: Classification, infer mode: SC encoder type: MLP on device: cuda.
Best hyperparameters: {'lr': 0.003, 'n_epochs': 500, 'alpha_0': 0.03, 'alpha_1': 0.5, 'alpha_2': 0.01, 'alpha_3': 0.8}
Loading the Best Model.
Starting Inference.
Perform Rejection with GMM mode with tolerance=0.05, components=[3,15]!
Found distributions with means close to 0 and 1 with 7 components.
Reject 606(37.78%) cells.
Inference Done.
We set Rank score < 0.5 as Rank- () while > 0.5 as Rank+ 
The parameters setting of model is: {'n_features': 1000, 'nhead': 2, 'nhid1': 96, 'nhid2': 8, 'n_output': 32, 'nlayers': 3, 'n_pred': 2, 'n_patho': 0, 'dropout': 0.5, 'mode': 'Classification', 'infer_mode': 'SC', 'encoder_type': 'MLP', 'model_save_path': '/mnt/NAS_21T/ProjectResult/TiRank/results/ablation/intera_5/Data5/3_Analysis/checkpoints'}
Initiate model in trail 0 with mode: Classification, infer mode: SC encoder type: MLP on device: cuda with abation on 1.
Saving model and plot for Trial 0 with Validation Loss = 0.7578
Initiate model in trail 1 with mode: Classification, infer mode: SC encoder type: MLP on device: cuda with abation on 1.
Best hyperparameters: {'lr': 0.001, 'n_epochs': 400, 'alpha_0': 0.03, 'alpha_1': 0, 'alpha_2': 0.01, 'alpha_3': 0.4}
Loading the Best Model.
Starting Inference.
Perform Rejection with GMM mode with tolerance=0.05, components=[3,15]!
Underfitting!
Found distributions with means close to 0 and 1 with 3 components.
Reject 0(0.00%) cells.
Inference Done.
We set Rank score < 0.5 as Rank- () while > 0.5 as Rank+ 
The parameters setting of model is: {'n_features': 1000, 'nhead': 2, 'nhid1': 96, 'nhid2': 8, 'n_output': 32, 'nlayers': 3, 'n_pred': 2, 'n_patho': 0, 'dropout': 0.5, 'mode': 'Classification', 'infer_mode': 'SC', 'encoder_type': 'MLP', 'model_save_path': '/mnt/NAS_21T/ProjectResult/TiRank/results/ablation/intera_5/Data5/3_Analysis/checkpoints'}
Initiate model in trail 0 with mode: Classification, infer mode: SC encoder type: MLP on device: cuda with abation on 2.
Saving model and plot for Trial 0 with Validation Loss = 0.7447
Initiate model in trail 1 with mode: Classification, infer mode: SC encoder type: MLP on device: cuda with abation on 2.
Saving model and plot for Trial 1 with Validation Loss = 0.7392
Best hyperparameters: {'lr': 0.0001, 'n_epochs': 500, 'alpha_0': 0.03, 'alpha_1': 0.4, 'alpha_2': 0, 'alpha_3': 0.1}
Loading the Best Model.
Starting Inference.
Perform Rejection with GMM mode with tolerance=0.05, components=[3,15]!
Found distributions with means close to 0 and 1 with 6 components.
Reject 104(6.48%) cells.
Inference Done.
We set Rank score < 0.5 as Rank- () while > 0.5 as Rank+ 
The parameters setting of model is: {'n_features': 1000, 'nhead': 2, 'nhid1': 96, 'nhid2': 8, 'n_output': 32, 'nlayers': 3, 'n_pred': 2, 'n_patho': 0, 'dropout': 0.5, 'mode': 'Classification', 'infer_mode': 'SC', 'encoder_type': 'MLP', 'model_save_path': '/mnt/NAS_21T/ProjectResult/TiRank/results/ablation/intera_5/Data5/3_Analysis/checkpoints'}
Initiate model in trail 0 with mode: Classification, infer mode: SC encoder type: MLP on device: cuda with abation on 1,2.
Saving model and plot for Trial 0 with Validation Loss = 0.8558
Initiate model in trail 1 with mode: Classification, infer mode: SC encoder type: MLP on device: cuda with abation on 1,2.
Saving model and plot for Trial 1 with Validation Loss = 0.7829
Best hyperparameters: {'lr': 0.0006, 'n_epochs': 350, 'alpha_0': 0.06, 'alpha_1': 0, 'alpha_2': 0, 'alpha_3': 0.7}
Loading the Best Model.
Starting Inference.
... storing 'Rank_Label' as categorical
2025-03-21 12:36:21,387 - Finished dataset Data5 in /mnt/NAS_21T/ProjectResult/TiRank/results/ablation/intera_5/Data5
Processing datasets for repeat 5:  60%|â–ˆâ–ˆâ–ˆâ–ˆâ–ˆâ–ˆ    | 6/10 [2:45:17<1:36:04, 1441.02s/it]2025-03-21 12:36:21,391 - Processing dataset Data4 in /mnt/NAS_21T/ProjectResult/TiRank/results/ablation/intera_5/Data4
[I 2025-03-21 12:37:01,183] A new study created in memory with name: no-name-9c889355-a6ac-4d0a-ab4e-07af9ae9f676
[I 2025-03-21 12:37:04,749] Trial 0 finished with value: 0.63264000415802 and parameters: {'lr': 0.0003, 'n_epochs': 300, 'alpha_0': 0.1, 'alpha_1': 0.1, 'alpha_2': 0.05, 'alpha_3': 0.1}. Best is trial 0 with value: 0.63264000415802.
[I 2025-03-21 12:37:07,902] Trial 1 finished with value: 0.8224449157714844 and parameters: {'lr': 0.01, 'n_epochs': 300, 'alpha_0': 0.03, 'alpha_1': 0.6, 'alpha_2': 0.01, 'alpha_3': 0.2}. Best is trial 0 with value: 0.63264000415802.
... storing 'Rank_Label' as categorical
[I 2025-03-21 12:37:10,753] A new study created in memory with name: no-name-006ca4be-8768-4946-a191-73e440e3e16f
[I 2025-03-21 12:37:17,274] Trial 0 finished with value: 0.6867292523384094 and parameters: {'lr': 0.006, 'n_epochs': 350, 'alpha_0': 0.005, 'alpha_1': 0.3, 'alpha_2': 0.005, 'alpha_3': 0.2}. Best is trial 0 with value: 0.6867292523384094.
[I 2025-03-21 12:37:23,582] Trial 1 finished with value: 0.6754894852638245 and parameters: {'lr': 0.003, 'n_epochs': 350, 'alpha_0': 0.005, 'alpha_1': 0.2, 'alpha_2': 0.05, 'alpha_3': 0.7}. Best is trial 1 with value: 0.6754894852638245.
... storing 'Rank_Label' as categorical
[I 2025-03-21 12:37:26,380] A new study created in memory with name: no-name-36a93edd-da45-46c3-af78-e48ccefeead3
[I 2025-03-21 12:37:30,968] Trial 0 finished with value: 0.6274969577789307 and parameters: {'lr': 0.003, 'n_epochs': 450, 'alpha_0': 0.03, 'alpha_1': 0.2, 'alpha_2': 0.1, 'alpha_3': 0.4}. Best is trial 0 with value: 0.6274969577789307.
[I 2025-03-21 12:37:33,602] Trial 1 finished with value: 0.7514238357543945 and parameters: {'lr': 0.003, 'n_epochs': 300, 'alpha_0': 0.06, 'alpha_1': 0.9, 'alpha_2': 0.001, 'alpha_3': 0.9}. Best is trial 0 with value: 0.6274969577789307.
... storing 'Rank_Label' as categorical
[I 2025-03-21 12:37:36,426] A new study created in memory with name: no-name-8be052fb-18e6-4a7b-8ed3-aa414a5d0e25
[I 2025-03-21 12:37:40,739] Trial 0 finished with value: 0.7432534098625183 and parameters: {'lr': 0.003, 'n_epochs': 500, 'alpha_0': 0.03, 'alpha_1': 0, 'alpha_2': 0.01, 'alpha_3': 1}. Best is trial 0 with value: 0.7432534098625183.
[I 2025-03-21 12:37:45,441] Trial 1 finished with value: 0.7840923070907593 and parameters: {'lr': 0.003, 'n_epochs': 500, 'alpha_0': 0.1, 'alpha_1': 0, 'alpha_2': 0.05, 'alpha_3': 0.4}. Best is trial 0 with value: 0.7432534098625183.
... storing 'Rank_Label' as categorical
[I 2025-03-21 12:37:48,200] A new study created in memory with name: no-name-57cf832f-54c0-4481-b8cc-2a894b13c2ef
[I 2025-03-21 12:37:51,970] Trial 0 finished with value: 0.6668166518211365 and parameters: {'lr': 0.0003, 'n_epochs': 400, 'alpha_0': 0.01, 'alpha_1': 0.5, 'alpha_2': 0, 'alpha_3': 0.9}. Best is trial 0 with value: 0.6668166518211365.
[I 2025-03-21 12:37:56,592] Trial 1 finished with value: 0.7169069051742554 and parameters: {'lr': 0.001, 'n_epochs': 500, 'alpha_0': 0.1, 'alpha_1': 0.7, 'alpha_2': 0, 'alpha_3': 0.9}. Best is trial 0 with value: 0.6668166518211365.
... storing 'Rank_Label' as categorical
[I 2025-03-21 12:37:59,357] A new study created in memory with name: no-name-7dcf045b-d96b-4ca1-878a-125941580c95
[I 2025-03-21 12:38:02,909] Trial 0 finished with value: 0.7879786491394043 and parameters: {'lr': 0.006, 'n_epochs': 400, 'alpha_0': 0.01, 'alpha_1': 0, 'alpha_2': 0, 'alpha_3': 0.5}. Best is trial 0 with value: 0.7879786491394043.
[I 2025-03-21 12:38:06,715] Trial 1 finished with value: 0.7922462821006775 and parameters: {'lr': 0.0001, 'n_epochs': 400, 'alpha_0': 0.005, 'alpha_1': 0, 'alpha_2': 0, 'alpha_3': 1}. Best is trial 0 with value: 0.7879786491394043.
... storing 'Rank_Label' as categorical
2025-03-21 12:38:09,467 - Finished dataset Data4 in /mnt/NAS_21T/ProjectResult/TiRank/results/ablation/intera_5/Data4
Processing datasets for repeat 5:  70%|â–ˆâ–ˆâ–ˆâ–ˆâ–ˆâ–ˆâ–ˆ   | 7/10 [2:47:05<50:15, 1005.25s/it]  2025-03-21 12:38:09,469 - Processing dataset Data3 in /mnt/NAS_21T/ProjectResult/TiRank/results/ablation/intera_5/Data3
[I 2025-03-21 12:38:47,450] A new study created in memory with name: no-name-7afa8e03-2e15-47d5-aba5-5d58fdc1e284
[I 2025-03-21 12:38:51,481] Trial 0 finished with value: 0.7285168766975403 and parameters: {'lr': 0.006, 'n_epochs': 350, 'alpha_0': 0.1, 'alpha_1': 0.6, 'alpha_2': 0.05, 'alpha_3': 0.5}. Best is trial 0 with value: 0.7285168766975403.
