[I 2025-03-21 02:33:29,021] Trial 1 finished with value: 0.8146078379257865 and parameters: {'lr': 0.006, 'n_epochs': 400, 'alpha_0': 0.03, 'alpha_1': 0.5, 'alpha_2': 0.005, 'alpha_3': 0.3}. Best is trial 0 with value: 0.8131800734478495.
... storing 'Rank_Label' as categorical
[I 2025-03-21 02:35:38,871] A new study created in memory with name: no-name-a62df3a0-761d-47d0-8afb-6ab112e63fa8
[I 2025-03-21 02:40:29,474] Trial 0 finished with value: 0.5670485859331877 and parameters: {'lr': 0.0001, 'n_epochs': 450, 'alpha_0': 0.03, 'alpha_1': 0.3, 'alpha_2': 0.05, 'alpha_3': 0.1}. Best is trial 0 with value: 0.5670485859331877.
[I 2025-03-21 02:45:50,640] Trial 1 finished with value: 0.6768092305763908 and parameters: {'lr': 0.0001, 'n_epochs': 500, 'alpha_0': 0.06, 'alpha_1': 0.6, 'alpha_2': 0.001, 'alpha_3': 0.4}. Best is trial 0 with value: 0.5670485859331877.
... storing 'Rank_Label' as categorical
[I 2025-03-21 02:48:21,804] A new study created in memory with name: no-name-f394c7f6-01c3-4e57-96b6-d38a8ee10025
{'n_features': 1000, 'nhead': 2, 'nhid1': 96, 'nhid2': 8, 'n_output': 32, 'nlayers': 3, 'n_pred': 2, 'n_patho': 0, 'dropout': 0.5, 'mode': 'Classification', 'infer_mode': 'SC', 'encoder_type': 'Transformer', 'model_save_path': '/mnt/NAS_21T/ProjectResult/TiRank/results/ablation/intera_2/Data9/3_Analysis/checkpoints'}
Initiate model in trail 0 with mode: Classification, infer mode: SC encoder type: Transformer on device: cuda.
Saving model and plot for Trial 0 with Validation Loss = 0.7898
Initiate model in trail 1 with mode: Classification, infer mode: SC encoder type: Transformer on device: cuda.
Saving model and plot for Trial 1 with Validation Loss = 0.7518
Best hyperparameters: {'lr': 0.003, 'n_epochs': 450, 'alpha_0': 0.01, 'alpha_1': 0.9, 'alpha_2': 0.005, 'alpha_3': 0.1}
Loading the Best Model.
Starting Inference.
Perform Rejection with GMM mode with tolerance=0.05, components=[3,15]!
Found distributions with means close to 0 and 1 with 3 components.
Reject 0(0.00%) cells.
Inference Done.
We set Rank score < 0.5 as Rank- () while > 0.5 as Rank+ 
The parameters setting of model is: {'n_features': 1000, 'nhead': 2, 'nhid1': 96, 'nhid2': 8, 'n_output': 32, 'nlayers': 3, 'n_pred': 2, 'n_patho': 0, 'dropout': 0.5, 'mode': 'Classification', 'infer_mode': 'SC', 'encoder_type': 'MLP', 'model_save_path': '/mnt/NAS_21T/ProjectResult/TiRank/results/ablation/intera_2/Data9/3_Analysis/checkpoints'}
Initiate model in trail 0 with mode: Classification, infer mode: SC encoder type: MLP on device: cuda.
Saving model and plot for Trial 0 with Validation Loss = 0.6972
Initiate model in trail 1 with mode: Classification, infer mode: SC encoder type: MLP on device: cuda.
Best hyperparameters: {'lr': 0.003, 'n_epochs': 450, 'alpha_0': 0.01, 'alpha_1': 0.9, 'alpha_2': 0.01, 'alpha_3': 0.2}
Loading the Best Model.
Starting Inference.
Perform Rejection with GMM mode with tolerance=0.05, components=[3,15]!
Found distributions with means close to 0 and 1 with 3 components.
Reject 61(14.22%) cells.
Inference Done.
We set Rank score < 0.5 as Rank- () while > 0.5 as Rank+ 
The parameters setting of model is: {'n_features': 1000, 'nhead': 2, 'nhid1': 96, 'nhid2': 8, 'n_output': 32, 'nlayers': 3, 'n_pred': 2, 'n_patho': 0, 'dropout': 0.5, 'mode': 'Classification', 'infer_mode': 'SC', 'encoder_type': 'MLP', 'model_save_path': '/mnt/NAS_21T/ProjectResult/TiRank/results/ablation/intera_2/Data9/3_Analysis/checkpoints'}
Initiate model in trail 0 with mode: Classification, infer mode: SC encoder type: MLP on device: cuda with abation on 1.
Saving model and plot for Trial 0 with Validation Loss = 0.8033
Initiate model in trail 1 with mode: Classification, infer mode: SC encoder type: MLP on device: cuda with abation on 1.
Saving model and plot for Trial 1 with Validation Loss = 0.7678
Best hyperparameters: {'lr': 0.003, 'n_epochs': 450, 'alpha_0': 0.005, 'alpha_1': 0, 'alpha_2': 0.01, 'alpha_3': 0.1}
Loading the Best Model.
Starting Inference.
Perform Rejection with GMM mode with tolerance=0.05, components=[3,15]!
Underfitting!
Found distributions with means close to 0 and 1 with 3 components.
Reject 0(0.00%) cells.
Inference Done.
We set Rank score < 0.5 as Rank- () while > 0.5 as Rank+ 
The parameters setting of model is: {'n_features': 1000, 'nhead': 2, 'nhid1': 96, 'nhid2': 8, 'n_output': 32, 'nlayers': 3, 'n_pred': 2, 'n_patho': 0, 'dropout': 0.5, 'mode': 'Classification', 'infer_mode': 'SC', 'encoder_type': 'MLP', 'model_save_path': '/mnt/NAS_21T/ProjectResult/TiRank/results/ablation/intera_2/Data9/3_Analysis/checkpoints'}
Initiate model in trail 0 with mode: Classification, infer mode: SC encoder type: MLP on device: cuda with abation on 2.
Saving model and plot for Trial 0 with Validation Loss = 0.6899
Initiate model in trail 1 with mode: Classification, infer mode: SC encoder type: MLP on device: cuda with abation on 2.
Best hyperparameters: {'lr': 0.003, 'n_epochs': 300, 'alpha_0': 0.06, 'alpha_1': 0.2, 'alpha_2': 0, 'alpha_3': 0.7}
Loading the Best Model.
Starting Inference.
Perform Rejection with GMM mode with tolerance=0.05, components=[3,15]!
Found distributions with means close to 0 and 1 with 3 components.
Reject 8(1.86%) cells.
Inference Done.
We set Rank score < 0.5 as Rank- () while > 0.5 as Rank+ 
The parameters setting of model is: {'n_features': 1000, 'nhead': 2, 'nhid1': 96, 'nhid2': 8, 'n_output': 32, 'nlayers': 3, 'n_pred': 2, 'n_patho': 0, 'dropout': 0.5, 'mode': 'Classification', 'infer_mode': 'SC', 'encoder_type': 'MLP', 'model_save_path': '/mnt/NAS_21T/ProjectResult/TiRank/results/ablation/intera_2/Data9/3_Analysis/checkpoints'}
Initiate model in trail 0 with mode: Classification, infer mode: SC encoder type: MLP on device: cuda with abation on 1,2.
Saving model and plot for Trial 0 with Validation Loss = 0.7563
Initiate model in trail 1 with mode: Classification, infer mode: SC encoder type: MLP on device: cuda with abation on 1,2.
Best hyperparameters: {'lr': 0.0006, 'n_epochs': 400, 'alpha_0': 0.01, 'alpha_1': 0, 'alpha_2': 0, 'alpha_3': 0.5}
Loading the Best Model.
Starting Inference.
Perform Rejection with GMM mode with tolerance=0.05, components=[3,15]!
Underfitting!
Found distributions with means close to 0 and 1 with 3 components.
Reject 0(0.00%) cells.
Inference Done.
We set Rank score < 0.5 as Rank- () while > 0.5 as Rank+ 
Starting load data for gene pair transformation.
Starting gene pair extraction.
Get candidate genes done.
There are 811 genes up-regulated in Group 0 and 701 genes up-regulated in Group 1.
Get candidate gene pairs done.
Profile transformation done.
Starting save gene pair matrices.
Save gene pair matrices done.
Save informative gene matrices done.
The parameters setting of model is: {'n_features': 1000, 'nhead': 2, 'nhid1': 96, 'nhid2': 8, 'n_output': 32, 'nlayers': 3, 'n_pred': 2, 'n_patho': 0, 'dropout': 0.5, 'mode': 'Classification', 'infer_mode': 'SC', 'encoder_type': 'DenseNet', 'model_save_path': '/mnt/NAS_21T/ProjectResult/TiRank/results/ablation/intera_2/Data8/3_Analysis/checkpoints'}
Initiate model in trail 0 with mode: Classification, infer mode: SC encoder type: DenseNet on device: cuda.
Saving model and plot for Trial 0 with Validation Loss = 0.8132
Initiate model in trail 1 with mode: Classification, infer mode: SC encoder type: DenseNet on device: cuda.
Best hyperparameters: {'lr': 0.01, 'n_epochs': 450, 'alpha_0': 0.1, 'alpha_1': 1, 'alpha_2': 0.01, 'alpha_3': 0.7}
Loading the Best Model.
Starting Inference.
Perform Rejection with GMM mode with tolerance=0.05, components=[3,15]!
Found distributions with means close to 0 and 1 with 3 components.
Reject 0(0.00%) cells.
Inference Done.
We set Rank score < 0.5 as Rank- () while > 0.5 as Rank+ 
The parameters setting of model is: {'n_features': 1000, 'nhead': 2, 'nhid1': 96, 'nhid2': 8, 'n_output': 32, 'nlayers': 3, 'n_pred': 2, 'n_patho': 0, 'dropout': 0.5, 'mode': 'Classification', 'infer_mode': 'SC', 'encoder_type': 'Transformer', 'model_save_path': '/mnt/NAS_21T/ProjectResult/TiRank/results/ablation/intera_2/Data8/3_Analysis/checkpoints'}
Initiate model in trail 0 with mode: Classification, infer mode: SC encoder type: Transformer on device: cuda.
Saving model and plot for Trial 0 with Validation Loss = 0.5670
Initiate model in trail 1 with mode: Classification, infer mode: SC encoder type: Transformer on device: cuda.
Best hyperparameters: {'lr': 0.0001, 'n_epochs': 450, 'alpha_0': 0.03, 'alpha_1': 0.3, 'alpha_2': 0.05, 'alpha_3': 0.1}
Loading the Best Model.
Starting Inference.
Perform Rejection with GMM mode with tolerance=0.05, components=[3,15]!
Found distributions with means close to 0 and 1 with 4 components.
Reject 12868(54.91%) cells.
Inference Done.
We set Rank score < 0.5 as Rank- () while > 0.5 as Rank+ 
The parameters setting of model is: {'n_features': 1000, 'nhead': 2, 'nhid1': 96, 'nhid2': 8, 'n_output': 32, 'nlayers': 3, 'n_pred': 2, 'n_patho': 0, 'dropout': 0.5, 'mode': 'Classification', 'infer_mode': 'SC', 'encoder_type': 'MLP', 'model_save_path': '/mnt/NAS_21T/ProjectResult/TiRank/results/ablation/intera_2/Data8/3_Analysis/checkpoints'}
[I 2025-03-21 02:53:19,804] Trial 0 finished with value: 0.5510962475901064 and parameters: {'lr': 0.0001, 'n_epochs': 500, 'alpha_0': 0.1, 'alpha_1': 0.6, 'alpha_2': 0.1, 'alpha_3': 0.7}. Best is trial 0 with value: 0.5510962475901064.
[I 2025-03-21 02:56:19,052] Trial 1 finished with value: 0.6234527022942252 and parameters: {'lr': 0.003, 'n_epochs': 300, 'alpha_0': 0.005, 'alpha_1': 0.5, 'alpha_2': 0.001, 'alpha_3': 0.5}. Best is trial 0 with value: 0.5510962475901064.
... storing 'Rank_Label' as categorical
[I 2025-03-21 02:58:06,807] A new study created in memory with name: no-name-f96cc267-81ad-4d78-bed3-56b65635205a
[I 2025-03-21 03:01:35,900] Trial 0 finished with value: 0.8185637774674789 and parameters: {'lr': 0.01, 'n_epochs': 350, 'alpha_0': 0.06, 'alpha_1': 0, 'alpha_2': 0.001, 'alpha_3': 0.2}. Best is trial 0 with value: 0.8185637774674789.
[I 2025-03-21 03:05:30,292] Trial 1 finished with value: 0.7725670804148135 and parameters: {'lr': 1e-05, 'n_epochs': 400, 'alpha_0': 0.03, 'alpha_1': 0, 'alpha_2': 0.001, 'alpha_3': 0.6}. Best is trial 1 with value: 0.7725670804148135.
... storing 'Rank_Label' as categorical
[I 2025-03-21 03:07:17,522] A new study created in memory with name: no-name-57112d1b-6ca7-4da9-b5f7-e5ad5b5b151c
[I 2025-03-21 03:11:48,073] Trial 0 finished with value: 0.6128676404123721 and parameters: {'lr': 1e-05, 'n_epochs': 450, 'alpha_0': 0.03, 'alpha_1': 0.6, 'alpha_2': 0, 'alpha_3': 0.8}. Best is trial 0 with value: 0.6128676404123721.
[I 2025-03-21 03:16:48,533] Trial 1 finished with value: 0.7053138717361118 and parameters: {'lr': 0.0006, 'n_epochs': 500, 'alpha_0': 0.03, 'alpha_1': 0.8, 'alpha_2': 0, 'alpha_3': 1}. Best is trial 0 with value: 0.6128676404123721.
... storing 'Rank_Label' as categorical
[I 2025-03-21 03:18:36,890] A new study created in memory with name: no-name-64a43219-bd2c-44e0-8309-6262bc0e7aa1
[I 2025-03-21 03:23:10,310] Trial 0 finished with value: 0.7847773510476818 and parameters: {'lr': 1e-06, 'n_epochs': 450, 'alpha_0': 0.1, 'alpha_1': 0, 'alpha_2': 0, 'alpha_3': 0.4}. Best is trial 0 with value: 0.7847773510476818.
[I 2025-03-21 03:27:37,489] Trial 1 finished with value: 0.8269570858582206 and parameters: {'lr': 1e-05, 'n_epochs': 450, 'alpha_0': 0.005, 'alpha_1': 0, 'alpha_2': 0, 'alpha_3': 0.3}. Best is trial 0 with value: 0.7847773510476818.
... storing 'Rank_Label' as categorical
2025-03-21 03:29:24,393 - Finished dataset Data8 in /mnt/NAS_21T/ProjectResult/TiRank/results/ablation/intera_2/Data8
Processing datasets for repeat 2:  30%|â–ˆâ–ˆâ–ˆ       | 3/10 [1:17:28<4:03:20, 2085.83s/it]2025-03-21 03:29:24,394 - Processing dataset Data7 in /mnt/NAS_21T/ProjectResult/TiRank/results/ablation/intera_2/Data7
[I 2025-03-21 03:39:58,278] A new study created in memory with name: no-name-c63d1305-6656-4239-baa7-9032fe42cb1d
[I 2025-03-21 03:44:54,415] Trial 0 finished with value: 0.7032907605171204 and parameters: {'lr': 0.0001, 'n_epochs': 450, 'alpha_0': 0.01, 'alpha_1': 0.9, 'alpha_2': 0.005, 'alpha_3': 0.7}. Best is trial 0 with value: 0.7032907605171204.
[I 2025-03-21 03:48:44,058] Trial 1 finished with value: 0.8024963088657545 and parameters: {'lr': 1e-06, 'n_epochs': 350, 'alpha_0': 0.01, 'alpha_1': 0.1, 'alpha_2': 0.01, 'alpha_3': 0.9}. Best is trial 0 with value: 0.7032907605171204.
... storing 'Rank_Label' as categorical
[I 2025-03-21 03:50:55,326] A new study created in memory with name: no-name-b74f2e15-1016-4641-b02c-660a3a15f577
[I 2025-03-21 03:54:34,246] Trial 0 finished with value: 0.6553017548892809 and parameters: {'lr': 0.0001, 'n_epochs': 350, 'alpha_0': 0.1, 'alpha_1': 0.2, 'alpha_2': 0.005, 'alpha_3': 0.4}. Best is trial 0 with value: 0.6553017548892809.
[I 2025-03-21 03:59:13,530] Trial 1 finished with value: 0.949557918569316 and parameters: {'lr': 1e-05, 'n_epochs': 450, 'alpha_0': 0.1, 'alpha_1': 0.3, 'alpha_2': 0.001, 'alpha_3': 1}. Best is trial 0 with value: 0.6553017548892809.
... storing 'Rank_Label' as categorical
[I 2025-03-21 04:01:41,569] A new study created in memory with name: no-name-bdf3256c-3c4e-46d5-ab10-49d69e718956
[I 2025-03-21 04:04:44,687] Trial 0 finished with value: 0.720962643623352 and parameters: {'lr': 0.0006, 'n_epochs': 300, 'alpha_0': 0.03, 'alpha_1': 0.8, 'alpha_2': 0.1, 'alpha_3': 0.5}. Best is trial 0 with value: 0.720962643623352.
[I 2025-03-21 04:08:16,763] Trial 1 finished with value: 0.702940829422163 and parameters: {'lr': 0.01, 'n_epochs': 350, 'alpha_0': 0.005, 'alpha_1': 0.3, 'alpha_2': 0.005, 'alpha_3': 0.3}. Best is trial 1 with value: 0.702940829422163.
... storing 'Rank_Label' as categorical
[I 2025-03-21 04:10:04,300] A new study created in memory with name: no-name-bacf3a4e-9ab9-455c-8bd4-37d7230e2abf
[I 2025-03-21 04:13:38,617] Trial 0 finished with value: 0.7760886912760527 and parameters: {'lr': 0.01, 'n_epochs': 350, 'alpha_0': 0.005, 'alpha_1': 0, 'alpha_2': 0.01, 'alpha_3': 0.2}. Best is trial 0 with value: 0.7760886912760527.
