[I 2025-03-21 22:55:46,209] Trial 0 finished with value: 0.7070154547691345 and parameters: {'lr': 0.0003, 'n_epochs': 500, 'alpha_0': 0.01, 'alpha_1': 0.8, 'alpha_2': 0.005, 'alpha_3': 0.8}. Best is trial 0 with value: 0.7070154547691345.
[I 2025-03-21 22:55:50,290] Trial 1 finished with value: 0.8462088108062744 and parameters: {'lr': 0.006, 'n_epochs': 400, 'alpha_0': 0.06, 'alpha_1': 1, 'alpha_2': 0.005, 'alpha_3': 0.6}. Best is trial 0 with value: 0.7070154547691345.
... storing 'Rank_Label' as categorical
[I 2025-03-21 22:55:53,078] A new study created in memory with name: no-name-b8567bb4-7149-4312-934b-6be76b0c3d51
[I 2025-03-21 22:56:00,492] Trial 0 finished with value: 0.7415710687637329 and parameters: {'lr': 0.001, 'n_epochs': 400, 'alpha_0': 0.01, 'alpha_1': 1, 'alpha_2': 0.005, 'alpha_3': 0.5}. Best is trial 0 with value: 0.7415710687637329.
[I 2025-03-21 22:56:07,707] Trial 1 finished with value: 0.7479500770568848 and parameters: {'lr': 0.001, 'n_epochs': 400, 'alpha_0': 0.1, 'alpha_1': 0.4, 'alpha_2': 0.01, 'alpha_3': 0.1}. Best is trial 0 with value: 0.7415710687637329.
... storing 'Rank_Label' as categorical
[I 2025-03-21 22:56:10,457] A new study created in memory with name: no-name-78e37362-33a2-4bf4-a92d-fc03fa305293
[I 2025-03-21 22:56:13,322] Trial 0 finished with value: 0.6492902040481567 and parameters: {'lr': 0.006, 'n_epochs': 300, 'alpha_0': 0.06, 'alpha_1': 0.5, 'alpha_2': 0.005, 'alpha_3': 0.9}. Best is trial 0 with value: 0.6492902040481567.
[I 2025-03-21 22:56:17,478] Trial 1 finished with value: 0.7011114358901978 and parameters: {'lr': 0.01, 'n_epochs': 450, 'alpha_0': 0.03, 'alpha_1': 0.9, 'alpha_2': 0.05, 'alpha_3': 1}. Best is trial 0 with value: 0.6492902040481567.
... storing 'Rank_Label' as categorical
[I 2025-03-21 22:56:20,194] A new study created in memory with name: no-name-10eb2b9b-02ab-4a7a-b822-5ddaa6499db6
[I 2025-03-21 22:56:23,091] Trial 0 finished with value: 0.7734619379043579 and parameters: {'lr': 1e-05, 'n_epochs': 450, 'alpha_0': 0.01, 'alpha_1': 0, 'alpha_2': 0.001, 'alpha_3': 0.5}. Best is trial 0 with value: 0.7734619379043579.
[I 2025-03-21 22:56:27,212] Trial 1 finished with value: 0.7800984978675842 and parameters: {'lr': 0.003, 'n_epochs': 450, 'alpha_0': 0.1, 'alpha_1': 0, 'alpha_2': 0.001, 'alpha_3': 0.1}. Best is trial 0 with value: 0.7734619379043579.
... storing 'Rank_Label' as categorical
[I 2025-03-21 22:56:29,934] A new study created in memory with name: no-name-bc68bcd8-ad7f-473d-9cb2-52694fc63111
[I 2025-03-21 22:56:34,465] Trial 0 finished with value: 0.7328636646270752 and parameters: {'lr': 0.0001, 'n_epochs': 450, 'alpha_0': 0.03, 'alpha_1': 0.2, 'alpha_2': 0, 'alpha_3': 0.2}. Best is trial 0 with value: 0.7328636646270752.
[I 2025-03-21 22:56:39,129] Trial 1 finished with value: 0.7486661076545715 and parameters: {'lr': 0.001, 'n_epochs': 500, 'alpha_0': 0.03, 'alpha_1': 0.1, 'alpha_2': 0, 'alpha_3': 1}. Best is trial 0 with value: 0.7328636646270752.
... storing 'Rank_Label' as categorical
[I 2025-03-21 22:56:41,842] A new study created in memory with name: no-name-26f99e39-5a7f-4508-9ce3-09f42df24215
[I 2025-03-21 22:56:44,420] Trial 0 finished with value: 0.7545797228813171 and parameters: {'lr': 1e-05, 'n_epochs': 300, 'alpha_0': 0.01, 'alpha_1': 0, 'alpha_2': 0, 'alpha_3': 0.5}. Best is trial 0 with value: 0.7545797228813171.
[I 2025-03-21 22:56:47,726] Trial 1 finished with value: 0.7635741829872131 and parameters: {'lr': 0.0006, 'n_epochs': 350, 'alpha_0': 0.01, 'alpha_1': 0, 'alpha_2': 0, 'alpha_3': 0.3}. Best is trial 0 with value: 0.7545797228813171.
... storing 'Rank_Label' as categorical
2025-03-21 22:56:50,428 - Finished dataset Data4 in /mnt/NAS_21T/ProjectResult/TiRank/results/ablation/intera_9/Data4
Processing datasets for repeat 9:  70%|â–ˆâ–ˆâ–ˆâ–ˆâ–ˆâ–ˆâ–ˆ   | 7/10 [2:27:56<45:00, 900.13s/it]   2025-03-21 22:56:50,431 - Processing dataset Data3 in /mnt/NAS_21T/ProjectResult/TiRank/results/ablation/intera_9/Data3
{'n_features': 1000, 'nhead': 2, 'nhid1': 96, 'nhid2': 8, 'n_output': 32, 'nlayers': 3, 'n_pred': 2, 'n_patho': 0, 'dropout': 0.5, 'mode': 'Classification', 'infer_mode': 'SC', 'encoder_type': 'MLP', 'model_save_path': '/mnt/NAS_21T/ProjectResult/TiRank/results/ablation/intera_9/Data5/3_Analysis/checkpoints'}
Initiate model in trail 0 with mode: Classification, infer mode: SC encoder type: MLP on device: cuda with abation on 1,2.
Saving model and plot for Trial 0 with Validation Loss = 0.8342
Initiate model in trail 1 with mode: Classification, infer mode: SC encoder type: MLP on device: cuda with abation on 1,2.
Saving model and plot for Trial 1 with Validation Loss = 0.7876
Best hyperparameters: {'lr': 1e-06, 'n_epochs': 450, 'alpha_0': 0.03, 'alpha_1': 0, 'alpha_2': 0, 'alpha_3': 0.7}
Loading the Best Model.
Starting Inference.
Perform Rejection with GMM mode with tolerance=0.05, components=[3,15]!
Underfitting!
Found distributions with means close to 0 and 1 with 3 components.
Reject 0(0.00%) cells.
Inference Done.
We set Rank score < 0.5 as Rank- () while > 0.5 as Rank+ 
Starting load data for gene pair transformation.
Starting gene pair extraction.
Get candidate genes done.
There are 414 genes up-regulated in Group 0 and 465 genes up-regulated in Group 1.
Get candidate gene pairs done.
Profile transformation done.
Starting save gene pair matrices.
Save gene pair matrices done.
Save informative gene matrices done.
The parameters setting of model is: {'n_features': 1000, 'nhead': 2, 'nhid1': 96, 'nhid2': 8, 'n_output': 32, 'nlayers': 3, 'n_pred': 2, 'n_patho': 0, 'dropout': 0.5, 'mode': 'Classification', 'infer_mode': 'SC', 'encoder_type': 'DenseNet', 'model_save_path': '/mnt/NAS_21T/ProjectResult/TiRank/results/ablation/intera_9/Data4/3_Analysis/checkpoints'}
Initiate model in trail 0 with mode: Classification, infer mode: SC encoder type: DenseNet on device: cuda.
Saving model and plot for Trial 0 with Validation Loss = 0.7070
Initiate model in trail 1 with mode: Classification, infer mode: SC encoder type: DenseNet on device: cuda.
Best hyperparameters: {'lr': 0.0003, 'n_epochs': 500, 'alpha_0': 0.01, 'alpha_1': 0.8, 'alpha_2': 0.005, 'alpha_3': 0.8}
Loading the Best Model.
Starting Inference.
Perform Rejection with GMM mode with tolerance=0.05, components=[3,15]!
Found distributions with means close to 0 and 1 with 3 components.
Reject 36(11.11%) cells.
Inference Done.
We set Rank score < 0.5 as Rank- () while > 0.5 as Rank+ 
The parameters setting of model is: {'n_features': 1000, 'nhead': 2, 'nhid1': 96, 'nhid2': 8, 'n_output': 32, 'nlayers': 3, 'n_pred': 2, 'n_patho': 0, 'dropout': 0.5, 'mode': 'Classification', 'infer_mode': 'SC', 'encoder_type': 'Transformer', 'model_save_path': '/mnt/NAS_21T/ProjectResult/TiRank/results/ablation/intera_9/Data4/3_Analysis/checkpoints'}
Initiate model in trail 0 with mode: Classification, infer mode: SC encoder type: Transformer on device: cuda.
Saving model and plot for Trial 0 with Validation Loss = 0.7416
Initiate model in trail 1 with mode: Classification, infer mode: SC encoder type: Transformer on device: cuda.
Best hyperparameters: {'lr': 0.001, 'n_epochs': 400, 'alpha_0': 0.01, 'alpha_1': 1, 'alpha_2': 0.005, 'alpha_3': 0.5}
Loading the Best Model.
Starting Inference.
Perform Rejection with GMM mode with tolerance=0.05, components=[3,15]!
Found distributions with means close to 0 and 1 with 3 components.
Reject 1(0.31%) cells.
Inference Done.
We set Rank score < 0.5 as Rank- () while > 0.5 as Rank+ 
The parameters setting of model is: {'n_features': 1000, 'nhead': 2, 'nhid1': 96, 'nhid2': 8, 'n_output': 32, 'nlayers': 3, 'n_pred': 2, 'n_patho': 0, 'dropout': 0.5, 'mode': 'Classification', 'infer_mode': 'SC', 'encoder_type': 'MLP', 'model_save_path': '/mnt/NAS_21T/ProjectResult/TiRank/results/ablation/intera_9/Data4/3_Analysis/checkpoints'}
Initiate model in trail 0 with mode: Classification, infer mode: SC encoder type: MLP on device: cuda.
Saving model and plot for Trial 0 with Validation Loss = 0.6493
Initiate model in trail 1 with mode: Classification, infer mode: SC encoder type: MLP on device: cuda.
Best hyperparameters: {'lr': 0.006, 'n_epochs': 300, 'alpha_0': 0.06, 'alpha_1': 0.5, 'alpha_2': 0.005, 'alpha_3': 0.9}
Loading the Best Model.
Starting Inference.
Perform Rejection with GMM mode with tolerance=0.05, components=[3,15]!
Found distributions with means close to 0 and 1 with 3 components.
Reject 52(16.05%) cells.
Inference Done.
We set Rank score < 0.5 as Rank- () while > 0.5 as Rank+ 
The parameters setting of model is: {'n_features': 1000, 'nhead': 2, 'nhid1': 96, 'nhid2': 8, 'n_output': 32, 'nlayers': 3, 'n_pred': 2, 'n_patho': 0, 'dropout': 0.5, 'mode': 'Classification', 'infer_mode': 'SC', 'encoder_type': 'MLP', 'model_save_path': '/mnt/NAS_21T/ProjectResult/TiRank/results/ablation/intera_9/Data4/3_Analysis/checkpoints'}
Initiate model in trail 0 with mode: Classification, infer mode: SC encoder type: MLP on device: cuda with abation on 1.
Saving model and plot for Trial 0 with Validation Loss = 0.7735
Initiate model in trail 1 with mode: Classification, infer mode: SC encoder type: MLP on device: cuda with abation on 1.
Best hyperparameters: {'lr': 1e-05, 'n_epochs': 450, 'alpha_0': 0.01, 'alpha_1': 0, 'alpha_2': 0.001, 'alpha_3': 0.5}
Loading the Best Model.
Starting Inference.
Perform Rejection with GMM mode with tolerance=0.05, components=[3,15]!
Underfitting!
Found distributions with means close to 0 and 1 with 3 components.
Reject 0(0.00%) cells.
Inference Done.
We set Rank score < 0.5 as Rank- () while > 0.5 as Rank+ 
The parameters setting of model is: {'n_features': 1000, 'nhead': 2, 'nhid1': 96, 'nhid2': 8, 'n_output': 32, 'nlayers': 3, 'n_pred': 2, 'n_patho': 0, 'dropout': 0.5, 'mode': 'Classification', 'infer_mode': 'SC', 'encoder_type': 'MLP', 'model_save_path': '/mnt/NAS_21T/ProjectResult/TiRank/results/ablation/intera_9/Data4/3_Analysis/checkpoints'}
Initiate model in trail 0 with mode: Classification, infer mode: SC encoder type: MLP on device: cuda with abation on 2.
Saving model and plot for Trial 0 with Validation Loss = 0.7329
Initiate model in trail 1 with mode: Classification, infer mode: SC encoder type: MLP on device: cuda with abation on 2.
Best hyperparameters: {'lr': 0.0001, 'n_epochs': 450, 'alpha_0': 0.03, 'alpha_1': 0.2, 'alpha_2': 0, 'alpha_3': 0.2}
Loading the Best Model.
Starting Inference.
Perform Rejection with GMM mode with tolerance=0.05, components=[3,15]!
Found distributions with means close to 0 and 1 with 4 components.
Reject 129(39.81%) cells.
Inference Done.
We set Rank score < 0.5 as Rank- () while > 0.5 as Rank+ 
The parameters setting of model is: {'n_features': 1000, 'nhead': 2, 'nhid1': 96, 'nhid2': 8, 'n_output': 32, 'nlayers': 3, 'n_pred': 2, 'n_patho': 0, 'dropout': 0.5, 'mode': 'Classification', 'infer_mode': 'SC', 'encoder_type': 'MLP', 'model_save_path': '/mnt/NAS_21T/ProjectResult/TiRank/results/ablation/intera_9/Data4/3_Analysis/checkpoints'}
Initiate model in trail 0 with mode: Classification, infer mode: SC encoder type: MLP on device: cuda with abation on 1,2.
Saving model and plot for Trial 0 with Validation Loss = 0.7546
Initiate model in trail 1 with mode: Classification, infer mode: SC encoder type: MLP on device: cuda with abation on 1,2.
Best hyperparameters: {'lr': 1e-05, 'n_epochs': 300, 'alpha_0': 0.01, 'alpha_1': 0, 'alpha_2': 0, 'alpha_3': 0.5}
Loading the Best Model.
Starting Inference.
Perform Rejection with GMM mode with tolerance=0.05, components=[3,15]!
Underfitting!
Found distributions with means close to 0 and 1 with 3 components.
Reject 0(0.00%) cells.
Inference Done.
We set Rank score < 0.5 as Rank- () while > 0.5 as Rank+ 
Starting load data for gene pair transformation.
Starting gene pair extraction.
Get candidate genes done.
There are 414 genes up-regulated in Group 0 and 465 genes up-regulated in Group 1.
Get candidate gene pairs done.
Profile transformation done.
Starting save gene pair matrices.
Save gene pair matrices done.
Save informative gene matrices done.
The parameters setting of model is: [I 2025-03-21 22:57:28,291] A new study created in memory with name: no-name-b5e82952-c198-4966-ac52-1275286c7e89
[I 2025-03-21 22:57:32,833] Trial 0 finished with value: 0.7780975103378296 and parameters: {'lr': 1e-06, 'n_epochs': 450, 'alpha_0': 0.03, 'alpha_1': 0.9, 'alpha_2': 0.01, 'alpha_3': 0.1}. Best is trial 0 with value: 0.7780975103378296.
[I 2025-03-21 22:57:36,475] Trial 1 finished with value: 0.8279944062232971 and parameters: {'lr': 0.006, 'n_epochs': 350, 'alpha_0': 0.1, 'alpha_1': 0.3, 'alpha_2': 0.01, 'alpha_3': 0.9}. Best is trial 0 with value: 0.7780975103378296.
... storing 'Rank_Label' as categorical
[I 2025-03-21 22:57:39,242] A new study created in memory with name: no-name-19531d30-2b99-4d59-b00d-ac61f89c0371
[I 2025-03-21 22:57:44,783] Trial 0 finished with value: 0.7843202352523804 and parameters: {'lr': 1e-06, 'n_epochs': 300, 'alpha_0': 0.1, 'alpha_1': 1, 'alpha_2': 0.001, 'alpha_3': 0.1}. Best is trial 0 with value: 0.7843202352523804.
[I 2025-03-21 22:57:50,290] Trial 1 finished with value: 0.7291558384895325 and parameters: {'lr': 1e-05, 'n_epochs': 300, 'alpha_0': 0.005, 'alpha_1': 0.5, 'alpha_2': 0.01, 'alpha_3': 0.5}. Best is trial 1 with value: 0.7291558384895325.
... storing 'Rank_Label' as categorical
[I 2025-03-21 22:57:53,050] A new study created in memory with name: no-name-b1c93e8c-8357-4458-b398-1a35cbff8e30
[I 2025-03-21 22:57:56,234] Trial 0 finished with value: 0.6839574575424194 and parameters: {'lr': 0.0003, 'n_epochs': 300, 'alpha_0': 0.06, 'alpha_1': 1, 'alpha_2': 0.01, 'alpha_3': 0.5}. Best is trial 0 with value: 0.6839574575424194.
[I 2025-03-21 22:58:00,500] Trial 1 finished with value: 0.6799713969230652 and parameters: {'lr': 0.006, 'n_epochs': 450, 'alpha_0': 0.03, 'alpha_1': 0.8, 'alpha_2': 0.05, 'alpha_3': 0.1}. Best is trial 1 with value: 0.6799713969230652.
... storing 'Rank_Label' as categorical
[I 2025-03-21 22:58:03,267] A new study created in memory with name: no-name-3b2608f5-e4e9-42d9-b003-2f93bfdcdea5
[I 2025-03-21 22:58:06,111] Trial 0 finished with value: 0.7177462577819824 and parameters: {'lr': 0.006, 'n_epochs': 300, 'alpha_0': 0.1, 'alpha_1': 0, 'alpha_2': 0.1, 'alpha_3': 0.2}. Best is trial 0 with value: 0.7177462577819824.
[I 2025-03-21 22:58:09,786] Trial 1 finished with value: 0.7938278913497925 and parameters: {'lr': 0.0006, 'n_epochs': 400, 'alpha_0': 0.03, 'alpha_1': 0, 'alpha_2': 0.005, 'alpha_3': 0.6}. Best is trial 0 with value: 0.7177462577819824.
... storing 'Rank_Label' as categorical
[I 2025-03-21 22:58:12,529] A new study created in memory with name: no-name-e06a5ada-ec79-4096-9561-6cfa67354b97
[I 2025-03-21 22:58:16,630] Trial 0 finished with value: 0.7628077864646912 and parameters: {'lr': 1e-05, 'n_epochs': 450, 'alpha_0': 0.03, 'alpha_1': 0.6, 'alpha_2': 0, 'alpha_3': 0.2}. Best is trial 0 with value: 0.7628077864646912.
[I 2025-03-21 22:58:19,381] Trial 1 finished with value: 0.6962826251983643 and parameters: {'lr': 0.0003, 'n_epochs': 300, 'alpha_0': 0.1, 'alpha_1': 0.7, 'alpha_2': 0, 'alpha_3': 0.5}. Best is trial 1 with value: 0.6962826251983643.
... storing 'Rank_Label' as categorical
[I 2025-03-21 22:58:22,137] A new study created in memory with name: no-name-1e8280fd-43b1-4673-b4ff-a2493eed82d7
[I 2025-03-21 22:58:25,874] Trial 0 finished with value: 0.8002519011497498 and parameters: {'lr': 0.003, 'n_epochs': 500, 'alpha_0': 0.06, 'alpha_1': 0, 'alpha_2': 0, 'alpha_3': 0.1}. Best is trial 0 with value: 0.8002519011497498.
[I 2025-03-21 22:58:29,939] Trial 1 finished with value: 0.8003711104393005 and parameters: {'lr': 0.003, 'n_epochs': 450, 'alpha_0': 0.01, 'alpha_1': 0, 'alpha_2': 0, 'alpha_3': 0.4}. Best is trial 0 with value: 0.8002519011497498.
... storing 'Rank_Label' as categorical
2025-03-21 22:58:32,652 - Finished dataset Data3 in /mnt/NAS_21T/ProjectResult/TiRank/results/ablation/intera_9/Data3
Processing datasets for repeat 9:  80%|â–ˆâ–ˆâ–ˆâ–ˆâ–ˆâ–ˆâ–ˆâ–ˆ  | 8/10 [2:29:39<21:32, 646.11s/it]2025-03-21 22:58:32,654 - Processing dataset Data2 in /mnt/NAS_21T/ProjectResult/TiRank/results/ablation/intera_9/Data2
[I 2025-03-21 22:58:57,988] A new study created in memory with name: no-name-278edfaa-47da-4a3c-a666-1e4a58873120
[I 2025-03-21 22:59:03,209] Trial 0 finished with value: 0.7556564211845398 and parameters: {'lr': 0.0006, 'n_epochs': 350, 'alpha_0': 0.01, 'alpha_1': 0.6, 'alpha_2': 0.005, 'alpha_3': 0.7}. Best is trial 0 with value: 0.7556564211845398.
