[I 2025-03-21 09:50:34,327] Trial 1 finished with value: 0.7678115963935852 and parameters: {'lr': 0.006, 'n_epochs': 450, 'alpha_0': 0.005, 'alpha_1': 0, 'alpha_2': 0.01, 'alpha_3': 0.2}. Best is trial 1 with value: 0.7678115963935852.
... storing 'Rank_Label' as categorical
[I 2025-03-21 09:50:37,713] A new study created in memory with name: no-name-065f6a7c-721d-4186-962e-b111340e353a
[I 2025-03-21 09:50:43,574] Trial 0 finished with value: 0.7082716226577759 and parameters: {'lr': 0.0001, 'n_epochs': 500, 'alpha_0': 0.06, 'alpha_1': 0.1, 'alpha_2': 0, 'alpha_3': 0.7}. Best is trial 0 with value: 0.7082716226577759.
[I 2025-03-21 09:50:46,900] Trial 1 finished with value: 0.7842233777046204 and parameters: {'lr': 1e-05, 'n_epochs': 300, 'alpha_0': 0.03, 'alpha_1': 0.8, 'alpha_2': 0, 'alpha_3': 0.8}. Best is trial 0 with value: 0.7082716226577759.
... storing 'Rank_Label' as categorical
[I 2025-03-21 09:50:50,422] A new study created in memory with name: no-name-a359fc39-2137-4663-967f-b22496c67d77
[I 2025-03-21 09:50:54,075] Trial 0 finished with value: 0.8080028891563416 and parameters: {'lr': 1e-06, 'n_epochs': 300, 'alpha_0': 0.06, 'alpha_1': 0, 'alpha_2': 0, 'alpha_3': 0.3}. Best is trial 0 with value: 0.8080028891563416.
[I 2025-03-21 09:51:00,224] Trial 1 finished with value: 0.8236597776412964 and parameters: {'lr': 1e-06, 'n_epochs': 500, 'alpha_0': 0.005, 'alpha_1': 0, 'alpha_2': 0, 'alpha_3': 0.3}. Best is trial 0 with value: 0.8080028891563416.
... storing 'Rank_Label' as categorical
2025-03-21 09:51:03,646 - Finished dataset Data1 in /mnt/NAS_21T/ProjectResult/TiRank/results/ablation/intera_4/Data1
Processing datasets for repeat 4: 100%|â–ˆâ–ˆâ–ˆâ–ˆâ–ˆâ–ˆâ–ˆâ–ˆâ–ˆâ–ˆ| 10/10 [2:34:40<00:00, 376.96s/it]Processing datasets for repeat 4: 100%|â–ˆâ–ˆâ–ˆâ–ˆâ–ˆâ–ˆâ–ˆâ–ˆâ–ˆâ–ˆ| 10/10 [2:34:40<00:00, 928.02s/it]
2025-03-21 09:51:03,648 - Repeat 4 completed
2025-03-21 09:51:03,649 - Starting repeat 5
We set Rank score < 0.5 as Rank- () while > 0.5 as Rank+ 
The parameters setting of model is: {'n_features': 1000, 'nhead': 2, 'nhid1': 96, 'nhid2': 8, 'n_output': 32, 'nlayers': 3, 'n_pred': 2, 'n_patho': 0, 'dropout': 0.5, 'mode': 'Classification', 'infer_mode': 'SC', 'encoder_type': 'MLP', 'model_save_path': '/mnt/NAS_21T/ProjectResult/TiRank/results/ablation/intera_4/Data1/3_Analysis/checkpoints'}
Initiate model in trail 0 with mode: Classification, infer mode: SC encoder type: MLP on device: cuda with abation on 1.
Saving model and plot for Trial 0 with Validation Loss = 0.7709
Initiate model in trail 1 with mode: Classification, infer mode: SC encoder type: MLP on device: cuda with abation on 1.
Saving model and plot for Trial 1 with Validation Loss = 0.7678
Best hyperparameters: {'lr': 0.006, 'n_epochs': 450, 'alpha_0': 0.005, 'alpha_1': 0, 'alpha_2': 0.01, 'alpha_3': 0.2}
Loading the Best Model.
Starting Inference.
Perform Rejection with GMM mode with tolerance=0.05, components=[3,15]!
Underfitting!
Found distributions with means close to 0 and 1 with 3 components.
Reject 0(0.00%) cells.
Inference Done.
We set Rank score < 0.5 as Rank- () while > 0.5 as Rank+ 
The parameters setting of model is: {'n_features': 1000, 'nhead': 2, 'nhid1': 96, 'nhid2': 8, 'n_output': 32, 'nlayers': 3, 'n_pred': 2, 'n_patho': 0, 'dropout': 0.5, 'mode': 'Classification', 'infer_mode': 'SC', 'encoder_type': 'MLP', 'model_save_path': '/mnt/NAS_21T/ProjectResult/TiRank/results/ablation/intera_4/Data1/3_Analysis/checkpoints'}
Initiate model in trail 0 with mode: Classification, infer mode: SC encoder type: MLP on device: cuda with abation on 2.
Saving model and plot for Trial 0 with Validation Loss = 0.7083
Initiate model in trail 1 with mode: Classification, infer mode: SC encoder type: MLP on device: cuda with abation on 2.
Best hyperparameters: {'lr': 0.0001, 'n_epochs': 500, 'alpha_0': 0.06, 'alpha_1': 0.1, 'alpha_2': 0, 'alpha_3': 0.7}
Loading the Best Model.
Starting Inference.
Perform Rejection with GMM mode with tolerance=0.05, components=[3,15]!
Found distributions with means close to 0 and 1 with 14 components.
Reject 229(45.17%) cells.
Inference Done.
We set Rank score < 0.5 as Rank- () while > 0.5 as Rank+ 
The parameters setting of model is: {'n_features': 1000, 'nhead': 2, 'nhid1': 96, 'nhid2': 8, 'n_output': 32, 'nlayers': 3, 'n_pred': 2, 'n_patho': 0, 'dropout': 0.5, 'mode': 'Classification', 'infer_mode': 'SC', 'encoder_type': 'MLP', 'model_save_path': '/mnt/NAS_21T/ProjectResult/TiRank/results/ablation/intera_4/Data1/3_Analysis/checkpoints'}
Initiate model in trail 0 with mode: Classification, infer mode: SC encoder type: MLP on device: cuda with abation on 1,2.
Saving model and plot for Trial 0 with Validation Loss = 0.8080
Initiate model in trail 1 with mode: Classification, infer mode: SC encoder type: MLP on device: cuda with abation on 1,2.
Best hyperparameters: {'lr': 1e-06, 'n_epochs': 300, 'alpha_0': 0.06, 'alpha_1': 0, 'alpha_2': 0, 'alpha_3': 0.3}
Loading the Best Model.
Starting Inference.
Perform Rejection with GMM mode with tolerance=0.05, components=[3,15]!
Underfitting!
Found distributions with means close to 0 and 1 with 3 components.
Reject 0(0.00%) cells.
Inference Done.
We set Rank score < 0.5 as Rank- () while > 0.5 as Rank+ 
Processing datasets for repeat 5:   0%|          | 0/10 [00:00<?, ?it/s]2025-03-21 09:51:03,657 - Processing dataset Data10 in /mnt/NAS_21T/ProjectResult/TiRank/results/ablation/intera_5/Data10
[I 2025-03-21 09:51:29,575] A new study created in memory with name: no-name-052cf56a-eb4c-4896-b098-32c335636c41
[I 2025-03-21 09:51:35,613] Trial 0 finished with value: 0.7917115092277527 and parameters: {'lr': 0.0003, 'n_epochs': 350, 'alpha_0': 0.06, 'alpha_1': 0.7, 'alpha_2': 0.01, 'alpha_3': 0.8}. Best is trial 0 with value: 0.7917115092277527.
[I 2025-03-21 09:51:42,346] Trial 1 finished with value: 0.7920690178871155 and parameters: {'lr': 0.006, 'n_epochs': 450, 'alpha_0': 0.03, 'alpha_1': 1, 'alpha_2': 0.001, 'alpha_3': 0.8}. Best is trial 0 with value: 0.7917115092277527.
... storing 'Rank_Label' as categorical
[I 2025-03-21 09:51:44,390] A new study created in memory with name: no-name-dcc44ffc-bbdb-4ba2-aa23-878eb826bd58
[I 2025-03-21 09:51:52,027] Trial 0 finished with value: 0.7839159965515137 and parameters: {'lr': 0.006, 'n_epochs': 350, 'alpha_0': 0.1, 'alpha_1': 0.7, 'alpha_2': 0.01, 'alpha_3': 0.5}. Best is trial 0 with value: 0.7839159965515137.
[I 2025-03-21 09:51:58,525] Trial 1 finished with value: 0.7809593677520752 and parameters: {'lr': 1e-05, 'n_epochs': 300, 'alpha_0': 0.005, 'alpha_1': 0.6, 'alpha_2': 0.1, 'alpha_3': 0.5}. Best is trial 1 with value: 0.7809593677520752.
... storing 'Rank_Label' as categorical
[I 2025-03-21 09:52:00,532] A new study created in memory with name: no-name-667ba44a-f268-4f63-b492-4425aca1d1a7
[I 2025-03-21 09:52:04,975] Trial 0 finished with value: 0.7502155900001526 and parameters: {'lr': 0.001, 'n_epochs': 300, 'alpha_0': 0.005, 'alpha_1': 0.3, 'alpha_2': 0.005, 'alpha_3': 0.6}. Best is trial 0 with value: 0.7502155900001526.
[I 2025-03-21 09:52:10,446] Trial 1 finished with value: 0.7396596670150757 and parameters: {'lr': 0.01, 'n_epochs': 350, 'alpha_0': 0.01, 'alpha_1': 1, 'alpha_2': 0.1, 'alpha_3': 0.6}. Best is trial 1 with value: 0.7396596670150757.
... storing 'Rank_Label' as categorical
[I 2025-03-21 09:52:12,415] A new study created in memory with name: no-name-e53c2e38-fcbf-4a4a-9c47-9dedd2d32099
[I 2025-03-21 09:52:18,000] Trial 0 finished with value: 0.7322432994842529 and parameters: {'lr': 0.006, 'n_epochs': 400, 'alpha_0': 0.1, 'alpha_1': 0, 'alpha_2': 0.1, 'alpha_3': 0.7}. Best is trial 0 with value: 0.7322432994842529.
[I 2025-03-21 09:52:22,355] Trial 1 finished with value: 0.7854757905006409 and parameters: {'lr': 1e-05, 'n_epochs': 300, 'alpha_0': 0.005, 'alpha_1': 0, 'alpha_2': 0.05, 'alpha_3': 0.9}. Best is trial 0 with value: 0.7322432994842529.
... storing 'Rank_Label' as categorical
[I 2025-03-21 09:52:24,364] A new study created in memory with name: no-name-c4038fe4-a20c-496d-bbc7-ca8fdddb1691
[I 2025-03-21 09:52:29,959] Trial 0 finished with value: 0.7837005257606506 and parameters: {'lr': 0.006, 'n_epochs': 450, 'alpha_0': 0.03, 'alpha_1': 0.8, 'alpha_2': 0, 'alpha_3': 0.3}. Best is trial 0 with value: 0.7837005257606506.
[I 2025-03-21 09:52:33,749] Trial 1 finished with value: 0.7884114980697632 and parameters: {'lr': 1e-06, 'n_epochs': 300, 'alpha_0': 0.06, 'alpha_1': 0.2, 'alpha_2': 0, 'alpha_3': 0.9}. Best is trial 0 with value: 0.7837005257606506.
... storing 'Rank_Label' as categorical
[I 2025-03-21 09:52:35,732] A new study created in memory with name: no-name-f1b2e980-2740-441c-8839-c52cee587be2
[I 2025-03-21 09:52:42,075] Trial 0 finished with value: 0.7914097905158997 and parameters: {'lr': 0.001, 'n_epochs': 500, 'alpha_0': 0.06, 'alpha_1': 0, 'alpha_2': 0, 'alpha_3': 0.6}. Best is trial 0 with value: 0.7914097905158997.
[I 2025-03-21 09:52:46,222] Trial 1 finished with value: 0.7970737218856812 and parameters: {'lr': 0.003, 'n_epochs': 300, 'alpha_0': 0.03, 'alpha_1': 0, 'alpha_2': 0, 'alpha_3': 0.3}. Best is trial 0 with value: 0.7914097905158997.
... storing 'Rank_Label' as categorical
2025-03-21 09:52:48,345 - Finished dataset Data10 in /mnt/NAS_21T/ProjectResult/TiRank/results/ablation/intera_5/Data10
Processing datasets for repeat 5:  10%|â–ˆ         | 1/10 [01:44<15:42, 104.69s/it]2025-03-21 09:52:48,348 - Processing dataset Data9 in /mnt/NAS_21T/ProjectResult/TiRank/results/ablation/intera_5/Data9
[I 2025-03-21 09:53:19,161] A new study created in memory with name: no-name-1acd0194-6629-4d21-8c7d-1186d78d9628
[I 2025-03-21 09:53:24,125] Trial 0 finished with value: 0.6862797737121582 and parameters: {'lr': 0.0003, 'n_epochs': 450, 'alpha_0': 0.1, 'alpha_1': 0.4, 'alpha_2': 0.001, 'alpha_3': 0.7}. Best is trial 0 with value: 0.6862797737121582.
[I 2025-03-21 09:53:28,652] Trial 1 finished with value: 0.7841987609863281 and parameters: {'lr': 0.0006, 'n_epochs': 450, 'alpha_0': 0.06, 'alpha_1': 0.6, 'alpha_2': 0.001, 'alpha_3': 1}. Best is trial 0 with value: 0.6862797737121582.
... storing 'Rank_Label' as categorical
Starting load data for gene pair transformation.
Starting gene pair extraction.
Get candidate genes done.
There are 322 genes up-regulated in Group 0 and 283 genes up-regulated in Group 1.
Get candidate gene pairs done.
Profile transformation done.
Starting save gene pair matrices.
Save gene pair matrices done.
Save informative gene matrices done.
The parameters setting of model is: {'n_features': 1000, 'nhead': 2, 'nhid1': 96, 'nhid2': 8, 'n_output': 32, 'nlayers': 3, 'n_pred': 2, 'n_patho': 0, 'dropout': 0.5, 'mode': 'Classification', 'infer_mode': 'SC', 'encoder_type': 'DenseNet', 'model_save_path': '/mnt/NAS_21T/ProjectResult/TiRank/results/ablation/intera_5/Data10/3_Analysis/checkpoints'}
Initiate model in trail 0 with mode: Classification, infer mode: SC encoder type: DenseNet on device: cuda.
Saving model and plot for Trial 0 with Validation Loss = 0.7917
Initiate model in trail 1 with mode: Classification, infer mode: SC encoder type: DenseNet on device: cuda.
Best hyperparameters: {'lr': 0.0003, 'n_epochs': 350, 'alpha_0': 0.06, 'alpha_1': 0.7, 'alpha_2': 0.01, 'alpha_3': 0.8}
Loading the Best Model.
Starting Inference.
Perform Rejection with GMM mode with tolerance=0.05, components=[3,15]!
Found distributions with means close to 0 and 1 with 3 components.
Reject 76(17.72%) cells.
Inference Done.
We set Rank score < 0.5 as Rank- () while > 0.5 as Rank+ 
The parameters setting of model is: {'n_features': 1000, 'nhead': 2, 'nhid1': 96, 'nhid2': 8, 'n_output': 32, 'nlayers': 3, 'n_pred': 2, 'n_patho': 0, 'dropout': 0.5, 'mode': 'Classification', 'infer_mode': 'SC', 'encoder_type': 'Transformer', 'model_save_path': '/mnt/NAS_21T/ProjectResult/TiRank/results/ablation/intera_5/Data10/3_Analysis/checkpoints'}
Initiate model in trail 0 with mode: Classification, infer mode: SC encoder type: Transformer on device: cuda.
Saving model and plot for Trial 0 with Validation Loss = 0.7839
Initiate model in trail 1 with mode: Classification, infer mode: SC encoder type: Transformer on device: cuda.
Saving model and plot for Trial 1 with Validation Loss = 0.7810
Best hyperparameters: {'lr': 1e-05, 'n_epochs': 300, 'alpha_0': 0.005, 'alpha_1': 0.6, 'alpha_2': 0.1, 'alpha_3': 0.5}
Loading the Best Model.
Starting Inference.
Perform Rejection with GMM mode with tolerance=0.05, components=[3,15]!
Underfitting!
Found distributions with means close to 0 and 1 with 3 components.
Reject 0(0.00%) cells.
Inference Done.
We set Rank score < 0.5 as Rank- () while > 0.5 as Rank+ 
The parameters setting of model is: {'n_features': 1000, 'nhead': 2, 'nhid1': 96, 'nhid2': 8, 'n_output': 32, 'nlayers': 3, 'n_pred': 2, 'n_patho': 0, 'dropout': 0.5, 'mode': 'Classification', 'infer_mode': 'SC', 'encoder_type': 'MLP', 'model_save_path': '/mnt/NAS_21T/ProjectResult/TiRank/results/ablation/intera_5/Data10/3_Analysis/checkpoints'}
Initiate model in trail 0 with mode: Classification, infer mode: SC encoder type: MLP on device: cuda.
Saving model and plot for Trial 0 with Validation Loss = 0.7502
Initiate model in trail 1 with mode: Classification, infer mode: SC encoder type: MLP on device: cuda.
Saving model and plot for Trial 1 with Validation Loss = 0.7397
Best hyperparameters: {'lr': 0.01, 'n_epochs': 350, 'alpha_0': 0.01, 'alpha_1': 1, 'alpha_2': 0.1, 'alpha_3': 0.6}
Loading the Best Model.
Starting Inference.
Perform Rejection with GMM mode with tolerance=0.05, components=[3,15]!
Found distributions with means close to 0 and 1 with 3 components.
Reject 108(25.17%) cells.
Inference Done.
We set Rank score < 0.5 as Rank- () while > 0.5 as Rank+ 
The parameters setting of model is: {'n_features': 1000, 'nhead': 2, 'nhid1': 96, 'nhid2': 8, 'n_output': 32, 'nlayers': 3, 'n_pred': 2, 'n_patho': 0, 'dropout': 0.5, 'mode': 'Classification', 'infer_mode': 'SC', 'encoder_type': 'MLP', 'model_save_path': '/mnt/NAS_21T/ProjectResult/TiRank/results/ablation/intera_5/Data10/3_Analysis/checkpoints'}
Initiate model in trail 0 with mode: Classification, infer mode: SC encoder type: MLP on device: cuda with abation on 1.
Saving model and plot for Trial 0 with Validation Loss = 0.7322
Initiate model in trail 1 with mode: Classification, infer mode: SC encoder type: MLP on device: cuda with abation on 1.
Best hyperparameters: {'lr': 0.006, 'n_epochs': 400, 'alpha_0': 0.1, 'alpha_1': 0, 'alpha_2': 0.1, 'alpha_3': 0.7}
Loading the Best Model.
Starting Inference.
Perform Rejection with GMM mode with tolerance=0.05, components=[3,15]!
Underfitting!
Found distributions with means close to 0 and 1 with 3 components.
Reject 0(0.00%) cells.
Inference Done.
We set Rank score < 0.5 as Rank- () while > 0.5 as Rank+ 
The parameters setting of model is: {'n_features': 1000, 'nhead': 2, 'nhid1': 96, 'nhid2': 8, 'n_output': 32, 'nlayers': 3, 'n_pred': 2, 'n_patho': 0, 'dropout': 0.5, 'mode': 'Classification', 'infer_mode': 'SC', 'encoder_type': 'MLP', 'model_save_path': '/mnt/NAS_21T/ProjectResult/TiRank/results/ablation/intera_5/Data10/3_Analysis/checkpoints'}
Initiate model in trail 0 with mode: Classification, infer mode: SC encoder type: MLP on device: cuda with abation on 2.
Saving model and plot for Trial 0 with Validation Loss = 0.7837
Initiate model in trail 1 with mode: Classification, infer mode: SC encoder type: MLP on device: cuda with abation on 2.
Best hyperparameters: {'lr': 0.006, 'n_epochs': 450, 'alpha_0': 0.03, 'alpha_1': 0.8, 'alpha_2': 0, 'alpha_3': 0.3}
Loading the Best Model.
Starting Inference.
Perform Rejection with GMM mode with tolerance=0.05, components=[3,15]!
Found distributions with means close to 0 and 1 with 3 components.
Reject 12(2.80%) cells.
Inference Done.
We set Rank score < 0.5 as Rank- () while > 0.5 as Rank+ 
The parameters setting of model is: {'n_features': 1000, 'nhead': 2, 'nhid1': 96, 'nhid2': 8, 'n_output': 32, 'nlayers': 3, 'n_pred': 2, 'n_patho': 0, 'dropout': 0.5, 'mode': 'Classification', 'infer_mode': 'SC', 'encoder_type': 'MLP', 'model_save_path': '/mnt/NAS_21T/ProjectResult/TiRank/results/ablation/intera_5/Data10/3_Analysis/checkpoints'}
Initiate model in trail 0 with mode: Classification, infer mode: SC encoder type: MLP on device: cuda with abation on 1,2.
Saving model and plot for Trial 0 with Validation Loss = 0.7914
Initiate model in trail 1 with mode: Classification, infer mode: SC encoder type: MLP on device: cuda with abation on 1,2.
Best hyperparameters: {'lr': 0.001, 'n_epochs': 500, 'alpha_0': 0.06, 'alpha_1': 0, 'alpha_2': 0, 'alpha_3': 0.6}
Loading the Best Model.
Starting Inference.
Perform Rejection with GMM mode with tolerance=0.05, components=[3,15]!
Underfitting!
Found distributions with means close to 0 and 1 with 3 components.
Reject 0(0.00%) cells.
Inference Done.
We set Rank score < 0.5 as Rank- () while > 0.5 as Rank+ 
Starting load data for gene pair transformation.
Starting gene pair extraction.
Get candidate genes done.
There are 263 genes up-regulated in Group 0 and 460 genes up-regulated in Group 1.
Get candidate gene pairs done.
Profile transformation done.
Starting save gene pair matrices.
Save gene pair matrices done.
Save informative gene matrices done.
The parameters setting of model is: {'n_features': 1000, 'nhead': 2, 'nhid1': 96, 'nhid2': 8, 'n_output': 32, 'nlayers': 3, 'n_pred': 2, 'n_patho': 0, 'dropout': 0.5, 'mode': 'Classification', 'infer_mode': 'SC', 'encoder_type': 'DenseNet', 'model_save_path': '/mnt/NAS_21T/ProjectResult/TiRank/results/ablation/intera_5/Data9/3_Analysis/checkpoints'}
Initiate model in trail 0 with mode: Classification, infer mode: SC encoder type: DenseNet on device: cuda.
Saving model and plot for Trial 0 with Validation Loss = 0.6863
Initiate model in trail 1 with mode: Classification, infer mode: SC encoder type: DenseNet on device: cuda.
Best hyperparameters: {'lr': 0.0003, 'n_epochs': 450, 'alpha_0': 0.1, 'alpha_1': 0.4, 'alpha_2': 0.001, 'alpha_3': 0.7}
Loading the Best Model.
Starting Inference.
Perform Rejection with GMM mode with tolerance=0.05, components=[3,15]!
Found distributions with means close to 0 and 1 with 3 components.
Reject 11(2.56%) cells.
Inference Done.
We set Rank score < 0.5 as Rank- () while > 0.5 as Rank+ 
The parameters setting of model is: [I 2025-03-21 09:53:30,783] A new study created in memory with name: no-name-395face2-a51c-402a-8825-6aba6aabfcd5
[I 2025-03-21 09:53:36,051] Trial 0 finished with value: 0.7136088013648987 and parameters: {'lr': 0.001, 'n_epochs': 300, 'alpha_0': 0.005, 'alpha_1': 0.2, 'alpha_2': 0.05, 'alpha_3': 0.7}. Best is trial 0 with value: 0.7136088013648987.
[I 2025-03-21 09:53:43,060] Trial 1 finished with value: 0.8259618878364563 and parameters: {'lr': 1e-06, 'n_epochs': 400, 'alpha_0': 0.06, 'alpha_1': 0.8, 'alpha_2': 0.05, 'alpha_3': 1}. Best is trial 0 with value: 0.7136088013648987.
... storing 'Rank_Label' as categorical
[I 2025-03-21 09:53:45,042] A new study created in memory with name: no-name-35a0f439-faa1-4ca3-8758-f8d0784be9d3
[I 2025-03-21 09:53:49,339] Trial 0 finished with value: 0.6716472506523132 and parameters: {'lr': 0.001, 'n_epochs': 450, 'alpha_0': 0.1, 'alpha_1': 0.6, 'alpha_2': 0.005, 'alpha_3': 0.2}. Best is trial 0 with value: 0.6716472506523132.
[I 2025-03-21 09:53:54,109] Trial 1 finished with value: 0.6774174571037292 and parameters: {'lr': 0.0006, 'n_epochs': 500, 'alpha_0': 0.1, 'alpha_1': 0.6, 'alpha_2': 0.005, 'alpha_3': 0.2}. Best is trial 0 with value: 0.6716472506523132.
... storing 'Rank_Label' as categorical
[I 2025-03-21 09:53:56,120] A new study created in memory with name: no-name-5423c40e-9d83-4911-9b92-b1c5e1a6a708
[I 2025-03-21 09:54:00,493] Trial 0 finished with value: 0.8201016187667847 and parameters: {'lr': 1e-06, 'n_epochs': 450, 'alpha_0': 0.01, 'alpha_1': 0, 'alpha_2': 0.1, 'alpha_3': 0.3}. Best is trial 0 with value: 0.8201016187667847.
[I 2025-03-21 09:54:03,485] Trial 1 finished with value: 0.7090733647346497 and parameters: {'lr': 0.006, 'n_epochs': 300, 'alpha_0': 0.005, 'alpha_1': 0, 'alpha_2': 0.005, 'alpha_3': 0.5}. Best is trial 1 with value: 0.7090733647346497.
... storing 'Rank_Label' as categorical
[I 2025-03-21 09:54:05,414] A new study created in memory with name: no-name-69b6f200-d7e0-49cf-8e88-b23561d85d66
[I 2025-03-21 09:54:08,342] Trial 0 finished with value: 0.6948562264442444 and parameters: {'lr': 0.0003, 'n_epochs': 300, 'alpha_0': 0.01, 'alpha_1': 0.9, 'alpha_2': 0, 'alpha_3': 0.8}. Best is trial 0 with value: 0.6948562264442444.
[I 2025-03-21 09:54:11,538] Trial 1 finished with value: 0.7082479596138 and parameters: {'lr': 0.0003, 'n_epochs': 350, 'alpha_0': 0.06, 'alpha_1': 0.3, 'alpha_2': 0, 'alpha_3': 0.6}. Best is trial 0 with value: 0.6948562264442444.
... storing 'Rank_Label' as categorical
[I 2025-03-21 09:54:13,549] A new study created in memory with name: no-name-44053207-f724-44b2-bcfe-6290cb9fda6a
[I 2025-03-21 09:54:16,357] Trial 0 finished with value: 0.8191706538200378 and parameters: {'lr': 0.006, 'n_epochs': 300, 'alpha_0': 0.1, 'alpha_1': 0, 'alpha_2': 0, 'alpha_3': 0.3}. Best is trial 0 with value: 0.8191706538200378.
[I 2025-03-21 09:54:21,051] Trial 1 finished with value: 0.7799105048179626 and parameters: {'lr': 0.0003, 'n_epochs': 500, 'alpha_0': 0.1, 'alpha_1': 0, 'alpha_2': 0, 'alpha_3': 0.3}. Best is trial 1 with value: 0.7799105048179626.
... storing 'Rank_Label' as categorical
2025-03-21 09:54:22,969 - Finished dataset Data9 in /mnt/NAS_21T/ProjectResult/TiRank/results/ablation/intera_5/Data9
Processing datasets for repeat 5:  20%|â–ˆâ–ˆ        | 2/10 [03:19<13:10, 98.77s/it] 2025-03-21 09:54:22,973 - Processing dataset Data8 in /mnt/NAS_21T/ProjectResult/TiRank/results/ablation/intera_5/Data8
[I 2025-03-21 10:03:32,662] A new study created in memory with name: no-name-603680c6-bce5-422b-923b-b65ba6507808
