[I 2025-03-21 02:11:39,070] Trial 0 finished with value: 0.7923212647438049 and parameters: {'lr': 0.0006, 'n_epochs': 300, 'alpha_0': 0.01, 'alpha_1': 0.4, 'alpha_2': 0, 'alpha_3': 0.9}. Best is trial 0 with value: 0.7923212647438049.
[I 2025-03-21 02:11:41,974] Trial 1 finished with value: 0.7666184306144714 and parameters: {'lr': 1e-06, 'n_epochs': 500, 'alpha_0': 0.1, 'alpha_1': 0.2, 'alpha_2': 0, 'alpha_3': 0.4}. Best is trial 1 with value: 0.7666184306144714.
... storing 'Rank_Label' as categorical
[I 2025-03-21 02:11:45,259] A new study created in memory with name: no-name-8a51432d-c849-4b82-b36a-a4c764749541
[I 2025-03-21 02:11:48,648] Trial 0 finished with value: 0.835676372051239 and parameters: {'lr': 0.003, 'n_epochs': 350, 'alpha_0': 0.06, 'alpha_1': 0, 'alpha_2': 0, 'alpha_3': 1}. Best is trial 0 with value: 0.835676372051239.
[I 2025-03-21 02:11:52,231] Trial 1 finished with value: 0.7972921133041382 and parameters: {'lr': 0.01, 'n_epochs': 350, 'alpha_0': 0.005, 'alpha_1': 0, 'alpha_2': 0, 'alpha_3': 0.4}. Best is trial 1 with value: 0.7972921133041382.
... storing 'Rank_Label' as categorical
2025-03-21 02:11:55,498 - Finished dataset Data1 in /mnt/NAS_21T/ProjectResult/TiRank/results/ablation/intera_1/Data1
Processing datasets for repeat 1: 100%|â–ˆâ–ˆâ–ˆâ–ˆâ–ˆâ–ˆâ–ˆâ–ˆâ–ˆâ–ˆ| 10/10 [2:36:43<00:00, 371.64s/it]Processing datasets for repeat 1: 100%|â–ˆâ–ˆâ–ˆâ–ˆâ–ˆâ–ˆâ–ˆâ–ˆâ–ˆâ–ˆ| 10/10 [2:36:43<00:00, 940.38s/it]
2025-03-21 02:11:55,500 - Repeat 1 completed
2025-03-21 02:11:55,501 - Starting repeat 2
{'n_features': 1000, 'nhead': 2, 'nhid1': 96, 'nhid2': 8, 'n_output': 32, 'nlayers': 3, 'n_pred': 2, 'n_patho': 0, 'dropout': 0.5, 'mode': 'Classification', 'infer_mode': 'SC', 'encoder_type': 'MLP', 'model_save_path': '/mnt/NAS_21T/ProjectResult/TiRank/results/ablation/intera_1/Data1/3_Analysis/checkpoints'}
Initiate model in trail 0 with mode: Classification, infer mode: SC encoder type: MLP on device: cuda with abation on 1.
Saving model and plot for Trial 0 with Validation Loss = 0.7672
Initiate model in trail 1 with mode: Classification, infer mode: SC encoder type: MLP on device: cuda with abation on 1.
Saving model and plot for Trial 1 with Validation Loss = 0.7298
Best hyperparameters: {'lr': 0.0001, 'n_epochs': 350, 'alpha_0': 0.01, 'alpha_1': 0, 'alpha_2': 0.01, 'alpha_3': 0.6}
Loading the Best Model.
Starting Inference.
Perform Rejection with GMM mode with tolerance=0.05, components=[3,15]!
Underfitting!
Found distributions with means close to 0 and 1 with 3 components.
Reject 0(0.00%) cells.
Inference Done.
We set Rank score < 0.5 as Rank- () while > 0.5 as Rank+ 
The parameters setting of model is: {'n_features': 1000, 'nhead': 2, 'nhid1': 96, 'nhid2': 8, 'n_output': 32, 'nlayers': 3, 'n_pred': 2, 'n_patho': 0, 'dropout': 0.5, 'mode': 'Classification', 'infer_mode': 'SC', 'encoder_type': 'MLP', 'model_save_path': '/mnt/NAS_21T/ProjectResult/TiRank/results/ablation/intera_1/Data1/3_Analysis/checkpoints'}
Initiate model in trail 0 with mode: Classification, infer mode: SC encoder type: MLP on device: cuda with abation on 2.
Saving model and plot for Trial 0 with Validation Loss = 0.7923
Initiate model in trail 1 with mode: Classification, infer mode: SC encoder type: MLP on device: cuda with abation on 2.
Saving model and plot for Trial 1 with Validation Loss = 0.7666
Best hyperparameters: {'lr': 1e-06, 'n_epochs': 500, 'alpha_0': 0.1, 'alpha_1': 0.2, 'alpha_2': 0, 'alpha_3': 0.4}
Loading the Best Model.
Starting Inference.
Perform Rejection with GMM mode with tolerance=0.05, components=[3,15]!
Underfitting!
Found distributions with means close to 0 and 1 with 3 components.
Reject 0(0.00%) cells.
Inference Done.
We set Rank score < 0.5 as Rank- () while > 0.5 as Rank+ 
The parameters setting of model is: {'n_features': 1000, 'nhead': 2, 'nhid1': 96, 'nhid2': 8, 'n_output': 32, 'nlayers': 3, 'n_pred': 2, 'n_patho': 0, 'dropout': 0.5, 'mode': 'Classification', 'infer_mode': 'SC', 'encoder_type': 'MLP', 'model_save_path': '/mnt/NAS_21T/ProjectResult/TiRank/results/ablation/intera_1/Data1/3_Analysis/checkpoints'}
Initiate model in trail 0 with mode: Classification, infer mode: SC encoder type: MLP on device: cuda with abation on 1,2.
Saving model and plot for Trial 0 with Validation Loss = 0.8357
Initiate model in trail 1 with mode: Classification, infer mode: SC encoder type: MLP on device: cuda with abation on 1,2.
Saving model and plot for Trial 1 with Validation Loss = 0.7973
Best hyperparameters: {'lr': 0.01, 'n_epochs': 350, 'alpha_0': 0.005, 'alpha_1': 0, 'alpha_2': 0, 'alpha_3': 0.4}
Loading the Best Model.
Starting Inference.
Perform Rejection with GMM mode with tolerance=0.05, components=[3,15]!
Underfitting!
Found distributions with means close to 0 and 1 with 3 components.
Reject 0(0.00%) cells.
Inference Done.
We set Rank score < 0.5 as Rank- () while > 0.5 as Rank+ 
Processing datasets for repeat 2:   0%|          | 0/10 [00:00<?, ?it/s]2025-03-21 02:11:55,508 - Processing dataset Data10 in /mnt/NAS_21T/ProjectResult/TiRank/results/ablation/intera_2/Data10
[I 2025-03-21 02:12:21,380] A new study created in memory with name: no-name-c54d490e-ce77-4b6f-a67f-b74e53ab3262
[I 2025-03-21 02:12:26,529] Trial 0 finished with value: 0.7417851090431213 and parameters: {'lr': 0.0006, 'n_epochs': 350, 'alpha_0': 0.005, 'alpha_1': 1, 'alpha_2': 0.05, 'alpha_3': 0.6}. Best is trial 0 with value: 0.7417851090431213.
[I 2025-03-21 02:12:32,249] Trial 1 finished with value: 0.8000683784484863 and parameters: {'lr': 0.01, 'n_epochs': 450, 'alpha_0': 0.005, 'alpha_1': 0.2, 'alpha_2': 0.001, 'alpha_3': 0.5}. Best is trial 0 with value: 0.7417851090431213.
... storing 'Rank_Label' as categorical
[I 2025-03-21 02:12:34,345] A new study created in memory with name: no-name-d981f076-5acf-40f9-a3ce-7f2f90025fd4
[I 2025-03-21 02:12:43,970] Trial 0 finished with value: 0.7325382232666016 and parameters: {'lr': 0.01, 'n_epochs': 500, 'alpha_0': 0.03, 'alpha_1': 0.9, 'alpha_2': 0.005, 'alpha_3': 0.3}. Best is trial 0 with value: 0.7325382232666016.
[I 2025-03-21 02:12:49,832] Trial 1 finished with value: 0.793465256690979 and parameters: {'lr': 0.0003, 'n_epochs': 300, 'alpha_0': 0.03, 'alpha_1': 0.1, 'alpha_2': 0.001, 'alpha_3': 0.1}. Best is trial 0 with value: 0.7325382232666016.
... storing 'Rank_Label' as categorical
[I 2025-03-21 02:12:51,741] A new study created in memory with name: no-name-4b23ed35-cf48-4110-9180-1635f31d078a
[I 2025-03-21 02:12:57,183] Trial 0 finished with value: 0.7364242672920227 and parameters: {'lr': 0.0003, 'n_epochs': 450, 'alpha_0': 0.01, 'alpha_1': 0.3, 'alpha_2': 0.005, 'alpha_3': 0.7}. Best is trial 0 with value: 0.7364242672920227.
[I 2025-03-21 02:13:01,301] Trial 1 finished with value: 0.7922531366348267 and parameters: {'lr': 0.0003, 'n_epochs': 350, 'alpha_0': 0.01, 'alpha_1': 0.6, 'alpha_2': 0.001, 'alpha_3': 0.4}. Best is trial 0 with value: 0.7364242672920227.
... storing 'Rank_Label' as categorical
[I 2025-03-21 02:13:03,189] A new study created in memory with name: no-name-326d30b0-6b31-4f6b-8ea7-a0097c877bfa
[I 2025-03-21 02:13:09,207] Trial 0 finished with value: 0.7251693606376648 and parameters: {'lr': 0.01, 'n_epochs': 500, 'alpha_0': 0.01, 'alpha_1': 0, 'alpha_2': 0.05, 'alpha_3': 0.4}. Best is trial 0 with value: 0.7251693606376648.
[I 2025-03-21 02:13:13,241] Trial 1 finished with value: 0.792362630367279 and parameters: {'lr': 0.0006, 'n_epochs': 350, 'alpha_0': 0.06, 'alpha_1': 0, 'alpha_2': 0.01, 'alpha_3': 1}. Best is trial 0 with value: 0.7251693606376648.
... storing 'Rank_Label' as categorical
[I 2025-03-21 02:13:15,117] A new study created in memory with name: no-name-d2bd17fc-706f-439d-917b-2c0d7aa62302
[I 2025-03-21 02:13:20,562] Trial 0 finished with value: 0.7851585745811462 and parameters: {'lr': 0.0003, 'n_epochs': 450, 'alpha_0': 0.03, 'alpha_1': 1, 'alpha_2': 0, 'alpha_3': 0.3}. Best is trial 0 with value: 0.7851585745811462.
[I 2025-03-21 02:13:25,319] Trial 1 finished with value: 0.8081768155097961 and parameters: {'lr': 0.01, 'n_epochs': 500, 'alpha_0': 0.01, 'alpha_1': 0.7, 'alpha_2': 0, 'alpha_3': 0.1}. Best is trial 0 with value: 0.7851585745811462.
... storing 'Rank_Label' as categorical
[I 2025-03-21 02:13:27,196] A new study created in memory with name: no-name-7a88364b-dc0f-4e7c-aa98-c4c21bf05ed3
[I 2025-03-21 02:13:30,870] Trial 0 finished with value: 0.7891833186149597 and parameters: {'lr': 0.0003, 'n_epochs': 350, 'alpha_0': 0.01, 'alpha_1': 0, 'alpha_2': 0, 'alpha_3': 0.8}. Best is trial 0 with value: 0.7891833186149597.
[I 2025-03-21 02:13:34,557] Trial 1 finished with value: 0.7934034466743469 and parameters: {'lr': 1e-05, 'n_epochs': 400, 'alpha_0': 0.1, 'alpha_1': 0, 'alpha_2': 0, 'alpha_3': 0.9}. Best is trial 0 with value: 0.7891833186149597.
... storing 'Rank_Label' as categorical
2025-03-21 02:13:36,415 - Finished dataset Data10 in /mnt/NAS_21T/ProjectResult/TiRank/results/ablation/intera_2/Data10
Processing datasets for repeat 2:  10%|â–ˆ         | 1/10 [01:40<15:08, 100.91s/it]2025-03-21 02:13:36,417 - Processing dataset Data9 in /mnt/NAS_21T/ProjectResult/TiRank/results/ablation/intera_2/Data9
[I 2025-03-21 02:14:09,726] A new study created in memory with name: no-name-533ed9b2-e6b4-4ea1-983d-726661002997
[I 2025-03-21 02:14:13,993] Trial 0 finished with value: 0.8080597519874573 and parameters: {'lr': 1e-05, 'n_epochs': 400, 'alpha_0': 0.06, 'alpha_1': 0.4, 'alpha_2': 0.05, 'alpha_3': 0.4}. Best is trial 0 with value: 0.8080597519874573.
[I 2025-03-21 02:14:17,399] Trial 1 finished with value: 0.684177041053772 and parameters: {'lr': 0.0001, 'n_epochs': 300, 'alpha_0': 0.06, 'alpha_1': 0.2, 'alpha_2': 0.05, 'alpha_3': 0.3}. Best is trial 1 with value: 0.684177041053772.
... storing 'Rank_Label' as categorical
Starting load data for gene pair transformation.
Starting gene pair extraction.
Get candidate genes done.
There are 322 genes up-regulated in Group 0 and 283 genes up-regulated in Group 1.
Get candidate gene pairs done.
Profile transformation done.
Starting save gene pair matrices.
Save gene pair matrices done.
Save informative gene matrices done.
The parameters setting of model is: {'n_features': 1000, 'nhead': 2, 'nhid1': 96, 'nhid2': 8, 'n_output': 32, 'nlayers': 3, 'n_pred': 2, 'n_patho': 0, 'dropout': 0.5, 'mode': 'Classification', 'infer_mode': 'SC', 'encoder_type': 'DenseNet', 'model_save_path': '/mnt/NAS_21T/ProjectResult/TiRank/results/ablation/intera_2/Data10/3_Analysis/checkpoints'}
Initiate model in trail 0 with mode: Classification, infer mode: SC encoder type: DenseNet on device: cuda.
Saving model and plot for Trial 0 with Validation Loss = 0.7418
Initiate model in trail 1 with mode: Classification, infer mode: SC encoder type: DenseNet on device: cuda.
Best hyperparameters: {'lr': 0.0006, 'n_epochs': 350, 'alpha_0': 0.005, 'alpha_1': 1, 'alpha_2': 0.05, 'alpha_3': 0.6}
Loading the Best Model.
Starting Inference.
Perform Rejection with GMM mode with tolerance=0.05, components=[3,15]!
Found distributions with means close to 0 and 1 with 3 components.
Reject 2(0.47%) cells.
Inference Done.
We set Rank score < 0.5 as Rank- () while > 0.5 as Rank+ 
The parameters setting of model is: {'n_features': 1000, 'nhead': 2, 'nhid1': 96, 'nhid2': 8, 'n_output': 32, 'nlayers': 3, 'n_pred': 2, 'n_patho': 0, 'dropout': 0.5, 'mode': 'Classification', 'infer_mode': 'SC', 'encoder_type': 'Transformer', 'model_save_path': '/mnt/NAS_21T/ProjectResult/TiRank/results/ablation/intera_2/Data10/3_Analysis/checkpoints'}
Initiate model in trail 0 with mode: Classification, infer mode: SC encoder type: Transformer on device: cuda.
Saving model and plot for Trial 0 with Validation Loss = 0.7325
Initiate model in trail 1 with mode: Classification, infer mode: SC encoder type: Transformer on device: cuda.
Best hyperparameters: {'lr': 0.01, 'n_epochs': 500, 'alpha_0': 0.03, 'alpha_1': 0.9, 'alpha_2': 0.005, 'alpha_3': 0.3}
Loading the Best Model.
Starting Inference.
Perform Rejection with GMM mode with tolerance=0.05, components=[3,15]!
Found distributions with means close to 0 and 1 with 3 components.
Reject 0(0.00%) cells.
Inference Done.
We set Rank score < 0.5 as Rank- () while > 0.5 as Rank+ 
The parameters setting of model is: {'n_features': 1000, 'nhead': 2, 'nhid1': 96, 'nhid2': 8, 'n_output': 32, 'nlayers': 3, 'n_pred': 2, 'n_patho': 0, 'dropout': 0.5, 'mode': 'Classification', 'infer_mode': 'SC', 'encoder_type': 'MLP', 'model_save_path': '/mnt/NAS_21T/ProjectResult/TiRank/results/ablation/intera_2/Data10/3_Analysis/checkpoints'}
Initiate model in trail 0 with mode: Classification, infer mode: SC encoder type: MLP on device: cuda.
Saving model and plot for Trial 0 with Validation Loss = 0.7364
Initiate model in trail 1 with mode: Classification, infer mode: SC encoder type: MLP on device: cuda.
Best hyperparameters: {'lr': 0.0003, 'n_epochs': 450, 'alpha_0': 0.01, 'alpha_1': 0.3, 'alpha_2': 0.005, 'alpha_3': 0.7}
Loading the Best Model.
Starting Inference.
Perform Rejection with GMM mode with tolerance=0.05, components=[3,15]!
Found distributions with means close to 0 and 1 with 3 components.
Reject 221(51.52%) cells.
Inference Done.
We set Rank score < 0.5 as Rank- () while > 0.5 as Rank+ 
The parameters setting of model is: {'n_features': 1000, 'nhead': 2, 'nhid1': 96, 'nhid2': 8, 'n_output': 32, 'nlayers': 3, 'n_pred': 2, 'n_patho': 0, 'dropout': 0.5, 'mode': 'Classification', 'infer_mode': 'SC', 'encoder_type': 'MLP', 'model_save_path': '/mnt/NAS_21T/ProjectResult/TiRank/results/ablation/intera_2/Data10/3_Analysis/checkpoints'}
Initiate model in trail 0 with mode: Classification, infer mode: SC encoder type: MLP on device: cuda with abation on 1.
Saving model and plot for Trial 0 with Validation Loss = 0.7252
Initiate model in trail 1 with mode: Classification, infer mode: SC encoder type: MLP on device: cuda with abation on 1.
Best hyperparameters: {'lr': 0.01, 'n_epochs': 500, 'alpha_0': 0.01, 'alpha_1': 0, 'alpha_2': 0.05, 'alpha_3': 0.4}
Loading the Best Model.
Starting Inference.
Perform Rejection with GMM mode with tolerance=0.05, components=[3,15]!
Underfitting!
Found distributions with means close to 0 and 1 with 3 components.
Reject 0(0.00%) cells.
Inference Done.
We set Rank score < 0.5 as Rank- () while > 0.5 as Rank+ 
The parameters setting of model is: {'n_features': 1000, 'nhead': 2, 'nhid1': 96, 'nhid2': 8, 'n_output': 32, 'nlayers': 3, 'n_pred': 2, 'n_patho': 0, 'dropout': 0.5, 'mode': 'Classification', 'infer_mode': 'SC', 'encoder_type': 'MLP', 'model_save_path': '/mnt/NAS_21T/ProjectResult/TiRank/results/ablation/intera_2/Data10/3_Analysis/checkpoints'}
Initiate model in trail 0 with mode: Classification, infer mode: SC encoder type: MLP on device: cuda with abation on 2.
Saving model and plot for Trial 0 with Validation Loss = 0.7852
Initiate model in trail 1 with mode: Classification, infer mode: SC encoder type: MLP on device: cuda with abation on 2.
Best hyperparameters: {'lr': 0.0003, 'n_epochs': 450, 'alpha_0': 0.03, 'alpha_1': 1, 'alpha_2': 0, 'alpha_3': 0.3}
Loading the Best Model.
Starting Inference.
Perform Rejection with GMM mode with tolerance=0.05, components=[3,15]!
Found distributions with means close to 0 and 1 with 3 components.
Reject 129(30.07%) cells.
Inference Done.
We set Rank score < 0.5 as Rank- () while > 0.5 as Rank+ 
The parameters setting of model is: {'n_features': 1000, 'nhead': 2, 'nhid1': 96, 'nhid2': 8, 'n_output': 32, 'nlayers': 3, 'n_pred': 2, 'n_patho': 0, 'dropout': 0.5, 'mode': 'Classification', 'infer_mode': 'SC', 'encoder_type': 'MLP', 'model_save_path': '/mnt/NAS_21T/ProjectResult/TiRank/results/ablation/intera_2/Data10/3_Analysis/checkpoints'}
Initiate model in trail 0 with mode: Classification, infer mode: SC encoder type: MLP on device: cuda with abation on 1,2.
Saving model and plot for Trial 0 with Validation Loss = 0.7892
Initiate model in trail 1 with mode: Classification, infer mode: SC encoder type: MLP on device: cuda with abation on 1,2.
Best hyperparameters: {'lr': 0.0003, 'n_epochs': 350, 'alpha_0': 0.01, 'alpha_1': 0, 'alpha_2': 0, 'alpha_3': 0.8}
Loading the Best Model.
Starting Inference.
Perform Rejection with GMM mode with tolerance=0.05, components=[3,15]!
Underfitting!
Found distributions with means close to 0 and 1 with 3 components.
Reject 0(0.00%) cells.
Inference Done.
We set Rank score < 0.5 as Rank- () while > 0.5 as Rank+ 
Starting load data for gene pair transformation.
Starting gene pair extraction.
Get candidate genes done.
There are 263 genes up-regulated in Group 0 and 460 genes up-regulated in Group 1.
Get candidate gene pairs done.
Profile transformation done.
Starting save gene pair matrices.
Save gene pair matrices done.
Save informative gene matrices done.
The parameters setting of model is: {'n_features': 1000, 'nhead': 2, 'nhid1': 96, 'nhid2': 8, 'n_output': 32, 'nlayers': 3, 'n_pred': 2, 'n_patho': 0, 'dropout': 0.5, 'mode': 'Classification', 'infer_mode': 'SC', 'encoder_type': 'DenseNet', 'model_save_path': '/mnt/NAS_21T/ProjectResult/TiRank/results/ablation/intera_2/Data9/3_Analysis/checkpoints'}
Initiate model in trail 0 with mode: Classification, infer mode: SC encoder type: DenseNet on device: cuda.
Saving model and plot for Trial 0 with Validation Loss = 0.8081
Initiate model in trail 1 with mode: Classification, infer mode: SC encoder type: DenseNet on device: cuda.
Saving model and plot for Trial 1 with Validation Loss = 0.6842
Best hyperparameters: {'lr': 0.0001, 'n_epochs': 300, 'alpha_0': 0.06, 'alpha_1': 0.2, 'alpha_2': 0.05, 'alpha_3': 0.3}
Loading the Best Model.
Starting Inference.
Perform Rejection with GMM mode with tolerance=0.05, components=[3,15]!
Found distributions with means close to 0 and 1 with 7 components.
Reject 346(80.65%) cells.
Inference Done.
We set Rank score < 0.5 as Rank- () while > 0.5 as Rank+ 
The parameters setting of model is: [I 2025-03-21 02:14:19,639] A new study created in memory with name: no-name-fcd6f1df-0820-4c77-9346-6c17bf051451
[I 2025-03-21 02:14:28,384] Trial 0 finished with value: 0.7898143529891968 and parameters: {'lr': 0.01, 'n_epochs': 500, 'alpha_0': 0.03, 'alpha_1': 1, 'alpha_2': 0.1, 'alpha_3': 0.8}. Best is trial 0 with value: 0.7898143529891968.
[I 2025-03-21 02:14:36,358] Trial 1 finished with value: 0.7517852187156677 and parameters: {'lr': 0.003, 'n_epochs': 450, 'alpha_0': 0.01, 'alpha_1': 0.9, 'alpha_2': 0.005, 'alpha_3': 0.1}. Best is trial 1 with value: 0.7517852187156677.
... storing 'Rank_Label' as categorical
[I 2025-03-21 02:14:38,281] A new study created in memory with name: no-name-9fc1a1c4-5c53-4c2f-8e32-7bd747300fbb
[I 2025-03-21 02:14:42,623] Trial 0 finished with value: 0.6971890330314636 and parameters: {'lr': 0.003, 'n_epochs': 450, 'alpha_0': 0.01, 'alpha_1': 0.9, 'alpha_2': 0.01, 'alpha_3': 0.2}. Best is trial 0 with value: 0.6971890330314636.
[I 2025-03-21 02:14:46,030] Trial 1 finished with value: 0.7465522289276123 and parameters: {'lr': 0.0001, 'n_epochs': 350, 'alpha_0': 0.06, 'alpha_1': 0.6, 'alpha_2': 0.001, 'alpha_3': 0.1}. Best is trial 0 with value: 0.6971890330314636.
... storing 'Rank_Label' as categorical
[I 2025-03-21 02:14:47,891] A new study created in memory with name: no-name-db60c873-e91a-42de-a22b-7d6d31a901f7
[I 2025-03-21 02:14:51,068] Trial 0 finished with value: 0.8032793998718262 and parameters: {'lr': 0.0006, 'n_epochs': 350, 'alpha_0': 0.06, 'alpha_1': 0, 'alpha_2': 0.01, 'alpha_3': 0.1}. Best is trial 0 with value: 0.8032793998718262.
[I 2025-03-21 02:14:55,176] Trial 1 finished with value: 0.7678499221801758 and parameters: {'lr': 0.003, 'n_epochs': 450, 'alpha_0': 0.005, 'alpha_1': 0, 'alpha_2': 0.01, 'alpha_3': 0.1}. Best is trial 1 with value: 0.7678499221801758.
... storing 'Rank_Label' as categorical
[I 2025-03-21 02:14:57,002] A new study created in memory with name: no-name-6e6e7703-506d-4768-8608-d662feb3b7f3
[I 2025-03-21 02:14:59,900] Trial 0 finished with value: 0.6898955702781677 and parameters: {'lr': 0.003, 'n_epochs': 300, 'alpha_0': 0.06, 'alpha_1': 0.2, 'alpha_2': 0, 'alpha_3': 0.7}. Best is trial 0 with value: 0.6898955702781677.
[I 2025-03-21 02:15:03,792] Trial 1 finished with value: 0.7053380608558655 and parameters: {'lr': 0.0003, 'n_epochs': 500, 'alpha_0': 0.005, 'alpha_1': 0.6, 'alpha_2': 0, 'alpha_3': 0.6}. Best is trial 0 with value: 0.6898955702781677.
... storing 'Rank_Label' as categorical
[I 2025-03-21 02:15:05,635] A new study created in memory with name: no-name-8968ba59-efcb-498a-8f53-d94abff7e4d9
[I 2025-03-21 02:15:09,487] Trial 0 finished with value: 0.7563421130180359 and parameters: {'lr': 0.0006, 'n_epochs': 400, 'alpha_0': 0.01, 'alpha_1': 0, 'alpha_2': 0, 'alpha_3': 0.5}. Best is trial 0 with value: 0.7563421130180359.
[I 2025-03-21 02:15:12,789] Trial 1 finished with value: 0.8150554895401001 and parameters: {'lr': 1e-06, 'n_epochs': 350, 'alpha_0': 0.005, 'alpha_1': 0, 'alpha_2': 0, 'alpha_3': 0.2}. Best is trial 0 with value: 0.7563421130180359.
... storing 'Rank_Label' as categorical
2025-03-21 02:15:14,629 - Finished dataset Data9 in /mnt/NAS_21T/ProjectResult/TiRank/results/ablation/intera_2/Data9
Processing datasets for repeat 2:  20%|â–ˆâ–ˆ        | 2/10 [03:19<13:14, 99.32s/it] 2025-03-21 02:15:14,632 - Processing dataset Data8 in /mnt/NAS_21T/ProjectResult/TiRank/results/ablation/intera_2/Data8
[I 2025-03-21 02:24:21,966] A new study created in memory with name: no-name-3a1c6b4b-ca88-47cf-b2be-68d2197efdcd
[I 2025-03-21 02:29:10,409] Trial 0 finished with value: 0.8131800734478495 and parameters: {'lr': 0.01, 'n_epochs': 450, 'alpha_0': 0.1, 'alpha_1': 1, 'alpha_2': 0.01, 'alpha_3': 0.7}. Best is trial 0 with value: 0.8131800734478495.
