[I 2025-03-21 00:21:56,408] Trial 0 finished with value: 0.812055660330731 and parameters: {'lr': 0.0006, 'n_epochs': 350, 'alpha_0': 0.1, 'alpha_1': 0, 'alpha_2': 0.1, 'alpha_3': 1}. Best is trial 0 with value: 0.812055660330731.
[I 2025-03-21 00:26:21,538] Trial 1 finished with value: 0.7998341555180757 and parameters: {'lr': 0.01, 'n_epochs': 450, 'alpha_0': 0.03, 'alpha_1': 0, 'alpha_2': 0.01, 'alpha_3': 0.6}. Best is trial 1 with value: 0.7998341555180757.
... storing 'Rank_Label' as categorical
[I 2025-03-21 00:28:49,682] A new study created in memory with name: no-name-d1d24014-50a9-474f-bda2-51a91a2db4e0
[I 2025-03-21 00:33:47,841] Trial 0 finished with value: 0.6760256964227428 and parameters: {'lr': 0.006, 'n_epochs': 500, 'alpha_0': 0.1, 'alpha_1': 0.9, 'alpha_2': 0, 'alpha_3': 0.2}. Best is trial 0 with value: 0.6760256964227428.
[I 2025-03-21 00:38:13,362] Trial 1 finished with value: 0.6952378179716028 and parameters: {'lr': 0.003, 'n_epochs': 450, 'alpha_0': 0.06, 'alpha_1': 0.4, 'alpha_2': 0, 'alpha_3': 0.3}. Best is trial 0 with value: 0.6760256964227428.
... storing 'Rank_Label' as categorical
[I 2025-03-21 00:40:00,632] A new study created in memory with name: no-name-82094b32-acd8-484d-a230-c8a08ef9966c
[I 2025-03-21 00:43:28,426] Trial 0 finished with value: 0.7863923492638961 and parameters: {'lr': 0.001, 'n_epochs': 350, 'alpha_0': 0.1, 'alpha_1': 0, 'alpha_2': 0, 'alpha_3': 0.9}. Best is trial 0 with value: 0.7863923492638961.
[I 2025-03-21 00:47:57,095] Trial 1 finished with value: 0.7636875769366389 and parameters: {'lr': 0.01, 'n_epochs': 450, 'alpha_0': 0.01, 'alpha_1': 0, 'alpha_2': 0, 'alpha_3': 0.7}. Best is trial 1 with value: 0.7636875769366389.
... storing 'Rank_Label' as categorical
2025-03-21 00:49:44,101 - Finished dataset Data8 in /mnt/NAS_21T/ProjectResult/TiRank/results/ablation/intera_1/Data8
Processing datasets for repeat 1:  30%|â–ˆâ–ˆâ–ˆ       | 3/10 [1:14:32<3:54:18, 2008.38s/it]2025-03-21 00:49:44,104 - Processing dataset Data7 in /mnt/NAS_21T/ProjectResult/TiRank/results/ablation/intera_1/Data7
[I 2025-03-21 00:59:09,058] A new study created in memory with name: no-name-42e520a4-a463-4a36-b74d-9b4f10906c1e
[I 2025-03-21 01:02:24,137] Trial 0 finished with value: 0.7547917832498965 and parameters: {'lr': 0.0006, 'n_epochs': 300, 'alpha_0': 0.03, 'alpha_1': 0.7, 'alpha_2': 0.01, 'alpha_3': 0.1}. Best is trial 0 with value: 0.7547917832498965.
[I 2025-03-21 01:06:43,692] Trial 1 finished with value: 0.9827710416006006 and parameters: {'lr': 0.003, 'n_epochs': 400, 'alpha_0': 0.005, 'alpha_1': 1, 'alpha_2': 0.05, 'alpha_3': 0.4}. Best is trial 0 with value: 0.7547917832498965.
... storing 'Rank_Label' as categorical
[I 2025-03-21 01:08:31,671] A new study created in memory with name: no-name-74958c2e-bd89-4f66-b965-10e85f6f27c3
[I 2025-03-21 01:12:38,916] Trial 0 finished with value: 0.6706358971803085 and parameters: {'lr': 1e-05, 'n_epochs': 400, 'alpha_0': 0.005, 'alpha_1': 0.6, 'alpha_2': 0.1, 'alpha_3': 0.7}. Best is trial 0 with value: 0.6706358971803085.
[I 2025-03-21 01:17:48,423] Trial 1 finished with value: 0.7952271751735521 and parameters: {'lr': 0.0003, 'n_epochs': 500, 'alpha_0': 0.1, 'alpha_1': 1, 'alpha_2': 0.005, 'alpha_3': 0.6}. Best is trial 0 with value: 0.6706358971803085.
... storing 'Rank_Label' as categorical
[I 2025-03-21 01:19:57,360] A new study created in memory with name: no-name-8204f065-884d-4f35-a76d-3dd1e8004b53
[I 2025-03-21 01:23:27,907] Trial 0 finished with value: 0.7315983642702517 and parameters: {'lr': 0.0006, 'n_epochs': 350, 'alpha_0': 0.1, 'alpha_1': 0.1, 'alpha_2': 0.005, 'alpha_3': 0.4}. Best is trial 0 with value: 0.7315983642702517.
[I 2025-03-21 01:27:31,177] Trial 1 finished with value: 0.706351409787717 and parameters: {'lr': 0.0006, 'n_epochs': 400, 'alpha_0': 0.005, 'alpha_1': 0.4, 'alpha_2': 0.01, 'alpha_3': 0.2}. Best is trial 1 with value: 0.706351409787717.
... storing 'Rank_Label' as categorical
[I 2025-03-21 01:30:02,404] A new study created in memory with name: no-name-f34abfc3-e98a-4927-b6be-2c2ed73ea347
{'n_features': 1000, 'nhead': 2, 'nhid1': 96, 'nhid2': 8, 'n_output': 32, 'nlayers': 3, 'n_pred': 2, 'n_patho': 0, 'dropout': 0.5, 'mode': 'Classification', 'infer_mode': 'SC', 'encoder_type': 'MLP', 'model_save_path': '/mnt/NAS_21T/ProjectResult/TiRank/results/ablation/intera_1/Data8/3_Analysis/checkpoints'}
Initiate model in trail 0 with mode: Classification, infer mode: SC encoder type: MLP on device: cuda.
Saving model and plot for Trial 0 with Validation Loss = 0.5761
Initiate model in trail 1 with mode: Classification, infer mode: SC encoder type: MLP on device: cuda.
Best hyperparameters: {'lr': 0.0001, 'n_epochs': 300, 'alpha_0': 0.1, 'alpha_1': 0.5, 'alpha_2': 0.01, 'alpha_3': 0.6}
Loading the Best Model.
Starting Inference.
Perform Rejection with GMM mode with tolerance=0.05, components=[3,15]!
Found distributions with means close to 0 and 1 with 4 components.
Reject 10992(46.91%) cells.
Inference Done.
We set Rank score < 0.5 as Rank- () while > 0.5 as Rank+ 
The parameters setting of model is: {'n_features': 1000, 'nhead': 2, 'nhid1': 96, 'nhid2': 8, 'n_output': 32, 'nlayers': 3, 'n_pred': 2, 'n_patho': 0, 'dropout': 0.5, 'mode': 'Classification', 'infer_mode': 'SC', 'encoder_type': 'MLP', 'model_save_path': '/mnt/NAS_21T/ProjectResult/TiRank/results/ablation/intera_1/Data8/3_Analysis/checkpoints'}
Initiate model in trail 0 with mode: Classification, infer mode: SC encoder type: MLP on device: cuda with abation on 1.
Saving model and plot for Trial 0 with Validation Loss = 0.8121
Initiate model in trail 1 with mode: Classification, infer mode: SC encoder type: MLP on device: cuda with abation on 1.
Saving model and plot for Trial 1 with Validation Loss = 0.7998
Best hyperparameters: {'lr': 0.01, 'n_epochs': 450, 'alpha_0': 0.03, 'alpha_1': 0, 'alpha_2': 0.01, 'alpha_3': 0.6}
Loading the Best Model.
Starting Inference.
Perform Rejection with GMM mode with tolerance=0.05, components=[3,15]!
Underfitting!
Found distributions with means close to 0 and 1 with 3 components.
Reject 0(0.00%) cells.
Inference Done.
We set Rank score < 0.5 as Rank- () while > 0.5 as Rank+ 
The parameters setting of model is: {'n_features': 1000, 'nhead': 2, 'nhid1': 96, 'nhid2': 8, 'n_output': 32, 'nlayers': 3, 'n_pred': 2, 'n_patho': 0, 'dropout': 0.5, 'mode': 'Classification', 'infer_mode': 'SC', 'encoder_type': 'MLP', 'model_save_path': '/mnt/NAS_21T/ProjectResult/TiRank/results/ablation/intera_1/Data8/3_Analysis/checkpoints'}
Initiate model in trail 0 with mode: Classification, infer mode: SC encoder type: MLP on device: cuda with abation on 2.
Saving model and plot for Trial 0 with Validation Loss = 0.6760
Initiate model in trail 1 with mode: Classification, infer mode: SC encoder type: MLP on device: cuda with abation on 2.
Best hyperparameters: {'lr': 0.006, 'n_epochs': 500, 'alpha_0': 0.1, 'alpha_1': 0.9, 'alpha_2': 0, 'alpha_3': 0.2}
Loading the Best Model.
Starting Inference.
Perform Rejection with GMM mode with tolerance=0.05, components=[3,15]!
Found distributions with means close to 0 and 1 with 3 components.
Reject 38(0.16%) cells.
Inference Done.
We set Rank score < 0.5 as Rank- () while > 0.5 as Rank+ 
The parameters setting of model is: {'n_features': 1000, 'nhead': 2, 'nhid1': 96, 'nhid2': 8, 'n_output': 32, 'nlayers': 3, 'n_pred': 2, 'n_patho': 0, 'dropout': 0.5, 'mode': 'Classification', 'infer_mode': 'SC', 'encoder_type': 'MLP', 'model_save_path': '/mnt/NAS_21T/ProjectResult/TiRank/results/ablation/intera_1/Data8/3_Analysis/checkpoints'}
Initiate model in trail 0 with mode: Classification, infer mode: SC encoder type: MLP on device: cuda with abation on 1,2.
Saving model and plot for Trial 0 with Validation Loss = 0.7864
Initiate model in trail 1 with mode: Classification, infer mode: SC encoder type: MLP on device: cuda with abation on 1,2.
Saving model and plot for Trial 1 with Validation Loss = 0.7637
Best hyperparameters: {'lr': 0.01, 'n_epochs': 450, 'alpha_0': 0.01, 'alpha_1': 0, 'alpha_2': 0, 'alpha_3': 0.7}
Loading the Best Model.
Starting Inference.
Perform Rejection with GMM mode with tolerance=0.05, components=[3,15]!
Underfitting!
Found distributions with means close to 0 and 1 with 3 components.
Reject 0(0.00%) cells.
Inference Done.
We set Rank score < 0.5 as Rank- () while > 0.5 as Rank+ 
Starting load data for gene pair transformation.
Starting gene pair extraction.
Get candidate genes done.
There are 707 genes up-regulated in Group 0 and 445 genes up-regulated in Group 1.
Get candidate gene pairs done.
Profile transformation done.
Starting save gene pair matrices.
Save gene pair matrices done.
Save informative gene matrices done.
The parameters setting of model is: {'n_features': 1000, 'nhead': 2, 'nhid1': 96, 'nhid2': 8, 'n_output': 32, 'nlayers': 3, 'n_pred': 2, 'n_patho': 0, 'dropout': 0.5, 'mode': 'Classification', 'infer_mode': 'SC', 'encoder_type': 'DenseNet', 'model_save_path': '/mnt/NAS_21T/ProjectResult/TiRank/results/ablation/intera_1/Data7/3_Analysis/checkpoints'}
Initiate model in trail 0 with mode: Classification, infer mode: SC encoder type: DenseNet on device: cuda.
Saving model and plot for Trial 0 with Validation Loss = 0.7548
Initiate model in trail 1 with mode: Classification, infer mode: SC encoder type: DenseNet on device: cuda.
Best hyperparameters: {'lr': 0.0006, 'n_epochs': 300, 'alpha_0': 0.03, 'alpha_1': 0.7, 'alpha_2': 0.01, 'alpha_3': 0.1}
Loading the Best Model.
Starting Inference.
Perform Rejection with GMM mode with tolerance=0.05, components=[3,15]!
Found distributions with means close to 0 and 1 with 3 components.
Reject 3591(15.32%) cells.
Inference Done.
We set Rank score < 0.5 as Rank- () while > 0.5 as Rank+ 
The parameters setting of model is: {'n_features': 1000, 'nhead': 2, 'nhid1': 96, 'nhid2': 8, 'n_output': 32, 'nlayers': 3, 'n_pred': 2, 'n_patho': 0, 'dropout': 0.5, 'mode': 'Classification', 'infer_mode': 'SC', 'encoder_type': 'Transformer', 'model_save_path': '/mnt/NAS_21T/ProjectResult/TiRank/results/ablation/intera_1/Data7/3_Analysis/checkpoints'}
Initiate model in trail 0 with mode: Classification, infer mode: SC encoder type: Transformer on device: cuda.
Saving model and plot for Trial 0 with Validation Loss = 0.6706
Initiate model in trail 1 with mode: Classification, infer mode: SC encoder type: Transformer on device: cuda.
Best hyperparameters: {'lr': 1e-05, 'n_epochs': 400, 'alpha_0': 0.005, 'alpha_1': 0.6, 'alpha_2': 0.1, 'alpha_3': 0.7}
Loading the Best Model.
Starting Inference.
Perform Rejection with GMM mode with tolerance=0.05, components=[3,15]!
Found distributions with means close to 0 and 1 with 6 components.
Reject 6624(28.27%) cells.
Inference Done.
We set Rank score < 0.5 as Rank- () while > 0.5 as Rank+ 
The parameters setting of model is: {'n_features': 1000, 'nhead': 2, 'nhid1': 96, 'nhid2': 8, 'n_output': 32, 'nlayers': 3, 'n_pred': 2, 'n_patho': 0, 'dropout': 0.5, 'mode': 'Classification', 'infer_mode': 'SC', 'encoder_type': 'MLP', 'model_save_path': '/mnt/NAS_21T/ProjectResult/TiRank/results/ablation/intera_1/Data7/3_Analysis/checkpoints'}
Initiate model in trail 0 with mode: Classification, infer mode: SC encoder type: MLP on device: cuda.
Saving model and plot for Trial 0 with Validation Loss = 0.7316
Initiate model in trail 1 with mode: Classification, infer mode: SC encoder type: MLP on device: cuda.
Saving model and plot for Trial 1 with Validation Loss = 0.7064
Best hyperparameters: {'lr': 0.0006, 'n_epochs': 400, 'alpha_0': 0.005, 'alpha_1': 0.4, 'alpha_2': 0.01, 'alpha_3': 0.2}
Loading the Best Model.
Starting Inference.
Perform Rejection with GMM mode with tolerance=0.05, components=[3,15]!
Found distributions with means close to 0 and 1 with 4 components.
Reject 11976(51.11%) cells.
Inference Done.
We set Rank score < 0.5 as Rank- () while > 0.5 as Rank+ 
The parameters setting of model is: {'n_features': 1000, 'nhead': 2, 'nhid1': 96, 'nhid2': 8, 'n_output': 32, 'nlayers': 3, 'n_pred': 2, 'n_patho': 0, 'dropout': 0.5, 'mode': 'Classification', 'infer_mode': 'SC', 'encoder_type': 'MLP', 'model_save_path': '/mnt/NAS_21T/ProjectResult/TiRank/results/ablation/intera_1/Data7/3_Analysis/checkpoints'}
[I 2025-03-21 01:33:33,951] Trial 0 finished with value: 0.7398641109466553 and parameters: {'lr': 0.003, 'n_epochs': 350, 'alpha_0': 0.005, 'alpha_1': 0, 'alpha_2': 0.05, 'alpha_3': 0.7}. Best is trial 0 with value: 0.7398641109466553.
[I 2025-03-21 01:38:35,438] Trial 1 finished with value: 0.8128782821738202 and parameters: {'lr': 0.0001, 'n_epochs': 500, 'alpha_0': 0.1, 'alpha_1': 0, 'alpha_2': 0.05, 'alpha_3': 0.4}. Best is trial 0 with value: 0.7398641109466553.
... storing 'Rank_Label' as categorical
[I 2025-03-21 01:40:26,820] A new study created in memory with name: no-name-95fd2f0f-5d46-4ff4-817e-c7c1a88a6791
[I 2025-03-21 01:45:00,298] Trial 0 finished with value: 0.7240258144295734 and parameters: {'lr': 0.0003, 'n_epochs': 450, 'alpha_0': 0.01, 'alpha_1': 0.5, 'alpha_2': 0, 'alpha_3': 0.3}. Best is trial 0 with value: 0.7240258144295734.
[I 2025-03-21 01:48:01,329] Trial 1 finished with value: 0.6954889375230541 and parameters: {'lr': 0.003, 'n_epochs': 300, 'alpha_0': 0.1, 'alpha_1': 0.8, 'alpha_2': 0, 'alpha_3': 0.2}. Best is trial 1 with value: 0.6954889375230541.
... storing 'Rank_Label' as categorical
[I 2025-03-21 01:49:48,635] A new study created in memory with name: no-name-5045bc69-8d6d-4af5-8a64-6749d67e71cc
[I 2025-03-21 01:53:53,065] Trial 0 finished with value: 0.8057023468224899 and parameters: {'lr': 1e-06, 'n_epochs': 400, 'alpha_0': 0.01, 'alpha_1': 0, 'alpha_2': 0, 'alpha_3': 0.4}. Best is trial 0 with value: 0.8057023468224899.
[I 2025-03-21 01:56:54,932] Trial 1 finished with value: 0.7386964637300243 and parameters: {'lr': 0.0001, 'n_epochs': 300, 'alpha_0': 0.005, 'alpha_1': 0, 'alpha_2': 0, 'alpha_3': 0.2}. Best is trial 1 with value: 0.7386964637300243.
... storing 'Rank_Label' as categorical
2025-03-21 01:58:43,010 - Finished dataset Data7 in /mnt/NAS_21T/ProjectResult/TiRank/results/ablation/intera_1/Data7
Processing datasets for repeat 1:  40%|â–ˆâ–ˆâ–ˆâ–ˆ      | 4/10 [2:23:31<4:44:56, 2849.50s/it]2025-03-21 01:58:43,027 - Processing dataset Data6 in /mnt/NAS_21T/ProjectResult/TiRank/results/ablation/intera_1/Data6
[I 2025-03-21 01:59:06,248] A new study created in memory with name: no-name-bef82766-d44b-4e65-9d55-17195ea7a57f
[I 2025-03-21 01:59:16,593] Trial 0 finished with value: 0.7051829993724823 and parameters: {'lr': 1e-06, 'n_epochs': 350, 'alpha_0': 0.005, 'alpha_1': 0.3, 'alpha_2': 0.1, 'alpha_3': 0.5}. Best is trial 0 with value: 0.7051829993724823.
[I 2025-03-21 01:59:30,693] Trial 1 finished with value: 0.7603602111339569 and parameters: {'lr': 1e-05, 'n_epochs': 500, 'alpha_0': 0.03, 'alpha_1': 0.4, 'alpha_2': 0.1, 'alpha_3': 0.7}. Best is trial 0 with value: 0.7051829993724823.
... storing 'Rank_Label' as categorical
[I 2025-03-21 01:59:33,889] A new study created in memory with name: no-name-58ac281b-cbb5-4ab5-9bf3-9dc759e625e4
[I 2025-03-21 01:59:43,569] Trial 0 finished with value: 0.7250765264034271 and parameters: {'lr': 0.01, 'n_epochs': 300, 'alpha_0': 0.1, 'alpha_1': 0.8, 'alpha_2': 0.05, 'alpha_3': 0.8}. Best is trial 0 with value: 0.7250765264034271.
[I 2025-03-21 01:59:55,438] Trial 1 finished with value: 0.6168411374092102 and parameters: {'lr': 0.0006, 'n_epochs': 400, 'alpha_0': 0.01, 'alpha_1': 0.2, 'alpha_2': 0.01, 'alpha_3': 0.4}. Best is trial 1 with value: 0.6168411374092102.
... storing 'Rank_Label' as categorical
[I 2025-03-21 01:59:58,326] A new study created in memory with name: no-name-7fdac13b-8e77-43e0-949b-12a1c1fa2223
[I 2025-03-21 02:00:09,590] Trial 0 finished with value: 0.6104395687580109 and parameters: {'lr': 0.0006, 'n_epochs': 450, 'alpha_0': 0.1, 'alpha_1': 1, 'alpha_2': 0.01, 'alpha_3': 0.8}. Best is trial 0 with value: 0.6104395687580109.
[I 2025-03-21 02:00:18,480] Trial 1 finished with value: 0.5903422236442566 and parameters: {'lr': 0.001, 'n_epochs': 350, 'alpha_0': 0.005, 'alpha_1': 1, 'alpha_2': 0.1, 'alpha_3': 0.8}. Best is trial 1 with value: 0.5903422236442566.
... storing 'Rank_Label' as categorical
[I 2025-03-21 02:00:21,464] A new study created in memory with name: no-name-bcfe81a5-f191-409c-95b8-d46986871860
[I 2025-03-21 02:00:30,029] Trial 0 finished with value: 0.7599750757217407 and parameters: {'lr': 0.0001, 'n_epochs': 350, 'alpha_0': 0.01, 'alpha_1': 0, 'alpha_2': 0.1, 'alpha_3': 0.2}. Best is trial 0 with value: 0.7599750757217407.
[I 2025-03-21 02:00:40,119] Trial 1 finished with value: 0.7793245911598206 and parameters: {'lr': 0.0006, 'n_epochs': 400, 'alpha_0': 0.01, 'alpha_1': 0, 'alpha_2': 0.005, 'alpha_3': 0.4}. Best is trial 0 with value: 0.7599750757217407.
... storing 'Rank_Label' as categorical
[I 2025-03-21 02:00:42,939] A new study created in memory with name: no-name-dee91b01-dfa9-43c1-b447-ee6851ae37fe
