[I 2025-03-20 23:34:37,607] Trial 1 finished with value: 0.7137764692306519 and parameters: {'lr': 0.006, 'n_epochs': 500, 'alpha_0': 0.1, 'alpha_1': 0.8, 'alpha_2': 0.1, 'alpha_3': 0.4}. Best is trial 1 with value: 0.7137764692306519.
{'lr': 0.0001, 'n_epochs': 300, 'alpha_0': 0.01, 'alpha_1': 0.1, 'alpha_2': 0.001, 'alpha_3': 1}
Loading the Best Model.
Starting Inference.
Perform Rejection with GMM mode with tolerance=0.05, components=[3,15]!
Found distributions with means close to 0 and 1 with 4 components.
Reject 234(46.15%) cells.
Inference Done.
We set Rank score < 0.5 as Rank- () while > 0.5 as Rank+ 
The parameters setting of model is: {'n_features': 1000, 'nhead': 2, 'nhid1': 96, 'nhid2': 8, 'n_output': 32, 'nlayers': 3, 'n_pred': 2, 'n_patho': 0, 'dropout': 0.5, 'mode': 'Classification', 'infer_mode': 'SC', 'encoder_type': 'MLP', 'model_save_path': '/mnt/NAS_21T/ProjectResult/TiRank/results/ablation/intera_0/Data2/3_Analysis/checkpoints'}
Initiate model in trail 0 with mode: Classification, infer mode: SC encoder type: MLP on device: cuda.
Saving model and plot for Trial 0 with Validation Loss = 0.7889
Initiate model in trail 1 with mode: Classification, infer mode: SC encoder type: MLP on device: cuda.
Best hyperparameters: {'lr': 1e-06, 'n_epochs': 400, 'alpha_0': 0.01, 'alpha_1': 0.4, 'alpha_2': 0.1, 'alpha_3': 0.4}
Loading the Best Model.
Starting Inference.
Perform Rejection with GMM mode with tolerance=0.05, components=[3,15]!
Underfitting!
Found distributions with means close to 0 and 1 with 3 components.
Reject 0(0.00%) cells.
Inference Done.
We set Rank score < 0.5 as Rank- () while > 0.5 as Rank+ 
The parameters setting of model is: {'n_features': 1000, 'nhead': 2, 'nhid1': 96, 'nhid2': 8, 'n_output': 32, 'nlayers': 3, 'n_pred': 2, 'n_patho': 0, 'dropout': 0.5, 'mode': 'Classification', 'infer_mode': 'SC', 'encoder_type': 'MLP', 'model_save_path': '/mnt/NAS_21T/ProjectResult/TiRank/results/ablation/intera_0/Data2/3_Analysis/checkpoints'}
Initiate model in trail 0 with mode: Classification, infer mode: SC encoder type: MLP on device: cuda with abation on 1.
Saving model and plot for Trial 0 with Validation Loss = 0.7481
Initiate model in trail 1 with mode: Classification, infer mode: SC encoder type: MLP on device: cuda with abation on 1.
Best hyperparameters: {'lr': 0.006, 'n_epochs': 450, 'alpha_0': 0.1, 'alpha_1': 0, 'alpha_2': 0.05, 'alpha_3': 0.1}
Loading the Best Model.
Starting Inference.
Perform Rejection with GMM mode with tolerance=0.05, components=[3,15]!
Underfitting!
Found distributions with means close to 0 and 1 with 3 components.
Reject 0(0.00%) cells.
Inference Done.
We set Rank score < 0.5 as Rank- () while > 0.5 as Rank+ 
The parameters setting of model is: {'n_features': 1000, 'nhead': 2, 'nhid1': 96, 'nhid2': 8, 'n_output': 32, 'nlayers': 3, 'n_pred': 2, 'n_patho': 0, 'dropout': 0.5, 'mode': 'Classification', 'infer_mode': 'SC', 'encoder_type': 'MLP', 'model_save_path': '/mnt/NAS_21T/ProjectResult/TiRank/results/ablation/intera_0/Data2/3_Analysis/checkpoints'}
Initiate model in trail 0 with mode: Classification, infer mode: SC encoder type: MLP on device: cuda with abation on 2.
Saving model and plot for Trial 0 with Validation Loss = 0.8209
Initiate model in trail 1 with mode: Classification, infer mode: SC encoder type: MLP on device: cuda with abation on 2.
Saving model and plot for Trial 1 with Validation Loss = 0.7151
Best hyperparameters: {'lr': 0.0001, 'n_epochs': 400, 'alpha_0': 0.1, 'alpha_1': 0.7, 'alpha_2': 0, 'alpha_3': 0.8}
Loading the Best Model.
Starting Inference.
Perform Rejection with GMM mode with tolerance=0.05, components=[3,15]!
Two distribution rejection faild.
Perform single distribution rejection.
Found distributions with means close to 1 with 3 components.
Reject 129(25.44%) cells.
Inference Done.
We set Rank score < 0.5 as Rank- () while > 0.5 as Rank+ 
The parameters setting of model is: {'n_features': 1000, 'nhead': 2, 'nhid1': 96, 'nhid2': 8, 'n_output': 32, 'nlayers': 3, 'n_pred': 2, 'n_patho': 0, 'dropout': 0.5, 'mode': 'Classification', 'infer_mode': 'SC', 'encoder_type': 'MLP', 'model_save_path': '/mnt/NAS_21T/ProjectResult/TiRank/results/ablation/intera_0/Data2/3_Analysis/checkpoints'}
Initiate model in trail 0 with mode: Classification, infer mode: SC encoder type: MLP on device: cuda with abation on 1,2.
Saving model and plot for Trial 0 with Validation Loss = 0.7903
Initiate model in trail 1 with mode: Classification, infer mode: SC encoder type: MLP on device: cuda with abation on 1,2.
Best hyperparameters: {'lr': 0.0001, 'n_epochs': 350, 'alpha_0': 0.03, 'alpha_1': 0, 'alpha_2': 0, 'alpha_3': 0.9}
Loading the Best Model.
Starting Inference.
Perform Rejection with GMM mode with tolerance=0.05, components=[3,15]!
Underfitting!
Found distributions with means close to 0 and 1 with 3 components.
Reject 0(0.00%) cells.
Inference Done.
We set Rank score < 0.5 as Rank- () while > 0.5 as Rank+ 
Starting load data for gene pair transformation.
Starting gene pair extraction.
Get candidate genes done.
There are 219 genes up-regulated in Group 0 and 1096 genes up-regulated in Group 1.
Get candidate gene pairs done.
Profile transformation done.
Starting save gene pair matrices.
Save gene pair matrices done.
Save informative gene matrices done.
The parameters setting of model is: {'n_features': 1000, 'nhead': 2, 'nhid1': 96, 'nhid2': 8, 'n_output': 32, 'nlayers': 3, 'n_pred': 2, 'n_patho': 0, 'dropout': 0.5, 'mode': 'Classification', 'infer_mode': 'SC', 'encoder_type': 'DenseNet', 'model_save_path': '/mnt/NAS_21T/ProjectResult/TiRank/results/ablation/intera_0/Data1/3_Analysis/checkpoints'}
Initiate model in trail 0 with mode: Classification, infer mode: SC encoder type: DenseNet on device: cuda.
Saving model and plot for Trial 0 with Validation Loss = 0.8075
Initiate model in trail 1 with mode: Classification, infer mode: SC encoder type: DenseNet on device: cuda.
Saving model and plot for Trial 1 with Validation Loss = 0.7953
Best hyperparameters: {'lr': 1e-06, 'n_epochs': 450, 'alpha_0': 0.06, 'alpha_1': 0.1, 'alpha_2': 0.001, 'alpha_3': 0.7}
Loading the Best Model.
Starting Inference.
Perform Rejection with GMM mode with tolerance=0.05, components=[3,15]!
Underfitting!
Found distributions with means close to 0 and 1 with 3 components.
Reject 0(0.00%) cells.
Inference Done.
We set Rank score < 0.5 as Rank- () while > 0.5 as Rank+ 
The parameters setting of model is: {'n_features': 1000, 'nhead': 2, 'nhid1': 96, 'nhid2': 8, 'n_output': 32, 'nlayers': 3, 'n_pred': 2, 'n_patho': 0, 'dropout': 0.5, 'mode': 'Classification', 'infer_mode': 'SC', 'encoder_type': 'Transformer', 'model_save_path': '/mnt/NAS_21T/ProjectResult/TiRank/results/ablation/intera_0/Data1/3_Analysis/checkpoints'}
Initiate model in trail 0 with mode: Classification, infer mode: SC encoder type: Transformer on device: cuda.
Saving model and plot for Trial 0 with Validation Loss = 0.9289
Initiate model in trail 1 with mode: Classification, infer mode: SC encoder type: Transformer on device: cuda.
Saving model and plot for Trial 1 with Validation Loss = 0.7458
Best hyperparameters: {'lr': 1e-05, 'n_epochs': 450, 'alpha_0': 0.03, 'alpha_1': 0.3, 'alpha_2': 0.01, 'alpha_3': 0.6}
Loading the Best Model.
Starting Inference.
Perform Rejection with GMM mode with tolerance=0.05, components=[3,15]!
Underfitting!
Found distributions with means close to 0 and 1 with 3 components.
Reject 0(0.00%) cells.
Inference Done.
We set Rank score < 0.5 as Rank- () while > 0.5 as Rank+ 
The parameters setting of model is: {'n_features': 1000, 'nhead': 2, 'nhid1': 96, 'nhid2': 8, 'n_output': 32, 'nlayers': 3, 'n_pred': 2, 'n_patho': 0, 'dropout': 0.5, 'mode': 'Classification', 'infer_mode': 'SC', 'encoder_type': 'MLP', 'model_save_path': '/mnt/NAS_21T/ProjectResult/TiRank/results/ablation/intera_0/Data1/3_Analysis/checkpoints'}
Initiate model in trail 0 with mode: Classification, infer mode: SC encoder type: MLP on device: cuda.
Saving model and plot for Trial 0 with Validation Loss = 0.8003
Initiate model in trail 1 with mode: Classification, infer mode: SC encoder type: MLP on device: cuda.
Saving model and plot for Trial 1 with Validation Loss = 0.7138
Best hyperparameters: {'lr': 0.006, 'n_epochs': 500, 'alpha_0': 0.1, 'alpha_1': 0.8, 'alpha_2': 0.1, 'alpha_3': 0.4}
Loading the Best Model.
Starting Inference.
... storing 'Rank_Label' as categorical
[I 2025-03-20 23:34:41,051] A new study created in memory with name: no-name-ee0a9b28-aaff-4e1f-a3a2-5242a4b1aa99
[I 2025-03-20 23:34:43,988] Trial 0 finished with value: 0.7030094861984253 and parameters: {'lr': 0.0003, 'n_epochs': 300, 'alpha_0': 0.03, 'alpha_1': 0, 'alpha_2': 0.1, 'alpha_3': 0.2}. Best is trial 0 with value: 0.7030094861984253.
[I 2025-03-20 23:34:48,050] Trial 1 finished with value: 0.7703867554664612 and parameters: {'lr': 1e-05, 'n_epochs': 450, 'alpha_0': 0.03, 'alpha_1': 0, 'alpha_2': 0.01, 'alpha_3': 0.9}. Best is trial 0 with value: 0.7030094861984253.
... storing 'Rank_Label' as categorical
[I 2025-03-20 23:34:52,061] A new study created in memory with name: no-name-598e2b18-08bb-4e30-9fca-64f79aff7699
[I 2025-03-20 23:34:55,320] Trial 0 finished with value: 0.7891144752502441 and parameters: {'lr': 0.0006, 'n_epochs': 400, 'alpha_0': 0.01, 'alpha_1': 0.8, 'alpha_2': 0, 'alpha_3': 0.2}. Best is trial 0 with value: 0.7891144752502441.
[I 2025-03-20 23:34:58,086] Trial 1 finished with value: 0.7960741519927979 and parameters: {'lr': 0.0006, 'n_epochs': 300, 'alpha_0': 0.1, 'alpha_1': 0.8, 'alpha_2': 0, 'alpha_3': 0.6}. Best is trial 0 with value: 0.7891144752502441.
... storing 'Rank_Label' as categorical
[I 2025-03-20 23:35:01,369] A new study created in memory with name: no-name-251fa496-e82f-4823-b0bb-28851536abba
[I 2025-03-20 23:35:04,359] Trial 0 finished with value: 0.8259671330451965 and parameters: {'lr': 0.0006, 'n_epochs': 300, 'alpha_0': 0.005, 'alpha_1': 0, 'alpha_2': 0, 'alpha_3': 0.8}. Best is trial 0 with value: 0.8259671330451965.
[I 2025-03-20 23:35:08,338] Trial 1 finished with value: 0.7811257243156433 and parameters: {'lr': 1e-06, 'n_epochs': 400, 'alpha_0': 0.005, 'alpha_1': 0, 'alpha_2': 0, 'alpha_3': 0.2}. Best is trial 1 with value: 0.7811257243156433.
... storing 'Rank_Label' as categorical
2025-03-20 23:35:11,640 - Finished dataset Data1 in /mnt/NAS_21T/ProjectResult/TiRank/results/ablation/intera_0/Data1
Processing datasets for repeat 0: 100%|â–ˆâ–ˆâ–ˆâ–ˆâ–ˆâ–ˆâ–ˆâ–ˆâ–ˆâ–ˆ| 10/10 [2:39:21<00:00, 375.81s/it]Processing datasets for repeat 0: 100%|â–ˆâ–ˆâ–ˆâ–ˆâ–ˆâ–ˆâ–ˆâ–ˆâ–ˆâ–ˆ| 10/10 [2:39:21<00:00, 956.16s/it]
2025-03-20 23:35:11,644 - Repeat 0 completed
2025-03-20 23:35:11,645 - Starting repeat 1
Perform Rejection with GMM mode with tolerance=0.05, components=[3,15]!
Found distributions with means close to 0 and 1 with 5 components.
Reject 190(37.48%) cells.
Inference Done.
We set Rank score < 0.5 as Rank- () while > 0.5 as Rank+ 
The parameters setting of model is: {'n_features': 1000, 'nhead': 2, 'nhid1': 96, 'nhid2': 8, 'n_output': 32, 'nlayers': 3, 'n_pred': 2, 'n_patho': 0, 'dropout': 0.5, 'mode': 'Classification', 'infer_mode': 'SC', 'encoder_type': 'MLP', 'model_save_path': '/mnt/NAS_21T/ProjectResult/TiRank/results/ablation/intera_0/Data1/3_Analysis/checkpoints'}
Initiate model in trail 0 with mode: Classification, infer mode: SC encoder type: MLP on device: cuda with abation on 1.
Saving model and plot for Trial 0 with Validation Loss = 0.7030
Initiate model in trail 1 with mode: Classification, infer mode: SC encoder type: MLP on device: cuda with abation on 1.
Best hyperparameters: {'lr': 0.0003, 'n_epochs': 300, 'alpha_0': 0.03, 'alpha_1': 0, 'alpha_2': 0.1, 'alpha_3': 0.2}
Loading the Best Model.
Starting Inference.
Perform Rejection with GMM mode with tolerance=0.05, components=[3,15]!
Underfitting!
Found distributions with means close to 0 and 1 with 3 components.
Reject 0(0.00%) cells.
Inference Done.
We set Rank score < 0.5 as Rank- () while > 0.5 as Rank+ 
The parameters setting of model is: {'n_features': 1000, 'nhead': 2, 'nhid1': 96, 'nhid2': 8, 'n_output': 32, 'nlayers': 3, 'n_pred': 2, 'n_patho': 0, 'dropout': 0.5, 'mode': 'Classification', 'infer_mode': 'SC', 'encoder_type': 'MLP', 'model_save_path': '/mnt/NAS_21T/ProjectResult/TiRank/results/ablation/intera_0/Data1/3_Analysis/checkpoints'}
Initiate model in trail 0 with mode: Classification, infer mode: SC encoder type: MLP on device: cuda with abation on 2.
Saving model and plot for Trial 0 with Validation Loss = 0.7891
Initiate model in trail 1 with mode: Classification, infer mode: SC encoder type: MLP on device: cuda with abation on 2.
Best hyperparameters: {'lr': 0.0006, 'n_epochs': 400, 'alpha_0': 0.01, 'alpha_1': 0.8, 'alpha_2': 0, 'alpha_3': 0.2}
Loading the Best Model.
Starting Inference.
Perform Rejection with GMM mode with tolerance=0.05, components=[3,15]!
Found distributions with means close to 0 and 1 with 6 components.
Reject 46(9.07%) cells.
Inference Done.
We set Rank score < 0.5 as Rank- () while > 0.5 as Rank+ 
The parameters setting of model is: {'n_features': 1000, 'nhead': 2, 'nhid1': 96, 'nhid2': 8, 'n_output': 32, 'nlayers': 3, 'n_pred': 2, 'n_patho': 0, 'dropout': 0.5, 'mode': 'Classification', 'infer_mode': 'SC', 'encoder_type': 'MLP', 'model_save_path': '/mnt/NAS_21T/ProjectResult/TiRank/results/ablation/intera_0/Data1/3_Analysis/checkpoints'}
Initiate model in trail 0 with mode: Classification, infer mode: SC encoder type: MLP on device: cuda with abation on 1,2.
Saving model and plot for Trial 0 with Validation Loss = 0.8260
Initiate model in trail 1 with mode: Classification, infer mode: SC encoder type: MLP on device: cuda with abation on 1,2.
Saving model and plot for Trial 1 with Validation Loss = 0.7811
Best hyperparameters: {'lr': 1e-06, 'n_epochs': 400, 'alpha_0': 0.005, 'alpha_1': 0, 'alpha_2': 0, 'alpha_3': 0.2}
Loading the Best Model.
Starting Inference.
Perform Rejection with GMM mode with tolerance=0.05, components=[3,15]!
Underfitting!
Found distributions with means close to 0 and 1 with 3 components.
Reject 0(0.00%) cells.
Inference Done.
We set Rank score < 0.5 as Rank- () while > 0.5 as Rank+ 
Processing datasets for repeat 1:   0%|          | 0/10 [00:00<?, ?it/s]2025-03-20 23:35:11,651 - Processing dataset Data10 in /mnt/NAS_21T/ProjectResult/TiRank/results/ablation/intera_1/Data10
[I 2025-03-20 23:35:37,989] A new study created in memory with name: no-name-73a69295-19cb-48e3-951f-271b928a384c
[I 2025-03-20 23:35:41,601] Trial 0 finished with value: 0.7195059061050415 and parameters: {'lr': 1e-05, 'n_epochs': 400, 'alpha_0': 0.005, 'alpha_1': 0.6, 'alpha_2': 0.01, 'alpha_3': 0.9}. Best is trial 0 with value: 0.7195059061050415.
[I 2025-03-20 23:35:46,014] Trial 1 finished with value: 0.7368014454841614 and parameters: {'lr': 0.003, 'n_epochs': 350, 'alpha_0': 0.01, 'alpha_1': 0.4, 'alpha_2': 0.05, 'alpha_3': 1}. Best is trial 0 with value: 0.7195059061050415.
... storing 'Rank_Label' as categorical
[I 2025-03-20 23:35:48,159] A new study created in memory with name: no-name-2e4eca5b-4e22-4015-9637-aa1555246ad1
[I 2025-03-20 23:35:53,277] Trial 0 finished with value: 0.7627195119857788 and parameters: {'lr': 0.0001, 'n_epochs': 300, 'alpha_0': 0.03, 'alpha_1': 0.6, 'alpha_2': 0.001, 'alpha_3': 0.2}. Best is trial 0 with value: 0.7627195119857788.
[I 2025-03-20 23:36:00,692] Trial 1 finished with value: 0.7383051514625549 and parameters: {'lr': 0.001, 'n_epochs': 450, 'alpha_0': 0.03, 'alpha_1': 1, 'alpha_2': 0.1, 'alpha_3': 0.8}. Best is trial 1 with value: 0.7383051514625549.
... storing 'Rank_Label' as categorical
[I 2025-03-20 23:36:02,563] A new study created in memory with name: no-name-7b965e1d-8ca7-446c-90a1-ef03281fd94a
[I 2025-03-20 23:36:06,929] Trial 0 finished with value: 0.7986593842506409 and parameters: {'lr': 0.01, 'n_epochs': 350, 'alpha_0': 0.06, 'alpha_1': 1, 'alpha_2': 0.001, 'alpha_3': 0.1}. Best is trial 0 with value: 0.7986593842506409.
[I 2025-03-20 23:36:12,238] Trial 1 finished with value: 0.8064578771591187 and parameters: {'lr': 0.0003, 'n_epochs': 500, 'alpha_0': 0.005, 'alpha_1': 0.7, 'alpha_2': 0.005, 'alpha_3': 0.2}. Best is trial 0 with value: 0.7986593842506409.
... storing 'Rank_Label' as categorical
[I 2025-03-20 23:36:14,108] A new study created in memory with name: no-name-7dadc71c-5541-4e6e-8075-16c51b3f7b32
[I 2025-03-20 23:36:18,266] Trial 0 finished with value: 0.7452223896980286 and parameters: {'lr': 0.001, 'n_epochs': 350, 'alpha_0': 0.1, 'alpha_1': 0, 'alpha_2': 0.05, 'alpha_3': 0.1}. Best is trial 0 with value: 0.7452223896980286.
[I 2025-03-20 23:36:22,340] Trial 1 finished with value: 0.7870142459869385 and parameters: {'lr': 1e-06, 'n_epochs': 350, 'alpha_0': 0.1, 'alpha_1': 0, 'alpha_2': 0.1, 'alpha_3': 0.4}. Best is trial 0 with value: 0.7452223896980286.
... storing 'Rank_Label' as categorical
[I 2025-03-20 23:36:24,218] A new study created in memory with name: no-name-dc0436d3-e9f4-45a1-b6f2-ba77634be6b3
[I 2025-03-20 23:36:27,405] Trial 0 finished with value: 0.7887343168258667 and parameters: {'lr': 1e-06, 'n_epochs': 300, 'alpha_0': 0.01, 'alpha_1': 0.5, 'alpha_2': 0, 'alpha_3': 0.6}. Best is trial 0 with value: 0.7887343168258667.
[I 2025-03-20 23:36:30,927] Trial 1 finished with value: 0.8267158269882202 and parameters: {'lr': 0.01, 'n_epochs': 300, 'alpha_0': 0.06, 'alpha_1': 0.1, 'alpha_2': 0, 'alpha_3': 0.1}. Best is trial 0 with value: 0.7887343168258667.
... storing 'Rank_Label' as categorical
[I 2025-03-20 23:36:32,793] A new study created in memory with name: no-name-4a30c034-6d5e-4860-8fa8-91e8a72e4098
[I 2025-03-20 23:36:36,687] Trial 0 finished with value: 0.7889370918273926 and parameters: {'lr': 1e-06, 'n_epochs': 350, 'alpha_0': 0.06, 'alpha_1': 0, 'alpha_2': 0, 'alpha_3': 0.1}. Best is trial 0 with value: 0.7889370918273926.
[I 2025-03-20 23:36:40,800] Trial 1 finished with value: 0.7909771800041199 and parameters: {'lr': 0.001, 'n_epochs': 350, 'alpha_0': 0.03, 'alpha_1': 0, 'alpha_2': 0, 'alpha_3': 0.2}. Best is trial 0 with value: 0.7889370918273926.
... storing 'Rank_Label' as categorical
2025-03-20 23:36:42,643 - Finished dataset Data10 in /mnt/NAS_21T/ProjectResult/TiRank/results/ablation/intera_1/Data10
Processing datasets for repeat 1:  10%|â–ˆ         | 1/10 [01:30<13:38, 90.99s/it]2025-03-20 23:36:42,645 - Processing dataset Data9 in /mnt/NAS_21T/ProjectResult/TiRank/results/ablation/intera_1/Data9
[I 2025-03-20 23:37:16,475] A new study created in memory with name: no-name-2d5e8939-f77a-4dc1-b92c-02e8c9603aec
[I 2025-03-20 23:37:19,946] Trial 0 finished with value: 0.8212814331054688 and parameters: {'lr': 0.006, 'n_epochs': 300, 'alpha_0': 0.06, 'alpha_1': 0.6, 'alpha_2': 0.01, 'alpha_3': 0.8}. Best is trial 0 with value: 0.8212814331054688.
