[I 2025-03-21 07:12:06,490] Trial 1 finished with value: 0.6970105767250061 and parameters: {'lr': 0.001, 'n_epochs': 350, 'alpha_0': 0.01, 'alpha_1': 0.2, 'alpha_2': 0.005, 'alpha_3': 0.2}. Best is trial 0 with value: 0.6611853837966919.
... storing 'Rank_Label' as categorical
[I 2025-03-21 07:12:09,304] A new study created in memory with name: no-name-db8806e0-bf2f-474f-8865-3c84a3b69a68
[I 2025-03-21 07:12:12,498] Trial 0 finished with value: 0.7252213358879089 and parameters: {'lr': 0.003, 'n_epochs': 350, 'alpha_0': 0.06, 'alpha_1': 0.9, 'alpha_2': 0.01, 'alpha_3': 0.2}. Best is trial 0 with value: 0.7252213358879089.
[I 2025-03-21 07:12:15,691] Trial 1 finished with value: 0.7342367172241211 and parameters: {'lr': 0.0001, 'n_epochs': 350, 'alpha_0': 0.01, 'alpha_1': 0.3, 'alpha_2': 0.005, 'alpha_3': 0.2}. Best is trial 0 with value: 0.7252213358879089.
... storing 'Rank_Label' as categorical
[I 2025-03-21 07:12:18,436] A new study created in memory with name: no-name-6cbd9c7b-88aa-471b-8a61-77bd981f5a06
[I 2025-03-21 07:12:21,699] Trial 0 finished with value: 0.7369765043258667 and parameters: {'lr': 0.003, 'n_epochs': 350, 'alpha_0': 0.005, 'alpha_1': 0, 'alpha_2': 0.005, 'alpha_3': 0.5}. Best is trial 0 with value: 0.7369765043258667.
[I 2025-03-21 07:12:24,858] Trial 1 finished with value: 0.7556990385055542 and parameters: {'lr': 0.003, 'n_epochs': 350, 'alpha_0': 0.03, 'alpha_1': 0, 'alpha_2': 0.005, 'alpha_3': 0.4}. Best is trial 0 with value: 0.7369765043258667.
... storing 'Rank_Label' as categorical
[I 2025-03-21 07:12:27,575] A new study created in memory with name: no-name-f089acb9-37c5-4a99-a651-6a0e28d9df76
[I 2025-03-21 07:12:32,129] Trial 0 finished with value: 0.6962774991989136 and parameters: {'lr': 0.0006, 'n_epochs': 500, 'alpha_0': 0.01, 'alpha_1': 0.2, 'alpha_2': 0, 'alpha_3': 0.5}. Best is trial 0 with value: 0.6962774991989136.
[I 2025-03-21 07:12:35,525] Trial 1 finished with value: 0.6801024675369263 and parameters: {'lr': 0.0006, 'n_epochs': 350, 'alpha_0': 0.03, 'alpha_1': 0.2, 'alpha_2': 0, 'alpha_3': 0.3}. Best is trial 1 with value: 0.6801024675369263.
... storing 'Rank_Label' as categorical
[I 2025-03-21 07:12:38,320] A new study created in memory with name: no-name-41addf22-2e21-4138-9f2d-1cc085388414
[I 2025-03-21 07:12:41,056] Trial 0 finished with value: 0.8051106929779053 and parameters: {'lr': 1e-05, 'n_epochs': 300, 'alpha_0': 0.1, 'alpha_1': 0, 'alpha_2': 0, 'alpha_3': 0.3}. Best is trial 0 with value: 0.8051106929779053.
[I 2025-03-21 07:12:44,832] Trial 1 finished with value: 0.7911746501922607 and parameters: {'lr': 0.003, 'n_epochs': 400, 'alpha_0': 0.06, 'alpha_1': 0, 'alpha_2': 0, 'alpha_3': 0.3}. Best is trial 1 with value: 0.7911746501922607.
... storing 'Rank_Label' as categorical
2025-03-21 07:12:47,578 - Finished dataset Data3 in /mnt/NAS_21T/ProjectResult/TiRank/results/ablation/intera_3/Data3
Processing datasets for repeat 3:  80%|â–ˆâ–ˆâ–ˆâ–ˆâ–ˆâ–ˆâ–ˆâ–ˆ  | 8/10 [2:23:58<20:45, 622.84s/it]2025-03-21 07:12:47,580 - Processing dataset Data2 in /mnt/NAS_21T/ProjectResult/TiRank/results/ablation/intera_3/Data2
[I 2025-03-21 07:13:17,212] A new study created in memory with name: no-name-a4eb7481-acf3-4124-881b-9b5f15f94a4a
[I 2025-03-21 07:13:22,665] Trial 0 finished with value: 0.7393286824226379 and parameters: {'lr': 0.0003, 'n_epochs': 350, 'alpha_0': 0.03, 'alpha_1': 0.5, 'alpha_2': 0.01, 'alpha_3': 0.1}. Best is trial 0 with value: 0.7393286824226379.
[I 2025-03-21 07:13:28,014] Trial 1 finished with value: 0.7565940618515015 and parameters: {'lr': 0.0003, 'n_epochs': 400, 'alpha_0': 0.03, 'alpha_1': 0.5, 'alpha_2': 0.01, 'alpha_3': 0.5}. Best is trial 0 with value: 0.7393286824226379.
... storing 'Rank_Label' as categorical
[I 2025-03-21 07:13:31,371] A new study created in memory with name: no-name-ccda0536-507e-40f2-a2f2-816c680d6178
[I 2025-03-21 07:13:38,737] Trial 0 finished with value: 0.8019512891769409 and parameters: {'lr': 0.003, 'n_epochs': 350, 'alpha_0': 0.06, 'alpha_1': 0.8, 'alpha_2': 0.001, 'alpha_3': 1}. Best is trial 0 with value: 0.8019512891769409.
[I 2025-03-21 07:13:47,053] Trial 1 finished with value: 0.8366267681121826 and parameters: {'lr': 0.001, 'n_epochs': 450, 'alpha_0': 0.06, 'alpha_1': 0.4, 'alpha_2': 0.001, 'alpha_3': 0.1}. Best is trial 0 with value: 0.8019512891769409.
Initiate model in trail 1 with mode: Classification, infer mode: SC encoder type: DenseNet on device: cuda.
Best hyperparameters: {'lr': 0.0006, 'n_epochs': 350, 'alpha_0': 0.03, 'alpha_1': 0.4, 'alpha_2': 0.1, 'alpha_3': 0.4}
Loading the Best Model.
Starting Inference.
Perform Rejection with GMM mode with tolerance=0.05, components=[3,15]!
Two distribution rejection faild.
Perform single distribution rejection.
Found distributions with means close to 1 with 3 components.
Reject 267(82.41%) cells.
Inference Done.
We set Rank score < 0.5 as Rank- () while > 0.5 as Rank+ 
The parameters setting of model is: {'n_features': 1000, 'nhead': 2, 'nhid1': 96, 'nhid2': 8, 'n_output': 32, 'nlayers': 3, 'n_pred': 2, 'n_patho': 0, 'dropout': 0.5, 'mode': 'Classification', 'infer_mode': 'SC', 'encoder_type': 'Transformer', 'model_save_path': '/mnt/NAS_21T/ProjectResult/TiRank/results/ablation/intera_3/Data3/3_Analysis/checkpoints'}
Initiate model in trail 0 with mode: Classification, infer mode: SC encoder type: Transformer on device: cuda.
Saving model and plot for Trial 0 with Validation Loss = 0.6612
Initiate model in trail 1 with mode: Classification, infer mode: SC encoder type: Transformer on device: cuda.
Best hyperparameters: {'lr': 0.0003, 'n_epochs': 500, 'alpha_0': 0.01, 'alpha_1': 0.1, 'alpha_2': 0.1, 'alpha_3': 0.8}
Loading the Best Model.
Starting Inference.
Perform Rejection with GMM mode with tolerance=0.05, components=[3,15]!
Found distributions with means close to 0 and 1 with 10 components.
Reject 257(79.32%) cells.
Inference Done.
We set Rank score < 0.5 as Rank- () while > 0.5 as Rank+ 
The parameters setting of model is: {'n_features': 1000, 'nhead': 2, 'nhid1': 96, 'nhid2': 8, 'n_output': 32, 'nlayers': 3, 'n_pred': 2, 'n_patho': 0, 'dropout': 0.5, 'mode': 'Classification', 'infer_mode': 'SC', 'encoder_type': 'MLP', 'model_save_path': '/mnt/NAS_21T/ProjectResult/TiRank/results/ablation/intera_3/Data3/3_Analysis/checkpoints'}
Initiate model in trail 0 with mode: Classification, infer mode: SC encoder type: MLP on device: cuda.
Saving model and plot for Trial 0 with Validation Loss = 0.7252
Initiate model in trail 1 with mode: Classification, infer mode: SC encoder type: MLP on device: cuda.
Best hyperparameters: {'lr': 0.003, 'n_epochs': 350, 'alpha_0': 0.06, 'alpha_1': 0.9, 'alpha_2': 0.01, 'alpha_3': 0.2}
Loading the Best Model.
Starting Inference.
Perform Rejection with GMM mode with tolerance=0.05, components=[3,15]!
Found distributions with means close to 0 and 1 with 3 components.
Reject 109(33.64%) cells.
Inference Done.
We set Rank score < 0.5 as Rank- () while > 0.5 as Rank+ 
The parameters setting of model is: {'n_features': 1000, 'nhead': 2, 'nhid1': 96, 'nhid2': 8, 'n_output': 32, 'nlayers': 3, 'n_pred': 2, 'n_patho': 0, 'dropout': 0.5, 'mode': 'Classification', 'infer_mode': 'SC', 'encoder_type': 'MLP', 'model_save_path': '/mnt/NAS_21T/ProjectResult/TiRank/results/ablation/intera_3/Data3/3_Analysis/checkpoints'}
Initiate model in trail 0 with mode: Classification, infer mode: SC encoder type: MLP on device: cuda with abation on 1.
Saving model and plot for Trial 0 with Validation Loss = 0.7370
Initiate model in trail 1 with mode: Classification, infer mode: SC encoder type: MLP on device: cuda with abation on 1.
Best hyperparameters: {'lr': 0.003, 'n_epochs': 350, 'alpha_0': 0.005, 'alpha_1': 0, 'alpha_2': 0.005, 'alpha_3': 0.5}
Loading the Best Model.
Starting Inference.
Perform Rejection with GMM mode with tolerance=0.05, components=[3,15]!
Underfitting!
Found distributions with means close to 0 and 1 with 3 components.
Reject 0(0.00%) cells.
Inference Done.
We set Rank score < 0.5 as Rank- () while > 0.5 as Rank+ 
The parameters setting of model is: {'n_features': 1000, 'nhead': 2, 'nhid1': 96, 'nhid2': 8, 'n_output': 32, 'nlayers': 3, 'n_pred': 2, 'n_patho': 0, 'dropout': 0.5, 'mode': 'Classification', 'infer_mode': 'SC', 'encoder_type': 'MLP', 'model_save_path': '/mnt/NAS_21T/ProjectResult/TiRank/results/ablation/intera_3/Data3/3_Analysis/checkpoints'}
Initiate model in trail 0 with mode: Classification, infer mode: SC encoder type: MLP on device: cuda with abation on 2.
Saving model and plot for Trial 0 with Validation Loss = 0.6963
Initiate model in trail 1 with mode: Classification, infer mode: SC encoder type: MLP on device: cuda with abation on 2.
Saving model and plot for Trial 1 with Validation Loss = 0.6801
Best hyperparameters: {'lr': 0.0006, 'n_epochs': 350, 'alpha_0': 0.03, 'alpha_1': 0.2, 'alpha_2': 0, 'alpha_3': 0.3}
Loading the Best Model.
Starting Inference.
Perform Rejection with GMM mode with tolerance=0.05, components=[3,15]!
Found distributions with means close to 0 and 1 with 11 components.
Reject 113(34.88%) cells.
Inference Done.
We set Rank score < 0.5 as Rank- () while > 0.5 as Rank+ 
The parameters setting of model is: {'n_features': 1000, 'nhead': 2, 'nhid1': 96, 'nhid2': 8, 'n_output': 32, 'nlayers': 3, 'n_pred': 2, 'n_patho': 0, 'dropout': 0.5, 'mode': 'Classification', 'infer_mode': 'SC', 'encoder_type': 'MLP', 'model_save_path': '/mnt/NAS_21T/ProjectResult/TiRank/results/ablation/intera_3/Data3/3_Analysis/checkpoints'}
Initiate model in trail 0 with mode: Classification, infer mode: SC encoder type: MLP on device: cuda with abation on 1,2.
Saving model and plot for Trial 0 with Validation Loss = 0.8051
Initiate model in trail 1 with mode: Classification, infer mode: SC encoder type: MLP on device: cuda with abation on 1,2.
Saving model and plot for Trial 1 with Validation Loss = 0.7912
Best hyperparameters: {'lr': 0.003, 'n_epochs': 400, 'alpha_0': 0.06, 'alpha_1': 0, 'alpha_2': 0, 'alpha_3': 0.3}
Loading the Best Model.
Starting Inference.
Perform Rejection with GMM mode with tolerance=0.05, components=[3,15]!
Underfitting!
Found distributions with means close to 0 and 1 with 3 components.
Reject 0(0.00%) cells.
Inference Done.
We set Rank score < 0.5 as Rank- () while > 0.5 as Rank+ 
Starting load data for gene pair transformation.
Starting gene pair extraction.
Get candidate genes done.
There are 459 genes up-regulated in Group 0 and 283 genes up-regulated in Group 1.
Get candidate gene pairs done.
Profile transformation done.
Starting save gene pair matrices.
Save gene pair matrices done.
Save informative gene matrices done.
The parameters setting of model is: {'n_features': 1000, 'nhead': 2, 'nhid1': 96, 'nhid2': 8, 'n_output': 32, 'nlayers': 3, 'n_pred': 2, 'n_patho': 0, 'dropout': 0.5, 'mode': 'Classification', 'infer_mode': 'SC', 'encoder_type': 'DenseNet', 'model_save_path': '/mnt/NAS_21T/ProjectResult/TiRank/results/ablation/intera_3/Data2/3_Analysis/checkpoints'}
Initiate model in trail 0 with mode: Classification, infer mode: SC encoder type: DenseNet on device: cuda.
Saving model and plot for Trial 0 with Validation Loss = 0.7393
Initiate model in trail 1 with mode: Classification, infer mode: SC encoder type: DenseNet on device: cuda.
Best hyperparameters: {'lr': 0.0003, 'n_epochs': 350, 'alpha_0': 0.03, 'alpha_1': 0.5, 'alpha_2': 0.01, 'alpha_3': 0.1}
Loading the Best Model.
Starting Inference.
Perform Rejection with GMM mode with tolerance=0.05, components=[3,15]!
Found distributions with means close to 0 and 1 with 3 components.
Reject 69(13.61%) cells.
Inference Done.
We set Rank score < 0.5 as Rank- () while > 0.5 as Rank+ 
The parameters setting of model is: {'n_features': 1000, 'nhead': 2, 'nhid1': 96, 'nhid2': 8, 'n_output': 32, 'nlayers': 3, 'n_pred': 2, 'n_patho': 0, 'dropout': 0.5, 'mode': 'Classification', 'infer_mode': 'SC', 'encoder_type': 'Transformer', 'model_save_path': '/mnt/NAS_21T/ProjectResult/TiRank/results/ablation/intera_3/Data2/3_Analysis/checkpoints'}
Initiate model in trail 0 with mode: Classification, infer mode: SC encoder type: Transformer on device: cuda.
Saving model and plot for Trial 0 with Validation Loss = 0.8020
Initiate model in trail 1 with mode: Classification, infer mode: SC encoder type: Transformer on device: cuda.
Best hyperparameters: {'lr': 0.003, 'n_epochs': 350, 'alpha_0': 0.06, 'alpha_1': 0.8, 'alpha_2': 0.001, 'alpha_3': 1}
Loading the Best Model.
Starting Inference.
... storing 'Rank_Label' as categorical
[I 2025-03-21 07:13:50,420] A new study created in memory with name: no-name-0d901012-2302-4fb4-be28-ee93d951a007
[I 2025-03-21 07:13:56,196] Trial 0 finished with value: 0.7596607804298401 and parameters: {'lr': 0.0003, 'n_epochs': 450, 'alpha_0': 0.03, 'alpha_1': 0.9, 'alpha_2': 0.05, 'alpha_3': 0.6}. Best is trial 0 with value: 0.7596607804298401.
[I 2025-03-21 07:14:00,856] Trial 1 finished with value: 0.7714245319366455 and parameters: {'lr': 0.003, 'n_epochs': 450, 'alpha_0': 0.01, 'alpha_1': 0.9, 'alpha_2': 0.005, 'alpha_3': 0.6}. Best is trial 0 with value: 0.7596607804298401.
... storing 'Rank_Label' as categorical
[I 2025-03-21 07:14:04,184] A new study created in memory with name: no-name-2e4c2930-d248-4a70-b464-feb68778549c
[I 2025-03-21 07:14:08,518] Trial 0 finished with value: 0.7734949588775635 and parameters: {'lr': 0.0006, 'n_epochs': 350, 'alpha_0': 0.01, 'alpha_1': 0, 'alpha_2': 0.005, 'alpha_3': 0.2}. Best is trial 0 with value: 0.7734949588775635.
[I 2025-03-21 07:14:14,185] Trial 1 finished with value: 0.7925347089767456 and parameters: {'lr': 0.0006, 'n_epochs': 450, 'alpha_0': 0.01, 'alpha_1': 0, 'alpha_2': 0.001, 'alpha_3': 1}. Best is trial 0 with value: 0.7734949588775635.
... storing 'Rank_Label' as categorical
[I 2025-03-21 07:14:17,501] A new study created in memory with name: no-name-f2518200-e867-4b85-81fd-5d7e22609f1c
[I 2025-03-21 07:14:21,920] Trial 0 finished with value: 0.7882826924324036 and parameters: {'lr': 0.01, 'n_epochs': 350, 'alpha_0': 0.01, 'alpha_1': 0.4, 'alpha_2': 0, 'alpha_3': 0.6}. Best is trial 0 with value: 0.7882826924324036.
[I 2025-03-21 07:14:25,441] Trial 1 finished with value: 0.8228991627693176 and parameters: {'lr': 0.003, 'n_epochs': 400, 'alpha_0': 0.01, 'alpha_1': 0.8, 'alpha_2': 0, 'alpha_3': 0.5}. Best is trial 0 with value: 0.7882826924324036.
... storing 'Rank_Label' as categorical
[I 2025-03-21 07:14:28,901] A new study created in memory with name: no-name-9397a817-f25d-41c9-858b-05c05f036ee0
[I 2025-03-21 07:14:34,008] Trial 0 finished with value: 0.7919887900352478 and parameters: {'lr': 1e-06, 'n_epochs': 400, 'alpha_0': 0.01, 'alpha_1': 0, 'alpha_2': 0, 'alpha_3': 0.2}. Best is trial 0 with value: 0.7919887900352478.
[I 2025-03-21 07:14:37,906] Trial 1 finished with value: 0.7918387055397034 and parameters: {'lr': 1e-05, 'n_epochs': 350, 'alpha_0': 0.06, 'alpha_1': 0, 'alpha_2': 0, 'alpha_3': 0.6}. Best is trial 1 with value: 0.7918387055397034.
... storing 'Rank_Label' as categorical
2025-03-21 07:14:41,224 - Finished dataset Data2 in /mnt/NAS_21T/ProjectResult/TiRank/results/ablation/intera_3/Data2
Processing datasets for repeat 3:  90%|â–ˆâ–ˆâ–ˆâ–ˆâ–ˆâ–ˆâ–ˆâ–ˆâ–ˆ | 9/10 [2:25:51<07:43, 463.66s/it]2025-03-21 07:14:41,226 - Processing dataset Data1 in /mnt/NAS_21T/ProjectResult/TiRank/results/ablation/intera_3/Data1
[I 2025-03-21 07:15:14,082] A new study created in memory with name: no-name-878fbe83-0397-4484-90a2-339eaf2c9712
[I 2025-03-21 07:15:18,031] Trial 0 finished with value: 0.8379639387130737 and parameters: {'lr': 0.0003, 'n_epochs': 300, 'alpha_0': 0.03, 'alpha_1': 0.7, 'alpha_2': 0.05, 'alpha_3': 0.4}. Best is trial 0 with value: 0.8379639387130737.
[I 2025-03-21 07:15:21,545] Trial 1 finished with value: 0.6440548896789551 and parameters: {'lr': 0.003, 'n_epochs': 300, 'alpha_0': 0.005, 'alpha_1': 0.2, 'alpha_2': 0.001, 'alpha_3': 0.2}. Best is trial 1 with value: 0.6440548896789551.
... storing 'Rank_Label' as categorical
[I 2025-03-21 07:15:24,953] A new study created in memory with name: no-name-28bac22c-770f-4727-b4ce-9f802a960360
[I 2025-03-21 07:15:31,505] Trial 0 finished with value: 0.8680025339126587 and parameters: {'lr': 0.0006, 'n_epochs': 350, 'alpha_0': 0.005, 'alpha_1': 0.8, 'alpha_2': 0.001, 'alpha_3': 0.4}. Best is trial 0 with value: 0.8680025339126587.
[I 2025-03-21 07:15:39,175] Trial 1 finished with value: 0.8556246757507324 and parameters: {'lr': 0.001, 'n_epochs': 400, 'alpha_0': 0.1, 'alpha_1': 0.6, 'alpha_2': 0.1, 'alpha_3': 1}. Best is trial 1 with value: 0.8556246757507324.
... storing 'Rank_Label' as categorical
[I 2025-03-21 07:15:42,537] A new study created in memory with name: no-name-8200e610-bef6-47d8-ab59-9d5745deefdb
[I 2025-03-21 07:15:47,267] Trial 0 finished with value: 0.8022785186767578 and parameters: {'lr': 0.001, 'n_epochs': 500, 'alpha_0': 0.005, 'alpha_1': 0.1, 'alpha_2': 0.001, 'alpha_3': 0.7}. Best is trial 0 with value: 0.8022785186767578.
