[I 2025-03-21 04:38:25,104] Trial 1 finished with value: 0.7959794700145721 and parameters: {'lr': 0.003, 'n_epochs': 300, 'alpha_0': 0.1, 'alpha_1': 0, 'alpha_2': 0, 'alpha_3': 0.5}. Best is trial 0 with value: 0.7746788859367371.
... storing 'Rank_Label' as categorical
2025-03-21 04:38:27,863 - Finished dataset Data6 in /mnt/NAS_21T/ProjectResult/TiRank/results/ablation/intera_2/Data6
Processing datasets for repeat 2:  50%|â–ˆâ–ˆâ–ˆâ–ˆâ–ˆ     | 5/10 [2:26:32<2:35:54, 1870.86s/it]2025-03-21 04:38:27,866 - Processing dataset Data5 in /mnt/NAS_21T/ProjectResult/TiRank/results/ablation/intera_2/Data5
[I 2025-03-21 04:39:04,031] A new study created in memory with name: no-name-60be52d3-4e9b-4859-b85b-7a2c3c92e45c
[I 2025-03-21 04:39:13,658] Trial 0 finished with value: 0.40502768754959106 and parameters: {'lr': 0.01, 'n_epochs': 350, 'alpha_0': 0.06, 'alpha_1': 0.2, 'alpha_2': 0.005, 'alpha_3': 0.6}. Best is trial 0 with value: 0.40502768754959106.
[I 2025-03-21 04:39:21,852] Trial 1 finished with value: 0.8259132504463196 and parameters: {'lr': 1e-05, 'n_epochs': 300, 'alpha_0': 0.03, 'alpha_1': 0.8, 'alpha_2': 0.05, 'alpha_3': 0.9}. Best is trial 0 with value: 0.40502768754959106.
... storing 'Rank_Label' as categorical
[I 2025-03-21 04:39:24,866] A new study created in memory with name: no-name-6ec8a032-4495-466b-8f26-0095f6c88d3d
[I 2025-03-21 04:39:37,985] Trial 0 finished with value: 0.7892990410327911 and parameters: {'lr': 1e-05, 'n_epochs': 500, 'alpha_0': 0.01, 'alpha_1': 0.3, 'alpha_2': 0.001, 'alpha_3': 0.4}. Best is trial 0 with value: 0.7892990410327911.
[I 2025-03-21 04:39:49,570] Trial 1 finished with value: 0.7642503976821899 and parameters: {'lr': 0.006, 'n_epochs': 450, 'alpha_0': 0.005, 'alpha_1': 0.8, 'alpha_2': 0.005, 'alpha_3': 0.5}. Best is trial 1 with value: 0.7642503976821899.
... storing 'Rank_Label' as categorical
[I 2025-03-21 04:39:52,373] A new study created in memory with name: no-name-58b6fb7f-64fd-4bdb-b097-49309e9dbdd6
[I 2025-03-21 04:40:02,890] Trial 0 finished with value: 0.8709579110145569 and parameters: {'lr': 0.003, 'n_epochs': 450, 'alpha_0': 0.1, 'alpha_1': 0.1, 'alpha_2': 0.05, 'alpha_3': 0.6}. Best is trial 0 with value: 0.8709579110145569.
[I 2025-03-21 04:40:13,624] Trial 1 finished with value: 0.7313509285449982 and parameters: {'lr': 0.0003, 'n_epochs': 450, 'alpha_0': 0.005, 'alpha_1': 0.8, 'alpha_2': 0.001, 'alpha_3': 0.6}. Best is trial 1 with value: 0.7313509285449982.
... storing 'Rank_Label' as categorical
[I 2025-03-21 04:40:16,768] A new study created in memory with name: no-name-57d1a168-9589-4bba-bec0-26315f3f0441
[I 2025-03-21 04:40:24,838] Trial 0 finished with value: 0.790262758731842 and parameters: {'lr': 0.0006, 'n_epochs': 350, 'alpha_0': 0.06, 'alpha_1': 0, 'alpha_2': 0.005, 'alpha_3': 0.8}. Best is trial 0 with value: 0.790262758731842.
[I 2025-03-21 04:40:36,638] Trial 1 finished with value: 0.771068811416626 and parameters: {'lr': 0.006, 'n_epochs': 500, 'alpha_0': 0.01, 'alpha_1': 0, 'alpha_2': 0.01, 'alpha_3': 0.9}. Best is trial 1 with value: 0.771068811416626.
... storing 'Rank_Label' as categorical
[I 2025-03-21 04:40:39,448] A new study created in memory with name: no-name-eddd6fd1-affe-409b-8311-f56707d74774
[I 2025-03-21 04:40:49,708] Trial 0 finished with value: 0.7721244394779205 and parameters: {'lr': 0.006, 'n_epochs': 450, 'alpha_0': 0.06, 'alpha_1': 0.8, 'alpha_2': 0, 'alpha_3': 0.3}. Best is trial 0 with value: 0.7721244394779205.
[I 2025-03-21 04:40:57,092] Trial 1 finished with value: 0.7363634407520294 and parameters: {'lr': 0.0003, 'n_epochs': 350, 'alpha_0': 0.005, 'alpha_1': 0.2, 'alpha_2': 0, 'alpha_3': 0.2}. Best is trial 1 with value: 0.7363634407520294.
... storing 'Rank_Label' as categorical
[I 2025-03-21 04:41:00,253] A new study created in memory with name: no-name-98cb0c00-7e2b-42a2-8741-88560d704e35
[I 2025-03-21 04:41:10,708] Trial 0 finished with value: 0.7714834213256836 and parameters: {'lr': 0.006, 'n_epochs': 500, 'alpha_0': 0.06, 'alpha_1': 0, 'alpha_2': 0, 'alpha_3': 0.7}. Best is trial 0 with value: 0.7714834213256836.
[I 2025-03-21 04:41:18,314] Trial 1 finished with value: 0.7342910766601562 and parameters: {'lr': 0.0003, 'n_epochs': 350, 'alpha_0': 0.005, 'alpha_1': 0, 'alpha_2': 0, 'alpha_3': 0.5}. Best is trial 1 with value: 0.7342910766601562.
... storing 'Rank_Label' as categorical
2025-03-21 04:41:21,092 - Finished dataset Data5 in /mnt/NAS_21T/ProjectResult/TiRank/results/ablation/intera_2/Data5
Processing datasets for repeat 2:  60%|â–ˆâ–ˆâ–ˆâ–ˆâ–ˆâ–ˆ    | 6/10 [2:29:25<1:26:14, 1293.67s/it]2025-03-21 04:41:21,095 - Processing dataset Data4 in /mnt/NAS_21T/ProjectResult/TiRank/results/ablation/intera_2/Data4
Found distributions with means close to 0 and 1 with 3 components.
Reject 44(2.74%) cells.
Inference Done.
We set Rank score < 0.5 as Rank- () while > 0.5 as Rank+ 
The parameters setting of model is: {'n_features': 1000, 'nhead': 2, 'nhid1': 96, 'nhid2': 8, 'n_output': 32, 'nlayers': 3, 'n_pred': 2, 'n_patho': 0, 'dropout': 0.5, 'mode': 'Classification', 'infer_mode': 'SC', 'encoder_type': 'MLP', 'model_save_path': '/mnt/NAS_21T/ProjectResult/TiRank/results/ablation/intera_2/Data6/3_Analysis/checkpoints'}
Initiate model in trail 0 with mode: Classification, infer mode: SC encoder type: MLP on device: cuda with abation on 1,2.
Saving model and plot for Trial 0 with Validation Loss = 0.7747
Initiate model in trail 1 with mode: Classification, infer mode: SC encoder type: MLP on device: cuda with abation on 1,2.
Best hyperparameters: {'lr': 0.006, 'n_epochs': 450, 'alpha_0': 0.1, 'alpha_1': 0, 'alpha_2': 0, 'alpha_3': 0.7}
Loading the Best Model.
Starting Inference.
Perform Rejection with GMM mode with tolerance=0.05, components=[3,15]!
Underfitting!
Found distributions with means close to 0 and 1 with 3 components.
Reject 0(0.00%) cells.
Inference Done.
We set Rank score < 0.5 as Rank- () while > 0.5 as Rank+ 
Starting load data for gene pair transformation.
Starting gene pair extraction.
Get candidate genes done.
There are 766 genes up-regulated in Group 0 and 417 genes up-regulated in Group 1.
Get candidate gene pairs done.
Profile transformation done.
Starting save gene pair matrices.
Save gene pair matrices done.
Save informative gene matrices done.
The parameters setting of model is: {'n_features': 1000, 'nhead': 2, 'nhid1': 96, 'nhid2': 8, 'n_output': 32, 'nlayers': 3, 'n_pred': 2, 'n_patho': 0, 'dropout': 0.5, 'mode': 'Classification', 'infer_mode': 'SC', 'encoder_type': 'DenseNet', 'model_save_path': '/mnt/NAS_21T/ProjectResult/TiRank/results/ablation/intera_2/Data5/3_Analysis/checkpoints'}
Initiate model in trail 0 with mode: Classification, infer mode: SC encoder type: DenseNet on device: cuda.
Saving model and plot for Trial 0 with Validation Loss = 0.4050
Initiate model in trail 1 with mode: Classification, infer mode: SC encoder type: DenseNet on device: cuda.
Best hyperparameters: {'lr': 0.01, 'n_epochs': 350, 'alpha_0': 0.06, 'alpha_1': 0.2, 'alpha_2': 0.005, 'alpha_3': 0.6}
Loading the Best Model.
Starting Inference.
Perform Rejection with GMM mode with tolerance=0.05, components=[3,15]!
Found distributions with means close to 0 and 1 with 3 components.
Reject 0(0.00%) cells.
Inference Done.
We set Rank score < 0.5 as Rank- () while > 0.5 as Rank+ 
The parameters setting of model is: {'n_features': 1000, 'nhead': 2, 'nhid1': 96, 'nhid2': 8, 'n_output': 32, 'nlayers': 3, 'n_pred': 2, 'n_patho': 0, 'dropout': 0.5, 'mode': 'Classification', 'infer_mode': 'SC', 'encoder_type': 'Transformer', 'model_save_path': '/mnt/NAS_21T/ProjectResult/TiRank/results/ablation/intera_2/Data5/3_Analysis/checkpoints'}
Initiate model in trail 0 with mode: Classification, infer mode: SC encoder type: Transformer on device: cuda.
Saving model and plot for Trial 0 with Validation Loss = 0.7893
Initiate model in trail 1 with mode: Classification, infer mode: SC encoder type: Transformer on device: cuda.
Saving model and plot for Trial 1 with Validation Loss = 0.7643
Best hyperparameters: {'lr': 0.006, 'n_epochs': 450, 'alpha_0': 0.005, 'alpha_1': 0.8, 'alpha_2': 0.005, 'alpha_3': 0.5}
Loading the Best Model.
Starting Inference.
Perform Rejection with GMM mode with tolerance=0.05, components=[3,15]!
Found distributions with means close to 0 and 1 with 3 components.
Reject 0(0.00%) cells.
Inference Done.
We set Rank score < 0.5 as Rank- () while > 0.5 as Rank+ 
The parameters setting of model is: {'n_features': 1000, 'nhead': 2, 'nhid1': 96, 'nhid2': 8, 'n_output': 32, 'nlayers': 3, 'n_pred': 2, 'n_patho': 0, 'dropout': 0.5, 'mode': 'Classification', 'infer_mode': 'SC', 'encoder_type': 'MLP', 'model_save_path': '/mnt/NAS_21T/ProjectResult/TiRank/results/ablation/intera_2/Data5/3_Analysis/checkpoints'}
Initiate model in trail 0 with mode: Classification, infer mode: SC encoder type: MLP on device: cuda.
Saving model and plot for Trial 0 with Validation Loss = 0.8710
Initiate model in trail 1 with mode: Classification, infer mode: SC encoder type: MLP on device: cuda.
Saving model and plot for Trial 1 with Validation Loss = 0.7314
Best hyperparameters: {'lr': 0.0003, 'n_epochs': 450, 'alpha_0': 0.005, 'alpha_1': 0.8, 'alpha_2': 0.001, 'alpha_3': 0.6}
Loading the Best Model.
Starting Inference.
Perform Rejection with GMM mode with tolerance=0.05, components=[3,15]!
Found distributions with means close to 0 and 1 with 5 components.
Reject 55(3.43%) cells.
Inference Done.
We set Rank score < 0.5 as Rank- () while > 0.5 as Rank+ 
The parameters setting of model is: {'n_features': 1000, 'nhead': 2, 'nhid1': 96, 'nhid2': 8, 'n_output': 32, 'nlayers': 3, 'n_pred': 2, 'n_patho': 0, 'dropout': 0.5, 'mode': 'Classification', 'infer_mode': 'SC', 'encoder_type': 'MLP', 'model_save_path': '/mnt/NAS_21T/ProjectResult/TiRank/results/ablation/intera_2/Data5/3_Analysis/checkpoints'}
Initiate model in trail 0 with mode: Classification, infer mode: SC encoder type: MLP on device: cuda with abation on 1.
Saving model and plot for Trial 0 with Validation Loss = 0.7903
Initiate model in trail 1 with mode: Classification, infer mode: SC encoder type: MLP on device: cuda with abation on 1.
Saving model and plot for Trial 1 with Validation Loss = 0.7711
Best hyperparameters: {'lr': 0.006, 'n_epochs': 500, 'alpha_0': 0.01, 'alpha_1': 0, 'alpha_2': 0.01, 'alpha_3': 0.9}
Loading the Best Model.
Starting Inference.
Perform Rejection with GMM mode with tolerance=0.05, components=[3,15]!
Underfitting!
Found distributions with means close to 0 and 1 with 3 components.
Reject 0(0.00%) cells.
Inference Done.
We set Rank score < 0.5 as Rank- () while > 0.5 as Rank+ 
The parameters setting of model is: {'n_features': 1000, 'nhead': 2, 'nhid1': 96, 'nhid2': 8, 'n_output': 32, 'nlayers': 3, 'n_pred': 2, 'n_patho': 0, 'dropout': 0.5, 'mode': 'Classification', 'infer_mode': 'SC', 'encoder_type': 'MLP', 'model_save_path': '/mnt/NAS_21T/ProjectResult/TiRank/results/ablation/intera_2/Data5/3_Analysis/checkpoints'}
Initiate model in trail 0 with mode: Classification, infer mode: SC encoder type: MLP on device: cuda with abation on 2.
Saving model and plot for Trial 0 with Validation Loss = 0.7721
Initiate model in trail 1 with mode: Classification, infer mode: SC encoder type: MLP on device: cuda with abation on 2.
Saving model and plot for Trial 1 with Validation Loss = 0.7364
Best hyperparameters: {'lr': 0.0003, 'n_epochs': 350, 'alpha_0': 0.005, 'alpha_1': 0.2, 'alpha_2': 0, 'alpha_3': 0.2}
Loading the Best Model.
Starting Inference.
Perform Rejection with GMM mode with tolerance=0.05, components=[3,15]!
Found distributions with means close to 0 and 1 with 4 components.
Reject 110(6.86%) cells.
Inference Done.
We set Rank score < 0.5 as Rank- () while > 0.5 as Rank+ 
The parameters setting of model is: {'n_features': 1000, 'nhead': 2, 'nhid1': 96, 'nhid2': 8, 'n_output': 32, 'nlayers': 3, 'n_pred': 2, 'n_patho': 0, 'dropout': 0.5, 'mode': 'Classification', 'infer_mode': 'SC', 'encoder_type': 'MLP', 'model_save_path': '/mnt/NAS_21T/ProjectResult/TiRank/results/ablation/intera_2/Data5/3_Analysis/checkpoints'}
Initiate model in trail 0 with mode: Classification, infer mode: SC encoder type: MLP on device: cuda with abation on 1,2.
Saving model and plot for Trial 0 with Validation Loss = 0.7715
Initiate model in trail 1 with mode: Classification, infer mode: SC encoder type: MLP on device: cuda with abation on 1,2.
Saving model and plot for Trial 1 with Validation Loss = 0.7343
Best hyperparameters: {'lr': 0.0003, 'n_epochs': 350, 'alpha_0': 0.005, 'alpha_1': 0, 'alpha_2': 0, 'alpha_3': 0.5}
Loading the Best Model.
Starting Inference.
Perform Rejection with GMM mode with tolerance=0.05, components=[3,15]!
Underfitting!
Found distributions with means close to 0 and 1 with 3 components.
Reject 0(0.00%) cells.
Inference Done.
We set Rank score < 0.5 as Rank- () while > 0.5 as Rank+ 
[I 2025-03-21 04:42:01,754] A new study created in memory with name: no-name-2afcf03f-4151-471d-90a0-2f997cd1a44c
[I 2025-03-21 04:42:06,799] Trial 0 finished with value: 0.7200194001197815 and parameters: {'lr': 0.0003, 'n_epochs': 450, 'alpha_0': 0.1, 'alpha_1': 0.7, 'alpha_2': 0.005, 'alpha_3': 0.7}. Best is trial 0 with value: 0.7200194001197815.
[I 2025-03-21 04:42:12,582] Trial 1 finished with value: 0.667336106300354 and parameters: {'lr': 0.0003, 'n_epochs': 500, 'alpha_0': 0.005, 'alpha_1': 0.2, 'alpha_2': 0.005, 'alpha_3': 0.2}. Best is trial 1 with value: 0.667336106300354.
... storing 'Rank_Label' as categorical
[I 2025-03-21 04:42:15,388] A new study created in memory with name: no-name-6796d477-1296-4c2a-9730-6a5e6f661ac0
[I 2025-03-21 04:42:24,650] Trial 0 finished with value: 0.7394869923591614 and parameters: {'lr': 0.0001, 'n_epochs': 500, 'alpha_0': 0.06, 'alpha_1': 0.2, 'alpha_2': 0.001, 'alpha_3': 1}. Best is trial 0 with value: 0.7394869923591614.
[I 2025-03-21 04:42:29,984] Trial 1 finished with value: 0.7342357635498047 and parameters: {'lr': 0.0001, 'n_epochs': 350, 'alpha_0': 0.005, 'alpha_1': 0.5, 'alpha_2': 0.01, 'alpha_3': 0.9}. Best is trial 1 with value: 0.7342357635498047.
... storing 'Rank_Label' as categorical
[I 2025-03-21 04:42:32,738] A new study created in memory with name: no-name-7113d17a-c837-4123-8ca6-14de047dfd24
[I 2025-03-21 04:42:35,576] Trial 0 finished with value: 0.7936332821846008 and parameters: {'lr': 1e-06, 'n_epochs': 300, 'alpha_0': 0.03, 'alpha_1': 0.6, 'alpha_2': 0.1, 'alpha_3': 0.5}. Best is trial 0 with value: 0.7936332821846008.
[I 2025-03-21 04:42:39,042] Trial 1 finished with value: 0.7799698114395142 and parameters: {'lr': 1e-05, 'n_epochs': 350, 'alpha_0': 0.1, 'alpha_1': 1, 'alpha_2': 0.05, 'alpha_3': 0.2}. Best is trial 1 with value: 0.7799698114395142.
... storing 'Rank_Label' as categorical
[I 2025-03-21 04:42:41,784] A new study created in memory with name: no-name-a281d957-d292-4d05-939e-e17544c4d38a
[I 2025-03-21 04:42:44,635] Trial 0 finished with value: 0.7701566219329834 and parameters: {'lr': 1e-06, 'n_epochs': 350, 'alpha_0': 0.005, 'alpha_1': 0, 'alpha_2': 0.1, 'alpha_3': 0.8}. Best is trial 0 with value: 0.7701566219329834.
[I 2025-03-21 04:42:48,541] Trial 1 finished with value: 0.7112860083580017 and parameters: {'lr': 0.0006, 'n_epochs': 450, 'alpha_0': 0.06, 'alpha_1': 0, 'alpha_2': 0.1, 'alpha_3': 0.4}. Best is trial 1 with value: 0.7112860083580017.
... storing 'Rank_Label' as categorical
[I 2025-03-21 04:42:51,246] A new study created in memory with name: no-name-7dd74b88-f3d5-43d6-948f-5a18d3dcb7ff
[I 2025-03-21 04:42:55,770] Trial 0 finished with value: 0.7296961545944214 and parameters: {'lr': 0.01, 'n_epochs': 500, 'alpha_0': 0.1, 'alpha_1': 0.1, 'alpha_2': 0, 'alpha_3': 0.2}. Best is trial 0 with value: 0.7296961545944214.
[I 2025-03-21 04:42:58,562] Trial 1 finished with value: 0.7107170820236206 and parameters: {'lr': 0.001, 'n_epochs': 400, 'alpha_0': 0.01, 'alpha_1': 0.7, 'alpha_2': 0, 'alpha_3': 0.9}. Best is trial 1 with value: 0.7107170820236206.
... storing 'Rank_Label' as categorical
[I 2025-03-21 04:43:01,303] A new study created in memory with name: no-name-65ce3979-27af-4611-85da-696fa2651d25
[I 2025-03-21 04:43:04,575] Trial 0 finished with value: 0.7580664753913879 and parameters: {'lr': 0.01, 'n_epochs': 350, 'alpha_0': 0.06, 'alpha_1': 0, 'alpha_2': 0, 'alpha_3': 0.6}. Best is trial 0 with value: 0.7580664753913879.
[I 2025-03-21 04:43:09,323] Trial 1 finished with value: 0.7572339773178101 and parameters: {'lr': 1e-06, 'n_epochs': 500, 'alpha_0': 0.01, 'alpha_1': 0, 'alpha_2': 0, 'alpha_3': 1}. Best is trial 1 with value: 0.7572339773178101.
... storing 'Rank_Label' as categorical
2025-03-21 04:43:12,060 - Finished dataset Data4 in /mnt/NAS_21T/ProjectResult/TiRank/results/ablation/intera_2/Data4
Processing datasets for repeat 2:  70%|â–ˆâ–ˆâ–ˆâ–ˆâ–ˆâ–ˆâ–ˆ   | 7/10 [2:31:16<45:21, 907.01s/it]   2025-03-21 04:43:12,062 - Processing dataset Data3 in /mnt/NAS_21T/ProjectResult/TiRank/results/ablation/intera_2/Data3
[I 2025-03-21 04:43:49,479] A new study created in memory with name: no-name-e4bcddea-bcf3-4ba3-9b06-fe1cc8657547
[I 2025-03-21 04:43:54,461] Trial 0 finished with value: 0.663145899772644 and parameters: {'lr': 0.003, 'n_epochs': 450, 'alpha_0': 0.06, 'alpha_1': 0.4, 'alpha_2': 0.05, 'alpha_3': 0.5}. Best is trial 0 with value: 0.663145899772644.
