[I 2025-03-21 02:00:55,413] Trial 0 finished with value: 0.5992271304130554 and parameters: {'lr': 0.003, 'n_epochs': 500, 'alpha_0': 0.03, 'alpha_1': 0.2, 'alpha_2': 0, 'alpha_3': 0.3}. Best is trial 0 with value: 0.5992271304130554.
Initiate model in trail 0 with mode: Classification, infer mode: SC encoder type: MLP on device: cuda with abation on 1.
Saving model and plot for Trial 0 with Validation Loss = 0.7399
Initiate model in trail 1 with mode: Classification, infer mode: SC encoder type: MLP on device: cuda with abation on 1.
Best hyperparameters: {'lr': 0.003, 'n_epochs': 350, 'alpha_0': 0.005, 'alpha_1': 0, 'alpha_2': 0.05, 'alpha_3': 0.7}
Loading the Best Model.
Starting Inference.
Perform Rejection with GMM mode with tolerance=0.05, components=[3,15]!
Underfitting!
Found distributions with means close to 0 and 1 with 3 components.
Reject 0(0.00%) cells.
Inference Done.
We set Rank score < 0.5 as Rank- () while > 0.5 as Rank+ 
The parameters setting of model is: {'n_features': 1000, 'nhead': 2, 'nhid1': 96, 'nhid2': 8, 'n_output': 32, 'nlayers': 3, 'n_pred': 2, 'n_patho': 0, 'dropout': 0.5, 'mode': 'Classification', 'infer_mode': 'SC', 'encoder_type': 'MLP', 'model_save_path': '/mnt/NAS_21T/ProjectResult/TiRank/results/ablation/intera_1/Data7/3_Analysis/checkpoints'}
Initiate model in trail 0 with mode: Classification, infer mode: SC encoder type: MLP on device: cuda with abation on 2.
Saving model and plot for Trial 0 with Validation Loss = 0.7240
Initiate model in trail 1 with mode: Classification, infer mode: SC encoder type: MLP on device: cuda with abation on 2.
Saving model and plot for Trial 1 with Validation Loss = 0.6955
Best hyperparameters: {'lr': 0.003, 'n_epochs': 300, 'alpha_0': 0.1, 'alpha_1': 0.8, 'alpha_2': 0, 'alpha_3': 0.2}
Loading the Best Model.
Starting Inference.
Perform Rejection with GMM mode with tolerance=0.05, components=[3,15]!
Found distributions with means close to 0 and 1 with 3 components.
Reject 203(0.87%) cells.
Inference Done.
We set Rank score < 0.5 as Rank- () while > 0.5 as Rank+ 
The parameters setting of model is: {'n_features': 1000, 'nhead': 2, 'nhid1': 96, 'nhid2': 8, 'n_output': 32, 'nlayers': 3, 'n_pred': 2, 'n_patho': 0, 'dropout': 0.5, 'mode': 'Classification', 'infer_mode': 'SC', 'encoder_type': 'MLP', 'model_save_path': '/mnt/NAS_21T/ProjectResult/TiRank/results/ablation/intera_1/Data7/3_Analysis/checkpoints'}
Initiate model in trail 0 with mode: Classification, infer mode: SC encoder type: MLP on device: cuda with abation on 1,2.
Saving model and plot for Trial 0 with Validation Loss = 0.8057
Initiate model in trail 1 with mode: Classification, infer mode: SC encoder type: MLP on device: cuda with abation on 1,2.
Saving model and plot for Trial 1 with Validation Loss = 0.7387
Best hyperparameters: {'lr': 0.0001, 'n_epochs': 300, 'alpha_0': 0.005, 'alpha_1': 0, 'alpha_2': 0, 'alpha_3': 0.2}
Loading the Best Model.
Starting Inference.
Perform Rejection with GMM mode with tolerance=0.05, components=[3,15]!
Underfitting!
Found distributions with means close to 0 and 1 with 3 components.
Reject 0(0.00%) cells.
Inference Done.
We set Rank score < 0.5 as Rank- () while > 0.5 as Rank+ 
Starting load data for gene pair transformation.
Starting gene pair extraction.
Get candidate genes done.
There are 826 genes up-regulated in Group 0 and 707 genes up-regulated in Group 1.
Get candidate gene pairs done.
Profile transformation done.
Starting save gene pair matrices.
Save gene pair matrices done.
Save informative gene matrices done.
The parameters setting of model is: {'n_features': 1000, 'nhead': 2, 'nhid1': 96, 'nhid2': 8, 'n_output': 32, 'nlayers': 3, 'n_pred': 2, 'n_patho': 0, 'dropout': 0.5, 'mode': 'Classification', 'infer_mode': 'SC', 'encoder_type': 'DenseNet', 'model_save_path': '/mnt/NAS_21T/ProjectResult/TiRank/results/ablation/intera_1/Data6/3_Analysis/checkpoints'}
Initiate model in trail 0 with mode: Classification, infer mode: SC encoder type: DenseNet on device: cuda.
Saving model and plot for Trial 0 with Validation Loss = 0.7052
Initiate model in trail 1 with mode: Classification, infer mode: SC encoder type: DenseNet on device: cuda.
Best hyperparameters: {'lr': 1e-06, 'n_epochs': 350, 'alpha_0': 0.005, 'alpha_1': 0.3, 'alpha_2': 0.1, 'alpha_3': 0.5}
Loading the Best Model.
Starting Inference.
Perform Rejection with GMM mode with tolerance=0.05, components=[3,15]!
Underfitting!
Found distributions with means close to 0 and 1 with 3 components.
Reject 0(0.00%) cells.
Inference Done.
We set Rank score < 0.5 as Rank- () while > 0.5 as Rank+ 
The parameters setting of model is: {'n_features': 1000, 'nhead': 2, 'nhid1': 96, 'nhid2': 8, 'n_output': 32, 'nlayers': 3, 'n_pred': 2, 'n_patho': 0, 'dropout': 0.5, 'mode': 'Classification', 'infer_mode': 'SC', 'encoder_type': 'Transformer', 'model_save_path': '/mnt/NAS_21T/ProjectResult/TiRank/results/ablation/intera_1/Data6/3_Analysis/checkpoints'}
Initiate model in trail 0 with mode: Classification, infer mode: SC encoder type: Transformer on device: cuda.
Saving model and plot for Trial 0 with Validation Loss = 0.7251
Initiate model in trail 1 with mode: Classification, infer mode: SC encoder type: Transformer on device: cuda.
Saving model and plot for Trial 1 with Validation Loss = 0.6168
Best hyperparameters: {'lr': 0.0006, 'n_epochs': 400, 'alpha_0': 0.01, 'alpha_1': 0.2, 'alpha_2': 0.01, 'alpha_3': 0.4}
Loading the Best Model.
Starting Inference.
Perform Rejection with GMM mode with tolerance=0.05, components=[3,15]!
Found distributions with means close to 0 and 1 with 3 components.
Reject 299(18.64%) cells.
Inference Done.
We set Rank score < 0.5 as Rank- () while > 0.5 as Rank+ 
The parameters setting of model is: {'n_features': 1000, 'nhead': 2, 'nhid1': 96, 'nhid2': 8, 'n_output': 32, 'nlayers': 3, 'n_pred': 2, 'n_patho': 0, 'dropout': 0.5, 'mode': 'Classification', 'infer_mode': 'SC', 'encoder_type': 'MLP', 'model_save_path': '/mnt/NAS_21T/ProjectResult/TiRank/results/ablation/intera_1/Data6/3_Analysis/checkpoints'}
Initiate model in trail 0 with mode: Classification, infer mode: SC encoder type: MLP on device: cuda.
Saving model and plot for Trial 0 with Validation Loss = 0.6104
Initiate model in trail 1 with mode: Classification, infer mode: SC encoder type: MLP on device: cuda.
Saving model and plot for Trial 1 with Validation Loss = 0.5903
Best hyperparameters: {'lr': 0.001, 'n_epochs': 350, 'alpha_0': 0.005, 'alpha_1': 1, 'alpha_2': 0.1, 'alpha_3': 0.8}
Loading the Best Model.
Starting Inference.
Perform Rejection with GMM mode with tolerance=0.05, components=[3,15]!
Found distributions with means close to 0 and 1 with 7 components.
Reject 1093(68.14%) cells.
Inference Done.
We set Rank score < 0.5 as Rank- () while > 0.5 as Rank+ 
The parameters setting of model is: {'n_features': 1000, 'nhead': 2, 'nhid1': 96, 'nhid2': 8, 'n_output': 32, 'nlayers': 3, 'n_pred': 2, 'n_patho': 0, 'dropout': 0.5, 'mode': 'Classification', 'infer_mode': 'SC', 'encoder_type': 'MLP', 'model_save_path': '/mnt/NAS_21T/ProjectResult/TiRank/results/ablation/intera_1/Data6/3_Analysis/checkpoints'}
Initiate model in trail 0 with mode: Classification, infer mode: SC encoder type: MLP on device: cuda with abation on 1.
Saving model and plot for Trial 0 with Validation Loss = 0.7600
Initiate model in trail 1 with mode: Classification, infer mode: SC encoder type: MLP on device: cuda with abation on 1.
Best hyperparameters: {'lr': 0.0001, 'n_epochs': 350, 'alpha_0': 0.01, 'alpha_1': 0, 'alpha_2': 0.1, 'alpha_3': 0.2}
Loading the Best Model.
Starting Inference.
Perform Rejection with GMM mode with tolerance=0.05, components=[3,15]!
Underfitting!
Found distributions with means close to 0 and 1 with 3 components.
Reject 0(0.00%) cells.
Inference Done.
We set Rank score < 0.5 as Rank- () while > 0.5 as Rank+ 
The parameters setting of model is: {'n_features': 1000, 'nhead': 2, 'nhid1': 96, 'nhid2': 8, 'n_output': 32, 'nlayers': 3, 'n_pred': 2, 'n_patho': 0, 'dropout': 0.5, 'mode': 'Classification', 'infer_mode': 'SC', 'encoder_type': 'MLP', 'model_save_path': '/mnt/NAS_21T/ProjectResult/TiRank/results/ablation/intera_1/Data6/3_Analysis/checkpoints'}
Initiate model in trail 0 with mode: Classification, infer mode: SC encoder type: MLP on device: cuda with abation on 2.
Saving model and plot for Trial 0 with Validation Loss = 0.5992
[I 2025-03-21 02:01:04,935] Trial 1 finished with value: 0.6865250170230865 and parameters: {'lr': 0.006, 'n_epochs': 400, 'alpha_0': 0.005, 'alpha_1': 0.3, 'alpha_2': 0, 'alpha_3': 0.3}. Best is trial 0 with value: 0.5992271304130554.
... storing 'Rank_Label' as categorical
[I 2025-03-21 02:01:07,889] A new study created in memory with name: no-name-c1e3bd78-a756-4080-b24b-90693501b5d9
[I 2025-03-21 02:01:19,404] Trial 0 finished with value: 0.7405832409858704 and parameters: {'lr': 0.01, 'n_epochs': 500, 'alpha_0': 0.1, 'alpha_1': 0, 'alpha_2': 0, 'alpha_3': 0.3}. Best is trial 0 with value: 0.7405832409858704.
[I 2025-03-21 02:01:26,174] Trial 1 finished with value: 0.7999314367771149 and parameters: {'lr': 0.0003, 'n_epochs': 300, 'alpha_0': 0.03, 'alpha_1': 0, 'alpha_2': 0, 'alpha_3': 1}. Best is trial 0 with value: 0.7405832409858704.
... storing 'Rank_Label' as categorical
2025-03-21 02:01:28,956 - Finished dataset Data6 in /mnt/NAS_21T/ProjectResult/TiRank/results/ablation/intera_1/Data6
Processing datasets for repeat 1:  50%|â–ˆâ–ˆâ–ˆâ–ˆâ–ˆ     | 5/10 [2:26:17<2:36:48, 1881.79s/it]2025-03-21 02:01:28,963 - Processing dataset Data5 in /mnt/NAS_21T/ProjectResult/TiRank/results/ablation/intera_1/Data5
[I 2025-03-21 02:02:03,983] A new study created in memory with name: no-name-29eff310-2ecf-45f6-95cd-016251d2ed32
[I 2025-03-21 02:02:13,825] Trial 0 finished with value: 0.45321138203144073 and parameters: {'lr': 0.01, 'n_epochs': 350, 'alpha_0': 0.03, 'alpha_1': 0.6, 'alpha_2': 0.001, 'alpha_3': 0.5}. Best is trial 0 with value: 0.45321138203144073.
[I 2025-03-21 02:02:25,979] Trial 1 finished with value: 0.7574730813503265 and parameters: {'lr': 1e-05, 'n_epochs': 500, 'alpha_0': 0.01, 'alpha_1': 1, 'alpha_2': 0.005, 'alpha_3': 0.5}. Best is trial 0 with value: 0.45321138203144073.
... storing 'Rank_Label' as categorical
[I 2025-03-21 02:02:28,997] A new study created in memory with name: no-name-80fd06fe-c4ed-4d18-81c8-40dda67ae792
[I 2025-03-21 02:02:39,508] Trial 0 finished with value: 0.7632414698600769 and parameters: {'lr': 0.003, 'n_epochs': 400, 'alpha_0': 0.005, 'alpha_1': 0.7, 'alpha_2': 0.05, 'alpha_3': 1}. Best is trial 0 with value: 0.7632414698600769.
[I 2025-03-21 02:02:52,710] Trial 1 finished with value: 0.7638206481933594 and parameters: {'lr': 0.003, 'n_epochs': 500, 'alpha_0': 0.01, 'alpha_1': 0.5, 'alpha_2': 0.005, 'alpha_3': 0.8}. Best is trial 0 with value: 0.7632414698600769.
... storing 'Rank_Label' as categorical
[I 2025-03-21 02:02:55,935] A new study created in memory with name: no-name-d54d7ac3-a45d-40e9-8129-08bf30937718
[I 2025-03-21 02:03:05,317] Trial 0 finished with value: 0.7185522615909576 and parameters: {'lr': 0.0001, 'n_epochs': 400, 'alpha_0': 0.06, 'alpha_1': 0.3, 'alpha_2': 0.005, 'alpha_3': 0.1}. Best is trial 0 with value: 0.7185522615909576.
[I 2025-03-21 02:03:12,236] Trial 1 finished with value: 0.7191937565803528 and parameters: {'lr': 0.003, 'n_epochs': 300, 'alpha_0': 0.03, 'alpha_1': 1, 'alpha_2': 0.001, 'alpha_3': 0.1}. Best is trial 0 with value: 0.7185522615909576.
... storing 'Rank_Label' as categorical
[I 2025-03-21 02:03:15,349] A new study created in memory with name: no-name-359dcbd4-9873-4817-9b76-9aff374319d6
[I 2025-03-21 02:03:22,226] Trial 0 finished with value: 0.7884794473648071 and parameters: {'lr': 0.003, 'n_epochs': 300, 'alpha_0': 0.1, 'alpha_1': 0, 'alpha_2': 0.05, 'alpha_3': 0.2}. Best is trial 0 with value: 0.7884794473648071.
[I 2025-03-21 02:03:33,955] Trial 1 finished with value: 0.750234842300415 and parameters: {'lr': 1e-05, 'n_epochs': 500, 'alpha_0': 0.01, 'alpha_1': 0, 'alpha_2': 0.001, 'alpha_3': 0.5}. Best is trial 1 with value: 0.750234842300415.
... storing 'Rank_Label' as categorical
[I 2025-03-21 02:03:38,679] A new study created in memory with name: no-name-7117e1fa-e001-431f-8b54-18ec6e7e694b
[I 2025-03-21 02:03:46,915] Trial 0 finished with value: 0.7903316020965576 and parameters: {'lr': 1e-05, 'n_epochs': 350, 'alpha_0': 0.01, 'alpha_1': 0.5, 'alpha_2': 0, 'alpha_3': 0.8}. Best is trial 0 with value: 0.7903316020965576.
[I 2025-03-21 02:03:55,045] Trial 1 finished with value: 0.9008569419384003 and parameters: {'lr': 0.006, 'n_epochs': 350, 'alpha_0': 0.03, 'alpha_1': 0.2, 'alpha_2': 0, 'alpha_3': 0.8}. Best is trial 0 with value: 0.7903316020965576.
... storing 'Rank_Label' as categorical
[I 2025-03-21 02:03:57,839] A new study created in memory with name: no-name-4f18ab62-ebd3-409a-a476-bb830d4b608a
[I 2025-03-21 02:04:09,803] Trial 0 finished with value: 0.8021681308746338 and parameters: {'lr': 0.003, 'n_epochs': 500, 'alpha_0': 0.1, 'alpha_1': 0, 'alpha_2': 0, 'alpha_3': 0.2}. Best is trial 0 with value: 0.8021681308746338.
[I 2025-03-21 02:04:16,833] Trial 1 finished with value: 0.7688654065132141 and parameters: {'lr': 0.006, 'n_epochs': 300, 'alpha_0': 0.01, 'alpha_1': 0, 'alpha_2': 0, 'alpha_3': 0.9}. Best is trial 1 with value: 0.7688654065132141.
Initiate model in trail 1 with mode: Classification, infer mode: SC encoder type: MLP on device: cuda with abation on 2.
Best hyperparameters: {'lr': 0.003, 'n_epochs': 500, 'alpha_0': 0.03, 'alpha_1': 0.2, 'alpha_2': 0, 'alpha_3': 0.3}
Loading the Best Model.
Starting Inference.
Perform Rejection with GMM mode with tolerance=0.05, components=[3,15]!
Found distributions with means close to 0 and 1 with 7 components.
Reject 32(2.00%) cells.
Inference Done.
We set Rank score < 0.5 as Rank- () while > 0.5 as Rank+ 
The parameters setting of model is: {'n_features': 1000, 'nhead': 2, 'nhid1': 96, 'nhid2': 8, 'n_output': 32, 'nlayers': 3, 'n_pred': 2, 'n_patho': 0, 'dropout': 0.5, 'mode': 'Classification', 'infer_mode': 'SC', 'encoder_type': 'MLP', 'model_save_path': '/mnt/NAS_21T/ProjectResult/TiRank/results/ablation/intera_1/Data6/3_Analysis/checkpoints'}
Initiate model in trail 0 with mode: Classification, infer mode: SC encoder type: MLP on device: cuda with abation on 1,2.
Saving model and plot for Trial 0 with Validation Loss = 0.7406
Initiate model in trail 1 with mode: Classification, infer mode: SC encoder type: MLP on device: cuda with abation on 1,2.
Best hyperparameters: {'lr': 0.01, 'n_epochs': 500, 'alpha_0': 0.1, 'alpha_1': 0, 'alpha_2': 0, 'alpha_3': 0.3}
Loading the Best Model.
Starting Inference.
Perform Rejection with GMM mode with tolerance=0.05, components=[3,15]!
Underfitting!
Found distributions with means close to 0 and 1 with 3 components.
Reject 0(0.00%) cells.
Inference Done.
We set Rank score < 0.5 as Rank- () while > 0.5 as Rank+ 
Starting load data for gene pair transformation.
Starting gene pair extraction.
Get candidate genes done.
There are 766 genes up-regulated in Group 0 and 417 genes up-regulated in Group 1.
Get candidate gene pairs done.
Profile transformation done.
Starting save gene pair matrices.
Save gene pair matrices done.
Save informative gene matrices done.
The parameters setting of model is: {'n_features': 1000, 'nhead': 2, 'nhid1': 96, 'nhid2': 8, 'n_output': 32, 'nlayers': 3, 'n_pred': 2, 'n_patho': 0, 'dropout': 0.5, 'mode': 'Classification', 'infer_mode': 'SC', 'encoder_type': 'DenseNet', 'model_save_path': '/mnt/NAS_21T/ProjectResult/TiRank/results/ablation/intera_1/Data5/3_Analysis/checkpoints'}
Initiate model in trail 0 with mode: Classification, infer mode: SC encoder type: DenseNet on device: cuda.
Saving model and plot for Trial 0 with Validation Loss = 0.4532
Initiate model in trail 1 with mode: Classification, infer mode: SC encoder type: DenseNet on device: cuda.
Best hyperparameters: {'lr': 0.01, 'n_epochs': 350, 'alpha_0': 0.03, 'alpha_1': 0.6, 'alpha_2': 0.001, 'alpha_3': 0.5}
Loading the Best Model.
Starting Inference.
Perform Rejection with GMM mode with tolerance=0.05, components=[3,15]!
Found distributions with means close to 0 and 1 with 3 components.
Reject 0(0.00%) cells.
Inference Done.
We set Rank score < 0.5 as Rank- () while > 0.5 as Rank+ 
The parameters setting of model is: {'n_features': 1000, 'nhead': 2, 'nhid1': 96, 'nhid2': 8, 'n_output': 32, 'nlayers': 3, 'n_pred': 2, 'n_patho': 0, 'dropout': 0.5, 'mode': 'Classification', 'infer_mode': 'SC', 'encoder_type': 'Transformer', 'model_save_path': '/mnt/NAS_21T/ProjectResult/TiRank/results/ablation/intera_1/Data5/3_Analysis/checkpoints'}
Initiate model in trail 0 with mode: Classification, infer mode: SC encoder type: Transformer on device: cuda.
Saving model and plot for Trial 0 with Validation Loss = 0.7632
Initiate model in trail 1 with mode: Classification, infer mode: SC encoder type: Transformer on device: cuda.
Best hyperparameters: {'lr': 0.003, 'n_epochs': 400, 'alpha_0': 0.005, 'alpha_1': 0.7, 'alpha_2': 0.05, 'alpha_3': 1}
Loading the Best Model.
Starting Inference.
Perform Rejection with GMM mode with tolerance=0.05, components=[3,15]!
Found distributions with means close to 0 and 1 with 3 components.
Reject 0(0.00%) cells.
Inference Done.
We set Rank score < 0.5 as Rank- () while > 0.5 as Rank+ 
The parameters setting of model is: {'n_features': 1000, 'nhead': 2, 'nhid1': 96, 'nhid2': 8, 'n_output': 32, 'nlayers': 3, 'n_pred': 2, 'n_patho': 0, 'dropout': 0.5, 'mode': 'Classification', 'infer_mode': 'SC', 'encoder_type': 'MLP', 'model_save_path': '/mnt/NAS_21T/ProjectResult/TiRank/results/ablation/intera_1/Data5/3_Analysis/checkpoints'}
Initiate model in trail 0 with mode: Classification, infer mode: SC encoder type: MLP on device: cuda.
Saving model and plot for Trial 0 with Validation Loss = 0.7186
Initiate model in trail 1 with mode: Classification, infer mode: SC encoder type: MLP on device: cuda.
Best hyperparameters: {'lr': 0.0001, 'n_epochs': 400, 'alpha_0': 0.06, 'alpha_1': 0.3, 'alpha_2': 0.005, 'alpha_3': 0.1}
Loading the Best Model.
Starting Inference.
Perform Rejection with GMM mode with tolerance=0.05, components=[3,15]!
Found distributions with means close to 0 and 1 with 8 components.
Reject 255(15.90%) cells.
Inference Done.
We set Rank score < 0.5 as Rank- () while > 0.5 as Rank+ 
The parameters setting of model is: {'n_features': 1000, 'nhead': 2, 'nhid1': 96, 'nhid2': 8, 'n_output': 32, 'nlayers': 3, 'n_pred': 2, 'n_patho': 0, 'dropout': 0.5, 'mode': 'Classification', 'infer_mode': 'SC', 'encoder_type': 'MLP', 'model_save_path': '/mnt/NAS_21T/ProjectResult/TiRank/results/ablation/intera_1/Data5/3_Analysis/checkpoints'}
Initiate model in trail 0 with mode: Classification, infer mode: SC encoder type: MLP on device: cuda with abation on 1.
Saving model and plot for Trial 0 with Validation Loss = 0.7885
Initiate model in trail 1 with mode: Classification, infer mode: SC encoder type: MLP on device: cuda with abation on 1.
Saving model and plot for Trial 1 with Validation Loss = 0.7502
Best hyperparameters: {'lr': 1e-05, 'n_epochs': 500, 'alpha_0': 0.01, 'alpha_1': 0, 'alpha_2': 0.001, 'alpha_3': 0.5}
Loading the Best Model.
Starting Inference.
Perform Rejection with GMM mode with tolerance=0.05, components=[3,15]!
Underfitting!
Found distributions with means close to 0 and 1 with 3 components.
Reject 0(0.00%) cells.
Inference Done.
We set Rank score < 0.5 as Rank- () while > 0.5 as Rank+ 
The parameters setting of model is: {'n_features': 1000, 'nhead': 2, 'nhid1': 96, 'nhid2': 8, 'n_output': 32, 'nlayers': 3, 'n_pred': 2, 'n_patho': 0, 'dropout': 0.5, 'mode': 'Classification', 'infer_mode': 'SC', 'encoder_type': 'MLP', 'model_save_path': '/mnt/NAS_21T/ProjectResult/TiRank/results/ablation/intera_1/Data5/3_Analysis/checkpoints'}
Initiate model in trail 0 with mode: Classification, infer mode: SC encoder type: MLP on device: cuda with abation on 2.
Saving model and plot for Trial 0 with Validation Loss = 0.7903
Initiate model in trail 1 with mode: Classification, infer mode: SC encoder type: MLP on device: cuda with abation on 2.
Best hyperparameters: {'lr': 1e-05, 'n_epochs': 350, 'alpha_0': 0.01, 'alpha_1': 0.5, 'alpha_2': 0, 'alpha_3': 0.8}
Loading the Best Model.
Starting Inference.
Perform Rejection with GMM mode with tolerance=0.05, components=[3,15]!
Underfitting!
Found distributions with means close to 0 and 1 with 3 components.
Reject 0(0.00%) cells.
Inference Done.
We set Rank score < 0.5 as Rank- () while > 0.5 as Rank+ 
The parameters setting of model is: {'n_features': 1000, 'nhead': 2, 'nhid1': 96, 'nhid2': 8, 'n_output': 32, 'nlayers': 3, 'n_pred': 2, 'n_patho': 0, 'dropout': 0.5, 'mode': 'Classification', 'infer_mode': 'SC', 'encoder_type': 'MLP', 'model_save_path': '/mnt/NAS_21T/ProjectResult/TiRank/results/ablation/intera_1/Data5/3_Analysis/checkpoints'}
Initiate model in trail 0 with mode: Classification, infer mode: SC encoder type: MLP on device: cuda with abation on 1,2.
Saving model and plot for Trial 0 with Validation Loss = 0.8022
Initiate model in trail 1 with mode: Classification, infer mode: SC encoder type: MLP on device: cuda with abation on 1,2.
Saving model and plot for Trial 1 with Validation Loss = 0.7689
Best hyperparameters: {'lr': 0.006, 'n_epochs': 300, 'alpha_0': 0.01, 'alpha_1': 0, 'alpha_2': 0, 'alpha_3': 0.9}
Loading the Best Model.
Starting Inference.
Perform Rejection with GMM mode with tolerance=0.05, components=[3,15]!
Underfitting!
... storing 'Rank_Label' as categorical
2025-03-21 02:04:19,622 - Finished dataset Data5 in /mnt/NAS_21T/ProjectResult/TiRank/results/ablation/intera_1/Data5
Processing datasets for repeat 1:  60%|â–ˆâ–ˆâ–ˆâ–ˆâ–ˆâ–ˆ    | 6/10 [2:29:07<1:26:40, 1300.00s/it]2025-03-21 02:04:19,625 - Processing dataset Data4 in /mnt/NAS_21T/ProjectResult/TiRank/results/ablation/intera_1/Data4
[I 2025-03-21 02:05:03,029] A new study created in memory with name: no-name-748b2d90-150f-446e-9663-d3998db9d92e
