[I 2025-03-21 17:49:20,313] Trial 1 finished with value: 0.8044678568840027 and parameters: {'lr': 0.003, 'n_epochs': 300, 'alpha_0': 0.1, 'alpha_1': 0.4, 'alpha_2': 0, 'alpha_3': 0.9}. Best is trial 0 with value: 0.8006942272186279.
... storing 'Rank_Label' as categorical
[I 2025-03-21 17:49:23,625] A new study created in memory with name: no-name-1c952cc8-37fe-452e-a64b-1d8724690180
[I 2025-03-21 17:49:27,934] Trial 0 finished with value: 0.7700042724609375 and parameters: {'lr': 0.0006, 'n_epochs': 450, 'alpha_0': 0.06, 'alpha_1': 0, 'alpha_2': 0, 'alpha_3': 0.4}. Best is trial 0 with value: 0.7700042724609375.
[I 2025-03-21 17:49:30,806] Trial 1 finished with value: 0.8046542406082153 and parameters: {'lr': 0.006, 'n_epochs': 350, 'alpha_0': 0.005, 'alpha_1': 0, 'alpha_2': 0, 'alpha_3': 0.6}. Best is trial 0 with value: 0.7700042724609375.
... storing 'Rank_Label' as categorical
2025-03-21 17:49:34,127 - Finished dataset Data1 in /mnt/NAS_21T/ProjectResult/TiRank/results/ablation/intera_7/Data1
Processing datasets for repeat 7: 100%|â–ˆâ–ˆâ–ˆâ–ˆâ–ˆâ–ˆâ–ˆâ–ˆâ–ˆâ–ˆ| 10/10 [2:34:29<00:00, 359.53s/it]Processing datasets for repeat 7: 100%|â–ˆâ–ˆâ–ˆâ–ˆâ–ˆâ–ˆâ–ˆâ–ˆâ–ˆâ–ˆ| 10/10 [2:34:29<00:00, 926.91s/it]
2025-03-21 17:49:34,129 - Repeat 7 completed
2025-03-21 17:49:34,131 - Starting repeat 8
{'n_features': 1000, 'nhead': 2, 'nhid1': 96, 'nhid2': 8, 'n_output': 32, 'nlayers': 3, 'n_pred': 2, 'n_patho': 0, 'dropout': 0.5, 'mode': 'Classification', 'infer_mode': 'SC', 'encoder_type': 'MLP', 'model_save_path': '/mnt/NAS_21T/ProjectResult/TiRank/results/ablation/intera_7/Data1/3_Analysis/checkpoints'}
Initiate model in trail 0 with mode: Classification, infer mode: SC encoder type: MLP on device: cuda with abation on 1.
Saving model and plot for Trial 0 with Validation Loss = 0.7771
Initiate model in trail 1 with mode: Classification, infer mode: SC encoder type: MLP on device: cuda with abation on 1.
Saving model and plot for Trial 1 with Validation Loss = 0.7762
Best hyperparameters: {'lr': 0.0006, 'n_epochs': 400, 'alpha_0': 0.03, 'alpha_1': 0, 'alpha_2': 0.001, 'alpha_3': 0.4}
Loading the Best Model.
Starting Inference.
Perform Rejection with GMM mode with tolerance=0.05, components=[3,15]!
Underfitting!
Found distributions with means close to 0 and 1 with 3 components.
Reject 0(0.00%) cells.
Inference Done.
We set Rank score < 0.5 as Rank- () while > 0.5 as Rank+ 
The parameters setting of model is: {'n_features': 1000, 'nhead': 2, 'nhid1': 96, 'nhid2': 8, 'n_output': 32, 'nlayers': 3, 'n_pred': 2, 'n_patho': 0, 'dropout': 0.5, 'mode': 'Classification', 'infer_mode': 'SC', 'encoder_type': 'MLP', 'model_save_path': '/mnt/NAS_21T/ProjectResult/TiRank/results/ablation/intera_7/Data1/3_Analysis/checkpoints'}
Initiate model in trail 0 with mode: Classification, infer mode: SC encoder type: MLP on device: cuda with abation on 2.
Saving model and plot for Trial 0 with Validation Loss = 0.8007
Initiate model in trail 1 with mode: Classification, infer mode: SC encoder type: MLP on device: cuda with abation on 2.
Best hyperparameters: {'lr': 0.0003, 'n_epochs': 500, 'alpha_0': 0.03, 'alpha_1': 0.5, 'alpha_2': 0, 'alpha_3': 0.9}
Loading the Best Model.
Starting Inference.
Perform Rejection with GMM mode with tolerance=0.05, components=[3,15]!
Found distributions with means close to 0 and 1 with 3 components.
Reject 66(13.02%) cells.
Inference Done.
We set Rank score < 0.5 as Rank- () while > 0.5 as Rank+ 
The parameters setting of model is: {'n_features': 1000, 'nhead': 2, 'nhid1': 96, 'nhid2': 8, 'n_output': 32, 'nlayers': 3, 'n_pred': 2, 'n_patho': 0, 'dropout': 0.5, 'mode': 'Classification', 'infer_mode': 'SC', 'encoder_type': 'MLP', 'model_save_path': '/mnt/NAS_21T/ProjectResult/TiRank/results/ablation/intera_7/Data1/3_Analysis/checkpoints'}
Initiate model in trail 0 with mode: Classification, infer mode: SC encoder type: MLP on device: cuda with abation on 1,2.
Saving model and plot for Trial 0 with Validation Loss = 0.7700
Initiate model in trail 1 with mode: Classification, infer mode: SC encoder type: MLP on device: cuda with abation on 1,2.
Best hyperparameters: {'lr': 0.0006, 'n_epochs': 450, 'alpha_0': 0.06, 'alpha_1': 0, 'alpha_2': 0, 'alpha_3': 0.4}
Loading the Best Model.
Starting Inference.
Perform Rejection with GMM mode with tolerance=0.05, components=[3,15]!
Underfitting!
Found distributions with means close to 0 and 1 with 3 components.
Reject 0(0.00%) cells.
Inference Done.
We set Rank score < 0.5 as Rank- () while > 0.5 as Rank+ 
Processing datasets for repeat 8:   0%|          | 0/10 [00:00<?, ?it/s]2025-03-21 17:49:34,138 - Processing dataset Data10 in /mnt/NAS_21T/ProjectResult/TiRank/results/ablation/intera_8/Data10
[I 2025-03-21 17:49:57,607] A new study created in memory with name: no-name-f42a62ae-e27f-44b9-aebb-5af33fb09246
[I 2025-03-21 17:50:04,124] Trial 0 finished with value: 0.7407132387161255 and parameters: {'lr': 0.001, 'n_epochs': 450, 'alpha_0': 0.005, 'alpha_1': 0.3, 'alpha_2': 0.05, 'alpha_3': 0.6}. Best is trial 0 with value: 0.7407132387161255.
[I 2025-03-21 17:50:08,132] Trial 1 finished with value: 0.8057577610015869 and parameters: {'lr': 0.0006, 'n_epochs': 300, 'alpha_0': 0.005, 'alpha_1': 0.5, 'alpha_2': 0.001, 'alpha_3': 1}. Best is trial 0 with value: 0.7407132387161255.
... storing 'Rank_Label' as categorical
[I 2025-03-21 17:50:10,274] A new study created in memory with name: no-name-8e7797a8-17c4-4396-a849-a035b23d0e89
[I 2025-03-21 17:50:16,151] Trial 0 finished with value: 0.7906723618507385 and parameters: {'lr': 1e-05, 'n_epochs': 300, 'alpha_0': 0.1, 'alpha_1': 0.8, 'alpha_2': 0.05, 'alpha_3': 0.6}. Best is trial 0 with value: 0.7906723618507385.
[I 2025-03-21 17:50:22,615] Trial 1 finished with value: 0.7438454031944275 and parameters: {'lr': 0.01, 'n_epochs': 350, 'alpha_0': 0.1, 'alpha_1': 0.2, 'alpha_2': 0.001, 'alpha_3': 0.8}. Best is trial 1 with value: 0.7438454031944275.
... storing 'Rank_Label' as categorical
[I 2025-03-21 17:50:24,568] A new study created in memory with name: no-name-5012b60e-3f0d-487c-b2f7-7dcc6cc4a69b
[I 2025-03-21 17:50:29,928] Trial 0 finished with value: 0.732606053352356 and parameters: {'lr': 0.01, 'n_epochs': 450, 'alpha_0': 0.06, 'alpha_1': 0.6, 'alpha_2': 0.05, 'alpha_3': 0.4}. Best is trial 0 with value: 0.732606053352356.
[I 2025-03-21 17:50:35,349] Trial 1 finished with value: 0.7901086211204529 and parameters: {'lr': 1e-05, 'n_epochs': 450, 'alpha_0': 0.1, 'alpha_1': 0.1, 'alpha_2': 0.001, 'alpha_3': 0.2}. Best is trial 0 with value: 0.732606053352356.
... storing 'Rank_Label' as categorical
[I 2025-03-21 17:50:37,278] A new study created in memory with name: no-name-6570338f-317f-47bd-abdd-b61e873a7dcd
[I 2025-03-21 17:50:42,991] Trial 0 finished with value: 0.7184710502624512 and parameters: {'lr': 0.01, 'n_epochs': 450, 'alpha_0': 0.01, 'alpha_1': 0, 'alpha_2': 0.05, 'alpha_3': 0.6}. Best is trial 0 with value: 0.7184710502624512.
[I 2025-03-21 17:50:48,476] Trial 1 finished with value: 0.7897596955299377 and parameters: {'lr': 1e-05, 'n_epochs': 450, 'alpha_0': 0.06, 'alpha_1': 0, 'alpha_2': 0.05, 'alpha_3': 0.1}. Best is trial 0 with value: 0.7184710502624512.
... storing 'Rank_Label' as categorical
[I 2025-03-21 17:50:50,386] A new study created in memory with name: no-name-626a0e2a-fd56-4a71-9a30-58d35dbf237c
[I 2025-03-21 17:50:56,129] Trial 0 finished with value: 0.7821918725967407 and parameters: {'lr': 1e-05, 'n_epochs': 450, 'alpha_0': 0.03, 'alpha_1': 0.3, 'alpha_2': 0, 'alpha_3': 0.7}. Best is trial 0 with value: 0.7821918725967407.
[I 2025-03-21 17:51:00,888] Trial 1 finished with value: 0.7875704765319824 and parameters: {'lr': 0.0003, 'n_epochs': 400, 'alpha_0': 0.005, 'alpha_1': 0.7, 'alpha_2': 0, 'alpha_3': 0.3}. Best is trial 0 with value: 0.7821918725967407.
... storing 'Rank_Label' as categorical
[I 2025-03-21 17:51:02,797] A new study created in memory with name: no-name-2c18f393-b964-44cf-9b05-ab5cdc265821
[I 2025-03-21 17:51:07,339] Trial 0 finished with value: 0.7904303669929504 and parameters: {'lr': 0.001, 'n_epochs': 400, 'alpha_0': 0.03, 'alpha_1': 0, 'alpha_2': 0, 'alpha_3': 0.4}. Best is trial 0 with value: 0.7904303669929504.
[I 2025-03-21 17:51:12,872] Trial 1 finished with value: 0.79207843542099 and parameters: {'lr': 0.0001, 'n_epochs': 500, 'alpha_0': 0.06, 'alpha_1': 0, 'alpha_2': 0, 'alpha_3': 0.8}. Best is trial 0 with value: 0.7904303669929504.
... storing 'Rank_Label' as categorical
2025-03-21 17:51:14,756 - Finished dataset Data10 in /mnt/NAS_21T/ProjectResult/TiRank/results/ablation/intera_8/Data10
Processing datasets for repeat 8:  10%|â–ˆ         | 1/10 [01:40<15:05, 100.62s/it]2025-03-21 17:51:14,758 - Processing dataset Data9 in /mnt/NAS_21T/ProjectResult/TiRank/results/ablation/intera_8/Data9
[I 2025-03-21 17:51:44,963] A new study created in memory with name: no-name-1ace0e32-2fe3-4e8e-a47a-315566ad223a
[I 2025-03-21 17:51:50,547] Trial 0 finished with value: 0.685453474521637 and parameters: {'lr': 0.0001, 'n_epochs': 500, 'alpha_0': 0.01, 'alpha_1': 0.3, 'alpha_2': 0.1, 'alpha_3': 0.7}. Best is trial 0 with value: 0.685453474521637.
[I 2025-03-21 17:51:53,587] Trial 1 finished with value: 0.7289266586303711 and parameters: {'lr': 0.0006, 'n_epochs': 300, 'alpha_0': 0.01, 'alpha_1': 0.9, 'alpha_2': 0.1, 'alpha_3': 0.4}. Best is trial 0 with value: 0.685453474521637.
... storing 'Rank_Label' as categorical
Starting load data for gene pair transformation.
Starting gene pair extraction.
Get candidate genes done.
There are 322 genes up-regulated in Group 0 and 283 genes up-regulated in Group 1.
Get candidate gene pairs done.
Profile transformation done.
Starting save gene pair matrices.
Save gene pair matrices done.
Save informative gene matrices done.
The parameters setting of model is: {'n_features': 1000, 'nhead': 2, 'nhid1': 96, 'nhid2': 8, 'n_output': 32, 'nlayers': 3, 'n_pred': 2, 'n_patho': 0, 'dropout': 0.5, 'mode': 'Classification', 'infer_mode': 'SC', 'encoder_type': 'DenseNet', 'model_save_path': '/mnt/NAS_21T/ProjectResult/TiRank/results/ablation/intera_8/Data10/3_Analysis/checkpoints'}
Initiate model in trail 0 with mode: Classification, infer mode: SC encoder type: DenseNet on device: cuda.
Saving model and plot for Trial 0 with Validation Loss = 0.7407
Initiate model in trail 1 with mode: Classification, infer mode: SC encoder type: DenseNet on device: cuda.
Best hyperparameters: {'lr': 0.001, 'n_epochs': 450, 'alpha_0': 0.005, 'alpha_1': 0.3, 'alpha_2': 0.05, 'alpha_3': 0.6}
Loading the Best Model.
Starting Inference.
Perform Rejection with GMM mode with tolerance=0.05, components=[3,15]!
Found distributions with means close to 0 and 1 with 4 components.
Reject 285(66.43%) cells.
Inference Done.
We set Rank score < 0.5 as Rank- () while > 0.5 as Rank+ 
The parameters setting of model is: {'n_features': 1000, 'nhead': 2, 'nhid1': 96, 'nhid2': 8, 'n_output': 32, 'nlayers': 3, 'n_pred': 2, 'n_patho': 0, 'dropout': 0.5, 'mode': 'Classification', 'infer_mode': 'SC', 'encoder_type': 'Transformer', 'model_save_path': '/mnt/NAS_21T/ProjectResult/TiRank/results/ablation/intera_8/Data10/3_Analysis/checkpoints'}
Initiate model in trail 0 with mode: Classification, infer mode: SC encoder type: Transformer on device: cuda.
Saving model and plot for Trial 0 with Validation Loss = 0.7907
Initiate model in trail 1 with mode: Classification, infer mode: SC encoder type: Transformer on device: cuda.
Saving model and plot for Trial 1 with Validation Loss = 0.7438
Best hyperparameters: {'lr': 0.01, 'n_epochs': 350, 'alpha_0': 0.1, 'alpha_1': 0.2, 'alpha_2': 0.001, 'alpha_3': 0.8}
Loading the Best Model.
Starting Inference.
Perform Rejection with GMM mode with tolerance=0.05, components=[3,15]!
Found distributions with means close to 0 and 1 with 3 components.
Reject 0(0.00%) cells.
Inference Done.
We set Rank score < 0.5 as Rank- () while > 0.5 as Rank+ 
The parameters setting of model is: {'n_features': 1000, 'nhead': 2, 'nhid1': 96, 'nhid2': 8, 'n_output': 32, 'nlayers': 3, 'n_pred': 2, 'n_patho': 0, 'dropout': 0.5, 'mode': 'Classification', 'infer_mode': 'SC', 'encoder_type': 'MLP', 'model_save_path': '/mnt/NAS_21T/ProjectResult/TiRank/results/ablation/intera_8/Data10/3_Analysis/checkpoints'}
Initiate model in trail 0 with mode: Classification, infer mode: SC encoder type: MLP on device: cuda.
Saving model and plot for Trial 0 with Validation Loss = 0.7326
Initiate model in trail 1 with mode: Classification, infer mode: SC encoder type: MLP on device: cuda.
Best hyperparameters: {'lr': 0.01, 'n_epochs': 450, 'alpha_0': 0.06, 'alpha_1': 0.6, 'alpha_2': 0.05, 'alpha_3': 0.4}
Loading the Best Model.
Starting Inference.
Perform Rejection with GMM mode with tolerance=0.05, components=[3,15]!
Found distributions with means close to 0 and 1 with 3 components.
Reject 194(45.22%) cells.
Inference Done.
We set Rank score < 0.5 as Rank- () while > 0.5 as Rank+ 
The parameters setting of model is: {'n_features': 1000, 'nhead': 2, 'nhid1': 96, 'nhid2': 8, 'n_output': 32, 'nlayers': 3, 'n_pred': 2, 'n_patho': 0, 'dropout': 0.5, 'mode': 'Classification', 'infer_mode': 'SC', 'encoder_type': 'MLP', 'model_save_path': '/mnt/NAS_21T/ProjectResult/TiRank/results/ablation/intera_8/Data10/3_Analysis/checkpoints'}
Initiate model in trail 0 with mode: Classification, infer mode: SC encoder type: MLP on device: cuda with abation on 1.
Saving model and plot for Trial 0 with Validation Loss = 0.7185
Initiate model in trail 1 with mode: Classification, infer mode: SC encoder type: MLP on device: cuda with abation on 1.
Best hyperparameters: {'lr': 0.01, 'n_epochs': 450, 'alpha_0': 0.01, 'alpha_1': 0, 'alpha_2': 0.05, 'alpha_3': 0.6}
Loading the Best Model.
Starting Inference.
Perform Rejection with GMM mode with tolerance=0.05, components=[3,15]!
Underfitting!
Found distributions with means close to 0 and 1 with 3 components.
Reject 0(0.00%) cells.
Inference Done.
We set Rank score < 0.5 as Rank- () while > 0.5 as Rank+ 
The parameters setting of model is: {'n_features': 1000, 'nhead': 2, 'nhid1': 96, 'nhid2': 8, 'n_output': 32, 'nlayers': 3, 'n_pred': 2, 'n_patho': 0, 'dropout': 0.5, 'mode': 'Classification', 'infer_mode': 'SC', 'encoder_type': 'MLP', 'model_save_path': '/mnt/NAS_21T/ProjectResult/TiRank/results/ablation/intera_8/Data10/3_Analysis/checkpoints'}
Initiate model in trail 0 with mode: Classification, infer mode: SC encoder type: MLP on device: cuda with abation on 2.
Saving model and plot for Trial 0 with Validation Loss = 0.7822
Initiate model in trail 1 with mode: Classification, infer mode: SC encoder type: MLP on device: cuda with abation on 2.
Best hyperparameters: {'lr': 1e-05, 'n_epochs': 450, 'alpha_0': 0.03, 'alpha_1': 0.3, 'alpha_2': 0, 'alpha_3': 0.7}
Loading the Best Model.
Starting Inference.
Perform Rejection with GMM mode with tolerance=0.05, components=[3,15]!
Underfitting!
Found distributions with means close to 0 and 1 with 3 components.
Reject 0(0.00%) cells.
Inference Done.
We set Rank score < 0.5 as Rank- () while > 0.5 as Rank+ 
The parameters setting of model is: {'n_features': 1000, 'nhead': 2, 'nhid1': 96, 'nhid2': 8, 'n_output': 32, 'nlayers': 3, 'n_pred': 2, 'n_patho': 0, 'dropout': 0.5, 'mode': 'Classification', 'infer_mode': 'SC', 'encoder_type': 'MLP', 'model_save_path': '/mnt/NAS_21T/ProjectResult/TiRank/results/ablation/intera_8/Data10/3_Analysis/checkpoints'}
Initiate model in trail 0 with mode: Classification, infer mode: SC encoder type: MLP on device: cuda with abation on 1,2.
Saving model and plot for Trial 0 with Validation Loss = 0.7904
Initiate model in trail 1 with mode: Classification, infer mode: SC encoder type: MLP on device: cuda with abation on 1,2.
Best hyperparameters: {'lr': 0.001, 'n_epochs': 400, 'alpha_0': 0.03, 'alpha_1': 0, 'alpha_2': 0, 'alpha_3': 0.4}
Loading the Best Model.
Starting Inference.
Perform Rejection with GMM mode with tolerance=0.05, components=[3,15]!
Underfitting!
Found distributions with means close to 0 and 1 with 3 components.
Reject 0(0.00%) cells.
Inference Done.
We set Rank score < 0.5 as Rank- () while > 0.5 as Rank+ 
Starting load data for gene pair transformation.
Starting gene pair extraction.
Get candidate genes done.
There are 263 genes up-regulated in Group 0 and 460 genes up-regulated in Group 1.
Get candidate gene pairs done.
Profile transformation done.
Starting save gene pair matrices.
Save gene pair matrices done.
Save informative gene matrices done.
The parameters setting of model is: {'n_features': 1000, 'nhead': 2, 'nhid1': 96, 'nhid2': 8, 'n_output': 32, 'nlayers': 3, 'n_pred': 2, 'n_patho': 0, 'dropout': 0.5, 'mode': 'Classification', 'infer_mode': 'SC', 'encoder_type': 'DenseNet', 'model_save_path': '/mnt/NAS_21T/ProjectResult/TiRank/results/ablation/intera_8/Data9/3_Analysis/checkpoints'}
Initiate model in trail 0 with mode: Classification, infer mode: SC encoder type: DenseNet on device: cuda.
Saving model and plot for Trial 0 with Validation Loss = 0.6855
Initiate model in trail 1 with mode: Classification, infer mode: SC encoder type: DenseNet on device: cuda.
Best hyperparameters: {'lr': 0.0001, 'n_epochs': 500, 'alpha_0': 0.01, 'alpha_1': 0.3, 'alpha_2': 0.1, 'alpha_3': 0.7}
Loading the Best Model.
Starting Inference.
Perform Rejection with GMM mode with tolerance=0.05, components=[3,15]!
Underfitting!
Found distributions with means close to 0 and 1 with 6 components.
Reject 247(57.58%) cells.
Inference Done.
We set Rank score < 0.5 as Rank- () while > 0.5 as Rank+ 
The parameters setting of model is: [I 2025-03-21 17:51:55,563] A new study created in memory with name: no-name-8efcf773-d950-45f1-9a81-5c6088570f46
[I 2025-03-21 17:52:02,481] Trial 0 finished with value: 0.6896083950996399 and parameters: {'lr': 0.01, 'n_epochs': 500, 'alpha_0': 0.06, 'alpha_1': 0.4, 'alpha_2': 0.01, 'alpha_3': 0.6}. Best is trial 0 with value: 0.6896083950996399.
[I 2025-03-21 17:52:09,419] Trial 1 finished with value: 0.8660238981246948 and parameters: {'lr': 0.006, 'n_epochs': 500, 'alpha_0': 0.005, 'alpha_1': 0.7, 'alpha_2': 0.001, 'alpha_3': 0.6}. Best is trial 0 with value: 0.6896083950996399.
... storing 'Rank_Label' as categorical
[I 2025-03-21 17:52:11,351] A new study created in memory with name: no-name-fcab7ca6-80a6-4ea3-9ddd-24a8b949720c
[I 2025-03-21 17:52:15,310] Trial 0 finished with value: 0.6807584762573242 and parameters: {'lr': 0.0003, 'n_epochs': 400, 'alpha_0': 0.03, 'alpha_1': 0.6, 'alpha_2': 0.01, 'alpha_3': 0.6}. Best is trial 0 with value: 0.6807584762573242.
[I 2025-03-21 17:52:19,049] Trial 1 finished with value: 0.8508304357528687 and parameters: {'lr': 1e-05, 'n_epochs': 400, 'alpha_0': 0.01, 'alpha_1': 1, 'alpha_2': 0.05, 'alpha_3': 0.9}. Best is trial 0 with value: 0.6807584762573242.
... storing 'Rank_Label' as categorical
[I 2025-03-21 17:52:20,930] A new study created in memory with name: no-name-c6f95fde-8112-4777-9695-6ee8572e1ac2
[I 2025-03-21 17:52:24,800] Trial 0 finished with value: 0.7867755889892578 and parameters: {'lr': 0.003, 'n_epochs': 400, 'alpha_0': 0.005, 'alpha_1': 0, 'alpha_2': 0.001, 'alpha_3': 0.1}. Best is trial 0 with value: 0.7867755889892578.
[I 2025-03-21 17:52:29,575] Trial 1 finished with value: 0.7441231608390808 and parameters: {'lr': 0.001, 'n_epochs': 500, 'alpha_0': 0.06, 'alpha_1': 0, 'alpha_2': 0.001, 'alpha_3': 0.7}. Best is trial 1 with value: 0.7441231608390808.
... storing 'Rank_Label' as categorical
[I 2025-03-21 17:52:31,465] A new study created in memory with name: no-name-f602543a-c1c3-474f-b156-4228e64d046f
[I 2025-03-21 17:52:34,634] Trial 0 finished with value: 0.7199367880821228 and parameters: {'lr': 0.0006, 'n_epochs': 350, 'alpha_0': 0.005, 'alpha_1': 1, 'alpha_2': 0, 'alpha_3': 0.5}. Best is trial 0 with value: 0.7199367880821228.
[I 2025-03-21 17:52:39,439] Trial 1 finished with value: 0.7290527820587158 and parameters: {'lr': 0.0001, 'n_epochs': 500, 'alpha_0': 0.06, 'alpha_1': 0.5, 'alpha_2': 0, 'alpha_3': 0.1}. Best is trial 0 with value: 0.7199367880821228.
... storing 'Rank_Label' as categorical
[I 2025-03-21 17:52:41,340] A new study created in memory with name: no-name-d4f47f58-8295-4c70-858a-e1682d964c51
[I 2025-03-21 17:52:44,730] Trial 0 finished with value: 0.8391720652580261 and parameters: {'lr': 0.003, 'n_epochs': 350, 'alpha_0': 0.1, 'alpha_1': 0, 'alpha_2': 0, 'alpha_3': 0.6}. Best is trial 0 with value: 0.8391720652580261.
[I 2025-03-21 17:52:48,455] Trial 1 finished with value: 0.8296319842338562 and parameters: {'lr': 0.006, 'n_epochs': 400, 'alpha_0': 0.01, 'alpha_1': 0, 'alpha_2': 0, 'alpha_3': 0.7}. Best is trial 1 with value: 0.8296319842338562.
... storing 'Rank_Label' as categorical
2025-03-21 17:52:50,383 - Finished dataset Data9 in /mnt/NAS_21T/ProjectResult/TiRank/results/ablation/intera_8/Data9
Processing datasets for repeat 8:  20%|â–ˆâ–ˆ        | 2/10 [03:16<13:01, 97.68s/it] 2025-03-21 17:52:50,386 - Processing dataset Data8 in /mnt/NAS_21T/ProjectResult/TiRank/results/ablation/intera_8/Data8
[I 2025-03-21 18:01:49,810] A new study created in memory with name: no-name-7f85750f-7f3d-4ec7-9cac-7a06053d5ef3
[I 2025-03-21 18:05:05,829] Trial 0 finished with value: 0.655278029649154 and parameters: {'lr': 1e-05, 'n_epochs': 300, 'alpha_0': 0.03, 'alpha_1': 0.5, 'alpha_2': 0.001, 'alpha_3': 0.1}. Best is trial 0 with value: 0.655278029649154.
[I 2025-03-21 18:08:56,136] Trial 1 finished with value: 1.0362476473269255 and parameters: {'lr': 0.006, 'n_epochs': 350, 'alpha_0': 0.01, 'alpha_1': 0.6, 'alpha_2': 0.001, 'alpha_3': 0.1}. Best is trial 0 with value: 0.655278029649154.
... storing 'Rank_Label' as categorical
[I 2025-03-21 18:11:08,300] A new study created in memory with name: no-name-ca56af52-3ad3-40ba-8d5a-61ff9317dc7c
