[I 2025-03-21 07:18:31,136] Trial 1 finished with value: 0.7329775094985962 and parameters: {'lr': 0.01, 'n_epochs': 300, 'alpha_0': 0.005, 'alpha_1': 0.3, 'alpha_2': 0.05, 'alpha_3': 0.8}. Best is trial 1 with value: 0.7329775094985962.
Starting load data for gene pair transformation.
Starting gene pair extraction.
Get candidate genes done.
There are 322 genes up-regulated in Group 0 and 283 genes up-regulated in Group 1.
Get candidate gene pairs done.
Profile transformation done.
Starting save gene pair matrices.
Save gene pair matrices done.
Save informative gene matrices done.
The parameters setting of model is: {'n_features': 1000, 'nhead': 2, 'nhid1': 96, 'nhid2': 8, 'n_output': 32, 'nlayers': 3, 'n_pred': 2, 'n_patho': 0, 'dropout': 0.5, 'mode': 'Classification', 'infer_mode': 'SC', 'encoder_type': 'DenseNet', 'model_save_path': '/mnt/NAS_21T/ProjectResult/TiRank/results/ablation/intera_4/Data10/3_Analysis/checkpoints'}
Initiate model in trail 0 with mode: Classification, infer mode: SC encoder type: DenseNet on device: cuda.
Saving model and plot for Trial 0 with Validation Loss = 0.7216
Initiate model in trail 1 with mode: Classification, infer mode: SC encoder type: DenseNet on device: cuda.
Best hyperparameters: {'lr': 0.0003, 'n_epochs': 350, 'alpha_0': 0.01, 'alpha_1': 0.3, 'alpha_2': 0.05, 'alpha_3': 0.8}
Loading the Best Model.
Starting Inference.
Perform Rejection with GMM mode with tolerance=0.05, components=[3,15]!
Found distributions with means close to 0 and 1 with 3 components.
Reject 293(68.30%) cells.
Inference Done.
We set Rank score < 0.5 as Rank- () while > 0.5 as Rank+ 
The parameters setting of model is: {'n_features': 1000, 'nhead': 2, 'nhid1': 96, 'nhid2': 8, 'n_output': 32, 'nlayers': 3, 'n_pred': 2, 'n_patho': 0, 'dropout': 0.5, 'mode': 'Classification', 'infer_mode': 'SC', 'encoder_type': 'Transformer', 'model_save_path': '/mnt/NAS_21T/ProjectResult/TiRank/results/ablation/intera_4/Data10/3_Analysis/checkpoints'}
Initiate model in trail 0 with mode: Classification, infer mode: SC encoder type: Transformer on device: cuda.
Saving model and plot for Trial 0 with Validation Loss = 0.7944
Initiate model in trail 1 with mode: Classification, infer mode: SC encoder type: Transformer on device: cuda.
Saving model and plot for Trial 1 with Validation Loss = 0.7798
Best hyperparameters: {'lr': 0.01, 'n_epochs': 400, 'alpha_0': 0.06, 'alpha_1': 0.5, 'alpha_2': 0.1, 'alpha_3': 0.3}
Loading the Best Model.
Starting Inference.
Perform Rejection with GMM mode with tolerance=0.05, components=[3,15]!
Found distributions with means close to 0 and 1 with 3 components.
Reject 2(0.47%) cells.
Inference Done.
We set Rank score < 0.5 as Rank- () while > 0.5 as Rank+ 
The parameters setting of model is: {'n_features': 1000, 'nhead': 2, 'nhid1': 96, 'nhid2': 8, 'n_output': 32, 'nlayers': 3, 'n_pred': 2, 'n_patho': 0, 'dropout': 0.5, 'mode': 'Classification', 'infer_mode': 'SC', 'encoder_type': 'MLP', 'model_save_path': '/mnt/NAS_21T/ProjectResult/TiRank/results/ablation/intera_4/Data10/3_Analysis/checkpoints'}
Initiate model in trail 0 with mode: Classification, infer mode: SC encoder type: MLP on device: cuda.
Saving model and plot for Trial 0 with Validation Loss = 0.7906
Initiate model in trail 1 with mode: Classification, infer mode: SC encoder type: MLP on device: cuda.
Saving model and plot for Trial 1 with Validation Loss = 0.7766
Best hyperparameters: {'lr': 0.003, 'n_epochs': 350, 'alpha_0': 0.01, 'alpha_1': 0.6, 'alpha_2': 0.005, 'alpha_3': 0.1}
Loading the Best Model.
Starting Inference.
Perform Rejection with GMM mode with tolerance=0.05, components=[3,15]!
Found distributions with means close to 0 and 1 with 3 components.
Reject 106(24.71%) cells.
Inference Done.
We set Rank score < 0.5 as Rank- () while > 0.5 as Rank+ 
The parameters setting of model is: {'n_features': 1000, 'nhead': 2, 'nhid1': 96, 'nhid2': 8, 'n_output': 32, 'nlayers': 3, 'n_pred': 2, 'n_patho': 0, 'dropout': 0.5, 'mode': 'Classification', 'infer_mode': 'SC', 'encoder_type': 'MLP', 'model_save_path': '/mnt/NAS_21T/ProjectResult/TiRank/results/ablation/intera_4/Data10/3_Analysis/checkpoints'}
Initiate model in trail 0 with mode: Classification, infer mode: SC encoder type: MLP on device: cuda with abation on 1.
Saving model and plot for Trial 0 with Validation Loss = 0.7894
Initiate model in trail 1 with mode: Classification, infer mode: SC encoder type: MLP on device: cuda with abation on 1.
Saving model and plot for Trial 1 with Validation Loss = 0.7344
Best hyperparameters: {'lr': 0.0006, 'n_epochs': 400, 'alpha_0': 0.01, 'alpha_1': 0, 'alpha_2': 0.05, 'alpha_3': 0.1}
Loading the Best Model.
Starting Inference.
Perform Rejection with GMM mode with tolerance=0.05, components=[3,15]!
Underfitting!
Found distributions with means close to 0 and 1 with 3 components.
Reject 0(0.00%) cells.
Inference Done.
We set Rank score < 0.5 as Rank- () while > 0.5 as Rank+ 
The parameters setting of model is: {'n_features': 1000, 'nhead': 2, 'nhid1': 96, 'nhid2': 8, 'n_output': 32, 'nlayers': 3, 'n_pred': 2, 'n_patho': 0, 'dropout': 0.5, 'mode': 'Classification', 'infer_mode': 'SC', 'encoder_type': 'MLP', 'model_save_path': '/mnt/NAS_21T/ProjectResult/TiRank/results/ablation/intera_4/Data10/3_Analysis/checkpoints'}
Initiate model in trail 0 with mode: Classification, infer mode: SC encoder type: MLP on device: cuda with abation on 2.
Saving model and plot for Trial 0 with Validation Loss = 0.7999
Initiate model in trail 1 with mode: Classification, infer mode: SC encoder type: MLP on device: cuda with abation on 2.
Saving model and plot for Trial 1 with Validation Loss = 0.7858
Best hyperparameters: {'lr': 0.01, 'n_epochs': 350, 'alpha_0': 0.005, 'alpha_1': 1, 'alpha_2': 0, 'alpha_3': 0.1}
Loading the Best Model.
Starting Inference.
Perform Rejection with GMM mode with tolerance=0.05, components=[3,15]!
Found distributions with means close to 0 and 1 with 3 components.
Reject 9(2.10%) cells.
Inference Done.
We set Rank score < 0.5 as Rank- () while > 0.5 as Rank+ 
The parameters setting of model is: {'n_features': 1000, 'nhead': 2, 'nhid1': 96, 'nhid2': 8, 'n_output': 32, 'nlayers': 3, 'n_pred': 2, 'n_patho': 0, 'dropout': 0.5, 'mode': 'Classification', 'infer_mode': 'SC', 'encoder_type': 'MLP', 'model_save_path': '/mnt/NAS_21T/ProjectResult/TiRank/results/ablation/intera_4/Data10/3_Analysis/checkpoints'}
Initiate model in trail 0 with mode: Classification, infer mode: SC encoder type: MLP on device: cuda with abation on 1,2.
Saving model and plot for Trial 0 with Validation Loss = 0.7953
Initiate model in trail 1 with mode: Classification, infer mode: SC encoder type: MLP on device: cuda with abation on 1,2.
Saving model and plot for Trial 1 with Validation Loss = 0.7899
Best hyperparameters: {'lr': 0.0003, 'n_epochs': 400, 'alpha_0': 0.06, 'alpha_1': 0, 'alpha_2': 0, 'alpha_3': 0.5}
Loading the Best Model.
Starting Inference.
Perform Rejection with GMM mode with tolerance=0.05, components=[3,15]!
Underfitting!
Found distributions with means close to 0 and 1 with 3 components.
Reject 0(0.00%) cells.
Inference Done.
We set Rank score < 0.5 as Rank- () while > 0.5 as Rank+ 
Starting load data for gene pair transformation.
Starting gene pair extraction.
Get candidate genes done.
There are 263 genes up-regulated in Group 0 and 460 genes up-regulated in Group 1.
Get candidate gene pairs done.
Profile transformation done.
Starting save gene pair matrices.
Save gene pair matrices done.
Save informative gene matrices done.
The parameters setting of model is: {'n_features': 1000, 'nhead': 2, 'nhid1': 96, 'nhid2': 8, 'n_output': 32, 'nlayers': 3, 'n_pred': 2, 'n_patho': 0, 'dropout': 0.5, 'mode': 'Classification', 'infer_mode': 'SC', 'encoder_type': 'DenseNet', 'model_save_path': '/mnt/NAS_21T/ProjectResult/TiRank/results/ablation/intera_4/Data9/3_Analysis/checkpoints'}
Initiate model in trail 0 with mode: Classification, infer mode: SC encoder type: DenseNet on device: cuda.
Saving model and plot for Trial 0 with Validation Loss = 0.7424
Initiate model in trail 1 with mode: Classification, infer mode: SC encoder type: DenseNet on device: cuda.
Saving model and plot for Trial 1 with Validation Loss = 0.7330
Best hyperparameters: {'lr': 0.01, 'n_epochs': 300, 'alpha_0': 0.005, 'alpha_1': 0.3, 'alpha_2': 0.05, 'alpha_3': 0.8}
Loading the Best Model.
Starting Inference.
... storing 'Rank_Label' as categorical
[I 2025-03-21 07:18:33,089] A new study created in memory with name: no-name-27c0adc9-1640-45d6-b854-2acba3ae4efd
[I 2025-03-21 07:18:40,598] Trial 0 finished with value: 0.7513061761856079 and parameters: {'lr': 1e-06, 'n_epochs': 450, 'alpha_0': 0.03, 'alpha_1': 0.8, 'alpha_2': 0.01, 'alpha_3': 0.8}. Best is trial 0 with value: 0.7513061761856079.
[I 2025-03-21 07:18:46,149] Trial 1 finished with value: 0.8421048521995544 and parameters: {'lr': 0.001, 'n_epochs': 350, 'alpha_0': 0.03, 'alpha_1': 0.1, 'alpha_2': 0.001, 'alpha_3': 0.2}. Best is trial 0 with value: 0.7513061761856079.
... storing 'Rank_Label' as categorical
[I 2025-03-21 07:18:48,067] A new study created in memory with name: no-name-566b818e-9d45-46c3-8d7a-900a81a98446
[I 2025-03-21 07:18:50,897] Trial 0 finished with value: 0.7098260521888733 and parameters: {'lr': 0.0003, 'n_epochs': 300, 'alpha_0': 0.06, 'alpha_1': 0.5, 'alpha_2': 0.01, 'alpha_3': 0.8}. Best is trial 0 with value: 0.7098260521888733.
[I 2025-03-21 07:18:55,156] Trial 1 finished with value: 0.6717987060546875 and parameters: {'lr': 0.006, 'n_epochs': 450, 'alpha_0': 0.1, 'alpha_1': 1, 'alpha_2': 0.1, 'alpha_3': 0.5}. Best is trial 1 with value: 0.6717987060546875.
... storing 'Rank_Label' as categorical
[I 2025-03-21 07:18:57,043] A new study created in memory with name: no-name-83efb549-64ec-41bd-8248-d35d7810a96e
[I 2025-03-21 07:19:01,928] Trial 0 finished with value: 0.7746936678886414 and parameters: {'lr': 1e-06, 'n_epochs': 500, 'alpha_0': 0.1, 'alpha_1': 0, 'alpha_2': 0.05, 'alpha_3': 0.3}. Best is trial 0 with value: 0.7746936678886414.
[I 2025-03-21 07:19:06,492] Trial 1 finished with value: 0.8088642358779907 and parameters: {'lr': 1e-06, 'n_epochs': 500, 'alpha_0': 0.005, 'alpha_1': 0, 'alpha_2': 0.001, 'alpha_3': 0.2}. Best is trial 0 with value: 0.7746936678886414.
... storing 'Rank_Label' as categorical
[I 2025-03-21 07:19:08,399] A new study created in memory with name: no-name-87e62869-0541-44f3-953d-7b5a5a6811f1
[I 2025-03-21 07:19:13,019] Trial 0 finished with value: 0.72800612449646 and parameters: {'lr': 0.0003, 'n_epochs': 500, 'alpha_0': 0.06, 'alpha_1': 0.7, 'alpha_2': 0, 'alpha_3': 0.8}. Best is trial 0 with value: 0.72800612449646.
[I 2025-03-21 07:19:16,161] Trial 1 finished with value: 0.6737821698188782 and parameters: {'lr': 0.001, 'n_epochs': 350, 'alpha_0': 0.06, 'alpha_1': 0.8, 'alpha_2': 0, 'alpha_3': 0.8}. Best is trial 1 with value: 0.6737821698188782.
... storing 'Rank_Label' as categorical
[I 2025-03-21 07:19:18,069] A new study created in memory with name: no-name-cf5b142e-5020-4943-a5ca-c80ebb35f4e1
[I 2025-03-21 07:19:21,874] Trial 0 finished with value: 0.8031125664710999 and parameters: {'lr': 0.006, 'n_epochs': 400, 'alpha_0': 0.005, 'alpha_1': 0, 'alpha_2': 0, 'alpha_3': 0.4}. Best is trial 0 with value: 0.8031125664710999.
[I 2025-03-21 07:19:25,683] Trial 1 finished with value: 0.830919086933136 and parameters: {'lr': 1e-05, 'n_epochs': 400, 'alpha_0': 0.03, 'alpha_1': 0, 'alpha_2': 0, 'alpha_3': 0.5}. Best is trial 0 with value: 0.8031125664710999.
... storing 'Rank_Label' as categorical
2025-03-21 07:19:27,593 - Finished dataset Data9 in /mnt/NAS_21T/ProjectResult/TiRank/results/ablation/intera_4/Data9
Processing datasets for repeat 4:  20%|â–ˆâ–ˆ        | 2/10 [03:04<12:20, 92.52s/it]2025-03-21 07:19:27,595 - Processing dataset Data8 in /mnt/NAS_21T/ProjectResult/TiRank/results/ablation/intera_4/Data8
[I 2025-03-21 07:28:17,087] A new study created in memory with name: no-name-c8d473ef-c6e0-4dfd-95f4-bbd84f592934
[I 2025-03-21 07:32:04,427] Trial 0 finished with value: 0.6038426057152126 and parameters: {'lr': 0.0003, 'n_epochs': 350, 'alpha_0': 0.01, 'alpha_1': 0.6, 'alpha_2': 0.01, 'alpha_3': 1}. Best is trial 0 with value: 0.6038426057152126.
[I 2025-03-21 07:35:19,430] Trial 1 finished with value: 0.6170765627985415 and parameters: {'lr': 0.003, 'n_epochs': 300, 'alpha_0': 0.06, 'alpha_1': 0.2, 'alpha_2': 0.1, 'alpha_3': 0.3}. Best is trial 0 with value: 0.6038426057152126.
... storing 'Rank_Label' as categorical
[I 2025-03-21 07:37:09,021] A new study created in memory with name: no-name-c87d329f-8da5-47f7-b4b3-f983803e60c8
[I 2025-03-21 07:40:19,729] Trial 0 finished with value: 0.5790298062822093 and parameters: {'lr': 1e-05, 'n_epochs': 300, 'alpha_0': 0.005, 'alpha_1': 0.6, 'alpha_2': 0.05, 'alpha_3': 0.3}. Best is trial 0 with value: 0.5790298062822093.
[I 2025-03-21 07:43:28,320] Trial 1 finished with value: 0.5723966722903044 and parameters: {'lr': 1e-05, 'n_epochs': 300, 'alpha_0': 0.1, 'alpha_1': 0.1, 'alpha_2': 0.005, 'alpha_3': 0.4}. Best is trial 1 with value: 0.5723966722903044.
... storing 'Rank_Label' as categorical
Perform Rejection with GMM mode with tolerance=0.05, components=[3,15]!
Found distributions with means close to 0 and 1 with 3 components.
Reject 0(0.00%) cells.
Inference Done.
We set Rank score < 0.5 as Rank- () while > 0.5 as Rank+ 
The parameters setting of model is: {'n_features': 1000, 'nhead': 2, 'nhid1': 96, 'nhid2': 8, 'n_output': 32, 'nlayers': 3, 'n_pred': 2, 'n_patho': 0, 'dropout': 0.5, 'mode': 'Classification', 'infer_mode': 'SC', 'encoder_type': 'Transformer', 'model_save_path': '/mnt/NAS_21T/ProjectResult/TiRank/results/ablation/intera_4/Data9/3_Analysis/checkpoints'}
Initiate model in trail 0 with mode: Classification, infer mode: SC encoder type: Transformer on device: cuda.
Saving model and plot for Trial 0 with Validation Loss = 0.7513
Initiate model in trail 1 with mode: Classification, infer mode: SC encoder type: Transformer on device: cuda.
Best hyperparameters: {'lr': 1e-06, 'n_epochs': 450, 'alpha_0': 0.03, 'alpha_1': 0.8, 'alpha_2': 0.01, 'alpha_3': 0.8}
Loading the Best Model.
Starting Inference.
Perform Rejection with GMM mode with tolerance=0.05, components=[3,15]!
Underfitting!
Found distributions with means close to 0 and 1 with 3 components.
Reject 0(0.00%) cells.
Inference Done.
We set Rank score < 0.5 as Rank- () while > 0.5 as Rank+ 
The parameters setting of model is: {'n_features': 1000, 'nhead': 2, 'nhid1': 96, 'nhid2': 8, 'n_output': 32, 'nlayers': 3, 'n_pred': 2, 'n_patho': 0, 'dropout': 0.5, 'mode': 'Classification', 'infer_mode': 'SC', 'encoder_type': 'MLP', 'model_save_path': '/mnt/NAS_21T/ProjectResult/TiRank/results/ablation/intera_4/Data9/3_Analysis/checkpoints'}
Initiate model in trail 0 with mode: Classification, infer mode: SC encoder type: MLP on device: cuda.
Saving model and plot for Trial 0 with Validation Loss = 0.7098
Initiate model in trail 1 with mode: Classification, infer mode: SC encoder type: MLP on device: cuda.
Saving model and plot for Trial 1 with Validation Loss = 0.6718
Best hyperparameters: {'lr': 0.006, 'n_epochs': 450, 'alpha_0': 0.1, 'alpha_1': 1, 'alpha_2': 0.1, 'alpha_3': 0.5}
Loading the Best Model.
Starting Inference.
Perform Rejection with GMM mode with tolerance=0.05, components=[3,15]!
Found distributions with means close to 0 and 1 with 4 components.
Reject 217(50.58%) cells.
Inference Done.
We set Rank score < 0.5 as Rank- () while > 0.5 as Rank+ 
The parameters setting of model is: {'n_features': 1000, 'nhead': 2, 'nhid1': 96, 'nhid2': 8, 'n_output': 32, 'nlayers': 3, 'n_pred': 2, 'n_patho': 0, 'dropout': 0.5, 'mode': 'Classification', 'infer_mode': 'SC', 'encoder_type': 'MLP', 'model_save_path': '/mnt/NAS_21T/ProjectResult/TiRank/results/ablation/intera_4/Data9/3_Analysis/checkpoints'}
Initiate model in trail 0 with mode: Classification, infer mode: SC encoder type: MLP on device: cuda with abation on 1.
Saving model and plot for Trial 0 with Validation Loss = 0.7747
Initiate model in trail 1 with mode: Classification, infer mode: SC encoder type: MLP on device: cuda with abation on 1.
Best hyperparameters: {'lr': 1e-06, 'n_epochs': 500, 'alpha_0': 0.1, 'alpha_1': 0, 'alpha_2': 0.05, 'alpha_3': 0.3}
Loading the Best Model.
Starting Inference.
Perform Rejection with GMM mode with tolerance=0.05, components=[3,15]!
Underfitting!
Found distributions with means close to 0 and 1 with 3 components.
Reject 0(0.00%) cells.
Inference Done.
We set Rank score < 0.5 as Rank- () while > 0.5 as Rank+ 
The parameters setting of model is: {'n_features': 1000, 'nhead': 2, 'nhid1': 96, 'nhid2': 8, 'n_output': 32, 'nlayers': 3, 'n_pred': 2, 'n_patho': 0, 'dropout': 0.5, 'mode': 'Classification', 'infer_mode': 'SC', 'encoder_type': 'MLP', 'model_save_path': '/mnt/NAS_21T/ProjectResult/TiRank/results/ablation/intera_4/Data9/3_Analysis/checkpoints'}
Initiate model in trail 0 with mode: Classification, infer mode: SC encoder type: MLP on device: cuda with abation on 2.
Saving model and plot for Trial 0 with Validation Loss = 0.7280
Initiate model in trail 1 with mode: Classification, infer mode: SC encoder type: MLP on device: cuda with abation on 2.
Saving model and plot for Trial 1 with Validation Loss = 0.6738
Best hyperparameters: {'lr': 0.001, 'n_epochs': 350, 'alpha_0': 0.06, 'alpha_1': 0.8, 'alpha_2': 0, 'alpha_3': 0.8}
Loading the Best Model.
Starting Inference.
Perform Rejection with GMM mode with tolerance=0.05, components=[3,15]!
Found distributions with means close to 0 and 1 with 6 components.
Reject 8(1.86%) cells.
Inference Done.
We set Rank score < 0.5 as Rank- () while > 0.5 as Rank+ 
The parameters setting of model is: {'n_features': 1000, 'nhead': 2, 'nhid1': 96, 'nhid2': 8, 'n_output': 32, 'nlayers': 3, 'n_pred': 2, 'n_patho': 0, 'dropout': 0.5, 'mode': 'Classification', 'infer_mode': 'SC', 'encoder_type': 'MLP', 'model_save_path': '/mnt/NAS_21T/ProjectResult/TiRank/results/ablation/intera_4/Data9/3_Analysis/checkpoints'}
Initiate model in trail 0 with mode: Classification, infer mode: SC encoder type: MLP on device: cuda with abation on 1,2.
Saving model and plot for Trial 0 with Validation Loss = 0.8031
Initiate model in trail 1 with mode: Classification, infer mode: SC encoder type: MLP on device: cuda with abation on 1,2.
Best hyperparameters: {'lr': 0.006, 'n_epochs': 400, 'alpha_0': 0.005, 'alpha_1': 0, 'alpha_2': 0, 'alpha_3': 0.4}
Loading the Best Model.
Starting Inference.
Perform Rejection with GMM mode with tolerance=0.05, components=[3,15]!
Underfitting!
Found distributions with means close to 0 and 1 with 3 components.
Reject 0(0.00%) cells.
Inference Done.
We set Rank score < 0.5 as Rank- () while > 0.5 as Rank+ 
Starting load data for gene pair transformation.
Starting gene pair extraction.
Get candidate genes done.
There are 811 genes up-regulated in Group 0 and 701 genes up-regulated in Group 1.
Get candidate gene pairs done.
Profile transformation done.
Starting save gene pair matrices.
Save gene pair matrices done.
Save informative gene matrices done.
The parameters setting of model is: {'n_features': 1000, 'nhead': 2, 'nhid1': 96, 'nhid2': 8, 'n_output': 32, 'nlayers': 3, 'n_pred': 2, 'n_patho': 0, 'dropout': 0.5, 'mode': 'Classification', 'infer_mode': 'SC', 'encoder_type': 'DenseNet', 'model_save_path': '/mnt/NAS_21T/ProjectResult/TiRank/results/ablation/intera_4/Data8/3_Analysis/checkpoints'}
Initiate model in trail 0 with mode: Classification, infer mode: SC encoder type: DenseNet on device: cuda.
Saving model and plot for Trial 0 with Validation Loss = 0.6038
Initiate model in trail 1 with mode: Classification, infer mode: SC encoder type: DenseNet on device: cuda.
Best hyperparameters: {'lr': 0.0003, 'n_epochs': 350, 'alpha_0': 0.01, 'alpha_1': 0.6, 'alpha_2': 0.01, 'alpha_3': 1}
Loading the Best Model.
Starting Inference.
Perform Rejection with GMM mode with tolerance=0.05, components=[3,15]!
Found distributions with means close to 0 and 1 with 3 components.
Reject 5697(24.31%) cells.
Inference Done.
We set Rank score < 0.5 as Rank- () while > 0.5 as Rank+ 
The parameters setting of model is: {'n_features': 1000, 'nhead': 2, 'nhid1': 96, 'nhid2': 8, 'n_output': 32, 'nlayers': 3, 'n_pred': 2, 'n_patho': 0, 'dropout': 0.5, 'mode': 'Classification', 'infer_mode': 'SC', 'encoder_type': 'Transformer', 'model_save_path': '/mnt/NAS_21T/ProjectResult/TiRank/results/ablation/intera_4/Data8/3_Analysis/checkpoints'}
Initiate model in trail 0 with mode: Classification, infer mode: SC encoder type: Transformer on device: cuda.
Saving model and plot for Trial 0 with Validation Loss = 0.5790
Initiate model in trail 1 with mode: Classification, infer mode: SC encoder type: Transformer on device: cuda.
Saving model and plot for Trial 1 with Validation Loss = 0.5724
Best hyperparameters: {'lr': 1e-05, 'n_epochs': 300, 'alpha_0': 0.1, 'alpha_1': 0.1, 'alpha_2': 0.005, 'alpha_3': 0.4}
Loading the Best Model.
Starting Inference.
Perform Rejection with GMM mode with tolerance=0.05, components=[3,15]!
Found distributions with means close to 0 and 1 with 4 components.
Reject 8978(38.31%) cells.
Inference Done.
We set Rank score < 0.5 as Rank- () while > 0.5 as Rank+ 
The parameters setting of model is: [I 2025-03-21 07:45:25,954] A new study created in memory with name: no-name-8e09acd5-7904-414a-9b42-b46501782dd5
[I 2025-03-21 07:48:26,885] Trial 0 finished with value: 0.5615114958389945 and parameters: {'lr': 0.0001, 'n_epochs': 300, 'alpha_0': 0.005, 'alpha_1': 0.7, 'alpha_2': 0.01, 'alpha_3': 0.4}. Best is trial 0 with value: 0.5615114958389945.
