[I 2025-03-21 17:09:10,397] Trial 1 finished with value: 0.7877479117849598 and parameters: {'lr': 1e-06, 'n_epochs': 300, 'alpha_0': 0.01, 'alpha_1': 0.3, 'alpha_2': 0.005, 'alpha_3': 0.8}. Best is trial 0 with value: 0.6740191682525303.
... storing 'Rank_Label' as categorical
[I 2025-03-21 17:11:00,120] A new study created in memory with name: no-name-1208d2d9-ccf8-4afc-bcd2-62e13e2b623f
{'n_features': 1000, 'nhead': 2, 'nhid1': 96, 'nhid2': 8, 'n_output': 32, 'nlayers': 3, 'n_pred': 2, 'n_patho': 0, 'dropout': 0.5, 'mode': 'Classification', 'infer_mode': 'SC', 'encoder_type': 'MLP', 'model_save_path': '/mnt/NAS_21T/ProjectResult/TiRank/results/ablation/intera_7/Data8/3_Analysis/checkpoints'}
Initiate model in trail 0 with mode: Classification, infer mode: SC encoder type: MLP on device: cuda.
Saving model and plot for Trial 0 with Validation Loss = 0.5661
Initiate model in trail 1 with mode: Classification, infer mode: SC encoder type: MLP on device: cuda.
Best hyperparameters: {'lr': 0.001, 'n_epochs': 400, 'alpha_0': 0.06, 'alpha_1': 0.3, 'alpha_2': 0.01, 'alpha_3': 0.6}
Loading the Best Model.
Starting Inference.
Perform Rejection with GMM mode with tolerance=0.05, components=[3,15]!
Found distributions with means close to 0 and 1 with 6 components.
Reject 11055(47.18%) cells.
Inference Done.
We set Rank score < 0.5 as Rank- () while > 0.5 as Rank+ 
The parameters setting of model is: {'n_features': 1000, 'nhead': 2, 'nhid1': 96, 'nhid2': 8, 'n_output': 32, 'nlayers': 3, 'n_pred': 2, 'n_patho': 0, 'dropout': 0.5, 'mode': 'Classification', 'infer_mode': 'SC', 'encoder_type': 'MLP', 'model_save_path': '/mnt/NAS_21T/ProjectResult/TiRank/results/ablation/intera_7/Data8/3_Analysis/checkpoints'}
Initiate model in trail 0 with mode: Classification, infer mode: SC encoder type: MLP on device: cuda with abation on 1.
Saving model and plot for Trial 0 with Validation Loss = 0.8034
Initiate model in trail 1 with mode: Classification, infer mode: SC encoder type: MLP on device: cuda with abation on 1.
Saving model and plot for Trial 1 with Validation Loss = 0.7898
Best hyperparameters: {'lr': 0.003, 'n_epochs': 350, 'alpha_0': 0.03, 'alpha_1': 0, 'alpha_2': 0.001, 'alpha_3': 0.6}
Loading the Best Model.
Starting Inference.
Perform Rejection with GMM mode with tolerance=0.05, components=[3,15]!
Underfitting!
Found distributions with means close to 0 and 1 with 3 components.
Reject 0(0.00%) cells.
Inference Done.
We set Rank score < 0.5 as Rank- () while > 0.5 as Rank+ 
The parameters setting of model is: {'n_features': 1000, 'nhead': 2, 'nhid1': 96, 'nhid2': 8, 'n_output': 32, 'nlayers': 3, 'n_pred': 2, 'n_patho': 0, 'dropout': 0.5, 'mode': 'Classification', 'infer_mode': 'SC', 'encoder_type': 'MLP', 'model_save_path': '/mnt/NAS_21T/ProjectResult/TiRank/results/ablation/intera_7/Data8/3_Analysis/checkpoints'}
Initiate model in trail 0 with mode: Classification, infer mode: SC encoder type: MLP on device: cuda with abation on 2.
Saving model and plot for Trial 0 with Validation Loss = 0.6544
Initiate model in trail 1 with mode: Classification, infer mode: SC encoder type: MLP on device: cuda with abation on 2.
Best hyperparameters: {'lr': 0.0003, 'n_epochs': 400, 'alpha_0': 0.005, 'alpha_1': 0.7, 'alpha_2': 0, 'alpha_3': 0.8}
Loading the Best Model.
Starting Inference.
Perform Rejection with GMM mode with tolerance=0.05, components=[3,15]!
Found distributions with means close to 0 and 1 with 4 components.
Reject 400(1.71%) cells.
Inference Done.
We set Rank score < 0.5 as Rank- () while > 0.5 as Rank+ 
The parameters setting of model is: {'n_features': 1000, 'nhead': 2, 'nhid1': 96, 'nhid2': 8, 'n_output': 32, 'nlayers': 3, 'n_pred': 2, 'n_patho': 0, 'dropout': 0.5, 'mode': 'Classification', 'infer_mode': 'SC', 'encoder_type': 'MLP', 'model_save_path': '/mnt/NAS_21T/ProjectResult/TiRank/results/ablation/intera_7/Data8/3_Analysis/checkpoints'}
Initiate model in trail 0 with mode: Classification, infer mode: SC encoder type: MLP on device: cuda with abation on 1,2.
Saving model and plot for Trial 0 with Validation Loss = 0.7497
Initiate model in trail 1 with mode: Classification, infer mode: SC encoder type: MLP on device: cuda with abation on 1,2.
Best hyperparameters: {'lr': 1e-05, 'n_epochs': 500, 'alpha_0': 0.1, 'alpha_1': 0, 'alpha_2': 0, 'alpha_3': 0.4}
Loading the Best Model.
Starting Inference.
Perform Rejection with GMM mode with tolerance=0.05, components=[3,15]!
Underfitting!
Found distributions with means close to 0 and 1 with 3 components.
Reject 0(0.00%) cells.
Inference Done.
We set Rank score < 0.5 as Rank- () while > 0.5 as Rank+ 
Starting load data for gene pair transformation.
Starting gene pair extraction.
Get candidate genes done.
There are 707 genes up-regulated in Group 0 and 445 genes up-regulated in Group 1.
Get candidate gene pairs done.
Profile transformation done.
Starting save gene pair matrices.
Save gene pair matrices done.
Save informative gene matrices done.
The parameters setting of model is: {'n_features': 1000, 'nhead': 2, 'nhid1': 96, 'nhid2': 8, 'n_output': 32, 'nlayers': 3, 'n_pred': 2, 'n_patho': 0, 'dropout': 0.5, 'mode': 'Classification', 'infer_mode': 'SC', 'encoder_type': 'DenseNet', 'model_save_path': '/mnt/NAS_21T/ProjectResult/TiRank/results/ablation/intera_7/Data7/3_Analysis/checkpoints'}
Initiate model in trail 0 with mode: Classification, infer mode: SC encoder type: DenseNet on device: cuda.
Saving model and plot for Trial 0 with Validation Loss = 0.8410
Initiate model in trail 1 with mode: Classification, infer mode: SC encoder type: DenseNet on device: cuda.
Saving model and plot for Trial 1 with Validation Loss = 0.7242
Best hyperparameters: {'lr': 0.0001, 'n_epochs': 450, 'alpha_0': 0.1, 'alpha_1': 0.7, 'alpha_2': 0.001, 'alpha_3': 0.5}
Loading the Best Model.
Starting Inference.
Perform Rejection with GMM mode with tolerance=0.05, components=[3,15]!
Found distributions with means close to 0 and 1 with 4 components.
Reject 8888(37.93%) cells.
Inference Done.
We set Rank score < 0.5 as Rank- () while > 0.5 as Rank+ 
The parameters setting of model is: {'n_features': 1000, 'nhead': 2, 'nhid1': 96, 'nhid2': 8, 'n_output': 32, 'nlayers': 3, 'n_pred': 2, 'n_patho': 0, 'dropout': 0.5, 'mode': 'Classification', 'infer_mode': 'SC', 'encoder_type': 'Transformer', 'model_save_path': '/mnt/NAS_21T/ProjectResult/TiRank/results/ablation/intera_7/Data7/3_Analysis/checkpoints'}
Initiate model in trail 0 with mode: Classification, infer mode: SC encoder type: Transformer on device: cuda.
Saving model and plot for Trial 0 with Validation Loss = 0.9496
Initiate model in trail 1 with mode: Classification, infer mode: SC encoder type: Transformer on device: cuda.
Saving model and plot for Trial 1 with Validation Loss = 0.7198
Best hyperparameters: {'lr': 0.0003, 'n_epochs': 300, 'alpha_0': 0.03, 'alpha_1': 0.4, 'alpha_2': 0.001, 'alpha_3': 0.6}
Loading the Best Model.
Starting Inference.
Perform Rejection with GMM mode with tolerance=0.05, components=[3,15]!
Found distributions with means close to 0 and 1 with 3 components.
Reject 8(0.03%) cells.
Inference Done.
We set Rank score < 0.5 as Rank- () while > 0.5 as Rank+ 
The parameters setting of model is: {'n_features': 1000, 'nhead': 2, 'nhid1': 96, 'nhid2': 8, 'n_output': 32, 'nlayers': 3, 'n_pred': 2, 'n_patho': 0, 'dropout': 0.5, 'mode': 'Classification', 'infer_mode': 'SC', 'encoder_type': 'MLP', 'model_save_path': '/mnt/NAS_21T/ProjectResult/TiRank/results/ablation/intera_7/Data7/3_Analysis/checkpoints'}
Initiate model in trail 0 with mode: Classification, infer mode: SC encoder type: MLP on device: cuda.
Saving model and plot for Trial 0 with Validation Loss = 0.6740
Initiate model in trail 1 with mode: Classification, infer mode: SC encoder type: MLP on device: cuda.
Best hyperparameters: {'lr': 0.0003, 'n_epochs': 450, 'alpha_0': 0.01, 'alpha_1': 0.7, 'alpha_2': 0.1, 'alpha_3': 0.5}
Loading the Best Model.
Starting Inference.
Perform Rejection with GMM mode with tolerance=0.05, components=[3,15]!
Found distributions with means close to 0 and 1 with 5 components.
Reject 15160(64.69%) cells.
Inference Done.
We set Rank score < 0.5 as Rank- () while > 0.5 as Rank+ 
The parameters setting of model is: {'n_features': 1000, 'nhead': 2, 'nhid1': 96, 'nhid2': 8, 'n_output': 32, 'nlayers': 3, 'n_pred': 2, 'n_patho': 0, 'dropout': 0.5, 'mode': 'Classification', 'infer_mode': 'SC', 'encoder_type': 'MLP', 'model_save_path': '/mnt/NAS_21T/ProjectResult/TiRank/results/ablation/intera_7/Data7/3_Analysis/checkpoints'}
[I 2025-03-21 17:14:56,283] Trial 0 finished with value: 0.8133554717768794 and parameters: {'lr': 0.0001, 'n_epochs': 400, 'alpha_0': 0.1, 'alpha_1': 0, 'alpha_2': 0.001, 'alpha_3': 0.7}. Best is trial 0 with value: 0.8133554717768794.
[I 2025-03-21 17:17:58,383] Trial 1 finished with value: 0.7560919549154199 and parameters: {'lr': 0.0001, 'n_epochs': 300, 'alpha_0': 0.005, 'alpha_1': 0, 'alpha_2': 0.001, 'alpha_3': 0.5}. Best is trial 1 with value: 0.7560919549154199.
... storing 'Rank_Label' as categorical
[I 2025-03-21 17:19:47,425] A new study created in memory with name: no-name-49a27690-3ea8-471b-9def-0687414002aa
[I 2025-03-21 17:23:50,804] Trial 0 finished with value: 0.7276594872060029 and parameters: {'lr': 1e-05, 'n_epochs': 400, 'alpha_0': 0.005, 'alpha_1': 0.9, 'alpha_2': 0, 'alpha_3': 0.7}. Best is trial 0 with value: 0.7276594872060029.
[I 2025-03-21 17:26:53,145] Trial 1 finished with value: 0.7513499026713164 and parameters: {'lr': 1e-05, 'n_epochs': 300, 'alpha_0': 0.03, 'alpha_1': 1, 'alpha_2': 0, 'alpha_3': 0.7}. Best is trial 0 with value: 0.7276594872060029.
... storing 'Rank_Label' as categorical
[I 2025-03-21 17:28:43,389] A new study created in memory with name: no-name-59c49f38-3794-40ed-a68b-37edf43f2c3d
[I 2025-03-21 17:31:46,266] Trial 0 finished with value: 0.8042213579882747 and parameters: {'lr': 1e-06, 'n_epochs': 300, 'alpha_0': 0.1, 'alpha_1': 0, 'alpha_2': 0, 'alpha_3': 0.2}. Best is trial 0 with value: 0.8042213579882747.
[I 2025-03-21 17:35:19,997] Trial 1 finished with value: 0.8370489296705826 and parameters: {'lr': 1e-05, 'n_epochs': 350, 'alpha_0': 0.1, 'alpha_1': 0, 'alpha_2': 0, 'alpha_3': 0.5}. Best is trial 0 with value: 0.8042213579882747.
... storing 'Rank_Label' as categorical
2025-03-21 17:37:08,721 - Finished dataset Data7 in /mnt/NAS_21T/ProjectResult/TiRank/results/ablation/intera_7/Data7
Processing datasets for repeat 7:  40%|â–ˆâ–ˆâ–ˆâ–ˆ      | 4/10 [2:22:03<4:40:41, 2806.84s/it]2025-03-21 17:37:08,738 - Processing dataset Data6 in /mnt/NAS_21T/ProjectResult/TiRank/results/ablation/intera_7/Data6
[I 2025-03-21 17:37:29,146] A new study created in memory with name: no-name-0c9e3652-a5a3-444a-90dc-f92c2638057f
[I 2025-03-21 17:37:39,457] Trial 0 finished with value: 0.5477222204208374 and parameters: {'lr': 0.0003, 'n_epochs': 350, 'alpha_0': 0.03, 'alpha_1': 0.2, 'alpha_2': 0.01, 'alpha_3': 0.8}. Best is trial 0 with value: 0.5477222204208374.
[I 2025-03-21 17:37:48,132] Trial 1 finished with value: 0.6090171933174133 and parameters: {'lr': 0.0006, 'n_epochs': 300, 'alpha_0': 0.01, 'alpha_1': 0.5, 'alpha_2': 0.005, 'alpha_3': 0.5}. Best is trial 0 with value: 0.5477222204208374.
... storing 'Rank_Label' as categorical
[I 2025-03-21 17:37:51,119] A new study created in memory with name: no-name-d79e58b5-c04a-4053-87ff-2f2ee5af2dc1
[I 2025-03-21 17:38:06,590] Trial 0 finished with value: 0.550806999206543 and parameters: {'lr': 0.0003, 'n_epochs': 500, 'alpha_0': 0.1, 'alpha_1': 1, 'alpha_2': 0.1, 'alpha_3': 0.8}. Best is trial 0 with value: 0.550806999206543.
[I 2025-03-21 17:38:16,813] Trial 1 finished with value: 0.6901553869247437 and parameters: {'lr': 1e-05, 'n_epochs': 300, 'alpha_0': 0.01, 'alpha_1': 1, 'alpha_2': 0.01, 'alpha_3': 0.7}. Best is trial 0 with value: 0.550806999206543.
... storing 'Rank_Label' as categorical
[I 2025-03-21 17:38:19,661] A new study created in memory with name: no-name-a6829eb9-b58d-4824-b813-c150eb21dacc
[I 2025-03-21 17:38:31,446] Trial 0 finished with value: 0.5833387970924377 and parameters: {'lr': 0.0001, 'n_epochs': 450, 'alpha_0': 0.1, 'alpha_1': 0.7, 'alpha_2': 0.1, 'alpha_3': 0.6}. Best is trial 0 with value: 0.5833387970924377.
[I 2025-03-21 17:38:39,167] Trial 1 finished with value: 0.569200724363327 and parameters: {'lr': 0.006, 'n_epochs': 300, 'alpha_0': 0.1, 'alpha_1': 0.5, 'alpha_2': 0.05, 'alpha_3': 0.7}. Best is trial 1 with value: 0.569200724363327.
... storing 'Rank_Label' as categorical
[I 2025-03-21 17:38:42,017] A new study created in memory with name: no-name-4941a973-54f9-4ce8-a2fe-a779d995eb78
[I 2025-03-21 17:38:50,967] Trial 0 finished with value: 0.7640892863273621 and parameters: {'lr': 1e-06, 'n_epochs': 350, 'alpha_0': 0.03, 'alpha_1': 0, 'alpha_2': 0.001, 'alpha_3': 0.3}. Best is trial 0 with value: 0.7640892863273621.
[I 2025-03-21 17:38:58,902] Trial 1 finished with value: 0.7860377430915833 and parameters: {'lr': 0.01, 'n_epochs': 400, 'alpha_0': 0.06, 'alpha_1': 0, 'alpha_2': 0.001, 'alpha_3': 0.7}. Best is trial 0 with value: 0.7640892863273621.
... storing 'Rank_Label' as categorical
[I 2025-03-21 17:39:01,710] A new study created in memory with name: no-name-18312e12-2d49-4ef6-b9e1-65d8413cdef0
[I 2025-03-21 17:39:13,231] Trial 0 finished with value: 0.6156765222549438 and parameters: {'lr': 0.006, 'n_epochs': 450, 'alpha_0': 0.01, 'alpha_1': 0.1, 'alpha_2': 0, 'alpha_3': 0.1}. Best is trial 0 with value: 0.6156765222549438.
