[I 2025-03-21 15:18:10,197] Trial 1 finished with value: 0.6722204685211182 and parameters: {'lr': 0.0006, 'n_epochs': 450, 'alpha_0': 0.03, 'alpha_1': 0.4, 'alpha_2': 0, 'alpha_3': 1}. Best is trial 1 with value: 0.6722204685211182.
... storing 'Rank_Label' as categorical
[I 2025-03-21 15:18:12,351] A new study created in memory with name: no-name-5a7cdc89-796d-4c9b-acc3-518fc61ee6c0
[I 2025-03-21 15:18:15,532] Trial 0 finished with value: 0.7831423282623291 and parameters: {'lr': 0.001, 'n_epochs': 350, 'alpha_0': 0.06, 'alpha_1': 0, 'alpha_2': 0, 'alpha_3': 0.2}. Best is trial 0 with value: 0.7831423282623291.
[I 2025-03-21 15:18:18,252] Trial 1 finished with value: 0.7434238195419312 and parameters: {'lr': 0.01, 'n_epochs': 300, 'alpha_0': 0.1, 'alpha_1': 0, 'alpha_2': 0, 'alpha_3': 0.5}. Best is trial 1 with value: 0.7434238195419312.
... storing 'Rank_Label' as categorical
2025-03-21 15:18:20,188 - Finished dataset Data9 in /mnt/NAS_21T/ProjectResult/TiRank/results/ablation/intera_7/Data9
Processing datasets for repeat 7:  20%|â–ˆâ–ˆ        | 2/10 [03:15<12:55, 96.88s/it] 2025-03-21 15:18:20,189 - Processing dataset Data8 in /mnt/NAS_21T/ProjectResult/TiRank/results/ablation/intera_7/Data8
[I 2025-03-21 15:27:43,096] A new study created in memory with name: no-name-9c606f3c-c516-427f-b587-43da98b254a1
[I 2025-03-21 15:32:39,837] Trial 0 finished with value: 0.9226271976595339 and parameters: {'lr': 0.006, 'n_epochs': 450, 'alpha_0': 0.06, 'alpha_1': 0.6, 'alpha_2': 0.005, 'alpha_3': 0.7}. Best is trial 0 with value: 0.9226271976595339.
[I 2025-03-21 15:38:09,567] Trial 1 finished with value: 0.6050330296806667 and parameters: {'lr': 1e-06, 'n_epochs': 500, 'alpha_0': 0.01, 'alpha_1': 1, 'alpha_2': 0.005, 'alpha_3': 0.4}. Best is trial 1 with value: 0.6050330296806667.
... storing 'Rank_Label' as categorical
[I 2025-03-21 15:40:44,643] A new study created in memory with name: no-name-d83d95b1-07c3-4b5c-9363-ec43bf02064f
[I 2025-03-21 15:46:14,515] Trial 0 finished with value: 0.5699189020239789 and parameters: {'lr': 1e-05, 'n_epochs': 500, 'alpha_0': 0.1, 'alpha_1': 0.7, 'alpha_2': 0.005, 'alpha_3': 0.9}. Best is trial 0 with value: 0.5699189020239789.
[I 2025-03-21 15:49:34,355] Trial 1 finished with value: 0.5844003221263057 and parameters: {'lr': 1e-05, 'n_epochs': 300, 'alpha_0': 0.01, 'alpha_1': 0.8, 'alpha_2': 0.001, 'alpha_3': 0.9}. Best is trial 0 with value: 0.5699189020239789.
... storing 'Rank_Label' as categorical
The parameters setting of model is: {'n_features': 1000, 'nhead': 2, 'nhid1': 96, 'nhid2': 8, 'n_output': 32, 'nlayers': 3, 'n_pred': 2, 'n_patho': 0, 'dropout': 0.5, 'mode': 'Classification', 'infer_mode': 'SC', 'encoder_type': 'Transformer', 'model_save_path': '/mnt/NAS_21T/ProjectResult/TiRank/results/ablation/intera_7/Data9/3_Analysis/checkpoints'}
Initiate model in trail 0 with mode: Classification, infer mode: SC encoder type: Transformer on device: cuda.
Saving model and plot for Trial 0 with Validation Loss = 0.7478
Initiate model in trail 1 with mode: Classification, infer mode: SC encoder type: Transformer on device: cuda.
Best hyperparameters: {'lr': 0.006, 'n_epochs': 350, 'alpha_0': 0.06, 'alpha_1': 0.2, 'alpha_2': 0.01, 'alpha_3': 0.1}
Loading the Best Model.
Starting Inference.
Perform Rejection with GMM mode with tolerance=0.05, components=[3,15]!
Found distributions with means close to 0 and 1 with 3 components.
Reject 0(0.00%) cells.
Inference Done.
We set Rank score < 0.5 as Rank- () while > 0.5 as Rank+ 
The parameters setting of model is: {'n_features': 1000, 'nhead': 2, 'nhid1': 96, 'nhid2': 8, 'n_output': 32, 'nlayers': 3, 'n_pred': 2, 'n_patho': 0, 'dropout': 0.5, 'mode': 'Classification', 'infer_mode': 'SC', 'encoder_type': 'MLP', 'model_save_path': '/mnt/NAS_21T/ProjectResult/TiRank/results/ablation/intera_7/Data9/3_Analysis/checkpoints'}
Initiate model in trail 0 with mode: Classification, infer mode: SC encoder type: MLP on device: cuda.
Saving model and plot for Trial 0 with Validation Loss = 0.8331
Initiate model in trail 1 with mode: Classification, infer mode: SC encoder type: MLP on device: cuda.
Saving model and plot for Trial 1 with Validation Loss = 0.6807
Best hyperparameters: {'lr': 0.0006, 'n_epochs': 350, 'alpha_0': 0.1, 'alpha_1': 0.4, 'alpha_2': 0.01, 'alpha_3': 0.3}
Loading the Best Model.
Starting Inference.
Perform Rejection with GMM mode with tolerance=0.05, components=[3,15]!
Found distributions with means close to 0 and 1 with 3 components.
Reject 135(31.47%) cells.
Inference Done.
We set Rank score < 0.5 as Rank- () while > 0.5 as Rank+ 
The parameters setting of model is: {'n_features': 1000, 'nhead': 2, 'nhid1': 96, 'nhid2': 8, 'n_output': 32, 'nlayers': 3, 'n_pred': 2, 'n_patho': 0, 'dropout': 0.5, 'mode': 'Classification', 'infer_mode': 'SC', 'encoder_type': 'MLP', 'model_save_path': '/mnt/NAS_21T/ProjectResult/TiRank/results/ablation/intera_7/Data9/3_Analysis/checkpoints'}
Initiate model in trail 0 with mode: Classification, infer mode: SC encoder type: MLP on device: cuda with abation on 1.
Saving model and plot for Trial 0 with Validation Loss = 0.7343
Initiate model in trail 1 with mode: Classification, infer mode: SC encoder type: MLP on device: cuda with abation on 1.
Best hyperparameters: {'lr': 0.0003, 'n_epochs': 350, 'alpha_0': 0.005, 'alpha_1': 0, 'alpha_2': 0.05, 'alpha_3': 0.3}
Loading the Best Model.
Starting Inference.
Perform Rejection with GMM mode with tolerance=0.05, components=[3,15]!
Underfitting!
Found distributions with means close to 0 and 1 with 3 components.
Reject 0(0.00%) cells.
Inference Done.
We set Rank score < 0.5 as Rank- () while > 0.5 as Rank+ 
The parameters setting of model is: {'n_features': 1000, 'nhead': 2, 'nhid1': 96, 'nhid2': 8, 'n_output': 32, 'nlayers': 3, 'n_pred': 2, 'n_patho': 0, 'dropout': 0.5, 'mode': 'Classification', 'infer_mode': 'SC', 'encoder_type': 'MLP', 'model_save_path': '/mnt/NAS_21T/ProjectResult/TiRank/results/ablation/intera_7/Data9/3_Analysis/checkpoints'}
Initiate model in trail 0 with mode: Classification, infer mode: SC encoder type: MLP on device: cuda with abation on 2.
Saving model and plot for Trial 0 with Validation Loss = 0.6903
Initiate model in trail 1 with mode: Classification, infer mode: SC encoder type: MLP on device: cuda with abation on 2.
Saving model and plot for Trial 1 with Validation Loss = 0.6722
Best hyperparameters: {'lr': 0.0006, 'n_epochs': 450, 'alpha_0': 0.03, 'alpha_1': 0.4, 'alpha_2': 0, 'alpha_3': 1}
Loading the Best Model.
Starting Inference.
Perform Rejection with GMM mode with tolerance=0.05, components=[3,15]!
Found distributions with means close to 0 and 1 with 3 components.
Reject 19(4.43%) cells.
Inference Done.
We set Rank score < 0.5 as Rank- () while > 0.5 as Rank+ 
The parameters setting of model is: {'n_features': 1000, 'nhead': 2, 'nhid1': 96, 'nhid2': 8, 'n_output': 32, 'nlayers': 3, 'n_pred': 2, 'n_patho': 0, 'dropout': 0.5, 'mode': 'Classification', 'infer_mode': 'SC', 'encoder_type': 'MLP', 'model_save_path': '/mnt/NAS_21T/ProjectResult/TiRank/results/ablation/intera_7/Data9/3_Analysis/checkpoints'}
Initiate model in trail 0 with mode: Classification, infer mode: SC encoder type: MLP on device: cuda with abation on 1,2.
Saving model and plot for Trial 0 with Validation Loss = 0.7831
Initiate model in trail 1 with mode: Classification, infer mode: SC encoder type: MLP on device: cuda with abation on 1,2.
Saving model and plot for Trial 1 with Validation Loss = 0.7434
Best hyperparameters: {'lr': 0.01, 'n_epochs': 300, 'alpha_0': 0.1, 'alpha_1': 0, 'alpha_2': 0, 'alpha_3': 0.5}
Loading the Best Model.
Starting Inference.
Perform Rejection with GMM mode with tolerance=0.05, components=[3,15]!
Underfitting!
Found distributions with means close to 0 and 1 with 3 components.
Reject 0(0.00%) cells.
Inference Done.
We set Rank score < 0.5 as Rank- () while > 0.5 as Rank+ 
Starting load data for gene pair transformation.
Starting gene pair extraction.
Get candidate genes done.
There are 811 genes up-regulated in Group 0 and 701 genes up-regulated in Group 1.
Get candidate gene pairs done.
Profile transformation done.
Starting save gene pair matrices.
Save gene pair matrices done.
Save informative gene matrices done.
The parameters setting of model is: {'n_features': 1000, 'nhead': 2, 'nhid1': 96, 'nhid2': 8, 'n_output': 32, 'nlayers': 3, 'n_pred': 2, 'n_patho': 0, 'dropout': 0.5, 'mode': 'Classification', 'infer_mode': 'SC', 'encoder_type': 'DenseNet', 'model_save_path': '/mnt/NAS_21T/ProjectResult/TiRank/results/ablation/intera_7/Data8/3_Analysis/checkpoints'}
Initiate model in trail 0 with mode: Classification, infer mode: SC encoder type: DenseNet on device: cuda.
Saving model and plot for Trial 0 with Validation Loss = 0.9226
Initiate model in trail 1 with mode: Classification, infer mode: SC encoder type: DenseNet on device: cuda.
Saving model and plot for Trial 1 with Validation Loss = 0.6050
Best hyperparameters: {'lr': 1e-06, 'n_epochs': 500, 'alpha_0': 0.01, 'alpha_1': 1, 'alpha_2': 0.005, 'alpha_3': 0.4}
Loading the Best Model.
Starting Inference.
Perform Rejection with GMM mode with tolerance=0.05, components=[3,15]!
Underfitting!
Found distributions with means close to 0 and 1 with 8 components.
Reject 3799(16.21%) cells.
Inference Done.
We set Rank score < 0.5 as Rank- () while > 0.5 as Rank+ 
The parameters setting of model is: {'n_features': 1000, 'nhead': 2, 'nhid1': 96, 'nhid2': 8, 'n_output': 32, 'nlayers': 3, 'n_pred': 2, 'n_patho': 0, 'dropout': 0.5, 'mode': 'Classification', 'infer_mode': 'SC', 'encoder_type': 'Transformer', 'model_save_path': '/mnt/NAS_21T/ProjectResult/TiRank/results/ablation/intera_7/Data8/3_Analysis/checkpoints'}
Initiate model in trail 0 with mode: Classification, infer mode: SC encoder type: Transformer on device: cuda.
Saving model and plot for Trial 0 with Validation Loss = 0.5699
Initiate model in trail 1 with mode: Classification, infer mode: SC encoder type: Transformer on device: cuda.
Best hyperparameters: {'lr': 1e-05, 'n_epochs': 500, 'alpha_0': 0.1, 'alpha_1': 0.7, 'alpha_2': 0.005, 'alpha_3': 0.9}
Loading the Best Model.
Starting Inference.
Perform Rejection with GMM mode with tolerance=0.05, components=[3,15]!
Found distributions with means close to 0 and 1 with 3 components.
Reject 368(1.57%) cells.
Inference Done.
We set Rank score < 0.5 as Rank- () while > 0.5 as Rank+ 
The parameters setting of model is: [I 2025-03-21 15:52:11,607] A new study created in memory with name: no-name-e88e7039-23da-4ab0-bdac-06ca9d0dcb19
[I 2025-03-21 15:56:21,008] Trial 0 finished with value: 0.5661146485287211 and parameters: {'lr': 0.001, 'n_epochs': 400, 'alpha_0': 0.06, 'alpha_1': 0.3, 'alpha_2': 0.01, 'alpha_3': 0.6}. Best is trial 0 with value: 0.5661146485287211.
[I 2025-03-21 16:00:25,417] Trial 1 finished with value: 0.7637200122294219 and parameters: {'lr': 1e-06, 'n_epochs': 400, 'alpha_0': 0.01, 'alpha_1': 0.3, 'alpha_2': 0.05, 'alpha_3': 0.9}. Best is trial 0 with value: 0.5661146485287211.
... storing 'Rank_Label' as categorical
[I 2025-03-21 16:02:15,871] A new study created in memory with name: no-name-13e8640e-569a-4cc7-bcd7-e7b9fa78f983
[I 2025-03-21 16:06:21,688] Trial 0 finished with value: 0.803360244502192 and parameters: {'lr': 0.0001, 'n_epochs': 400, 'alpha_0': 0.1, 'alpha_1': 0, 'alpha_2': 0.01, 'alpha_3': 0.1}. Best is trial 0 with value: 0.803360244502192.
[I 2025-03-21 16:09:54,122] Trial 1 finished with value: 0.7898288680159528 and parameters: {'lr': 0.003, 'n_epochs': 350, 'alpha_0': 0.03, 'alpha_1': 0, 'alpha_2': 0.001, 'alpha_3': 0.6}. Best is trial 1 with value: 0.7898288680159528.
... storing 'Rank_Label' as categorical
[I 2025-03-21 16:11:43,822] A new study created in memory with name: no-name-ad51c5f9-ce6a-43b5-8c07-f677abaa6023
[I 2025-03-21 16:15:43,817] Trial 0 finished with value: 0.654401843962462 and parameters: {'lr': 0.0003, 'n_epochs': 400, 'alpha_0': 0.005, 'alpha_1': 0.7, 'alpha_2': 0, 'alpha_3': 0.8}. Best is trial 0 with value: 0.654401843962462.
[I 2025-03-21 16:18:46,349] Trial 1 finished with value: 0.7553981568502344 and parameters: {'lr': 1e-06, 'n_epochs': 300, 'alpha_0': 0.03, 'alpha_1': 0.1, 'alpha_2': 0, 'alpha_3': 0.8}. Best is trial 0 with value: 0.654401843962462.
... storing 'Rank_Label' as categorical
[I 2025-03-21 16:20:35,248] A new study created in memory with name: no-name-ef9f4a99-265a-4159-9939-be6e9af55791
[I 2025-03-21 16:25:40,592] Trial 0 finished with value: 0.7496800552243772 and parameters: {'lr': 1e-05, 'n_epochs': 500, 'alpha_0': 0.1, 'alpha_1': 0, 'alpha_2': 0, 'alpha_3': 0.4}. Best is trial 0 with value: 0.7496800552243772.
[I 2025-03-21 16:28:43,230] Trial 1 finished with value: 0.803721414959949 and parameters: {'lr': 0.001, 'n_epochs': 300, 'alpha_0': 0.03, 'alpha_1': 0, 'alpha_2': 0, 'alpha_3': 0.7}. Best is trial 0 with value: 0.7496800552243772.
... storing 'Rank_Label' as categorical
2025-03-21 16:30:31,930 - Finished dataset Data8 in /mnt/NAS_21T/ProjectResult/TiRank/results/ablation/intera_7/Data8
Processing datasets for repeat 7:  30%|â–ˆâ–ˆâ–ˆ       | 3/10 [1:15:26<3:56:54, 2030.61s/it]2025-03-21 16:30:31,931 - Processing dataset Data7 in /mnt/NAS_21T/ProjectResult/TiRank/results/ablation/intera_7/Data7
[I 2025-03-21 16:39:58,017] A new study created in memory with name: no-name-17fae2c7-c055-4e09-9340-9e5268cfa818
[I 2025-03-21 16:43:51,139] Trial 0 finished with value: 0.8410264046295829 and parameters: {'lr': 0.0006, 'n_epochs': 350, 'alpha_0': 0.1, 'alpha_1': 0.9, 'alpha_2': 0.1, 'alpha_3': 0.7}. Best is trial 0 with value: 0.8410264046295829.
[I 2025-03-21 16:48:54,116] Trial 1 finished with value: 0.7241947521334109 and parameters: {'lr': 0.0001, 'n_epochs': 450, 'alpha_0': 0.1, 'alpha_1': 0.7, 'alpha_2': 0.001, 'alpha_3': 0.5}. Best is trial 1 with value: 0.7241947521334109.
... storing 'Rank_Label' as categorical
[I 2025-03-21 16:51:04,557] A new study created in memory with name: no-name-9c12652b-f7a1-4327-8795-108dec8d5400
[I 2025-03-21 16:55:30,427] Trial 0 finished with value: 0.9495623370875483 and parameters: {'lr': 0.01, 'n_epochs': 400, 'alpha_0': 0.06, 'alpha_1': 0.6, 'alpha_2': 0.1, 'alpha_3': 0.8}. Best is trial 0 with value: 0.9495623370875483.
[I 2025-03-21 16:58:52,131] Trial 1 finished with value: 0.7197911765264429 and parameters: {'lr': 0.0003, 'n_epochs': 300, 'alpha_0': 0.03, 'alpha_1': 0.4, 'alpha_2': 0.001, 'alpha_3': 0.6}. Best is trial 1 with value: 0.7197911765264429.
... storing 'Rank_Label' as categorical
[I 2025-03-21 17:01:22,293] A new study created in memory with name: no-name-70deb686-bdca-476a-9ae7-9ac7cb4e220f
[I 2025-03-21 17:06:05,014] Trial 0 finished with value: 0.6740191682525303 and parameters: {'lr': 0.0003, 'n_epochs': 450, 'alpha_0': 0.01, 'alpha_1': 0.7, 'alpha_2': 0.1, 'alpha_3': 0.5}. Best is trial 0 with value: 0.6740191682525303.
