[I 2025-03-21 15:08:01,062] Trial 1 finished with value: 0.8355288505554199 and parameters: {'lr': 0.001, 'n_epochs': 300, 'alpha_0': 0.005, 'alpha_1': 0, 'alpha_2': 0, 'alpha_3': 0.6}. Best is trial 1 with value: 0.8355288505554199.
... storing 'Rank_Label' as categorical
2025-03-21 15:08:03,910 - Finished dataset Data5 in /mnt/NAS_21T/ProjectResult/TiRank/results/ablation/intera_6/Data5
Processing datasets for repeat 6:  60%|â–ˆâ–ˆâ–ˆâ–ˆâ–ˆâ–ˆ    | 6/10 [2:24:31<1:24:13, 1263.50s/it]2025-03-21 15:08:03,912 - Processing dataset Data4 in /mnt/NAS_21T/ProjectResult/TiRank/results/ablation/intera_6/Data4
[I 2025-03-21 15:08:44,714] A new study created in memory with name: no-name-b0257fcb-081c-4d6d-981a-81744344b7c3
[I 2025-03-21 15:08:48,367] Trial 0 finished with value: 0.6929399371147156 and parameters: {'lr': 0.0006, 'n_epochs': 300, 'alpha_0': 0.1, 'alpha_1': 0.4, 'alpha_2': 0.05, 'alpha_3': 0.1}. Best is trial 0 with value: 0.6929399371147156.
[I 2025-03-21 15:08:51,319] Trial 1 finished with value: 0.6871496438980103 and parameters: {'lr': 0.0003, 'n_epochs': 300, 'alpha_0': 0.1, 'alpha_1': 0.8, 'alpha_2': 0.005, 'alpha_3': 0.2}. Best is trial 1 with value: 0.6871496438980103.
... storing 'Rank_Label' as categorical
[I 2025-03-21 15:08:54,141] A new study created in memory with name: no-name-549d3f42-6025-4687-919c-80d853e8e1f4
[I 2025-03-21 15:09:01,726] Trial 0 finished with value: 0.7492256164550781 and parameters: {'lr': 0.001, 'n_epochs': 400, 'alpha_0': 0.1, 'alpha_1': 0.4, 'alpha_2': 0.001, 'alpha_3': 0.9}. Best is trial 0 with value: 0.7492256164550781.
[I 2025-03-21 15:09:07,322] Trial 1 finished with value: 0.7224000096321106 and parameters: {'lr': 0.0001, 'n_epochs': 300, 'alpha_0': 0.005, 'alpha_1': 0.5, 'alpha_2': 0.01, 'alpha_3': 0.7}. Best is trial 1 with value: 0.7224000096321106.
... storing 'Rank_Label' as categorical
[I 2025-03-21 15:09:10,140] A new study created in memory with name: no-name-e931d4e3-a11b-4802-901c-3099be7a09b5
[I 2025-03-21 15:09:14,380] Trial 0 finished with value: 0.7655348777770996 and parameters: {'lr': 1e-06, 'n_epochs': 450, 'alpha_0': 0.1, 'alpha_1': 0.3, 'alpha_2': 0.005, 'alpha_3': 0.6}. Best is trial 0 with value: 0.7655348777770996.
[I 2025-03-21 15:09:17,523] Trial 1 finished with value: 0.739130437374115 and parameters: {'lr': 0.001, 'n_epochs': 300, 'alpha_0': 0.03, 'alpha_1': 1, 'alpha_2': 0.001, 'alpha_3': 0.5}. Best is trial 1 with value: 0.739130437374115.
... storing 'Rank_Label' as categorical
[I 2025-03-21 15:09:20,283] A new study created in memory with name: no-name-4ccba534-b465-4c31-9012-f4892e041c74
[I 2025-03-21 15:09:22,553] Trial 0 finished with value: 0.8324218392372131 and parameters: {'lr': 0.001, 'n_epochs': 400, 'alpha_0': 0.03, 'alpha_1': 0, 'alpha_2': 0.005, 'alpha_3': 0.8}. Best is trial 0 with value: 0.8324218392372131.
[I 2025-03-21 15:09:25,358] Trial 1 finished with value: 0.751611053943634 and parameters: {'lr': 0.003, 'n_epochs': 300, 'alpha_0': 0.01, 'alpha_1': 0, 'alpha_2': 0.1, 'alpha_3': 1}. Best is trial 1 with value: 0.751611053943634.
... storing 'Rank_Label' as categorical
[I 2025-03-21 15:09:28,118] A new study created in memory with name: no-name-ce8cbb09-08ad-4e0d-a0f9-836e3f3355ec
[I 2025-03-21 15:09:31,049] Trial 0 finished with value: 0.6629037857055664 and parameters: {'lr': 0.0003, 'n_epochs': 300, 'alpha_0': 0.005, 'alpha_1': 0.8, 'alpha_2': 0, 'alpha_3': 0.3}. Best is trial 0 with value: 0.6629037857055664.
[I 2025-03-21 15:09:34,280] Trial 1 finished with value: 0.7001014351844788 and parameters: {'lr': 0.01, 'n_epochs': 500, 'alpha_0': 0.005, 'alpha_1': 0.8, 'alpha_2': 0, 'alpha_3': 0.7}. Best is trial 0 with value: 0.6629037857055664.
... storing 'Rank_Label' as categorical
[I 2025-03-21 15:09:37,058] A new study created in memory with name: no-name-e93b9cdc-03f1-45cd-9018-c9770743becb
[I 2025-03-21 15:09:41,922] Trial 0 finished with value: 0.7674663662910461 and parameters: {'lr': 0.001, 'n_epochs': 500, 'alpha_0': 0.01, 'alpha_1': 0, 'alpha_2': 0, 'alpha_3': 0.1}. Best is trial 0 with value: 0.7674663662910461.
[I 2025-03-21 15:09:45,104] Trial 1 finished with value: 0.7889724969863892 and parameters: {'lr': 0.003, 'n_epochs': 350, 'alpha_0': 0.06, 'alpha_1': 0, 'alpha_2': 0, 'alpha_3': 0.9}. Best is trial 0 with value: 0.7674663662910461.
... storing 'Rank_Label' as categorical
2025-03-21 15:09:47,870 - Finished dataset Data4 in /mnt/NAS_21T/ProjectResult/TiRank/results/ablation/intera_6/Data4
Processing datasets for repeat 6:  70%|â–ˆâ–ˆâ–ˆâ–ˆâ–ˆâ–ˆâ–ˆ   | 7/10 [2:26:15<44:13, 884.42s/it]   2025-03-21 15:09:47,872 - Processing dataset Data3 in /mnt/NAS_21T/ProjectResult/TiRank/results/ablation/intera_6/Data3
{'n_features': 1000, 'nhead': 2, 'nhid1': 96, 'nhid2': 8, 'n_output': 32, 'nlayers': 3, 'n_pred': 2, 'n_patho': 0, 'dropout': 0.5, 'mode': 'Classification', 'infer_mode': 'SC', 'encoder_type': 'MLP', 'model_save_path': '/mnt/NAS_21T/ProjectResult/TiRank/results/ablation/intera_6/Data5/3_Analysis/checkpoints'}
Initiate model in trail 0 with mode: Classification, infer mode: SC encoder type: MLP on device: cuda with abation on 1,2.
Saving model and plot for Trial 0 with Validation Loss = 0.8680
Initiate model in trail 1 with mode: Classification, infer mode: SC encoder type: MLP on device: cuda with abation on 1,2.
Saving model and plot for Trial 1 with Validation Loss = 0.8355
Best hyperparameters: {'lr': 0.001, 'n_epochs': 300, 'alpha_0': 0.005, 'alpha_1': 0, 'alpha_2': 0, 'alpha_3': 0.6}
Loading the Best Model.
Starting Inference.
Perform Rejection with GMM mode with tolerance=0.05, components=[3,15]!
Underfitting!
Found distributions with means close to 0 and 1 with 3 components.
Reject 0(0.00%) cells.
Inference Done.
We set Rank score < 0.5 as Rank- () while > 0.5 as Rank+ 
Starting load data for gene pair transformation.
Starting gene pair extraction.
Get candidate genes done.
There are 414 genes up-regulated in Group 0 and 465 genes up-regulated in Group 1.
Get candidate gene pairs done.
Profile transformation done.
Starting save gene pair matrices.
Save gene pair matrices done.
Save informative gene matrices done.
The parameters setting of model is: {'n_features': 1000, 'nhead': 2, 'nhid1': 96, 'nhid2': 8, 'n_output': 32, 'nlayers': 3, 'n_pred': 2, 'n_patho': 0, 'dropout': 0.5, 'mode': 'Classification', 'infer_mode': 'SC', 'encoder_type': 'DenseNet', 'model_save_path': '/mnt/NAS_21T/ProjectResult/TiRank/results/ablation/intera_6/Data4/3_Analysis/checkpoints'}
Initiate model in trail 0 with mode: Classification, infer mode: SC encoder type: DenseNet on device: cuda.
Saving model and plot for Trial 0 with Validation Loss = 0.6929
Initiate model in trail 1 with mode: Classification, infer mode: SC encoder type: DenseNet on device: cuda.
Saving model and plot for Trial 1 with Validation Loss = 0.6871
Best hyperparameters: {'lr': 0.0003, 'n_epochs': 300, 'alpha_0': 0.1, 'alpha_1': 0.8, 'alpha_2': 0.005, 'alpha_3': 0.2}
Loading the Best Model.
Starting Inference.
Perform Rejection with GMM mode with tolerance=0.05, components=[3,15]!
Found distributions with means close to 0 and 1 with 3 components.
Reject 51(15.74%) cells.
Inference Done.
We set Rank score < 0.5 as Rank- () while > 0.5 as Rank+ 
The parameters setting of model is: {'n_features': 1000, 'nhead': 2, 'nhid1': 96, 'nhid2': 8, 'n_output': 32, 'nlayers': 3, 'n_pred': 2, 'n_patho': 0, 'dropout': 0.5, 'mode': 'Classification', 'infer_mode': 'SC', 'encoder_type': 'Transformer', 'model_save_path': '/mnt/NAS_21T/ProjectResult/TiRank/results/ablation/intera_6/Data4/3_Analysis/checkpoints'}
Initiate model in trail 0 with mode: Classification, infer mode: SC encoder type: Transformer on device: cuda.
Saving model and plot for Trial 0 with Validation Loss = 0.7492
Initiate model in trail 1 with mode: Classification, infer mode: SC encoder type: Transformer on device: cuda.
Saving model and plot for Trial 1 with Validation Loss = 0.7224
Best hyperparameters: {'lr': 0.0001, 'n_epochs': 300, 'alpha_0': 0.005, 'alpha_1': 0.5, 'alpha_2': 0.01, 'alpha_3': 0.7}
Loading the Best Model.
Starting Inference.
Perform Rejection with GMM mode with tolerance=0.05, components=[3,15]!
Found distributions with means close to 0 and 1 with 8 components.
Reject 74(22.84%) cells.
Inference Done.
We set Rank score < 0.5 as Rank- () while > 0.5 as Rank+ 
The parameters setting of model is: {'n_features': 1000, 'nhead': 2, 'nhid1': 96, 'nhid2': 8, 'n_output': 32, 'nlayers': 3, 'n_pred': 2, 'n_patho': 0, 'dropout': 0.5, 'mode': 'Classification', 'infer_mode': 'SC', 'encoder_type': 'MLP', 'model_save_path': '/mnt/NAS_21T/ProjectResult/TiRank/results/ablation/intera_6/Data4/3_Analysis/checkpoints'}
Initiate model in trail 0 with mode: Classification, infer mode: SC encoder type: MLP on device: cuda.
Saving model and plot for Trial 0 with Validation Loss = 0.7655
Initiate model in trail 1 with mode: Classification, infer mode: SC encoder type: MLP on device: cuda.
Saving model and plot for Trial 1 with Validation Loss = 0.7391
Best hyperparameters: {'lr': 0.001, 'n_epochs': 300, 'alpha_0': 0.03, 'alpha_1': 1, 'alpha_2': 0.001, 'alpha_3': 0.5}
Loading the Best Model.
Starting Inference.
Perform Rejection with GMM mode with tolerance=0.05, components=[3,15]!
Found distributions with means close to 0 and 1 with 3 components.
Reject 46(14.20%) cells.
Inference Done.
We set Rank score < 0.5 as Rank- () while > 0.5 as Rank+ 
The parameters setting of model is: {'n_features': 1000, 'nhead': 2, 'nhid1': 96, 'nhid2': 8, 'n_output': 32, 'nlayers': 3, 'n_pred': 2, 'n_patho': 0, 'dropout': 0.5, 'mode': 'Classification', 'infer_mode': 'SC', 'encoder_type': 'MLP', 'model_save_path': '/mnt/NAS_21T/ProjectResult/TiRank/results/ablation/intera_6/Data4/3_Analysis/checkpoints'}
Initiate model in trail 0 with mode: Classification, infer mode: SC encoder type: MLP on device: cuda with abation on 1.
Saving model and plot for Trial 0 with Validation Loss = 0.8324
Initiate model in trail 1 with mode: Classification, infer mode: SC encoder type: MLP on device: cuda with abation on 1.
Saving model and plot for Trial 1 with Validation Loss = 0.7516
Best hyperparameters: {'lr': 0.003, 'n_epochs': 300, 'alpha_0': 0.01, 'alpha_1': 0, 'alpha_2': 0.1, 'alpha_3': 1}
Loading the Best Model.
Starting Inference.
Perform Rejection with GMM mode with tolerance=0.05, components=[3,15]!
Underfitting!
Found distributions with means close to 0 and 1 with 3 components.
Reject 0(0.00%) cells.
Inference Done.
We set Rank score < 0.5 as Rank- () while > 0.5 as Rank+ 
The parameters setting of model is: {'n_features': 1000, 'nhead': 2, 'nhid1': 96, 'nhid2': 8, 'n_output': 32, 'nlayers': 3, 'n_pred': 2, 'n_patho': 0, 'dropout': 0.5, 'mode': 'Classification', 'infer_mode': 'SC', 'encoder_type': 'MLP', 'model_save_path': '/mnt/NAS_21T/ProjectResult/TiRank/results/ablation/intera_6/Data4/3_Analysis/checkpoints'}
Initiate model in trail 0 with mode: Classification, infer mode: SC encoder type: MLP on device: cuda with abation on 2.
Saving model and plot for Trial 0 with Validation Loss = 0.6629
Initiate model in trail 1 with mode: Classification, infer mode: SC encoder type: MLP on device: cuda with abation on 2.
Best hyperparameters: {'lr': 0.0003, 'n_epochs': 300, 'alpha_0': 0.005, 'alpha_1': 0.8, 'alpha_2': 0, 'alpha_3': 0.3}
Loading the Best Model.
Starting Inference.
Perform Rejection with GMM mode with tolerance=0.05, components=[3,15]!
Found distributions with means close to 0 and 1 with 3 components.
Reject 94(29.01%) cells.
Inference Done.
We set Rank score < 0.5 as Rank- () while > 0.5 as Rank+ 
The parameters setting of model is: {'n_features': 1000, 'nhead': 2, 'nhid1': 96, 'nhid2': 8, 'n_output': 32, 'nlayers': 3, 'n_pred': 2, 'n_patho': 0, 'dropout': 0.5, 'mode': 'Classification', 'infer_mode': 'SC', 'encoder_type': 'MLP', 'model_save_path': '/mnt/NAS_21T/ProjectResult/TiRank/results/ablation/intera_6/Data4/3_Analysis/checkpoints'}
Initiate model in trail 0 with mode: Classification, infer mode: SC encoder type: MLP on device: cuda with abation on 1,2.
Saving model and plot for Trial 0 with Validation Loss = 0.7675
Initiate model in trail 1 with mode: Classification, infer mode: SC encoder type: MLP on device: cuda with abation on 1,2.
Best hyperparameters: {'lr': 0.001, 'n_epochs': 500, 'alpha_0': 0.01, 'alpha_1': 0, 'alpha_2': 0, 'alpha_3': 0.1}
Loading the Best Model.
Starting Inference.
Perform Rejection with GMM mode with tolerance=0.05, components=[3,15]!
Underfitting!
Found distributions with means close to 0 and 1 with 3 components.
Reject 0(0.00%) cells.
Inference Done.
We set Rank score < 0.5 as Rank- () while > 0.5 as Rank+ 
Starting load data for gene pair transformation.
Starting gene pair extraction.
Get candidate genes done.
There are 414 genes up-regulated in Group 0 and 465 genes up-regulated in Group 1.
[I 2025-03-21 15:10:25,453] A new study created in memory with name: no-name-44be6f06-0603-4612-9fc1-f24bfd4ca0aa
[I 2025-03-21 15:10:30,040] Trial 0 finished with value: 0.6977720260620117 and parameters: {'lr': 0.0001, 'n_epochs': 400, 'alpha_0': 0.1, 'alpha_1': 0.2, 'alpha_2': 0.005, 'alpha_3': 0.7}. Best is trial 0 with value: 0.6977720260620117.
[I 2025-03-21 15:10:32,807] Trial 1 finished with value: 0.8188872933387756 and parameters: {'lr': 0.006, 'n_epochs': 300, 'alpha_0': 0.06, 'alpha_1': 0.3, 'alpha_2': 0.01, 'alpha_3': 0.7}. Best is trial 0 with value: 0.6977720260620117.
... storing 'Rank_Label' as categorical
[I 2025-03-21 15:10:35,624] A new study created in memory with name: no-name-ba3fc389-e53f-481b-b3a2-d18c343ed553
[I 2025-03-21 15:10:42,324] Trial 0 finished with value: 0.6622663736343384 and parameters: {'lr': 0.003, 'n_epochs': 400, 'alpha_0': 0.03, 'alpha_1': 0.8, 'alpha_2': 0.005, 'alpha_3': 0.7}. Best is trial 0 with value: 0.6622663736343384.
[I 2025-03-21 15:10:51,403] Trial 1 finished with value: 0.740135908126831 and parameters: {'lr': 0.0001, 'n_epochs': 500, 'alpha_0': 0.005, 'alpha_1': 0.8, 'alpha_2': 0.001, 'alpha_3': 0.5}. Best is trial 0 with value: 0.6622663736343384.
... storing 'Rank_Label' as categorical
[I 2025-03-21 15:10:54,174] A new study created in memory with name: no-name-f839bd08-61d3-4e83-b3a3-86280ae677c5
[I 2025-03-21 15:10:58,962] Trial 0 finished with value: 0.705150842666626 and parameters: {'lr': 0.0006, 'n_epochs': 500, 'alpha_0': 0.01, 'alpha_1': 0.7, 'alpha_2': 0.005, 'alpha_3': 0.9}. Best is trial 0 with value: 0.705150842666626.
[I 2025-03-21 15:11:03,683] Trial 1 finished with value: 0.7133134603500366 and parameters: {'lr': 0.001, 'n_epochs': 500, 'alpha_0': 0.005, 'alpha_1': 0.5, 'alpha_2': 0.005, 'alpha_3': 0.5}. Best is trial 0 with value: 0.705150842666626.
... storing 'Rank_Label' as categorical
[I 2025-03-21 15:11:06,457] A new study created in memory with name: no-name-f75128e1-5099-4456-92e5-81d3b3f11de3
[I 2025-03-21 15:11:09,197] Trial 0 finished with value: 0.7521108388900757 and parameters: {'lr': 0.0003, 'n_epochs': 350, 'alpha_0': 0.06, 'alpha_1': 0, 'alpha_2': 0.05, 'alpha_3': 0.2}. Best is trial 0 with value: 0.7521108388900757.
[I 2025-03-21 15:11:12,785] Trial 1 finished with value: 0.702347993850708 and parameters: {'lr': 0.001, 'n_epochs': 400, 'alpha_0': 0.005, 'alpha_1': 0, 'alpha_2': 0.05, 'alpha_3': 0.3}. Best is trial 1 with value: 0.702347993850708.
... storing 'Rank_Label' as categorical
[I 2025-03-21 15:11:15,725] A new study created in memory with name: no-name-fa4da0e1-c815-4a08-99f6-5b4dd66d1646
[I 2025-03-21 15:11:19,524] Trial 0 finished with value: 0.7218921780586243 and parameters: {'lr': 0.0001, 'n_epochs': 400, 'alpha_0': 0.1, 'alpha_1': 0.5, 'alpha_2': 0, 'alpha_3': 0.1}. Best is trial 0 with value: 0.7218921780586243.
[I 2025-03-21 15:11:23,440] Trial 1 finished with value: 0.7953354120254517 and parameters: {'lr': 1e-05, 'n_epochs': 400, 'alpha_0': 0.03, 'alpha_1': 0.8, 'alpha_2': 0, 'alpha_3': 0.7}. Best is trial 0 with value: 0.7218921780586243.
... storing 'Rank_Label' as categorical
[I 2025-03-21 15:11:26,235] A new study created in memory with name: no-name-6c7ef191-138b-4435-b854-e3ce02ea26f1
[I 2025-03-21 15:11:29,247] Trial 0 finished with value: 0.8132887482643127 and parameters: {'lr': 0.006, 'n_epochs': 300, 'alpha_0': 0.06, 'alpha_1': 0, 'alpha_2': 0, 'alpha_3': 0.5}. Best is trial 0 with value: 0.8132887482643127.
[I 2025-03-21 15:11:34,041] Trial 1 finished with value: 0.8073626756668091 and parameters: {'lr': 0.0001, 'n_epochs': 500, 'alpha_0': 0.06, 'alpha_1': 0, 'alpha_2': 0, 'alpha_3': 0.4}. Best is trial 1 with value: 0.8073626756668091.
... storing 'Rank_Label' as categorical
2025-03-21 15:11:36,813 - Finished dataset Data3 in /mnt/NAS_21T/ProjectResult/TiRank/results/ablation/intera_6/Data3
Processing datasets for repeat 6:  80%|â–ˆâ–ˆâ–ˆâ–ˆâ–ˆâ–ˆâ–ˆâ–ˆ  | 8/10 [2:28:04<21:15, 637.54s/it]2025-03-21 15:11:36,815 - Processing dataset Data2 in /mnt/NAS_21T/ProjectResult/TiRank/results/ablation/intera_6/Data2
[I 2025-03-21 15:12:04,147] A new study created in memory with name: no-name-2d654f96-c22c-4d6a-85cf-1c302141d779
[I 2025-03-21 15:12:09,465] Trial 0 finished with value: 0.7284374833106995 and parameters: {'lr': 1e-05, 'n_epochs': 350, 'alpha_0': 0.01, 'alpha_1': 0.8, 'alpha_2': 0.001, 'alpha_3': 0.5}. Best is trial 0 with value: 0.7284374833106995.
