[I 2025-03-21 02:09:14,145] Trial 1 finished with value: 0.7905805110931396 and parameters: {'lr': 0.0006, 'n_epochs': 350, 'alpha_0': 0.1, 'alpha_1': 0.9, 'alpha_2': 0.1, 'alpha_3': 0.3}. Best is trial 0 with value: 0.7779486179351807.
... storing 'Rank_Label' as categorical
Found distributions with means close to 0 and 1 with 3 components.
Reject 0(0.00%) cells.
Inference Done.
We set Rank score < 0.5 as Rank- () while > 0.5 as Rank+ 
The parameters setting of model is: {'n_features': 1000, 'nhead': 2, 'nhid1': 96, 'nhid2': 8, 'n_output': 32, 'nlayers': 3, 'n_pred': 2, 'n_patho': 0, 'dropout': 0.5, 'mode': 'Classification', 'infer_mode': 'SC', 'encoder_type': 'Transformer', 'model_save_path': '/mnt/NAS_21T/ProjectResult/TiRank/results/ablation/intera_1/Data3/3_Analysis/checkpoints'}
Initiate model in trail 0 with mode: Classification, infer mode: SC encoder type: Transformer on device: cuda.
Saving model and plot for Trial 0 with Validation Loss = 0.7148
Initiate model in trail 1 with mode: Classification, infer mode: SC encoder type: Transformer on device: cuda.
Saving model and plot for Trial 1 with Validation Loss = 0.6622
Best hyperparameters: {'lr': 0.01, 'n_epochs': 350, 'alpha_0': 0.01, 'alpha_1': 0.3, 'alpha_2': 0.1, 'alpha_3': 1}
Loading the Best Model.
Starting Inference.
Perform Rejection with GMM mode with tolerance=0.05, components=[3,15]!
Found distributions with means close to 0 and 1 with 3 components.
Reject 18(5.56%) cells.
Inference Done.
We set Rank score < 0.5 as Rank- () while > 0.5 as Rank+ 
The parameters setting of model is: {'n_features': 1000, 'nhead': 2, 'nhid1': 96, 'nhid2': 8, 'n_output': 32, 'nlayers': 3, 'n_pred': 2, 'n_patho': 0, 'dropout': 0.5, 'mode': 'Classification', 'infer_mode': 'SC', 'encoder_type': 'MLP', 'model_save_path': '/mnt/NAS_21T/ProjectResult/TiRank/results/ablation/intera_1/Data3/3_Analysis/checkpoints'}
Initiate model in trail 0 with mode: Classification, infer mode: SC encoder type: MLP on device: cuda.
Saving model and plot for Trial 0 with Validation Loss = 0.6658
Initiate model in trail 1 with mode: Classification, infer mode: SC encoder type: MLP on device: cuda.
Saving model and plot for Trial 1 with Validation Loss = 0.6458
Best hyperparameters: {'lr': 0.0006, 'n_epochs': 300, 'alpha_0': 0.005, 'alpha_1': 0.1, 'alpha_2': 0.1, 'alpha_3': 0.3}
Loading the Best Model.
Starting Inference.
Perform Rejection with GMM mode with tolerance=0.05, components=[3,15]!
Found distributions with means close to 0 and 1 with 13 components.
Reject 289(89.20%) cells.
Inference Done.
We set Rank score < 0.5 as Rank- () while > 0.5 as Rank+ 
The parameters setting of model is: {'n_features': 1000, 'nhead': 2, 'nhid1': 96, 'nhid2': 8, 'n_output': 32, 'nlayers': 3, 'n_pred': 2, 'n_patho': 0, 'dropout': 0.5, 'mode': 'Classification', 'infer_mode': 'SC', 'encoder_type': 'MLP', 'model_save_path': '/mnt/NAS_21T/ProjectResult/TiRank/results/ablation/intera_1/Data3/3_Analysis/checkpoints'}
Initiate model in trail 0 with mode: Classification, infer mode: SC encoder type: MLP on device: cuda with abation on 1.
Saving model and plot for Trial 0 with Validation Loss = 0.6960
Initiate model in trail 1 with mode: Classification, infer mode: SC encoder type: MLP on device: cuda with abation on 1.
Best hyperparameters: {'lr': 0.006, 'n_epochs': 450, 'alpha_0': 0.03, 'alpha_1': 0, 'alpha_2': 0.01, 'alpha_3': 0.9}
Loading the Best Model.
Starting Inference.
Perform Rejection with GMM mode with tolerance=0.05, components=[3,15]!
Underfitting!
Found distributions with means close to 0 and 1 with 3 components.
Reject 0(0.00%) cells.
Inference Done.
We set Rank score < 0.5 as Rank- () while > 0.5 as Rank+ 
The parameters setting of model is: {'n_features': 1000, 'nhead': 2, 'nhid1': 96, 'nhid2': 8, 'n_output': 32, 'nlayers': 3, 'n_pred': 2, 'n_patho': 0, 'dropout': 0.5, 'mode': 'Classification', 'infer_mode': 'SC', 'encoder_type': 'MLP', 'model_save_path': '/mnt/NAS_21T/ProjectResult/TiRank/results/ablation/intera_1/Data3/3_Analysis/checkpoints'}
Initiate model in trail 0 with mode: Classification, infer mode: SC encoder type: MLP on device: cuda with abation on 2.
Saving model and plot for Trial 0 with Validation Loss = 0.8305
Initiate model in trail 1 with mode: Classification, infer mode: SC encoder type: MLP on device: cuda with abation on 2.
Saving model and plot for Trial 1 with Validation Loss = 0.7283
Best hyperparameters: {'lr': 0.0001, 'n_epochs': 500, 'alpha_0': 0.01, 'alpha_1': 0.5, 'alpha_2': 0, 'alpha_3': 0.8}
Loading the Best Model.
Starting Inference.
Perform Rejection with GMM mode with tolerance=0.05, components=[3,15]!
Found distributions with means close to 0 and 1 with 6 components.
Reject 221(68.21%) cells.
Inference Done.
We set Rank score < 0.5 as Rank- () while > 0.5 as Rank+ 
The parameters setting of model is: {'n_features': 1000, 'nhead': 2, 'nhid1': 96, 'nhid2': 8, 'n_output': 32, 'nlayers': 3, 'n_pred': 2, 'n_patho': 0, 'dropout': 0.5, 'mode': 'Classification', 'infer_mode': 'SC', 'encoder_type': 'MLP', 'model_save_path': '/mnt/NAS_21T/ProjectResult/TiRank/results/ablation/intera_1/Data3/3_Analysis/checkpoints'}
Initiate model in trail 0 with mode: Classification, infer mode: SC encoder type: MLP on device: cuda with abation on 1,2.
Saving model and plot for Trial 0 with Validation Loss = 0.7970
Initiate model in trail 1 with mode: Classification, infer mode: SC encoder type: MLP on device: cuda with abation on 1,2.
Saving model and plot for Trial 1 with Validation Loss = 0.7831
Best hyperparameters: {'lr': 0.001, 'n_epochs': 300, 'alpha_0': 0.1, 'alpha_1': 0, 'alpha_2': 0, 'alpha_3': 0.5}
Loading the Best Model.
Starting Inference.
Perform Rejection with GMM mode with tolerance=0.05, components=[3,15]!
Underfitting!
Found distributions with means close to 0 and 1 with 3 components.
Reject 0(0.00%) cells.
Inference Done.
We set Rank score < 0.5 as Rank- () while > 0.5 as Rank+ 
Starting load data for gene pair transformation.
Starting gene pair extraction.
Get candidate genes done.
There are 459 genes up-regulated in Group 0 and 283 genes up-regulated in Group 1.
Get candidate gene pairs done.
Profile transformation done.
Starting save gene pair matrices.
Save gene pair matrices done.
Save informative gene matrices done.
The parameters setting of model is: {'n_features': 1000, 'nhead': 2, 'nhid1': 96, 'nhid2': 8, 'n_output': 32, 'nlayers': 3, 'n_pred': 2, 'n_patho': 0, 'dropout': 0.5, 'mode': 'Classification', 'infer_mode': 'SC', 'encoder_type': 'DenseNet', 'model_save_path': '/mnt/NAS_21T/ProjectResult/TiRank/results/ablation/intera_1/Data2/3_Analysis/checkpoints'}
Initiate model in trail 0 with mode: Classification, infer mode: SC encoder type: DenseNet on device: cuda.
Saving model and plot for Trial 0 with Validation Loss = 0.7115
Initiate model in trail 1 with mode: Classification, infer mode: SC encoder type: DenseNet on device: cuda.
Best hyperparameters: {'lr': 0.003, 'n_epochs': 450, 'alpha_0': 0.03, 'alpha_1': 0.7, 'alpha_2': 0.1, 'alpha_3': 1}
Loading the Best Model.
Starting Inference.
Perform Rejection with GMM mode with tolerance=0.05, components=[3,15]!
Found distributions with means close to 0 and 1 with 3 components.
Reject 88(17.36%) cells.
Inference Done.
We set Rank score < 0.5 as Rank- () while > 0.5 as Rank+ 
The parameters setting of model is: {'n_features': 1000, 'nhead': 2, 'nhid1': 96, 'nhid2': 8, 'n_output': 32, 'nlayers': 3, 'n_pred': 2, 'n_patho': 0, 'dropout': 0.5, 'mode': 'Classification', 'infer_mode': 'SC', 'encoder_type': 'Transformer', 'model_save_path': '/mnt/NAS_21T/ProjectResult/TiRank/results/ablation/intera_1/Data2/3_Analysis/checkpoints'}
Initiate model in trail 0 with mode: Classification, infer mode: SC encoder type: Transformer on device: cuda.
Saving model and plot for Trial 0 with Validation Loss = 0.7779
Initiate model in trail 1 with mode: Classification, infer mode: SC encoder type: Transformer on device: cuda.
Best hyperparameters: {'lr': 1e-05, 'n_epochs': 500, 'alpha_0': 0.01, 'alpha_1': 0.7, 'alpha_2': 0.1, 'alpha_3': 1}
Loading the Best Model.
Starting Inference.
Perform Rejection with GMM mode with tolerance=0.05, components=[3,15]!
Underfitting!
Found distributions with means close to 0 and 1 with 3 components.
Reject 0(0.00%) cells.
Inference Done.
We set Rank score < 0.5 as Rank- () while > 0.5 as Rank+ 
The parameters setting of model is: [I 2025-03-21 02:09:17,468] A new study created in memory with name: no-name-2c7043b3-0c28-4d28-b854-a47b5b1ec8e1
[I 2025-03-21 02:09:22,042] Trial 0 finished with value: 0.7917992472648621 and parameters: {'lr': 1e-06, 'n_epochs': 350, 'alpha_0': 0.005, 'alpha_1': 0.9, 'alpha_2': 0.1, 'alpha_3': 0.2}. Best is trial 0 with value: 0.7917992472648621.
[I 2025-03-21 02:09:25,235] Trial 1 finished with value: 0.7955499887466431 and parameters: {'lr': 0.0006, 'n_epochs': 300, 'alpha_0': 0.03, 'alpha_1': 0.3, 'alpha_2': 0.005, 'alpha_3': 0.3}. Best is trial 0 with value: 0.7917992472648621.
... storing 'Rank_Label' as categorical
[I 2025-03-21 02:09:28,534] A new study created in memory with name: no-name-90f32f4d-5f5d-4945-a731-f16aedf1e423
[I 2025-03-21 02:09:32,925] Trial 0 finished with value: 0.7656317353248596 and parameters: {'lr': 0.0006, 'n_epochs': 350, 'alpha_0': 0.01, 'alpha_1': 0, 'alpha_2': 0.01, 'alpha_3': 0.6}. Best is trial 0 with value: 0.7656317353248596.
[I 2025-03-21 02:09:37,860] Trial 1 finished with value: 0.7322697639465332 and parameters: {'lr': 0.0003, 'n_epochs': 400, 'alpha_0': 0.01, 'alpha_1': 0, 'alpha_2': 0.1, 'alpha_3': 1}. Best is trial 1 with value: 0.7322697639465332.
... storing 'Rank_Label' as categorical
[I 2025-03-21 02:09:41,836] A new study created in memory with name: no-name-b852a2ec-2aed-4879-9923-50e62e7c689a
[I 2025-03-21 02:09:46,122] Trial 0 finished with value: 0.7854740619659424 and parameters: {'lr': 1e-05, 'n_epochs': 350, 'alpha_0': 0.01, 'alpha_1': 0.9, 'alpha_2': 0, 'alpha_3': 0.7}. Best is trial 0 with value: 0.7854740619659424.
[I 2025-03-21 02:09:51,827] Trial 1 finished with value: 0.7315536737442017 and parameters: {'lr': 0.0001, 'n_epochs': 450, 'alpha_0': 0.01, 'alpha_1': 0.8, 'alpha_2': 0, 'alpha_3': 0.4}. Best is trial 1 with value: 0.7315536737442017.
... storing 'Rank_Label' as categorical
[I 2025-03-21 02:09:55,220] A new study created in memory with name: no-name-22875451-6e89-4c98-8274-2db1de00b91c
[I 2025-03-21 02:10:00,172] Trial 0 finished with value: 0.7897612452507019 and parameters: {'lr': 1e-06, 'n_epochs': 400, 'alpha_0': 0.03, 'alpha_1': 0, 'alpha_2': 0, 'alpha_3': 0.5}. Best is trial 0 with value: 0.7897612452507019.
[I 2025-03-21 02:10:04,559] Trial 1 finished with value: 0.7907331585884094 and parameters: {'lr': 1e-05, 'n_epochs': 350, 'alpha_0': 0.01, 'alpha_1': 0, 'alpha_2': 0, 'alpha_3': 0.5}. Best is trial 0 with value: 0.7897612452507019.
... storing 'Rank_Label' as categorical
2025-03-21 02:10:07,890 - Finished dataset Data2 in /mnt/NAS_21T/ProjectResult/TiRank/results/ablation/intera_1/Data2
Processing datasets for repeat 1:  90%|â–ˆâ–ˆâ–ˆâ–ˆâ–ˆâ–ˆâ–ˆâ–ˆâ–ˆ | 9/10 [2:34:56<08:09, 489.56s/it]2025-03-21 02:10:07,892 - Processing dataset Data1 in /mnt/NAS_21T/ProjectResult/TiRank/results/ablation/intera_1/Data1
[I 2025-03-21 02:10:45,210] A new study created in memory with name: no-name-8f12b2a4-dcee-41fe-a552-795bd9d810d4
[I 2025-03-21 02:10:50,844] Trial 0 finished with value: 0.8191652894020081 and parameters: {'lr': 0.0001, 'n_epochs': 500, 'alpha_0': 0.005, 'alpha_1': 0.3, 'alpha_2': 0.005, 'alpha_3': 0.2}. Best is trial 0 with value: 0.8191652894020081.
[I 2025-03-21 02:10:56,522] Trial 1 finished with value: 0.7170961499214172 and parameters: {'lr': 0.0006, 'n_epochs': 450, 'alpha_0': 0.03, 'alpha_1': 0.1, 'alpha_2': 0.05, 'alpha_3': 0.5}. Best is trial 1 with value: 0.7170961499214172.
... storing 'Rank_Label' as categorical
[I 2025-03-21 02:11:00,087] A new study created in memory with name: no-name-562bcdb9-d360-4bcb-8b27-d98f31f44f7a
[I 2025-03-21 02:11:08,074] Trial 0 finished with value: 0.8268833160400391 and parameters: {'lr': 0.0006, 'n_epochs': 450, 'alpha_0': 0.06, 'alpha_1': 0.7, 'alpha_2': 0.05, 'alpha_3': 0.7}. Best is trial 0 with value: 0.8268833160400391.
[I 2025-03-21 02:11:13,061] Trial 1 finished with value: 0.7421425580978394 and parameters: {'lr': 0.0001, 'n_epochs': 300, 'alpha_0': 0.01, 'alpha_1': 0.4, 'alpha_2': 0.005, 'alpha_3': 0.2}. Best is trial 1 with value: 0.7421425580978394.
... storing 'Rank_Label' as categorical
[I 2025-03-21 02:11:16,424] A new study created in memory with name: no-name-0990fb2a-d1be-4e70-9141-812dd69b0e1e
[I 2025-03-21 02:11:19,471] Trial 0 finished with value: 0.7765201330184937 and parameters: {'lr': 0.003, 'n_epochs': 300, 'alpha_0': 0.005, 'alpha_1': 0.1, 'alpha_2': 0.05, 'alpha_3': 0.5}. Best is trial 0 with value: 0.7765201330184937.
[I 2025-03-21 02:11:23,322] Trial 1 finished with value: 0.7885794043540955 and parameters: {'lr': 0.003, 'n_epochs': 400, 'alpha_0': 0.06, 'alpha_1': 1, 'alpha_2': 0.05, 'alpha_3': 0.9}. Best is trial 0 with value: 0.7765201330184937.
... storing 'Rank_Label' as categorical
{'n_features': 1000, 'nhead': 2, 'nhid1': 96, 'nhid2': 8, 'n_output': 32, 'nlayers': 3, 'n_pred': 2, 'n_patho': 0, 'dropout': 0.5, 'mode': 'Classification', 'infer_mode': 'SC', 'encoder_type': 'MLP', 'model_save_path': '/mnt/NAS_21T/ProjectResult/TiRank/results/ablation/intera_1/Data2/3_Analysis/checkpoints'}
Initiate model in trail 0 with mode: Classification, infer mode: SC encoder type: MLP on device: cuda.
Saving model and plot for Trial 0 with Validation Loss = 0.7918
Initiate model in trail 1 with mode: Classification, infer mode: SC encoder type: MLP on device: cuda.
Best hyperparameters: {'lr': 1e-06, 'n_epochs': 350, 'alpha_0': 0.005, 'alpha_1': 0.9, 'alpha_2': 0.1, 'alpha_3': 0.2}
Loading the Best Model.
Starting Inference.
Perform Rejection with GMM mode with tolerance=0.05, components=[3,15]!
Underfitting!
Found distributions with means close to 0 and 1 with 3 components.
Reject 0(0.00%) cells.
Inference Done.
We set Rank score < 0.5 as Rank- () while > 0.5 as Rank+ 
The parameters setting of model is: {'n_features': 1000, 'nhead': 2, 'nhid1': 96, 'nhid2': 8, 'n_output': 32, 'nlayers': 3, 'n_pred': 2, 'n_patho': 0, 'dropout': 0.5, 'mode': 'Classification', 'infer_mode': 'SC', 'encoder_type': 'MLP', 'model_save_path': '/mnt/NAS_21T/ProjectResult/TiRank/results/ablation/intera_1/Data2/3_Analysis/checkpoints'}
Initiate model in trail 0 with mode: Classification, infer mode: SC encoder type: MLP on device: cuda with abation on 1.
Saving model and plot for Trial 0 with Validation Loss = 0.7656
Initiate model in trail 1 with mode: Classification, infer mode: SC encoder type: MLP on device: cuda with abation on 1.
Saving model and plot for Trial 1 with Validation Loss = 0.7323
Best hyperparameters: {'lr': 0.0003, 'n_epochs': 400, 'alpha_0': 0.01, 'alpha_1': 0, 'alpha_2': 0.1, 'alpha_3': 1}
Loading the Best Model.
Starting Inference.
Perform Rejection with GMM mode with tolerance=0.05, components=[3,15]!
Underfitting!
Found distributions with means close to 0 and 1 with 3 components.
Reject 0(0.00%) cells.
Inference Done.
We set Rank score < 0.5 as Rank- () while > 0.5 as Rank+ 
The parameters setting of model is: {'n_features': 1000, 'nhead': 2, 'nhid1': 96, 'nhid2': 8, 'n_output': 32, 'nlayers': 3, 'n_pred': 2, 'n_patho': 0, 'dropout': 0.5, 'mode': 'Classification', 'infer_mode': 'SC', 'encoder_type': 'MLP', 'model_save_path': '/mnt/NAS_21T/ProjectResult/TiRank/results/ablation/intera_1/Data2/3_Analysis/checkpoints'}
Initiate model in trail 0 with mode: Classification, infer mode: SC encoder type: MLP on device: cuda with abation on 2.
Saving model and plot for Trial 0 with Validation Loss = 0.7855
Initiate model in trail 1 with mode: Classification, infer mode: SC encoder type: MLP on device: cuda with abation on 2.
Saving model and plot for Trial 1 with Validation Loss = 0.7316
Best hyperparameters: {'lr': 0.0001, 'n_epochs': 450, 'alpha_0': 0.01, 'alpha_1': 0.8, 'alpha_2': 0, 'alpha_3': 0.4}
Loading the Best Model.
Starting Inference.
Perform Rejection with GMM mode with tolerance=0.05, components=[3,15]!
Two distribution rejection faild.
Perform single distribution rejection.
Found distributions with means close to 1 with 3 components.
Reject 99(19.53%) cells.
Inference Done.
We set Rank score < 0.5 as Rank- () while > 0.5 as Rank+ 
The parameters setting of model is: {'n_features': 1000, 'nhead': 2, 'nhid1': 96, 'nhid2': 8, 'n_output': 32, 'nlayers': 3, 'n_pred': 2, 'n_patho': 0, 'dropout': 0.5, 'mode': 'Classification', 'infer_mode': 'SC', 'encoder_type': 'MLP', 'model_save_path': '/mnt/NAS_21T/ProjectResult/TiRank/results/ablation/intera_1/Data2/3_Analysis/checkpoints'}
Initiate model in trail 0 with mode: Classification, infer mode: SC encoder type: MLP on device: cuda with abation on 1,2.
Saving model and plot for Trial 0 with Validation Loss = 0.7898
Initiate model in trail 1 with mode: Classification, infer mode: SC encoder type: MLP on device: cuda with abation on 1,2.
Best hyperparameters: {'lr': 1e-06, 'n_epochs': 400, 'alpha_0': 0.03, 'alpha_1': 0, 'alpha_2': 0, 'alpha_3': 0.5}
Loading the Best Model.
Starting Inference.
Perform Rejection with GMM mode with tolerance=0.05, components=[3,15]!
Underfitting!
Found distributions with means close to 0 and 1 with 3 components.
Reject 0(0.00%) cells.
Inference Done.
We set Rank score < 0.5 as Rank- () while > 0.5 as Rank+ 
Starting load data for gene pair transformation.
Starting gene pair extraction.
Get candidate genes done.
There are 219 genes up-regulated in Group 0 and 1096 genes up-regulated in Group 1.
Get candidate gene pairs done.
Profile transformation done.
Starting save gene pair matrices.
Save gene pair matrices done.
Save informative gene matrices done.
The parameters setting of model is: {'n_features': 1000, 'nhead': 2, 'nhid1': 96, 'nhid2': 8, 'n_output': 32, 'nlayers': 3, 'n_pred': 2, 'n_patho': 0, 'dropout': 0.5, 'mode': 'Classification', 'infer_mode': 'SC', 'encoder_type': 'DenseNet', 'model_save_path': '/mnt/NAS_21T/ProjectResult/TiRank/results/ablation/intera_1/Data1/3_Analysis/checkpoints'}
Initiate model in trail 0 with mode: Classification, infer mode: SC encoder type: DenseNet on device: cuda.
Saving model and plot for Trial 0 with Validation Loss = 0.8192
Initiate model in trail 1 with mode: Classification, infer mode: SC encoder type: DenseNet on device: cuda.
Saving model and plot for Trial 1 with Validation Loss = 0.7171
Best hyperparameters: {'lr': 0.0006, 'n_epochs': 450, 'alpha_0': 0.03, 'alpha_1': 0.1, 'alpha_2': 0.05, 'alpha_3': 0.5}
Loading the Best Model.
Starting Inference.
Perform Rejection with GMM mode with tolerance=0.05, components=[3,15]!
Found distributions with means close to 0 and 1 with 6 components.
Reject 327(64.50%) cells.
Inference Done.
We set Rank score < 0.5 as Rank- () while > 0.5 as Rank+ 
The parameters setting of model is: {'n_features': 1000, 'nhead': 2, 'nhid1': 96, 'nhid2': 8, 'n_output': 32, 'nlayers': 3, 'n_pred': 2, 'n_patho': 0, 'dropout': 0.5, 'mode': 'Classification', 'infer_mode': 'SC', 'encoder_type': 'Transformer', 'model_save_path': '/mnt/NAS_21T/ProjectResult/TiRank/results/ablation/intera_1/Data1/3_Analysis/checkpoints'}
Initiate model in trail 0 with mode: Classification, infer mode: SC encoder type: Transformer on device: cuda.
Saving model and plot for Trial 0 with Validation Loss = 0.8269
Initiate model in trail 1 with mode: Classification, infer mode: SC encoder type: Transformer on device: cuda.
Saving model and plot for Trial 1 with Validation Loss = 0.7421
Best hyperparameters: {'lr': 0.0001, 'n_epochs': 300, 'alpha_0': 0.01, 'alpha_1': 0.4, 'alpha_2': 0.005, 'alpha_3': 0.2}
Loading the Best Model.
Starting Inference.
Perform Rejection with GMM mode with tolerance=0.05, components=[3,15]!
Found distributions with means close to 0 and 1 with 3 components.
Reject 111(21.89%) cells.
Inference Done.
We set Rank score < 0.5 as Rank- () while > 0.5 as Rank+ 
The parameters setting of model is: {'n_features': 1000, 'nhead': 2, 'nhid1': 96, 'nhid2': 8, 'n_output': 32, 'nlayers': 3, 'n_pred': 2, 'n_patho': 0, 'dropout': 0.5, 'mode': 'Classification', 'infer_mode': 'SC', 'encoder_type': 'MLP', 'model_save_path': '/mnt/NAS_21T/ProjectResult/TiRank/results/ablation/intera_1/Data1/3_Analysis/checkpoints'}
Initiate model in trail 0 with mode: Classification, infer mode: SC encoder type: MLP on device: cuda.
Saving model and plot for Trial 0 with Validation Loss = 0.7765
Initiate model in trail 1 with mode: Classification, infer mode: SC encoder type: MLP on device: cuda.
Best hyperparameters: {'lr': 0.003, 'n_epochs': 300, 'alpha_0': 0.005, 'alpha_1': 0.1, 'alpha_2': 0.05, 'alpha_3': 0.5}
Loading the Best Model.
Starting Inference.
Perform Rejection with GMM mode with tolerance=0.05, components=[3,15]!
Found distributions with means close to 0 and 1 with 7 components.
Reject 345(68.05%) cells.
Inference Done.
We set Rank score < 0.5 as Rank- () while > 0.5 as Rank+ 
The parameters setting of model is: [I 2025-03-21 02:11:26,653] A new study created in memory with name: no-name-ea23d239-6fd2-4908-91df-458f2a2bb5ee
[I 2025-03-21 02:11:29,542] Trial 0 finished with value: 0.7671908140182495 and parameters: {'lr': 1e-05, 'n_epochs': 300, 'alpha_0': 0.01, 'alpha_1': 0, 'alpha_2': 0.05, 'alpha_3': 0.8}. Best is trial 0 with value: 0.7671908140182495.
[I 2025-03-21 02:11:32,878] Trial 1 finished with value: 0.7297510504722595 and parameters: {'lr': 0.0001, 'n_epochs': 350, 'alpha_0': 0.01, 'alpha_1': 0, 'alpha_2': 0.01, 'alpha_3': 0.6}. Best is trial 1 with value: 0.7297510504722595.
... storing 'Rank_Label' as categorical
[I 2025-03-21 02:11:36,166] A new study created in memory with name: no-name-dab8f6a3-5f01-45ce-9ffa-c292cfd7fe57
