[I 2025-03-21 11:57:34,322] Trial 1 finished with value: 0.5655050485030465 and parameters: {'lr': 0.01, 'n_epochs': 350, 'alpha_0': 0.03, 'alpha_1': 0.6, 'alpha_2': 0.05, 'alpha_3': 0.3}. Best is trial 1 with value: 0.5655050485030465.
... storing 'Rank_Label' as categorical
[I 2025-03-21 11:59:23,495] A new study created in memory with name: no-name-64b031ee-9dc5-429b-a459-7d97cf34635f
{'n_features': 1000, 'nhead': 2, 'nhid1': 96, 'nhid2': 8, 'n_output': 32, 'nlayers': 3, 'n_pred': 2, 'n_patho': 0, 'dropout': 0.5, 'mode': 'Classification', 'infer_mode': 'SC', 'encoder_type': 'MLP', 'model_save_path': '/mnt/NAS_21T/ProjectResult/TiRank/results/ablation/intera_5/Data8/3_Analysis/checkpoints'}
Initiate model in trail 0 with mode: Classification, infer mode: SC encoder type: MLP on device: cuda.
Saving model and plot for Trial 0 with Validation Loss = 0.5833
Initiate model in trail 1 with mode: Classification, infer mode: SC encoder type: MLP on device: cuda.
Best hyperparameters: {'lr': 0.001, 'n_epochs': 450, 'alpha_0': 0.01, 'alpha_1': 0.8, 'alpha_2': 0.01, 'alpha_3': 0.2}
Loading the Best Model.
Starting Inference.
Perform Rejection with GMM mode with tolerance=0.05, components=[3,15]!
Found distributions with means close to 0 and 1 with 8 components.
Reject 10777(45.99%) cells.
Inference Done.
We set Rank score < 0.5 as Rank- () while > 0.5 as Rank+ 
The parameters setting of model is: {'n_features': 1000, 'nhead': 2, 'nhid1': 96, 'nhid2': 8, 'n_output': 32, 'nlayers': 3, 'n_pred': 2, 'n_patho': 0, 'dropout': 0.5, 'mode': 'Classification', 'infer_mode': 'SC', 'encoder_type': 'MLP', 'model_save_path': '/mnt/NAS_21T/ProjectResult/TiRank/results/ablation/intera_5/Data8/3_Analysis/checkpoints'}
Initiate model in trail 0 with mode: Classification, infer mode: SC encoder type: MLP on device: cuda with abation on 1.
Saving model and plot for Trial 0 with Validation Loss = 0.7579
Initiate model in trail 1 with mode: Classification, infer mode: SC encoder type: MLP on device: cuda with abation on 1.
Best hyperparameters: {'lr': 0.003, 'n_epochs': 500, 'alpha_0': 0.005, 'alpha_1': 0, 'alpha_2': 0.001, 'alpha_3': 0.6}
Loading the Best Model.
Starting Inference.
Perform Rejection with GMM mode with tolerance=0.05, components=[3,15]!
Underfitting!
Found distributions with means close to 0 and 1 with 3 components.
Reject 0(0.00%) cells.
Inference Done.
We set Rank score < 0.5 as Rank- () while > 0.5 as Rank+ 
The parameters setting of model is: {'n_features': 1000, 'nhead': 2, 'nhid1': 96, 'nhid2': 8, 'n_output': 32, 'nlayers': 3, 'n_pred': 2, 'n_patho': 0, 'dropout': 0.5, 'mode': 'Classification', 'infer_mode': 'SC', 'encoder_type': 'MLP', 'model_save_path': '/mnt/NAS_21T/ProjectResult/TiRank/results/ablation/intera_5/Data8/3_Analysis/checkpoints'}
Initiate model in trail 0 with mode: Classification, infer mode: SC encoder type: MLP on device: cuda with abation on 2.
Saving model and plot for Trial 0 with Validation Loss = 0.7582
Initiate model in trail 1 with mode: Classification, infer mode: SC encoder type: MLP on device: cuda with abation on 2.
Saving model and plot for Trial 1 with Validation Loss = 0.7283
Best hyperparameters: {'lr': 0.006, 'n_epochs': 400, 'alpha_0': 0.1, 'alpha_1': 0.4, 'alpha_2': 0, 'alpha_3': 0.5}
Loading the Best Model.
Starting Inference.
Perform Rejection with GMM mode with tolerance=0.05, components=[3,15]!
Found distributions with means close to 0 and 1 with 3 components.
Reject 167(0.71%) cells.
Inference Done.
We set Rank score < 0.5 as Rank- () while > 0.5 as Rank+ 
The parameters setting of model is: {'n_features': 1000, 'nhead': 2, 'nhid1': 96, 'nhid2': 8, 'n_output': 32, 'nlayers': 3, 'n_pred': 2, 'n_patho': 0, 'dropout': 0.5, 'mode': 'Classification', 'infer_mode': 'SC', 'encoder_type': 'MLP', 'model_save_path': '/mnt/NAS_21T/ProjectResult/TiRank/results/ablation/intera_5/Data8/3_Analysis/checkpoints'}
Initiate model in trail 0 with mode: Classification, infer mode: SC encoder type: MLP on device: cuda with abation on 1,2.
Saving model and plot for Trial 0 with Validation Loss = 0.8077
Initiate model in trail 1 with mode: Classification, infer mode: SC encoder type: MLP on device: cuda with abation on 1,2.
Best hyperparameters: {'lr': 0.0006, 'n_epochs': 350, 'alpha_0': 0.03, 'alpha_1': 0, 'alpha_2': 0, 'alpha_3': 0.1}
Loading the Best Model.
Starting Inference.
Perform Rejection with GMM mode with tolerance=0.05, components=[3,15]!
Underfitting!
Found distributions with means close to 0 and 1 with 3 components.
Reject 0(0.00%) cells.
Inference Done.
We set Rank score < 0.5 as Rank- () while > 0.5 as Rank+ 
Starting load data for gene pair transformation.
Starting gene pair extraction.
Get candidate genes done.
There are 707 genes up-regulated in Group 0 and 445 genes up-regulated in Group 1.
Get candidate gene pairs done.
Profile transformation done.
Starting save gene pair matrices.
Save gene pair matrices done.
Save informative gene matrices done.
The parameters setting of model is: {'n_features': 1000, 'nhead': 2, 'nhid1': 96, 'nhid2': 8, 'n_output': 32, 'nlayers': 3, 'n_pred': 2, 'n_patho': 0, 'dropout': 0.5, 'mode': 'Classification', 'infer_mode': 'SC', 'encoder_type': 'DenseNet', 'model_save_path': '/mnt/NAS_21T/ProjectResult/TiRank/results/ablation/intera_5/Data7/3_Analysis/checkpoints'}
Initiate model in trail 0 with mode: Classification, infer mode: SC encoder type: DenseNet on device: cuda.
Saving model and plot for Trial 0 with Validation Loss = 0.7360
Initiate model in trail 1 with mode: Classification, infer mode: SC encoder type: DenseNet on device: cuda.
Best hyperparameters: {'lr': 0.0001, 'n_epochs': 400, 'alpha_0': 0.06, 'alpha_1': 0.9, 'alpha_2': 0.001, 'alpha_3': 0.7}
Loading the Best Model.
Starting Inference.
Perform Rejection with GMM mode with tolerance=0.05, components=[3,15]!
Found distributions with means close to 0 and 1 with 3 components.
Reject 5233(22.33%) cells.
Inference Done.
We set Rank score < 0.5 as Rank- () while > 0.5 as Rank+ 
The parameters setting of model is: {'n_features': 1000, 'nhead': 2, 'nhid1': 96, 'nhid2': 8, 'n_output': 32, 'nlayers': 3, 'n_pred': 2, 'n_patho': 0, 'dropout': 0.5, 'mode': 'Classification', 'infer_mode': 'SC', 'encoder_type': 'Transformer', 'model_save_path': '/mnt/NAS_21T/ProjectResult/TiRank/results/ablation/intera_5/Data7/3_Analysis/checkpoints'}
Initiate model in trail 0 with mode: Classification, infer mode: SC encoder type: Transformer on device: cuda.
Saving model and plot for Trial 0 with Validation Loss = 0.7702
Initiate model in trail 1 with mode: Classification, infer mode: SC encoder type: Transformer on device: cuda.
Saving model and plot for Trial 1 with Validation Loss = 0.7024
Best hyperparameters: {'lr': 0.0001, 'n_epochs': 500, 'alpha_0': 0.1, 'alpha_1': 0.1, 'alpha_2': 0.1, 'alpha_3': 0.2}
Loading the Best Model.
Starting Inference.
Perform Rejection with GMM mode with tolerance=0.05, components=[3,15]!
Found distributions with means close to 0 and 1 with 10 components.
Reject 22804(97.31%) cells.
Inference Done.
We set Rank score < 0.5 as Rank- () while > 0.5 as Rank+ 
The parameters setting of model is: {'n_features': 1000, 'nhead': 2, 'nhid1': 96, 'nhid2': 8, 'n_output': 32, 'nlayers': 3, 'n_pred': 2, 'n_patho': 0, 'dropout': 0.5, 'mode': 'Classification', 'infer_mode': 'SC', 'encoder_type': 'MLP', 'model_save_path': '/mnt/NAS_21T/ProjectResult/TiRank/results/ablation/intera_5/Data7/3_Analysis/checkpoints'}
Initiate model in trail 0 with mode: Classification, infer mode: SC encoder type: MLP on device: cuda.
Saving model and plot for Trial 0 with Validation Loss = 0.8066
Initiate model in trail 1 with mode: Classification, infer mode: SC encoder type: MLP on device: cuda.
Saving model and plot for Trial 1 with Validation Loss = 0.5655
Best hyperparameters: {'lr': 0.01, 'n_epochs': 350, 'alpha_0': 0.03, 'alpha_1': 0.6, 'alpha_2': 0.05, 'alpha_3': 0.3}
Loading the Best Model.
Starting Inference.
Perform Rejection with GMM mode with tolerance=0.05, components=[3,15]!
Found distributions with means close to 0 and 1 with 3 components.
Reject 0(0.00%) cells.
Inference Done.
We set Rank score < 0.5 as Rank- () while > 0.5 as Rank+ 
The parameters setting of model is: {'n_features': 1000, 'nhead': 2, 'nhid1': 96, 'nhid2': 8, 'n_output': 32, 'nlayers': 3, 'n_pred': 2, 'n_patho': 0, 'dropout': 0.5, 'mode': 'Classification', 'infer_mode': 'SC', 'encoder_type': 'MLP', 'model_save_path': '/mnt/NAS_21T/ProjectResult/TiRank/results/ablation/intera_5/Data7/3_Analysis/checkpoints'}
[I 2025-03-21 12:03:25,946] Trial 0 finished with value: 0.7279033868209176 and parameters: {'lr': 1e-05, 'n_epochs': 350, 'alpha_0': 0.1, 'alpha_1': 0, 'alpha_2': 0.05, 'alpha_3': 0.1}. Best is trial 0 with value: 0.7279033868209176.
[I 2025-03-21 12:08:36,605] Trial 1 finished with value: 0.8357407632081405 and parameters: {'lr': 0.006, 'n_epochs': 450, 'alpha_0': 0.03, 'alpha_1': 0, 'alpha_2': 0.001, 'alpha_3': 0.4}. Best is trial 0 with value: 0.7279033868209176.
... storing 'Rank_Label' as categorical
[I 2025-03-21 12:10:25,876] A new study created in memory with name: no-name-7eaefab9-0c1f-4acf-84a6-5693631fd4cb
[I 2025-03-21 12:13:39,928] Trial 0 finished with value: 0.79932861742766 and parameters: {'lr': 1e-06, 'n_epochs': 300, 'alpha_0': 0.005, 'alpha_1': 0.9, 'alpha_2': 0, 'alpha_3': 0.6}. Best is trial 0 with value: 0.79932861742766.
[I 2025-03-21 12:17:00,746] Trial 1 finished with value: 0.7466551506001017 and parameters: {'lr': 0.0006, 'n_epochs': 300, 'alpha_0': 0.06, 'alpha_1': 0.8, 'alpha_2': 0, 'alpha_3': 0.8}. Best is trial 1 with value: 0.7466551506001017.
... storing 'Rank_Label' as categorical
[I 2025-03-21 12:18:51,070] A new study created in memory with name: no-name-df4c7f11-2ffc-4739-be52-55cbc8962244
[I 2025-03-21 12:23:20,161] Trial 0 finished with value: 0.7474613267442455 and parameters: {'lr': 0.01, 'n_epochs': 400, 'alpha_0': 0.005, 'alpha_1': 0, 'alpha_2': 0, 'alpha_3': 1}. Best is trial 0 with value: 0.7474613267442455.
[I 2025-03-21 12:28:02,956] Trial 1 finished with value: 0.776280068832895 and parameters: {'lr': 1e-05, 'n_epochs': 400, 'alpha_0': 0.06, 'alpha_1': 0, 'alpha_2': 0, 'alpha_3': 1}. Best is trial 0 with value: 0.7474613267442455.
... storing 'Rank_Label' as categorical
2025-03-21 12:29:50,178 - Finished dataset Data7 in /mnt/NAS_21T/ProjectResult/TiRank/results/ablation/intera_5/Data7
Processing datasets for repeat 5:  40%|â–ˆâ–ˆâ–ˆâ–ˆ      | 4/10 [2:38:46<5:14:44, 3147.43s/it]2025-03-21 12:29:50,188 - Processing dataset Data6 in /mnt/NAS_21T/ProjectResult/TiRank/results/ablation/intera_5/Data6
[I 2025-03-21 12:30:11,606] A new study created in memory with name: no-name-b1387a29-8090-4b63-8297-dd8965628ed5
[I 2025-03-21 12:30:23,496] Trial 0 finished with value: 0.580772340297699 and parameters: {'lr': 0.0003, 'n_epochs': 350, 'alpha_0': 0.005, 'alpha_1': 0.1, 'alpha_2': 0.005, 'alpha_3': 0.9}. Best is trial 0 with value: 0.580772340297699.
[I 2025-03-21 12:30:40,296] Trial 1 finished with value: 0.6974723935127258 and parameters: {'lr': 0.006, 'n_epochs': 500, 'alpha_0': 0.03, 'alpha_1': 0.7, 'alpha_2': 0.05, 'alpha_3': 0.6}. Best is trial 0 with value: 0.580772340297699.
... storing 'Rank_Label' as categorical
[I 2025-03-21 12:30:43,285] A new study created in memory with name: no-name-7bf912df-7c94-43bd-a69e-9f5c48c313c8
[I 2025-03-21 12:30:55,488] Trial 0 finished with value: 0.8055522441864014 and parameters: {'lr': 1e-06, 'n_epochs': 300, 'alpha_0': 0.01, 'alpha_1': 0.6, 'alpha_2': 0.001, 'alpha_3': 0.8}. Best is trial 0 with value: 0.8055522441864014.
[I 2025-03-21 12:31:16,726] Trial 1 finished with value: 0.6901399195194244 and parameters: {'lr': 0.01, 'n_epochs': 500, 'alpha_0': 0.1, 'alpha_1': 1, 'alpha_2': 0.1, 'alpha_3': 0.5}. Best is trial 1 with value: 0.6901399195194244.
... storing 'Rank_Label' as categorical
[I 2025-03-21 12:31:19,644] A new study created in memory with name: no-name-145a95d7-1fc5-4038-9dbc-1edeeaf16356
[I 2025-03-21 12:31:32,018] Trial 0 finished with value: 0.6203708946704865 and parameters: {'lr': 0.0003, 'n_epochs': 400, 'alpha_0': 0.005, 'alpha_1': 0.5, 'alpha_2': 0.001, 'alpha_3': 0.1}. Best is trial 0 with value: 0.6203708946704865.
[I 2025-03-21 12:31:43,623] Trial 1 finished with value: 0.6190474927425385 and parameters: {'lr': 0.0001, 'n_epochs': 350, 'alpha_0': 0.01, 'alpha_1': 0.5, 'alpha_2': 0.01, 'alpha_3': 0.3}. Best is trial 1 with value: 0.6190474927425385.
... storing 'Rank_Label' as categorical
[I 2025-03-21 12:31:46,564] A new study created in memory with name: no-name-92ac45d7-db6d-4c0f-a9ce-053cd89e85cc
[I 2025-03-21 12:31:55,358] Trial 0 finished with value: 0.8013133406639099 and parameters: {'lr': 0.006, 'n_epochs': 300, 'alpha_0': 0.005, 'alpha_1': 0, 'alpha_2': 0.1, 'alpha_3': 0.6}. Best is trial 0 with value: 0.8013133406639099.
[I 2025-03-21 12:32:07,565] Trial 1 finished with value: 0.7825801968574524 and parameters: {'lr': 0.0001, 'n_epochs': 400, 'alpha_0': 0.1, 'alpha_1': 0, 'alpha_2': 0.05, 'alpha_3': 0.5}. Best is trial 1 with value: 0.7825801968574524.
... storing 'Rank_Label' as categorical
[I 2025-03-21 12:32:10,471] A new study created in memory with name: no-name-c2e35b32-5639-41cc-af93-21a6d83c03e6
[I 2025-03-21 12:32:22,093] Trial 0 finished with value: 0.6111604273319244 and parameters: {'lr': 0.0003, 'n_epochs': 400, 'alpha_0': 0.1, 'alpha_1': 0.1, 'alpha_2': 0, 'alpha_3': 0.5}. Best is trial 0 with value: 0.6111604273319244.
Initiate model in trail 0 with mode: Classification, infer mode: SC encoder type: MLP on device: cuda with abation on 1.
Saving model and plot for Trial 0 with Validation Loss = 0.7279
Initiate model in trail 1 with mode: Classification, infer mode: SC encoder type: MLP on device: cuda with abation on 1.
Best hyperparameters: {'lr': 1e-05, 'n_epochs': 350, 'alpha_0': 0.1, 'alpha_1': 0, 'alpha_2': 0.05, 'alpha_3': 0.1}
Loading the Best Model.
Starting Inference.
Perform Rejection with GMM mode with tolerance=0.05, components=[3,15]!
Underfitting!
Found distributions with means close to 0 and 1 with 3 components.
Reject 0(0.00%) cells.
Inference Done.
We set Rank score < 0.5 as Rank- () while > 0.5 as Rank+ 
The parameters setting of model is: {'n_features': 1000, 'nhead': 2, 'nhid1': 96, 'nhid2': 8, 'n_output': 32, 'nlayers': 3, 'n_pred': 2, 'n_patho': 0, 'dropout': 0.5, 'mode': 'Classification', 'infer_mode': 'SC', 'encoder_type': 'MLP', 'model_save_path': '/mnt/NAS_21T/ProjectResult/TiRank/results/ablation/intera_5/Data7/3_Analysis/checkpoints'}
Initiate model in trail 0 with mode: Classification, infer mode: SC encoder type: MLP on device: cuda with abation on 2.
Saving model and plot for Trial 0 with Validation Loss = 0.7993
Initiate model in trail 1 with mode: Classification, infer mode: SC encoder type: MLP on device: cuda with abation on 2.
Saving model and plot for Trial 1 with Validation Loss = 0.7467
Best hyperparameters: {'lr': 0.0006, 'n_epochs': 300, 'alpha_0': 0.06, 'alpha_1': 0.8, 'alpha_2': 0, 'alpha_3': 0.8}
Loading the Best Model.
Starting Inference.
Perform Rejection with GMM mode with tolerance=0.05, components=[3,15]!
Found distributions with means close to 0 and 1 with 3 components.
Reject 640(2.73%) cells.
Inference Done.
We set Rank score < 0.5 as Rank- () while > 0.5 as Rank+ 
The parameters setting of model is: {'n_features': 1000, 'nhead': 2, 'nhid1': 96, 'nhid2': 8, 'n_output': 32, 'nlayers': 3, 'n_pred': 2, 'n_patho': 0, 'dropout': 0.5, 'mode': 'Classification', 'infer_mode': 'SC', 'encoder_type': 'MLP', 'model_save_path': '/mnt/NAS_21T/ProjectResult/TiRank/results/ablation/intera_5/Data7/3_Analysis/checkpoints'}
Initiate model in trail 0 with mode: Classification, infer mode: SC encoder type: MLP on device: cuda with abation on 1,2.
Saving model and plot for Trial 0 with Validation Loss = 0.7475
Initiate model in trail 1 with mode: Classification, infer mode: SC encoder type: MLP on device: cuda with abation on 1,2.
Best hyperparameters: {'lr': 0.01, 'n_epochs': 400, 'alpha_0': 0.005, 'alpha_1': 0, 'alpha_2': 0, 'alpha_3': 1}
Loading the Best Model.
Starting Inference.
Perform Rejection with GMM mode with tolerance=0.05, components=[3,15]!
Underfitting!
Found distributions with means close to 0 and 1 with 3 components.
Reject 0(0.00%) cells.
Inference Done.
We set Rank score < 0.5 as Rank- () while > 0.5 as Rank+ 
Starting load data for gene pair transformation.
Starting gene pair extraction.
Get candidate genes done.
There are 826 genes up-regulated in Group 0 and 707 genes up-regulated in Group 1.
Get candidate gene pairs done.
Profile transformation done.
Starting save gene pair matrices.
Save gene pair matrices done.
Save informative gene matrices done.
The parameters setting of model is: {'n_features': 1000, 'nhead': 2, 'nhid1': 96, 'nhid2': 8, 'n_output': 32, 'nlayers': 3, 'n_pred': 2, 'n_patho': 0, 'dropout': 0.5, 'mode': 'Classification', 'infer_mode': 'SC', 'encoder_type': 'DenseNet', 'model_save_path': '/mnt/NAS_21T/ProjectResult/TiRank/results/ablation/intera_5/Data6/3_Analysis/checkpoints'}
Initiate model in trail 0 with mode: Classification, infer mode: SC encoder type: DenseNet on device: cuda.
Saving model and plot for Trial 0 with Validation Loss = 0.5808
Initiate model in trail 1 with mode: Classification, infer mode: SC encoder type: DenseNet on device: cuda.
Best hyperparameters: {'lr': 0.0003, 'n_epochs': 350, 'alpha_0': 0.005, 'alpha_1': 0.1, 'alpha_2': 0.005, 'alpha_3': 0.9}
Loading the Best Model.
Starting Inference.
Perform Rejection with GMM mode with tolerance=0.05, components=[3,15]!
Found distributions with means close to 0 and 1 with 3 components.
Reject 208(12.97%) cells.
Inference Done.
We set Rank score < 0.5 as Rank- () while > 0.5 as Rank+ 
The parameters setting of model is: {'n_features': 1000, 'nhead': 2, 'nhid1': 96, 'nhid2': 8, 'n_output': 32, 'nlayers': 3, 'n_pred': 2, 'n_patho': 0, 'dropout': 0.5, 'mode': 'Classification', 'infer_mode': 'SC', 'encoder_type': 'Transformer', 'model_save_path': '/mnt/NAS_21T/ProjectResult/TiRank/results/ablation/intera_5/Data6/3_Analysis/checkpoints'}
Initiate model in trail 0 with mode: Classification, infer mode: SC encoder type: Transformer on device: cuda.
Saving model and plot for Trial 0 with Validation Loss = 0.8056
Initiate model in trail 1 with mode: Classification, infer mode: SC encoder type: Transformer on device: cuda.
Saving model and plot for Trial 1 with Validation Loss = 0.6901
Best hyperparameters: {'lr': 0.01, 'n_epochs': 500, 'alpha_0': 0.1, 'alpha_1': 1, 'alpha_2': 0.1, 'alpha_3': 0.5}
Loading the Best Model.
Starting Inference.
Perform Rejection with GMM mode with tolerance=0.05, components=[3,15]!
Found distributions with means close to 0 and 1 with 3 components.
Reject 0(0.00%) cells.
Inference Done.
We set Rank score < 0.5 as Rank- () while > 0.5 as Rank+ 
The parameters setting of model is: {'n_features': 1000, 'nhead': 2, 'nhid1': 96, 'nhid2': 8, 'n_output': 32, 'nlayers': 3, 'n_pred': 2, 'n_patho': 0, 'dropout': 0.5, 'mode': 'Classification', 'infer_mode': 'SC', 'encoder_type': 'MLP', 'model_save_path': '/mnt/NAS_21T/ProjectResult/TiRank/results/ablation/intera_5/Data6/3_Analysis/checkpoints'}
Initiate model in trail 0 with mode: Classification, infer mode: SC encoder type: MLP on device: cuda.
Saving model and plot for Trial 0 with Validation Loss = 0.6204
Initiate model in trail 1 with mode: Classification, infer mode: SC encoder type: MLP on device: cuda.
Saving model and plot for Trial 1 with Validation Loss = 0.6190
Best hyperparameters: {'lr': 0.0001, 'n_epochs': 350, 'alpha_0': 0.01, 'alpha_1': 0.5, 'alpha_2': 0.01, 'alpha_3': 0.3}
Loading the Best Model.
Starting Inference.
Perform Rejection with GMM mode with tolerance=0.05, components=[3,15]!
Underfitting!
Found distributions with means close to 0 and 1 with 4 components.
Reject 166(10.35%) cells.
Inference Done.
We set Rank score < 0.5 as Rank- () while > 0.5 as Rank+ 
The parameters setting of model is: {'n_features': 1000, 'nhead': 2, 'nhid1': 96, 'nhid2': 8, 'n_output': 32, 'nlayers': 3, 'n_pred': 2, 'n_patho': 0, 'dropout': 0.5, 'mode': 'Classification', 'infer_mode': 'SC', 'encoder_type': 'MLP', 'model_save_path': '/mnt/NAS_21T/ProjectResult/TiRank/results/ablation/intera_5/Data6/3_Analysis/checkpoints'}
Initiate model in trail 0 with mode: Classification, infer mode: SC encoder type: MLP on device: cuda with abation on 1.
Saving model and plot for Trial 0 with Validation Loss = 0.8013
Initiate model in trail 1 with mode: Classification, infer mode: SC encoder type: MLP on device: cuda with abation on 1.
Saving model and plot for Trial 1 with Validation Loss = 0.7826
Best hyperparameters: {'lr': 0.0001, 'n_epochs': 400, 'alpha_0': 0.1, 'alpha_1': 0, 'alpha_2': 0.05, 'alpha_3': 0.5}
Loading the Best Model.
Starting Inference.
Perform Rejection with GMM mode with tolerance=0.05, components=[3,15]!
Underfitting!
Found distributions with means close to 0 and 1 with 3 components.
Reject 0(0.00%) cells.
Inference Done.
We set Rank score < 0.5 as Rank- () while > 0.5 as Rank+ 
The parameters setting of model is: {'n_features': 1000, 'nhead': 2, 'nhid1': 96, 'nhid2': 8, 'n_output': 32, 'nlayers': 3, 'n_pred': 2, 'n_patho': 0, 'dropout': 0.5, 'mode': 'Classification', 'infer_mode': 'SC', 'encoder_type': 'MLP', 'model_save_path': '/mnt/NAS_21T/ProjectResult/TiRank/results/ablation/intera_5/Data6/3_Analysis/checkpoints'}
Initiate model in trail 0 with mode: Classification, infer mode: SC encoder type: MLP on device: cuda with abation on 2.
Saving model and plot for Trial 0 with Validation Loss = 0.6112
