[I 2025-03-21 13:29:45,776] Trial 0 finished with value: 0.8146295806635981 and parameters: {'lr': 0.0006, 'n_epochs': 400, 'alpha_0': 0.03, 'alpha_1': 0, 'alpha_2': 0.1, 'alpha_3': 0.8}. Best is trial 0 with value: 0.8146295806635981.
[I 2025-03-21 13:34:20,464] Trial 1 finished with value: 0.8040005746095077 and parameters: {'lr': 0.003, 'n_epochs': 450, 'alpha_0': 0.06, 'alpha_1': 0, 'alpha_2': 0.001, 'alpha_3': 0.4}. Best is trial 1 with value: 0.8040005746095077.
... storing 'Rank_Label' as categorical
[I 2025-03-21 13:36:09,381] A new study created in memory with name: no-name-7bbbd7a4-b42f-48e5-8312-39553a482781
[I 2025-03-21 13:39:39,113] Trial 0 finished with value: 0.7105248000310815 and parameters: {'lr': 0.001, 'n_epochs': 350, 'alpha_0': 0.005, 'alpha_1': 0.3, 'alpha_2': 0, 'alpha_3': 1}. Best is trial 0 with value: 0.7105248000310815.
[I 2025-03-21 13:44:13,253] Trial 1 finished with value: 0.6988503414651622 and parameters: {'lr': 0.003, 'n_epochs': 450, 'alpha_0': 0.06, 'alpha_1': 0.2, 'alpha_2': 0, 'alpha_3': 0.6}. Best is trial 1 with value: 0.6988503414651622.
... storing 'Rank_Label' as categorical
[I 2025-03-21 13:46:02,300] A new study created in memory with name: no-name-67a271d4-8831-44b1-b0f8-c89a55fe31f0
[I 2025-03-21 13:49:01,864] Trial 0 finished with value: 0.8051762554956519 and parameters: {'lr': 0.0006, 'n_epochs': 300, 'alpha_0': 0.03, 'alpha_1': 0, 'alpha_2': 0, 'alpha_3': 0.9}. Best is trial 0 with value: 0.8051762554956519.
[I 2025-03-21 13:52:36,054] Trial 1 finished with value: 0.8019169776336007 and parameters: {'lr': 1e-06, 'n_epochs': 350, 'alpha_0': 0.03, 'alpha_1': 0, 'alpha_2': 0, 'alpha_3': 1}. Best is trial 1 with value: 0.8019169776336007.
... storing 'Rank_Label' as categorical
2025-03-21 13:54:24,705 - Finished dataset Data8 in /mnt/NAS_21T/ProjectResult/TiRank/results/ablation/intera_6/Data8
Processing datasets for repeat 6:  30%|â–ˆâ–ˆâ–ˆ       | 3/10 [1:10:52<3:42:23, 1906.15s/it]2025-03-21 13:54:24,714 - Processing dataset Data7 in /mnt/NAS_21T/ProjectResult/TiRank/results/ablation/intera_6/Data7
[I 2025-03-21 14:03:35,455] A new study created in memory with name: no-name-eb0afd9c-1241-41b4-a843-7d88464f661b
[I 2025-03-21 14:07:29,144] Trial 0 finished with value: 0.6857569217681885 and parameters: {'lr': 0.0001, 'n_epochs': 350, 'alpha_0': 0.01, 'alpha_1': 0.1, 'alpha_2': 0.005, 'alpha_3': 0.6}. Best is trial 0 with value: 0.6857569217681885.
[I 2025-03-21 14:11:22,236] Trial 1 finished with value: 0.4948778528234233 and parameters: {'lr': 0.006, 'n_epochs': 350, 'alpha_0': 0.03, 'alpha_1': 0.8, 'alpha_2': 0.05, 'alpha_3': 0.1}. Best is trial 1 with value: 0.4948778528234233.
... storing 'Rank_Label' as categorical
[I 2025-03-21 14:13:12,977] A new study created in memory with name: no-name-0cd28b23-40e7-42f3-ad32-c2bdc39fb8f2
[I 2025-03-21 14:17:58,529] Trial 0 finished with value: 0.7957582447839819 and parameters: {'lr': 0.0003, 'n_epochs': 450, 'alpha_0': 0.1, 'alpha_1': 0.4, 'alpha_2': 0.001, 'alpha_3': 0.4}. Best is trial 0 with value: 0.7957582447839819.
[I 2025-03-21 14:21:38,736] Trial 1 finished with value: 0.8363690505857053 and parameters: {'lr': 1e-06, 'n_epochs': 350, 'alpha_0': 0.06, 'alpha_1': 1, 'alpha_2': 0.1, 'alpha_3': 0.7}. Best is trial 0 with value: 0.7957582447839819.
... storing 'Rank_Label' as categorical
[I 2025-03-21 14:24:17,034] A new study created in memory with name: no-name-77ffbab4-7eac-46a5-89cf-b9e21ca03394
[I 2025-03-21 14:27:55,052] Trial 0 finished with value: 0.6837982457617054 and parameters: {'lr': 0.001, 'n_epochs': 350, 'alpha_0': 0.03, 'alpha_1': 1, 'alpha_2': 0.01, 'alpha_3': 0.5}. Best is trial 0 with value: 0.6837982457617054.
[I 2025-03-21 14:32:06,480] Trial 1 finished with value: 0.637182380842126 and parameters: {'lr': 0.0003, 'n_epochs': 400, 'alpha_0': 0.005, 'alpha_1': 0.6, 'alpha_2': 0.01, 'alpha_3': 0.3}. Best is trial 1 with value: 0.637182380842126.
... storing 'Rank_Label' as categorical
{'n_features': 1000, 'nhead': 2, 'nhid1': 96, 'nhid2': 8, 'n_output': 32, 'nlayers': 3, 'n_pred': 2, 'n_patho': 0, 'dropout': 0.5, 'mode': 'Classification', 'infer_mode': 'SC', 'encoder_type': 'MLP', 'model_save_path': '/mnt/NAS_21T/ProjectResult/TiRank/results/ablation/intera_6/Data8/3_Analysis/checkpoints'}
Initiate model in trail 0 with mode: Classification, infer mode: SC encoder type: MLP on device: cuda.
Saving model and plot for Trial 0 with Validation Loss = 0.6165
Initiate model in trail 1 with mode: Classification, infer mode: SC encoder type: MLP on device: cuda.
Saving model and plot for Trial 1 with Validation Loss = 0.5734
Best hyperparameters: {'lr': 0.003, 'n_epochs': 350, 'alpha_0': 0.06, 'alpha_1': 0.7, 'alpha_2': 0.01, 'alpha_3': 0.2}
Loading the Best Model.
Starting Inference.
Perform Rejection with GMM mode with tolerance=0.05, components=[3,15]!
Found distributions with means close to 0 and 1 with 5 components.
Reject 5648(24.10%) cells.
Inference Done.
We set Rank score < 0.5 as Rank- () while > 0.5 as Rank+ 
The parameters setting of model is: {'n_features': 1000, 'nhead': 2, 'nhid1': 96, 'nhid2': 8, 'n_output': 32, 'nlayers': 3, 'n_pred': 2, 'n_patho': 0, 'dropout': 0.5, 'mode': 'Classification', 'infer_mode': 'SC', 'encoder_type': 'MLP', 'model_save_path': '/mnt/NAS_21T/ProjectResult/TiRank/results/ablation/intera_6/Data8/3_Analysis/checkpoints'}
Initiate model in trail 0 with mode: Classification, infer mode: SC encoder type: MLP on device: cuda with abation on 1.
Saving model and plot for Trial 0 with Validation Loss = 0.8146
Initiate model in trail 1 with mode: Classification, infer mode: SC encoder type: MLP on device: cuda with abation on 1.
Saving model and plot for Trial 1 with Validation Loss = 0.8040
Best hyperparameters: {'lr': 0.003, 'n_epochs': 450, 'alpha_0': 0.06, 'alpha_1': 0, 'alpha_2': 0.001, 'alpha_3': 0.4}
Loading the Best Model.
Starting Inference.
Perform Rejection with GMM mode with tolerance=0.05, components=[3,15]!
Underfitting!
Found distributions with means close to 0 and 1 with 3 components.
Reject 0(0.00%) cells.
Inference Done.
We set Rank score < 0.5 as Rank- () while > 0.5 as Rank+ 
The parameters setting of model is: {'n_features': 1000, 'nhead': 2, 'nhid1': 96, 'nhid2': 8, 'n_output': 32, 'nlayers': 3, 'n_pred': 2, 'n_patho': 0, 'dropout': 0.5, 'mode': 'Classification', 'infer_mode': 'SC', 'encoder_type': 'MLP', 'model_save_path': '/mnt/NAS_21T/ProjectResult/TiRank/results/ablation/intera_6/Data8/3_Analysis/checkpoints'}
Initiate model in trail 0 with mode: Classification, infer mode: SC encoder type: MLP on device: cuda with abation on 2.
Saving model and plot for Trial 0 with Validation Loss = 0.7105
Initiate model in trail 1 with mode: Classification, infer mode: SC encoder type: MLP on device: cuda with abation on 2.
Saving model and plot for Trial 1 with Validation Loss = 0.6989
Best hyperparameters: {'lr': 0.003, 'n_epochs': 450, 'alpha_0': 0.06, 'alpha_1': 0.2, 'alpha_2': 0, 'alpha_3': 0.6}
Loading the Best Model.
Starting Inference.
Perform Rejection with GMM mode with tolerance=0.05, components=[3,15]!
Found distributions with means close to 0 and 1 with 3 components.
Reject 625(2.67%) cells.
Inference Done.
We set Rank score < 0.5 as Rank- () while > 0.5 as Rank+ 
The parameters setting of model is: {'n_features': 1000, 'nhead': 2, 'nhid1': 96, 'nhid2': 8, 'n_output': 32, 'nlayers': 3, 'n_pred': 2, 'n_patho': 0, 'dropout': 0.5, 'mode': 'Classification', 'infer_mode': 'SC', 'encoder_type': 'MLP', 'model_save_path': '/mnt/NAS_21T/ProjectResult/TiRank/results/ablation/intera_6/Data8/3_Analysis/checkpoints'}
Initiate model in trail 0 with mode: Classification, infer mode: SC encoder type: MLP on device: cuda with abation on 1,2.
Saving model and plot for Trial 0 with Validation Loss = 0.8052
Initiate model in trail 1 with mode: Classification, infer mode: SC encoder type: MLP on device: cuda with abation on 1,2.
Saving model and plot for Trial 1 with Validation Loss = 0.8019
Best hyperparameters: {'lr': 1e-06, 'n_epochs': 350, 'alpha_0': 0.03, 'alpha_1': 0, 'alpha_2': 0, 'alpha_3': 1}
Loading the Best Model.
Starting Inference.
Perform Rejection with GMM mode with tolerance=0.05, components=[3,15]!
Underfitting!
Found distributions with means close to 0 and 1 with 3 components.
Reject 0(0.00%) cells.
Inference Done.
We set Rank score < 0.5 as Rank- () while > 0.5 as Rank+ 
Starting load data for gene pair transformation.
Starting gene pair extraction.
Get candidate genes done.
There are 707 genes up-regulated in Group 0 and 445 genes up-regulated in Group 1.
Get candidate gene pairs done.
Profile transformation done.
Starting save gene pair matrices.
Save gene pair matrices done.
Save informative gene matrices done.
The parameters setting of model is: {'n_features': 1000, 'nhead': 2, 'nhid1': 96, 'nhid2': 8, 'n_output': 32, 'nlayers': 3, 'n_pred': 2, 'n_patho': 0, 'dropout': 0.5, 'mode': 'Classification', 'infer_mode': 'SC', 'encoder_type': 'DenseNet', 'model_save_path': '/mnt/NAS_21T/ProjectResult/TiRank/results/ablation/intera_6/Data7/3_Analysis/checkpoints'}
Initiate model in trail 0 with mode: Classification, infer mode: SC encoder type: DenseNet on device: cuda.
Saving model and plot for Trial 0 with Validation Loss = 0.6858
Initiate model in trail 1 with mode: Classification, infer mode: SC encoder type: DenseNet on device: cuda.
Saving model and plot for Trial 1 with Validation Loss = 0.4949
Best hyperparameters: {'lr': 0.006, 'n_epochs': 350, 'alpha_0': 0.03, 'alpha_1': 0.8, 'alpha_2': 0.05, 'alpha_3': 0.1}
Loading the Best Model.
Starting Inference.
Perform Rejection with GMM mode with tolerance=0.05, components=[3,15]!
Found distributions with means close to 0 and 1 with 3 components.
Reject 0(0.00%) cells.
Inference Done.
We set Rank score < 0.5 as Rank- () while > 0.5 as Rank+ 
The parameters setting of model is: {'n_features': 1000, 'nhead': 2, 'nhid1': 96, 'nhid2': 8, 'n_output': 32, 'nlayers': 3, 'n_pred': 2, 'n_patho': 0, 'dropout': 0.5, 'mode': 'Classification', 'infer_mode': 'SC', 'encoder_type': 'Transformer', 'model_save_path': '/mnt/NAS_21T/ProjectResult/TiRank/results/ablation/intera_6/Data7/3_Analysis/checkpoints'}
Initiate model in trail 0 with mode: Classification, infer mode: SC encoder type: Transformer on device: cuda.
Saving model and plot for Trial 0 with Validation Loss = 0.7958
Initiate model in trail 1 with mode: Classification, infer mode: SC encoder type: Transformer on device: cuda.
Best hyperparameters: {'lr': 0.0003, 'n_epochs': 450, 'alpha_0': 0.1, 'alpha_1': 0.4, 'alpha_2': 0.001, 'alpha_3': 0.4}
Loading the Best Model.
Starting Inference.
Perform Rejection with GMM mode with tolerance=0.05, components=[3,15]!
Found distributions with means close to 0 and 1 with 3 components.
Reject 2(0.01%) cells.
Inference Done.
We set Rank score < 0.5 as Rank- () while > 0.5 as Rank+ 
The parameters setting of model is: {'n_features': 1000, 'nhead': 2, 'nhid1': 96, 'nhid2': 8, 'n_output': 32, 'nlayers': 3, 'n_pred': 2, 'n_patho': 0, 'dropout': 0.5, 'mode': 'Classification', 'infer_mode': 'SC', 'encoder_type': 'MLP', 'model_save_path': '/mnt/NAS_21T/ProjectResult/TiRank/results/ablation/intera_6/Data7/3_Analysis/checkpoints'}
Initiate model in trail 0 with mode: Classification, infer mode: SC encoder type: MLP on device: cuda.
Saving model and plot for Trial 0 with Validation Loss = 0.6838
Initiate model in trail 1 with mode: Classification, infer mode: SC encoder type: MLP on device: cuda.
Saving model and plot for Trial 1 with Validation Loss = 0.6372
Best hyperparameters: {'lr': 0.0003, 'n_epochs': 400, 'alpha_0': 0.005, 'alpha_1': 0.6, 'alpha_2': 0.01, 'alpha_3': 0.3}
Loading the Best Model.
Starting Inference.
Perform Rejection with GMM mode with tolerance=0.05, components=[3,15]!
Found distributions with means close to 0 and 1 with 3 components.
Reject 10589(45.19%) cells.
Inference Done.
We set Rank score < 0.5 as Rank- () while > 0.5 as Rank+ 
The parameters setting of model is: [I 2025-03-21 14:34:12,058] A new study created in memory with name: no-name-b5449b4e-90e3-4a72-8a37-24b73ba4923a
[I 2025-03-21 14:37:13,598] Trial 0 finished with value: 0.7831402058186738 and parameters: {'lr': 1e-05, 'n_epochs': 300, 'alpha_0': 0.01, 'alpha_1': 0, 'alpha_2': 0.01, 'alpha_3': 0.6}. Best is trial 0 with value: 0.7831402058186738.
[I 2025-03-21 14:41:22,299] Trial 1 finished with value: 0.7747244886730028 and parameters: {'lr': 0.0003, 'n_epochs': 400, 'alpha_0': 0.01, 'alpha_1': 0, 'alpha_2': 0.1, 'alpha_3': 0.2}. Best is trial 1 with value: 0.7747244886730028.
... storing 'Rank_Label' as categorical
[I 2025-03-21 14:43:11,219] A new study created in memory with name: no-name-dfbdb2e0-430e-4224-bba4-5e65355d0248
[I 2025-03-21 14:46:17,126] Trial 0 finished with value: 0.7441209606502367 and parameters: {'lr': 0.0006, 'n_epochs': 300, 'alpha_0': 0.01, 'alpha_1': 0.4, 'alpha_2': 0, 'alpha_3': 0.8}. Best is trial 0 with value: 0.7441209606502367.
[I 2025-03-21 14:50:18,978] Trial 1 finished with value: 0.7469852825869685 and parameters: {'lr': 0.0001, 'n_epochs': 400, 'alpha_0': 0.1, 'alpha_1': 0.3, 'alpha_2': 0, 'alpha_3': 0.8}. Best is trial 0 with value: 0.7441209606502367.
... storing 'Rank_Label' as categorical
[I 2025-03-21 14:52:09,560] A new study created in memory with name: no-name-b13129f7-e5f1-4ab5-9696-cbe58ec88efc
[I 2025-03-21 14:56:13,607] Trial 0 finished with value: 0.8081638813018799 and parameters: {'lr': 0.01, 'n_epochs': 400, 'alpha_0': 0.005, 'alpha_1': 0, 'alpha_2': 0, 'alpha_3': 1}. Best is trial 0 with value: 0.8081638813018799.
[I 2025-03-21 15:00:46,235] Trial 1 finished with value: 0.7726748482040737 and parameters: {'lr': 0.003, 'n_epochs': 450, 'alpha_0': 0.03, 'alpha_1': 0, 'alpha_2': 0, 'alpha_3': 0.2}. Best is trial 1 with value: 0.7726748482040737.
... storing 'Rank_Label' as categorical
2025-03-21 15:02:34,845 - Finished dataset Data7 in /mnt/NAS_21T/ProjectResult/TiRank/results/ablation/intera_6/Data7
Processing datasets for repeat 6:  40%|â–ˆâ–ˆâ–ˆâ–ˆ      | 4/10 [2:19:02<4:36:50, 2768.38s/it]2025-03-21 15:02:34,869 - Processing dataset Data6 in /mnt/NAS_21T/ProjectResult/TiRank/results/ablation/intera_6/Data6
[I 2025-03-21 15:02:55,789] A new study created in memory with name: no-name-ed83cc79-2692-4611-847a-76cb63326d87
[I 2025-03-21 15:03:08,599] Trial 0 finished with value: 0.5699955523014069 and parameters: {'lr': 0.0006, 'n_epochs': 450, 'alpha_0': 0.03, 'alpha_1': 0.3, 'alpha_2': 0.01, 'alpha_3': 0.7}. Best is trial 0 with value: 0.5699955523014069.
[I 2025-03-21 15:03:22,996] Trial 1 finished with value: 0.6857112646102905 and parameters: {'lr': 0.006, 'n_epochs': 500, 'alpha_0': 0.1, 'alpha_1': 0.4, 'alpha_2': 0.005, 'alpha_3': 0.5}. Best is trial 0 with value: 0.5699955523014069.
... storing 'Rank_Label' as categorical
[I 2025-03-21 15:03:26,444] A new study created in memory with name: no-name-7400b6ad-5c45-498b-87d3-b10f08fd9be6
[I 2025-03-21 15:03:37,389] Trial 0 finished with value: 0.5632164776325226 and parameters: {'lr': 0.0001, 'n_epochs': 350, 'alpha_0': 0.1, 'alpha_1': 0.6, 'alpha_2': 0.05, 'alpha_3': 1}. Best is trial 0 with value: 0.5632164776325226.
[I 2025-03-21 15:03:48,899] Trial 1 finished with value: 0.6221538782119751 and parameters: {'lr': 0.0001, 'n_epochs': 400, 'alpha_0': 0.01, 'alpha_1': 0.6, 'alpha_2': 0.001, 'alpha_3': 0.4}. Best is trial 0 with value: 0.5632164776325226.
... storing 'Rank_Label' as categorical
[I 2025-03-21 15:03:52,019] A new study created in memory with name: no-name-ac32839c-e95e-44d8-923d-1a197e876986
[I 2025-03-21 15:03:59,695] Trial 0 finished with value: 0.664131373167038 and parameters: {'lr': 0.003, 'n_epochs': 300, 'alpha_0': 0.005, 'alpha_1': 0.7, 'alpha_2': 0.001, 'alpha_3': 0.2}. Best is trial 0 with value: 0.664131373167038.
[I 2025-03-21 15:04:10,727] Trial 1 finished with value: 0.6472439765930176 and parameters: {'lr': 0.001, 'n_epochs': 450, 'alpha_0': 0.005, 'alpha_1': 0.5, 'alpha_2': 0.001, 'alpha_3': 0.4}. Best is trial 1 with value: 0.6472439765930176.
... storing 'Rank_Label' as categorical
[I 2025-03-21 15:04:13,725] A new study created in memory with name: no-name-9c3c4fbb-8c0b-4d9a-9381-bed9565f404a
[I 2025-03-21 15:04:22,196] Trial 0 finished with value: 0.791622132062912 and parameters: {'lr': 1e-06, 'n_epochs': 400, 'alpha_0': 0.01, 'alpha_1': 0, 'alpha_2': 0.005, 'alpha_3': 1}. Best is trial 0 with value: 0.791622132062912.
