[I 2025-03-20 21:27:10,559] Trial 1 finished with value: 0.5772422085637632 and parameters: {'lr': 0.0001, 'n_epochs': 300, 'alpha_0': 0.1, 'alpha_1': 0.3, 'alpha_2': 0.05, 'alpha_3': 0.3}. Best is trial 1 with value: 0.5772422085637632.
... storing 'Rank_Label' as categorical
Reject 30(6.99%) cells.
Inference Done.
We set Rank score < 0.5 as Rank- () while > 0.5 as Rank+ 
The parameters setting of model is: {'n_features': 1000, 'nhead': 2, 'nhid1': 96, 'nhid2': 8, 'n_output': 32, 'nlayers': 3, 'n_pred': 2, 'n_patho': 0, 'dropout': 0.5, 'mode': 'Classification', 'infer_mode': 'SC', 'encoder_type': 'Transformer', 'model_save_path': '/mnt/NAS_21T/ProjectResult/TiRank/results/ablation/intera_0/Data9/3_Analysis/checkpoints'}
Initiate model in trail 0 with mode: Classification, infer mode: SC encoder type: Transformer on device: cuda.
Saving model and plot for Trial 0 with Validation Loss = 0.8078
Initiate model in trail 1 with mode: Classification, infer mode: SC encoder type: Transformer on device: cuda.
Saving model and plot for Trial 1 with Validation Loss = 0.7088
Best hyperparameters: {'lr': 0.0003, 'n_epochs': 300, 'alpha_0': 0.1, 'alpha_1': 0.8, 'alpha_2': 0.1, 'alpha_3': 0.1}
Loading the Best Model.
Starting Inference.
Perform Rejection with GMM mode with tolerance=0.05, components=[3,15]!
Found distributions with means close to 0 and 1 with 3 components.
Reject 68(15.85%) cells.
Inference Done.
We set Rank score < 0.5 as Rank- () while > 0.5 as Rank+ 
The parameters setting of model is: {'n_features': 1000, 'nhead': 2, 'nhid1': 96, 'nhid2': 8, 'n_output': 32, 'nlayers': 3, 'n_pred': 2, 'n_patho': 0, 'dropout': 0.5, 'mode': 'Classification', 'infer_mode': 'SC', 'encoder_type': 'MLP', 'model_save_path': '/mnt/NAS_21T/ProjectResult/TiRank/results/ablation/intera_0/Data9/3_Analysis/checkpoints'}
Initiate model in trail 0 with mode: Classification, infer mode: SC encoder type: MLP on device: cuda.
Saving model and plot for Trial 0 with Validation Loss = 0.7713
Initiate model in trail 1 with mode: Classification, infer mode: SC encoder type: MLP on device: cuda.
Best hyperparameters: {'lr': 1e-06, 'n_epochs': 350, 'alpha_0': 0.1, 'alpha_1': 0.1, 'alpha_2': 0.005, 'alpha_3': 0.5}
Loading the Best Model.
Starting Inference.
Perform Rejection with GMM mode with tolerance=0.05, components=[3,15]!
Underfitting!
Found distributions with means close to 0 and 1 with 3 components.
Reject 0(0.00%) cells.
Inference Done.
We set Rank score < 0.5 as Rank- () while > 0.5 as Rank+ 
The parameters setting of model is: {'n_features': 1000, 'nhead': 2, 'nhid1': 96, 'nhid2': 8, 'n_output': 32, 'nlayers': 3, 'n_pred': 2, 'n_patho': 0, 'dropout': 0.5, 'mode': 'Classification', 'infer_mode': 'SC', 'encoder_type': 'MLP', 'model_save_path': '/mnt/NAS_21T/ProjectResult/TiRank/results/ablation/intera_0/Data9/3_Analysis/checkpoints'}
Initiate model in trail 0 with mode: Classification, infer mode: SC encoder type: MLP on device: cuda with abation on 1.
Saving model and plot for Trial 0 with Validation Loss = 0.7632
Initiate model in trail 1 with mode: Classification, infer mode: SC encoder type: MLP on device: cuda with abation on 1.
Saving model and plot for Trial 1 with Validation Loss = 0.7594
Best hyperparameters: {'lr': 0.0001, 'n_epochs': 350, 'alpha_0': 0.01, 'alpha_1': 0, 'alpha_2': 0.1, 'alpha_3': 1}
Loading the Best Model.
Starting Inference.
Perform Rejection with GMM mode with tolerance=0.05, components=[3,15]!
Underfitting!
Found distributions with means close to 0 and 1 with 3 components.
Reject 0(0.00%) cells.
Inference Done.
We set Rank score < 0.5 as Rank- () while > 0.5 as Rank+ 
The parameters setting of model is: {'n_features': 1000, 'nhead': 2, 'nhid1': 96, 'nhid2': 8, 'n_output': 32, 'nlayers': 3, 'n_pred': 2, 'n_patho': 0, 'dropout': 0.5, 'mode': 'Classification', 'infer_mode': 'SC', 'encoder_type': 'MLP', 'model_save_path': '/mnt/NAS_21T/ProjectResult/TiRank/results/ablation/intera_0/Data9/3_Analysis/checkpoints'}
Initiate model in trail 0 with mode: Classification, infer mode: SC encoder type: MLP on device: cuda with abation on 2.
Saving model and plot for Trial 0 with Validation Loss = 0.8200
Initiate model in trail 1 with mode: Classification, infer mode: SC encoder type: MLP on device: cuda with abation on 2.
Best hyperparameters: {'lr': 0.006, 'n_epochs': 300, 'alpha_0': 0.1, 'alpha_1': 0.5, 'alpha_2': 0, 'alpha_3': 0.3}
Loading the Best Model.
Starting Inference.
Perform Rejection with GMM mode with tolerance=0.05, components=[3,15]!
Found distributions with means close to 0 and 1 with 3 components.
Reject 0(0.00%) cells.
Inference Done.
We set Rank score < 0.5 as Rank- () while > 0.5 as Rank+ 
The parameters setting of model is: {'n_features': 1000, 'nhead': 2, 'nhid1': 96, 'nhid2': 8, 'n_output': 32, 'nlayers': 3, 'n_pred': 2, 'n_patho': 0, 'dropout': 0.5, 'mode': 'Classification', 'infer_mode': 'SC', 'encoder_type': 'MLP', 'model_save_path': '/mnt/NAS_21T/ProjectResult/TiRank/results/ablation/intera_0/Data9/3_Analysis/checkpoints'}
Initiate model in trail 0 with mode: Classification, infer mode: SC encoder type: MLP on device: cuda with abation on 1,2.
Saving model and plot for Trial 0 with Validation Loss = 0.8254
Initiate model in trail 1 with mode: Classification, infer mode: SC encoder type: MLP on device: cuda with abation on 1,2.
Saving model and plot for Trial 1 with Validation Loss = 0.7286
Best hyperparameters: {'lr': 0.0006, 'n_epochs': 400, 'alpha_0': 0.01, 'alpha_1': 0, 'alpha_2': 0, 'alpha_3': 0.6}
Loading the Best Model.
Starting Inference.
Perform Rejection with GMM mode with tolerance=0.05, components=[3,15]!
Underfitting!
Found distributions with means close to 0 and 1 with 3 components.
Reject 0(0.00%) cells.
Inference Done.
We set Rank score < 0.5 as Rank- () while > 0.5 as Rank+ 
Starting load data for gene pair transformation.
Starting gene pair extraction.
Get candidate genes done.
There are 811 genes up-regulated in Group 0 and 701 genes up-regulated in Group 1.
Get candidate gene pairs done.
Profile transformation done.
Starting save gene pair matrices.
Save gene pair matrices done.
Save informative gene matrices done.
The parameters setting of model is: {'n_features': 1000, 'nhead': 2, 'nhid1': 96, 'nhid2': 8, 'n_output': 32, 'nlayers': 3, 'n_pred': 2, 'n_patho': 0, 'dropout': 0.5, 'mode': 'Classification', 'infer_mode': 'SC', 'encoder_type': 'DenseNet', 'model_save_path': '/mnt/NAS_21T/ProjectResult/TiRank/results/ablation/intera_0/Data8/3_Analysis/checkpoints'}
Initiate model in trail 0 with mode: Classification, infer mode: SC encoder type: DenseNet on device: cuda.
Saving model and plot for Trial 0 with Validation Loss = 0.7408
Initiate model in trail 1 with mode: Classification, infer mode: SC encoder type: DenseNet on device: cuda.
Saving model and plot for Trial 1 with Validation Loss = 0.5885
Best hyperparameters: {'lr': 0.01, 'n_epochs': 300, 'alpha_0': 0.03, 'alpha_1': 0.6, 'alpha_2': 0.005, 'alpha_3': 0.8}
Loading the Best Model.
Starting Inference.
Perform Rejection with GMM mode with tolerance=0.05, components=[3,15]!
Found distributions with means close to 0 and 1 with 3 components.
Reject 0(0.00%) cells.
Inference Done.
We set Rank score < 0.5 as Rank- () while > 0.5 as Rank+ 
The parameters setting of model is: {'n_features': 1000, 'nhead': 2, 'nhid1': 96, 'nhid2': 8, 'n_output': 32, 'nlayers': 3, 'n_pred': 2, 'n_patho': 0, 'dropout': 0.5, 'mode': 'Classification', 'infer_mode': 'SC', 'encoder_type': 'Transformer', 'model_save_path': '/mnt/NAS_21T/ProjectResult/TiRank/results/ablation/intera_0/Data8/3_Analysis/checkpoints'}
Initiate model in trail 0 with mode: Classification, infer mode: SC encoder type: Transformer on device: cuda.
Saving model and plot for Trial 0 with Validation Loss = 0.8021
Initiate model in trail 1 with mode: Classification, infer mode: SC encoder type: Transformer on device: cuda.
Saving model and plot for Trial 1 with Validation Loss = 0.5772
Best hyperparameters: {'lr': 0.0001, 'n_epochs': 300, 'alpha_0': 0.1, 'alpha_1': 0.3, 'alpha_2': 0.05, 'alpha_3': 0.3}
Loading the Best Model.
Starting Inference.
Perform Rejection with GMM mode with tolerance=0.05, components=[3,15]!
Found distributions with means close to 0 and 1 with 3 components.
Reject 10815(46.15%) cells.
Inference Done.
We set Rank score < 0.5 as Rank- () while > 0.5 as Rank+ 
The parameters setting of model is: [I 2025-03-20 21:28:57,998] A new study created in memory with name: no-name-0578b62d-b789-4a2d-ab9a-45000b27b5ba
[I 2025-03-20 21:32:42,369] Trial 0 finished with value: 0.7265511440194171 and parameters: {'lr': 0.006, 'n_epochs': 350, 'alpha_0': 0.01, 'alpha_1': 0.3, 'alpha_2': 0.001, 'alpha_3': 0.9}. Best is trial 0 with value: 0.7265511440194171.
[I 2025-03-20 21:38:02,207] Trial 1 finished with value: 0.5767051085181858 and parameters: {'lr': 1e-05, 'n_epochs': 500, 'alpha_0': 0.06, 'alpha_1': 0.5, 'alpha_2': 0.05, 'alpha_3': 0.4}. Best is trial 1 with value: 0.5767051085181858.
... storing 'Rank_Label' as categorical
[I 2025-03-20 21:39:50,336] A new study created in memory with name: no-name-5136c2ea-ebdc-4003-b4e4-de92d56c39d3
[I 2025-03-20 21:45:00,310] Trial 0 finished with value: 0.8003573262173197 and parameters: {'lr': 0.0001, 'n_epochs': 500, 'alpha_0': 0.1, 'alpha_1': 0, 'alpha_2': 0.005, 'alpha_3': 0.2}. Best is trial 0 with value: 0.8003573262173197.
[I 2025-03-20 21:48:59,121] Trial 1 finished with value: 0.7894430471503217 and parameters: {'lr': 0.003, 'n_epochs': 400, 'alpha_0': 0.03, 'alpha_1': 0, 'alpha_2': 0.001, 'alpha_3': 0.3}. Best is trial 1 with value: 0.7894430471503217.
... storing 'Rank_Label' as categorical
[I 2025-03-20 21:50:46,605] A new study created in memory with name: no-name-2bd99593-64f4-4bca-97e0-61bb0805e937
[I 2025-03-20 21:54:49,380] Trial 0 finished with value: 0.6930182679839756 and parameters: {'lr': 0.0003, 'n_epochs': 400, 'alpha_0': 0.1, 'alpha_1': 0.9, 'alpha_2': 0, 'alpha_3': 0.3}. Best is trial 0 with value: 0.6930182679839756.
[I 2025-03-20 21:58:14,854] Trial 1 finished with value: 0.7273076798604883 and parameters: {'lr': 0.001, 'n_epochs': 350, 'alpha_0': 0.01, 'alpha_1': 0.9, 'alpha_2': 0, 'alpha_3': 0.2}. Best is trial 0 with value: 0.6930182679839756.
... storing 'Rank_Label' as categorical
[I 2025-03-20 22:00:03,597] A new study created in memory with name: no-name-8eea2902-1803-45df-8ba4-3f1ced577c53
[I 2025-03-20 22:04:29,748] Trial 0 finished with value: 0.8360361094060151 and parameters: {'lr': 1e-06, 'n_epochs': 450, 'alpha_0': 0.06, 'alpha_1': 0, 'alpha_2': 0, 'alpha_3': 0.6}. Best is trial 0 with value: 0.8360361094060151.
[I 2025-03-20 22:09:28,872] Trial 1 finished with value: 0.8396762013435364 and parameters: {'lr': 0.001, 'n_epochs': 500, 'alpha_0': 0.01, 'alpha_1': 0, 'alpha_2': 0, 'alpha_3': 0.6}. Best is trial 0 with value: 0.8360361094060151.
... storing 'Rank_Label' as categorical
2025-03-20 22:11:56,623 - Finished dataset Data8 in /mnt/NAS_21T/ProjectResult/TiRank/results/ablation/intera_0/Data8
Processing datasets for repeat 0:  30%|â–ˆâ–ˆâ–ˆ       | 3/10 [1:16:06<3:58:57, 2048.22s/it]2025-03-20 22:11:56,625 - Processing dataset Data7 in /mnt/NAS_21T/ProjectResult/TiRank/results/ablation/intera_0/Data7
[I 2025-03-20 22:21:35,717] A new study created in memory with name: no-name-a1679e0f-b08e-4652-afe5-0a65c8007701
[I 2025-03-20 22:27:01,159] Trial 0 finished with value: 0.5256924706956615 and parameters: {'lr': 0.01, 'n_epochs': 500, 'alpha_0': 0.005, 'alpha_1': 0.5, 'alpha_2': 0.005, 'alpha_3': 0.5}. Best is trial 0 with value: 0.5256924706956615.
[I 2025-03-20 22:31:20,435] Trial 1 finished with value: 0.3993804260440495 and parameters: {'lr': 0.01, 'n_epochs': 400, 'alpha_0': 0.1, 'alpha_1': 0.7, 'alpha_2': 0.05, 'alpha_3': 1}. Best is trial 1 with value: 0.3993804260440495.
... storing 'Rank_Label' as categorical
[I 2025-03-20 22:33:08,594] A new study created in memory with name: no-name-26fa5bed-6204-4abd-878e-657eb29c6da0
[I 2025-03-20 22:36:46,193] Trial 0 finished with value: 0.770248936570209 and parameters: {'lr': 0.01, 'n_epochs': 350, 'alpha_0': 0.06, 'alpha_1': 0.4, 'alpha_2': 0.1, 'alpha_3': 0.4}. Best is trial 0 with value: 0.770248936570209.
[I 2025-03-20 22:40:21,561] Trial 1 finished with value: 0.7394548188085142 and parameters: {'lr': 1e-05, 'n_epochs': 350, 'alpha_0': 0.03, 'alpha_1': 0.5, 'alpha_2': 0.05, 'alpha_3': 0.7}. Best is trial 1 with value: 0.7394548188085142.
... storing 'Rank_Label' as categorical
[I 2025-03-20 22:42:09,104] A new study created in memory with name: no-name-582c71d8-bb32-45fe-9801-d5174fd80904
[I 2025-03-20 22:45:10,450] Trial 0 finished with value: 0.6024474397949551 and parameters: {'lr': 0.006, 'n_epochs': 300, 'alpha_0': 0.01, 'alpha_1': 1, 'alpha_2': 0.1, 'alpha_3': 0.6}. Best is trial 0 with value: 0.6024474397949551.
[I 2025-03-20 22:50:13,620] Trial 1 finished with value: 0.7819137029025865 and parameters: {'lr': 0.003, 'n_epochs': 500, 'alpha_0': 0.01, 'alpha_1': 0.5, 'alpha_2': 0.005, 'alpha_3': 0.4}. Best is trial 0 with value: 0.6024474397949551.
... storing 'Rank_Label' as categorical
{'n_features': 1000, 'nhead': 2, 'nhid1': 96, 'nhid2': 8, 'n_output': 32, 'nlayers': 3, 'n_pred': 2, 'n_patho': 0, 'dropout': 0.5, 'mode': 'Classification', 'infer_mode': 'SC', 'encoder_type': 'MLP', 'model_save_path': '/mnt/NAS_21T/ProjectResult/TiRank/results/ablation/intera_0/Data8/3_Analysis/checkpoints'}
Initiate model in trail 0 with mode: Classification, infer mode: SC encoder type: MLP on device: cuda.
Saving model and plot for Trial 0 with Validation Loss = 0.7266
Initiate model in trail 1 with mode: Classification, infer mode: SC encoder type: MLP on device: cuda.
Saving model and plot for Trial 1 with Validation Loss = 0.5767
Best hyperparameters: {'lr': 1e-05, 'n_epochs': 500, 'alpha_0': 0.06, 'alpha_1': 0.5, 'alpha_2': 0.05, 'alpha_3': 0.4}
Loading the Best Model.
Starting Inference.
Perform Rejection with GMM mode with tolerance=0.05, components=[3,15]!
Underfitting!
Found distributions with means close to 0 and 1 with 6 components.
Reject 16046(68.47%) cells.
Inference Done.
We set Rank score < 0.5 as Rank- () while > 0.5 as Rank+ 
The parameters setting of model is: {'n_features': 1000, 'nhead': 2, 'nhid1': 96, 'nhid2': 8, 'n_output': 32, 'nlayers': 3, 'n_pred': 2, 'n_patho': 0, 'dropout': 0.5, 'mode': 'Classification', 'infer_mode': 'SC', 'encoder_type': 'MLP', 'model_save_path': '/mnt/NAS_21T/ProjectResult/TiRank/results/ablation/intera_0/Data8/3_Analysis/checkpoints'}
Initiate model in trail 0 with mode: Classification, infer mode: SC encoder type: MLP on device: cuda with abation on 1.
Saving model and plot for Trial 0 with Validation Loss = 0.8004
Initiate model in trail 1 with mode: Classification, infer mode: SC encoder type: MLP on device: cuda with abation on 1.
Saving model and plot for Trial 1 with Validation Loss = 0.7894
Best hyperparameters: {'lr': 0.003, 'n_epochs': 400, 'alpha_0': 0.03, 'alpha_1': 0, 'alpha_2': 0.001, 'alpha_3': 0.3}
Loading the Best Model.
Starting Inference.
Perform Rejection with GMM mode with tolerance=0.05, components=[3,15]!
Underfitting!
Found distributions with means close to 0 and 1 with 3 components.
Reject 0(0.00%) cells.
Inference Done.
We set Rank score < 0.5 as Rank- () while > 0.5 as Rank+ 
The parameters setting of model is: {'n_features': 1000, 'nhead': 2, 'nhid1': 96, 'nhid2': 8, 'n_output': 32, 'nlayers': 3, 'n_pred': 2, 'n_patho': 0, 'dropout': 0.5, 'mode': 'Classification', 'infer_mode': 'SC', 'encoder_type': 'MLP', 'model_save_path': '/mnt/NAS_21T/ProjectResult/TiRank/results/ablation/intera_0/Data8/3_Analysis/checkpoints'}
Initiate model in trail 0 with mode: Classification, infer mode: SC encoder type: MLP on device: cuda with abation on 2.
Saving model and plot for Trial 0 with Validation Loss = 0.6930
Initiate model in trail 1 with mode: Classification, infer mode: SC encoder type: MLP on device: cuda with abation on 2.
Best hyperparameters: {'lr': 0.0003, 'n_epochs': 400, 'alpha_0': 0.1, 'alpha_1': 0.9, 'alpha_2': 0, 'alpha_3': 0.3}
Loading the Best Model.
Starting Inference.
Perform Rejection with GMM mode with tolerance=0.05, components=[3,15]!
Found distributions with means close to 0 and 1 with 3 components.
Reject 4041(17.24%) cells.
Inference Done.
We set Rank score < 0.5 as Rank- () while > 0.5 as Rank+ 
The parameters setting of model is: {'n_features': 1000, 'nhead': 2, 'nhid1': 96, 'nhid2': 8, 'n_output': 32, 'nlayers': 3, 'n_pred': 2, 'n_patho': 0, 'dropout': 0.5, 'mode': 'Classification', 'infer_mode': 'SC', 'encoder_type': 'MLP', 'model_save_path': '/mnt/NAS_21T/ProjectResult/TiRank/results/ablation/intera_0/Data8/3_Analysis/checkpoints'}
Initiate model in trail 0 with mode: Classification, infer mode: SC encoder type: MLP on device: cuda with abation on 1,2.
Saving model and plot for Trial 0 with Validation Loss = 0.8360
Initiate model in trail 1 with mode: Classification, infer mode: SC encoder type: MLP on device: cuda with abation on 1,2.
Best hyperparameters: {'lr': 1e-06, 'n_epochs': 450, 'alpha_0': 0.06, 'alpha_1': 0, 'alpha_2': 0, 'alpha_3': 0.6}
Loading the Best Model.
Starting Inference.
Perform Rejection with GMM mode with tolerance=0.05, components=[3,15]!
Underfitting!
Found distributions with means close to 0 and 1 with 3 components.
Reject 0(0.00%) cells.
Inference Done.
We set Rank score < 0.5 as Rank- () while > 0.5 as Rank+ 
Starting load data for gene pair transformation.
Starting gene pair extraction.
Get candidate genes done.
There are 707 genes up-regulated in Group 0 and 445 genes up-regulated in Group 1.
Get candidate gene pairs done.
Profile transformation done.
Starting save gene pair matrices.
Save gene pair matrices done.
Save informative gene matrices done.
The parameters setting of model is: {'n_features': 1000, 'nhead': 2, 'nhid1': 96, 'nhid2': 8, 'n_output': 32, 'nlayers': 3, 'n_pred': 2, 'n_patho': 0, 'dropout': 0.5, 'mode': 'Classification', 'infer_mode': 'SC', 'encoder_type': 'DenseNet', 'model_save_path': '/mnt/NAS_21T/ProjectResult/TiRank/results/ablation/intera_0/Data7/3_Analysis/checkpoints'}
Initiate model in trail 0 with mode: Classification, infer mode: SC encoder type: DenseNet on device: cuda.
Saving model and plot for Trial 0 with Validation Loss = 0.5257
Initiate model in trail 1 with mode: Classification, infer mode: SC encoder type: DenseNet on device: cuda.
Saving model and plot for Trial 1 with Validation Loss = 0.3994
Best hyperparameters: {'lr': 0.01, 'n_epochs': 400, 'alpha_0': 0.1, 'alpha_1': 0.7, 'alpha_2': 0.05, 'alpha_3': 1}
Loading the Best Model.
Starting Inference.
Perform Rejection with GMM mode with tolerance=0.05, components=[3,15]!
Found distributions with means close to 0 and 1 with 3 components.
Reject 223(0.95%) cells.
Inference Done.
We set Rank score < 0.5 as Rank- () while > 0.5 as Rank+ 
The parameters setting of model is: {'n_features': 1000, 'nhead': 2, 'nhid1': 96, 'nhid2': 8, 'n_output': 32, 'nlayers': 3, 'n_pred': 2, 'n_patho': 0, 'dropout': 0.5, 'mode': 'Classification', 'infer_mode': 'SC', 'encoder_type': 'Transformer', 'model_save_path': '/mnt/NAS_21T/ProjectResult/TiRank/results/ablation/intera_0/Data7/3_Analysis/checkpoints'}
Initiate model in trail 0 with mode: Classification, infer mode: SC encoder type: Transformer on device: cuda.
Saving model and plot for Trial 0 with Validation Loss = 0.7702
Initiate model in trail 1 with mode: Classification, infer mode: SC encoder type: Transformer on device: cuda.
Saving model and plot for Trial 1 with Validation Loss = 0.7395
Best hyperparameters: {'lr': 1e-05, 'n_epochs': 350, 'alpha_0': 0.03, 'alpha_1': 0.5, 'alpha_2': 0.05, 'alpha_3': 0.7}
Loading the Best Model.
Starting Inference.
Perform Rejection with GMM mode with tolerance=0.05, components=[3,15]!
Found distributions with means close to 0 and 1 with 3 components.
Reject 3502(14.94%) cells.
Inference Done.
We set Rank score < 0.5 as Rank- () while > 0.5 as Rank+ 
The parameters setting of model is: {'n_features': 1000, 'nhead': 2, 'nhid1': 96, 'nhid2': 8, 'n_output': 32, 'nlayers': 3, 'n_pred': 2, 'n_patho': 0, 'dropout': 0.5, 'mode': 'Classification', 'infer_mode': 'SC', 'encoder_type': 'MLP', 'model_save_path': '/mnt/NAS_21T/ProjectResult/TiRank/results/ablation/intera_0/Data7/3_Analysis/checkpoints'}
Initiate model in trail 0 with mode: Classification, infer mode: SC encoder type: MLP on device: cuda.
Saving model and plot for Trial 0 with Validation Loss = 0.6024
Initiate model in trail 1 with mode: Classification, infer mode: SC encoder type: MLP on device: cuda.
Best hyperparameters: {'lr': 0.006, 'n_epochs': 300, 'alpha_0': 0.01, 'alpha_1': 1, 'alpha_2': 0.1, 'alpha_3': 0.6}
Loading the Best Model.
Starting Inference.
Perform Rejection with GMM mode with tolerance=0.05, components=[3,15]!
Found distributions with means close to 0 and 1 with 3 components.
Reject 2133(9.10%) cells.
Inference Done.
We set Rank score < 0.5 as Rank- () while > 0.5 as Rank+ 
The parameters setting of model is: [I 2025-03-20 22:52:00,774] A new study created in memory with name: no-name-55f0bd88-bb87-4277-b0ef-80ef5c5f58c6
[I 2025-03-20 22:56:04,270] Trial 0 finished with value: 0.7848871376203455 and parameters: {'lr': 1e-05, 'n_epochs': 400, 'alpha_0': 0.005, 'alpha_1': 0, 'alpha_2': 0.05, 'alpha_3': 0.3}. Best is trial 0 with value: 0.7848871376203455.
[I 2025-03-20 23:00:03,923] Trial 1 finished with value: 0.8505132716634999 and parameters: {'lr': 0.001, 'n_epochs': 400, 'alpha_0': 0.01, 'alpha_1': 0, 'alpha_2': 0.001, 'alpha_3': 0.8}. Best is trial 0 with value: 0.7848871376203455.
... storing 'Rank_Label' as categorical
[I 2025-03-20 23:01:59,875] A new study created in memory with name: no-name-dbd9837f-b095-4426-a9ce-527e5d311999
