[I 2025-03-21 20:31:15,301] Trial 1 finished with value: 0.7449535131454468 and parameters: {'lr': 1e-05, 'n_epochs': 400, 'alpha_0': 0.03, 'alpha_1': 0.6, 'alpha_2': 0.1, 'alpha_3': 0.1}. Best is trial 0 with value: 0.739719033241272.
Starting load data for gene pair transformation.
Starting gene pair extraction.
Get candidate genes done.
There are 322 genes up-regulated in Group 0 and 283 genes up-regulated in Group 1.
Get candidate gene pairs done.
Profile transformation done.
Starting save gene pair matrices.
Save gene pair matrices done.
Save informative gene matrices done.
The parameters setting of model is: {'n_features': 1000, 'nhead': 2, 'nhid1': 96, 'nhid2': 8, 'n_output': 32, 'nlayers': 3, 'n_pred': 2, 'n_patho': 0, 'dropout': 0.5, 'mode': 'Classification', 'infer_mode': 'SC', 'encoder_type': 'DenseNet', 'model_save_path': '/mnt/NAS_21T/ProjectResult/TiRank/results/ablation/intera_9/Data10/3_Analysis/checkpoints'}
Initiate model in trail 0 with mode: Classification, infer mode: SC encoder type: DenseNet on device: cuda.
Saving model and plot for Trial 0 with Validation Loss = 0.7744
Initiate model in trail 1 with mode: Classification, infer mode: SC encoder type: DenseNet on device: cuda.
Saving model and plot for Trial 1 with Validation Loss = 0.7494
Best hyperparameters: {'lr': 0.001, 'n_epochs': 500, 'alpha_0': 0.01, 'alpha_1': 0.2, 'alpha_2': 0.01, 'alpha_3': 0.6}
Loading the Best Model.
Starting Inference.
Perform Rejection with GMM mode with tolerance=0.05, components=[3,15]!
Found distributions with means close to 0 and 1 with 3 components.
Reject 168(39.16%) cells.
Inference Done.
We set Rank score < 0.5 as Rank- () while > 0.5 as Rank+ 
The parameters setting of model is: {'n_features': 1000, 'nhead': 2, 'nhid1': 96, 'nhid2': 8, 'n_output': 32, 'nlayers': 3, 'n_pred': 2, 'n_patho': 0, 'dropout': 0.5, 'mode': 'Classification', 'infer_mode': 'SC', 'encoder_type': 'Transformer', 'model_save_path': '/mnt/NAS_21T/ProjectResult/TiRank/results/ablation/intera_9/Data10/3_Analysis/checkpoints'}
Initiate model in trail 0 with mode: Classification, infer mode: SC encoder type: Transformer on device: cuda.
Saving model and plot for Trial 0 with Validation Loss = 0.8219
Initiate model in trail 1 with mode: Classification, infer mode: SC encoder type: Transformer on device: cuda.
Saving model and plot for Trial 1 with Validation Loss = 0.7620
Best hyperparameters: {'lr': 0.001, 'n_epochs': 500, 'alpha_0': 0.005, 'alpha_1': 0.8, 'alpha_2': 0.1, 'alpha_3': 0.6}
Loading the Best Model.
Starting Inference.
Perform Rejection with GMM mode with tolerance=0.05, components=[3,15]!
Found distributions with means close to 0 and 1 with 3 components.
Reject 70(16.32%) cells.
Inference Done.
We set Rank score < 0.5 as Rank- () while > 0.5 as Rank+ 
The parameters setting of model is: {'n_features': 1000, 'nhead': 2, 'nhid1': 96, 'nhid2': 8, 'n_output': 32, 'nlayers': 3, 'n_pred': 2, 'n_patho': 0, 'dropout': 0.5, 'mode': 'Classification', 'infer_mode': 'SC', 'encoder_type': 'MLP', 'model_save_path': '/mnt/NAS_21T/ProjectResult/TiRank/results/ablation/intera_9/Data10/3_Analysis/checkpoints'}
Initiate model in trail 0 with mode: Classification, infer mode: SC encoder type: MLP on device: cuda.
Saving model and plot for Trial 0 with Validation Loss = 0.7857
Initiate model in trail 1 with mode: Classification, infer mode: SC encoder type: MLP on device: cuda.
Best hyperparameters: {'lr': 1e-05, 'n_epochs': 400, 'alpha_0': 0.1, 'alpha_1': 0.9, 'alpha_2': 0.005, 'alpha_3': 0.3}
Loading the Best Model.
Starting Inference.
Perform Rejection with GMM mode with tolerance=0.05, components=[3,15]!
Underfitting!
Found distributions with means close to 0 and 1 with 3 components.
Reject 0(0.00%) cells.
Inference Done.
We set Rank score < 0.5 as Rank- () while > 0.5 as Rank+ 
The parameters setting of model is: {'n_features': 1000, 'nhead': 2, 'nhid1': 96, 'nhid2': 8, 'n_output': 32, 'nlayers': 3, 'n_pred': 2, 'n_patho': 0, 'dropout': 0.5, 'mode': 'Classification', 'infer_mode': 'SC', 'encoder_type': 'MLP', 'model_save_path': '/mnt/NAS_21T/ProjectResult/TiRank/results/ablation/intera_9/Data10/3_Analysis/checkpoints'}
Initiate model in trail 0 with mode: Classification, infer mode: SC encoder type: MLP on device: cuda with abation on 1.
Saving model and plot for Trial 0 with Validation Loss = 0.7888
Initiate model in trail 1 with mode: Classification, infer mode: SC encoder type: MLP on device: cuda with abation on 1.
Saving model and plot for Trial 1 with Validation Loss = 0.7678
Best hyperparameters: {'lr': 0.0006, 'n_epochs': 500, 'alpha_0': 0.1, 'alpha_1': 0, 'alpha_2': 0.05, 'alpha_3': 0.3}
Loading the Best Model.
Starting Inference.
Perform Rejection with GMM mode with tolerance=0.05, components=[3,15]!
Underfitting!
Found distributions with means close to 0 and 1 with 3 components.
Reject 0(0.00%) cells.
Inference Done.
We set Rank score < 0.5 as Rank- () while > 0.5 as Rank+ 
The parameters setting of model is: {'n_features': 1000, 'nhead': 2, 'nhid1': 96, 'nhid2': 8, 'n_output': 32, 'nlayers': 3, 'n_pred': 2, 'n_patho': 0, 'dropout': 0.5, 'mode': 'Classification', 'infer_mode': 'SC', 'encoder_type': 'MLP', 'model_save_path': '/mnt/NAS_21T/ProjectResult/TiRank/results/ablation/intera_9/Data10/3_Analysis/checkpoints'}
Initiate model in trail 0 with mode: Classification, infer mode: SC encoder type: MLP on device: cuda with abation on 2.
Saving model and plot for Trial 0 with Validation Loss = 0.7789
Initiate model in trail 1 with mode: Classification, infer mode: SC encoder type: MLP on device: cuda with abation on 2.
Best hyperparameters: {'lr': 0.0006, 'n_epochs': 500, 'alpha_0': 0.01, 'alpha_1': 0.3, 'alpha_2': 0, 'alpha_3': 0.5}
Loading the Best Model.
Starting Inference.
Perform Rejection with GMM mode with tolerance=0.05, components=[3,15]!
Found distributions with means close to 0 and 1 with 3 components.
Reject 100(23.31%) cells.
Inference Done.
We set Rank score < 0.5 as Rank- () while > 0.5 as Rank+ 
The parameters setting of model is: {'n_features': 1000, 'nhead': 2, 'nhid1': 96, 'nhid2': 8, 'n_output': 32, 'nlayers': 3, 'n_pred': 2, 'n_patho': 0, 'dropout': 0.5, 'mode': 'Classification', 'infer_mode': 'SC', 'encoder_type': 'MLP', 'model_save_path': '/mnt/NAS_21T/ProjectResult/TiRank/results/ablation/intera_9/Data10/3_Analysis/checkpoints'}
Initiate model in trail 0 with mode: Classification, infer mode: SC encoder type: MLP on device: cuda with abation on 1,2.
Saving model and plot for Trial 0 with Validation Loss = 0.7902
Initiate model in trail 1 with mode: Classification, infer mode: SC encoder type: MLP on device: cuda with abation on 1,2.
Best hyperparameters: {'lr': 0.0006, 'n_epochs': 500, 'alpha_0': 0.03, 'alpha_1': 0, 'alpha_2': 0, 'alpha_3': 0.8}
Loading the Best Model.
Starting Inference.
Perform Rejection with GMM mode with tolerance=0.05, components=[3,15]!
Underfitting!
Found distributions with means close to 0 and 1 with 3 components.
Reject 0(0.00%) cells.
Inference Done.
We set Rank score < 0.5 as Rank- () while > 0.5 as Rank+ 
Starting load data for gene pair transformation.
Starting gene pair extraction.
Get candidate genes done.
There are 263 genes up-regulated in Group 0 and 460 genes up-regulated in Group 1.
Get candidate gene pairs done.
Profile transformation done.
Starting save gene pair matrices.
Save gene pair matrices done.
Save informative gene matrices done.
The parameters setting of model is: {'n_features': 1000, 'nhead': 2, 'nhid1': 96, 'nhid2': 8, 'n_output': 32, 'nlayers': 3, 'n_pred': 2, 'n_patho': 0, 'dropout': 0.5, 'mode': 'Classification', 'infer_mode': 'SC', 'encoder_type': 'DenseNet', 'model_save_path': '/mnt/NAS_21T/ProjectResult/TiRank/results/ablation/intera_9/Data9/3_Analysis/checkpoints'}
Initiate model in trail 0 with mode: Classification, infer mode: SC encoder type: DenseNet on device: cuda.
Saving model and plot for Trial 0 with Validation Loss = 0.7397
Initiate model in trail 1 with mode: Classification, infer mode: SC encoder type: DenseNet on device: cuda.
Best hyperparameters: {'lr': 0.01, 'n_epochs': 300, 'alpha_0': 0.06, 'alpha_1': 0.9, 'alpha_2': 0.1, 'alpha_3': 0.2}
Loading the Best Model.
Starting Inference.
Perform Rejection with GMM mode with tolerance=0.05, components=[3,15]!
Found distributions with means close to 0 and 1 with 3 components.
Reject 0(0.00%) cells.
Inference Done.
... storing 'Rank_Label' as categorical
[I 2025-03-21 20:31:17,227] A new study created in memory with name: no-name-18abf5cc-7154-48a8-ad56-809a5546eb32
[I 2025-03-21 20:31:25,523] Trial 0 finished with value: 0.7523735761642456 and parameters: {'lr': 0.001, 'n_epochs': 500, 'alpha_0': 0.01, 'alpha_1': 0.4, 'alpha_2': 0.001, 'alpha_3': 0.9}. Best is trial 0 with value: 0.7523735761642456.
[I 2025-03-21 20:31:33,837] Trial 1 finished with value: 0.770455539226532 and parameters: {'lr': 0.003, 'n_epochs': 500, 'alpha_0': 0.01, 'alpha_1': 0.2, 'alpha_2': 0.001, 'alpha_3': 0.3}. Best is trial 0 with value: 0.7523735761642456.
... storing 'Rank_Label' as categorical
[I 2025-03-21 20:31:35,954] A new study created in memory with name: no-name-f77faf6a-889a-4ad9-81ae-3632a8b27a35
[I 2025-03-21 20:31:38,875] Trial 0 finished with value: 0.7026729583740234 and parameters: {'lr': 0.006, 'n_epochs': 350, 'alpha_0': 0.1, 'alpha_1': 0.7, 'alpha_2': 0.1, 'alpha_3': 0.1}. Best is trial 0 with value: 0.7026729583740234.
[I 2025-03-21 20:31:41,429] Trial 1 finished with value: 0.7038158178329468 and parameters: {'lr': 0.0006, 'n_epochs': 300, 'alpha_0': 0.1, 'alpha_1': 0.8, 'alpha_2': 0.05, 'alpha_3': 0.4}. Best is trial 0 with value: 0.7026729583740234.
... storing 'Rank_Label' as categorical
[I 2025-03-21 20:31:43,451] A new study created in memory with name: no-name-a5fae6a6-e19d-4d50-ac7a-8dab00a3f9d3
[I 2025-03-21 20:31:47,259] Trial 0 finished with value: 0.7007735371589661 and parameters: {'lr': 0.0003, 'n_epochs': 400, 'alpha_0': 0.01, 'alpha_1': 0, 'alpha_2': 0.005, 'alpha_3': 1}. Best is trial 0 with value: 0.7007735371589661.
[I 2025-03-21 20:31:51,347] Trial 1 finished with value: 0.6970391869544983 and parameters: {'lr': 0.0006, 'n_epochs': 450, 'alpha_0': 0.005, 'alpha_1': 0, 'alpha_2': 0.005, 'alpha_3': 0.4}. Best is trial 1 with value: 0.6970391869544983.
... storing 'Rank_Label' as categorical
[I 2025-03-21 20:31:53,235] A new study created in memory with name: no-name-c6f3407b-c35c-4429-860f-fcaa856db904
[I 2025-03-21 20:31:57,034] Trial 0 finished with value: 0.7523308992385864 and parameters: {'lr': 0.006, 'n_epochs': 400, 'alpha_0': 0.01, 'alpha_1': 0.1, 'alpha_2': 0, 'alpha_3': 0.9}. Best is trial 0 with value: 0.7523308992385864.
[I 2025-03-21 20:32:00,231] Trial 1 finished with value: 0.6664218902587891 and parameters: {'lr': 0.0006, 'n_epochs': 400, 'alpha_0': 0.06, 'alpha_1': 0.1, 'alpha_2': 0, 'alpha_3': 0.9}. Best is trial 1 with value: 0.6664218902587891.
... storing 'Rank_Label' as categorical
[I 2025-03-21 20:32:02,151] A new study created in memory with name: no-name-81515018-5013-4641-9b86-30f1b88c8ca6
[I 2025-03-21 20:32:05,396] Trial 0 finished with value: 0.7980425357818604 and parameters: {'lr': 0.0001, 'n_epochs': 450, 'alpha_0': 0.06, 'alpha_1': 0, 'alpha_2': 0, 'alpha_3': 0.9}. Best is trial 0 with value: 0.7980425357818604.
[I 2025-03-21 20:32:08,861] Trial 1 finished with value: 0.7914044857025146 and parameters: {'lr': 0.006, 'n_epochs': 500, 'alpha_0': 0.03, 'alpha_1': 0, 'alpha_2': 0, 'alpha_3': 0.7}. Best is trial 1 with value: 0.7914044857025146.
... storing 'Rank_Label' as categorical
2025-03-21 20:32:10,995 - Finished dataset Data9 in /mnt/NAS_21T/ProjectResult/TiRank/results/ablation/intera_9/Data9
Processing datasets for repeat 9:  20%|â–ˆâ–ˆ        | 2/10 [03:17<13:03, 97.89s/it] 2025-03-21 20:32:10,997 - Processing dataset Data8 in /mnt/NAS_21T/ProjectResult/TiRank/results/ablation/intera_9/Data8
[I 2025-03-21 20:40:45,562] A new study created in memory with name: no-name-1e141e1b-d1a4-48e4-b239-38e4e37fd181
[I 2025-03-21 20:45:03,605] Trial 0 finished with value: 0.5518820596777875 and parameters: {'lr': 0.0003, 'n_epochs': 400, 'alpha_0': 0.01, 'alpha_1': 0.8, 'alpha_2': 0.1, 'alpha_3': 0.7}. Best is trial 0 with value: 0.5518820596777875.
[I 2025-03-21 20:48:52,467] Trial 1 finished with value: 0.5688893691353176 and parameters: {'lr': 1e-05, 'n_epochs': 350, 'alpha_0': 0.01, 'alpha_1': 0.9, 'alpha_2': 0.01, 'alpha_3': 0.2}. Best is trial 0 with value: 0.5518820596777875.
... storing 'Rank_Label' as categorical
[I 2025-03-21 20:50:42,871] A new study created in memory with name: no-name-d5b2011c-6690-4261-a80a-39fee00d1b13
[I 2025-03-21 20:54:55,812] Trial 0 finished with value: 0.6205990703209586 and parameters: {'lr': 0.006, 'n_epochs': 400, 'alpha_0': 0.005, 'alpha_1': 0.3, 'alpha_2': 0.001, 'alpha_3': 0.9}. Best is trial 0 with value: 0.6205990703209586.
[I 2025-03-21 20:58:36,906] Trial 1 finished with value: 0.7208089958066526 and parameters: {'lr': 0.006, 'n_epochs': 350, 'alpha_0': 0.005, 'alpha_1': 0.5, 'alpha_2': 0.005, 'alpha_3': 0.4}. Best is trial 0 with value: 0.6205990703209586.
... storing 'Rank_Label' as categorical
We set Rank score < 0.5 as Rank- () while > 0.5 as Rank+ 
The parameters setting of model is: {'n_features': 1000, 'nhead': 2, 'nhid1': 96, 'nhid2': 8, 'n_output': 32, 'nlayers': 3, 'n_pred': 2, 'n_patho': 0, 'dropout': 0.5, 'mode': 'Classification', 'infer_mode': 'SC', 'encoder_type': 'Transformer', 'model_save_path': '/mnt/NAS_21T/ProjectResult/TiRank/results/ablation/intera_9/Data9/3_Analysis/checkpoints'}
Initiate model in trail 0 with mode: Classification, infer mode: SC encoder type: Transformer on device: cuda.
Saving model and plot for Trial 0 with Validation Loss = 0.7524
Initiate model in trail 1 with mode: Classification, infer mode: SC encoder type: Transformer on device: cuda.
Best hyperparameters: {'lr': 0.001, 'n_epochs': 500, 'alpha_0': 0.01, 'alpha_1': 0.4, 'alpha_2': 0.001, 'alpha_3': 0.9}
Loading the Best Model.
Starting Inference.
Perform Rejection with GMM mode with tolerance=0.05, components=[3,15]!
Found distributions with means close to 0 and 1 with 3 components.
Reject 0(0.00%) cells.
Inference Done.
We set Rank score < 0.5 as Rank- () while > 0.5 as Rank+ 
The parameters setting of model is: {'n_features': 1000, 'nhead': 2, 'nhid1': 96, 'nhid2': 8, 'n_output': 32, 'nlayers': 3, 'n_pred': 2, 'n_patho': 0, 'dropout': 0.5, 'mode': 'Classification', 'infer_mode': 'SC', 'encoder_type': 'MLP', 'model_save_path': '/mnt/NAS_21T/ProjectResult/TiRank/results/ablation/intera_9/Data9/3_Analysis/checkpoints'}
Initiate model in trail 0 with mode: Classification, infer mode: SC encoder type: MLP on device: cuda.
Saving model and plot for Trial 0 with Validation Loss = 0.7027
Initiate model in trail 1 with mode: Classification, infer mode: SC encoder type: MLP on device: cuda.
Best hyperparameters: {'lr': 0.006, 'n_epochs': 350, 'alpha_0': 0.1, 'alpha_1': 0.7, 'alpha_2': 0.1, 'alpha_3': 0.1}
Loading the Best Model.
Starting Inference.
Perform Rejection with GMM mode with tolerance=0.05, components=[3,15]!
Two distribution rejection faild.
Perform single distribution rejection.
Found distributions with means close to 1 with 2 components.
Reject 245(57.11%) cells.
Inference Done.
We set Rank score < 0.5 as Rank- () while > 0.5 as Rank+ 
The parameters setting of model is: {'n_features': 1000, 'nhead': 2, 'nhid1': 96, 'nhid2': 8, 'n_output': 32, 'nlayers': 3, 'n_pred': 2, 'n_patho': 0, 'dropout': 0.5, 'mode': 'Classification', 'infer_mode': 'SC', 'encoder_type': 'MLP', 'model_save_path': '/mnt/NAS_21T/ProjectResult/TiRank/results/ablation/intera_9/Data9/3_Analysis/checkpoints'}
Initiate model in trail 0 with mode: Classification, infer mode: SC encoder type: MLP on device: cuda with abation on 1.
Saving model and plot for Trial 0 with Validation Loss = 0.7008
Initiate model in trail 1 with mode: Classification, infer mode: SC encoder type: MLP on device: cuda with abation on 1.
Saving model and plot for Trial 1 with Validation Loss = 0.6970
Best hyperparameters: {'lr': 0.0006, 'n_epochs': 450, 'alpha_0': 0.005, 'alpha_1': 0, 'alpha_2': 0.005, 'alpha_3': 0.4}
Loading the Best Model.
Starting Inference.
Perform Rejection with GMM mode with tolerance=0.05, components=[3,15]!
Underfitting!
Found distributions with means close to 0 and 1 with 3 components.
Reject 0(0.00%) cells.
Inference Done.
We set Rank score < 0.5 as Rank- () while > 0.5 as Rank+ 
The parameters setting of model is: {'n_features': 1000, 'nhead': 2, 'nhid1': 96, 'nhid2': 8, 'n_output': 32, 'nlayers': 3, 'n_pred': 2, 'n_patho': 0, 'dropout': 0.5, 'mode': 'Classification', 'infer_mode': 'SC', 'encoder_type': 'MLP', 'model_save_path': '/mnt/NAS_21T/ProjectResult/TiRank/results/ablation/intera_9/Data9/3_Analysis/checkpoints'}
Initiate model in trail 0 with mode: Classification, infer mode: SC encoder type: MLP on device: cuda with abation on 2.
Saving model and plot for Trial 0 with Validation Loss = 0.7523
Initiate model in trail 1 with mode: Classification, infer mode: SC encoder type: MLP on device: cuda with abation on 2.
Saving model and plot for Trial 1 with Validation Loss = 0.6664
Best hyperparameters: {'lr': 0.0006, 'n_epochs': 400, 'alpha_0': 0.06, 'alpha_1': 0.1, 'alpha_2': 0, 'alpha_3': 0.9}
Loading the Best Model.
Starting Inference.
Perform Rejection with GMM mode with tolerance=0.05, components=[3,15]!
Two distribution rejection faild.
Perform single distribution rejection.
Found distributions with means close to 1 with 2 components.
Reject 16(3.73%) cells.
Inference Done.
We set Rank score < 0.5 as Rank- () while > 0.5 as Rank+ 
The parameters setting of model is: {'n_features': 1000, 'nhead': 2, 'nhid1': 96, 'nhid2': 8, 'n_output': 32, 'nlayers': 3, 'n_pred': 2, 'n_patho': 0, 'dropout': 0.5, 'mode': 'Classification', 'infer_mode': 'SC', 'encoder_type': 'MLP', 'model_save_path': '/mnt/NAS_21T/ProjectResult/TiRank/results/ablation/intera_9/Data9/3_Analysis/checkpoints'}
Initiate model in trail 0 with mode: Classification, infer mode: SC encoder type: MLP on device: cuda with abation on 1,2.
Saving model and plot for Trial 0 with Validation Loss = 0.7980
Initiate model in trail 1 with mode: Classification, infer mode: SC encoder type: MLP on device: cuda with abation on 1,2.
Saving model and plot for Trial 1 with Validation Loss = 0.7914
Best hyperparameters: {'lr': 0.006, 'n_epochs': 500, 'alpha_0': 0.03, 'alpha_1': 0, 'alpha_2': 0, 'alpha_3': 0.7}
Loading the Best Model.
Starting Inference.
Perform Rejection with GMM mode with tolerance=0.05, components=[3,15]!
Underfitting!
Found distributions with means close to 0 and 1 with 3 components.
Reject 0(0.00%) cells.
Inference Done.
We set Rank score < 0.5 as Rank- () while > 0.5 as Rank+ 
Starting load data for gene pair transformation.
Starting gene pair extraction.
Get candidate genes done.
There are 811 genes up-regulated in Group 0 and 701 genes up-regulated in Group 1.
Get candidate gene pairs done.
Profile transformation done.
Starting save gene pair matrices.
Save gene pair matrices done.
Save informative gene matrices done.
The parameters setting of model is: {'n_features': 1000, 'nhead': 2, 'nhid1': 96, 'nhid2': 8, 'n_output': 32, 'nlayers': 3, 'n_pred': 2, 'n_patho': 0, 'dropout': 0.5, 'mode': 'Classification', 'infer_mode': 'SC', 'encoder_type': 'DenseNet', 'model_save_path': '/mnt/NAS_21T/ProjectResult/TiRank/results/ablation/intera_9/Data8/3_Analysis/checkpoints'}
Initiate model in trail 0 with mode: Classification, infer mode: SC encoder type: DenseNet on device: cuda.
Saving model and plot for Trial 0 with Validation Loss = 0.5519
Initiate model in trail 1 with mode: Classification, infer mode: SC encoder type: DenseNet on device: cuda.
Best hyperparameters: {'lr': 0.0003, 'n_epochs': 400, 'alpha_0': 0.01, 'alpha_1': 0.8, 'alpha_2': 0.1, 'alpha_3': 0.7}
Loading the Best Model.
Starting Inference.
Perform Rejection with GMM mode with tolerance=0.05, components=[3,15]!
Found distributions with means close to 0 and 1 with 7 components.
Reject 20995(89.59%) cells.
Inference Done.
We set Rank score < 0.5 as Rank- () while > 0.5 as Rank+ 
The parameters setting of model is: {'n_features': 1000, 'nhead': 2, 'nhid1': 96, 'nhid2': 8, 'n_output': 32, 'nlayers': 3, 'n_pred': 2, 'n_patho': 0, 'dropout': 0.5, 'mode': 'Classification', 'infer_mode': 'SC', 'encoder_type': 'Transformer', 'model_save_path': '/mnt/NAS_21T/ProjectResult/TiRank/results/ablation/intera_9/Data8/3_Analysis/checkpoints'}
Initiate model in trail 0 with mode: Classification, infer mode: SC encoder type: Transformer on device: cuda.
Saving model and plot for Trial 0 with Validation Loss = 0.6206
Initiate model in trail 1 with mode: Classification, infer mode: SC encoder type: Transformer on device: cuda.
Best hyperparameters: {'lr': 0.006, 'n_epochs': 400, 'alpha_0': 0.005, 'alpha_1': 0.3, 'alpha_2': 0.001, 'alpha_3': 0.9}
Loading the Best Model.
Starting Inference.
Perform Rejection with GMM mode with tolerance=0.05, components=[3,15]!
Found distributions with means close to 0 and 1 with 3 components.
Reject 0(0.00%) cells.
Inference Done.
We set Rank score < 0.5 as Rank- () while > 0.5 as Rank+ 
The parameters setting of model is: [I 2025-03-21 21:00:25,928] A new study created in memory with name: no-name-4216a4c0-dcca-4bdb-bd0b-c482f03837fc
[I 2025-03-21 21:03:26,165] Trial 0 finished with value: 0.805109467195428 and parameters: {'lr': 1e-06, 'n_epochs': 300, 'alpha_0': 0.1, 'alpha_1': 0.7, 'alpha_2': 0.01, 'alpha_3': 0.4}. Best is trial 0 with value: 0.805109467195428.
[I 2025-03-21 21:06:57,660] Trial 1 finished with value: 0.58405035475026 and parameters: {'lr': 0.0001, 'n_epochs': 350, 'alpha_0': 0.03, 'alpha_1': 0.8, 'alpha_2': 0.005, 'alpha_3': 0.1}. Best is trial 1 with value: 0.58405035475026.
... storing 'Rank_Label' as categorical
[I 2025-03-21 21:08:53,155] A new study created in memory with name: no-name-50dcc97e-8fd7-4e49-9973-8fec778e94f9
