[I 2025-03-21 04:50:22,433] Trial 1 finished with value: 0.7983006834983826 and parameters: {'lr': 0.0003, 'n_epochs': 350, 'alpha_0': 0.005, 'alpha_1': 0, 'alpha_2': 0, 'alpha_3': 0.2}. Best is trial 0 with value: 0.7931277751922607.
... storing 'Rank_Label' as categorical
2025-03-21 04:50:24,326 - Finished dataset Data10 in /mnt/NAS_21T/ProjectResult/TiRank/results/ablation/intera_3/Data10
Processing datasets for repeat 3:  10%|â–ˆ         | 1/10 [01:34<14:14, 94.97s/it]2025-03-21 04:50:24,328 - Processing dataset Data9 in /mnt/NAS_21T/ProjectResult/TiRank/results/ablation/intera_3/Data9
[I 2025-03-21 04:50:54,752] A new study created in memory with name: no-name-24581a0e-c76a-41c9-b00b-8a1d3db7a0d5
[I 2025-03-21 04:50:59,635] Trial 0 finished with value: 0.7214655876159668 and parameters: {'lr': 0.001, 'n_epochs': 450, 'alpha_0': 0.01, 'alpha_1': 0.6, 'alpha_2': 0.05, 'alpha_3': 1}. Best is trial 0 with value: 0.7214655876159668.
[I 2025-03-21 04:51:03,592] Trial 1 finished with value: 0.7181409001350403 and parameters: {'lr': 0.0006, 'n_epochs': 350, 'alpha_0': 0.1, 'alpha_1': 0.2, 'alpha_2': 0.1, 'alpha_3': 0.9}. Best is trial 1 with value: 0.7181409001350403.
Starting load data for gene pair transformation.
Starting gene pair extraction.
Get candidate genes done.
There are 322 genes up-regulated in Group 0 and 283 genes up-regulated in Group 1.
Get candidate gene pairs done.
Profile transformation done.
Starting save gene pair matrices.
Save gene pair matrices done.
Save informative gene matrices done.
The parameters setting of model is: {'n_features': 1000, 'nhead': 2, 'nhid1': 96, 'nhid2': 8, 'n_output': 32, 'nlayers': 3, 'n_pred': 2, 'n_patho': 0, 'dropout': 0.5, 'mode': 'Classification', 'infer_mode': 'SC', 'encoder_type': 'DenseNet', 'model_save_path': '/mnt/NAS_21T/ProjectResult/TiRank/results/ablation/intera_3/Data10/3_Analysis/checkpoints'}
Initiate model in trail 0 with mode: Classification, infer mode: SC encoder type: DenseNet on device: cuda.
Saving model and plot for Trial 0 with Validation Loss = 0.7801
Initiate model in trail 1 with mode: Classification, infer mode: SC encoder type: DenseNet on device: cuda.
Saving model and plot for Trial 1 with Validation Loss = 0.7415
Best hyperparameters: {'lr': 0.003, 'n_epochs': 350, 'alpha_0': 0.06, 'alpha_1': 0.7, 'alpha_2': 0.05, 'alpha_3': 0.2}
Loading the Best Model.
Starting Inference.
Perform Rejection with GMM mode with tolerance=0.05, components=[3,15]!
Found distributions with means close to 0 and 1 with 3 components.
Reject 1(0.23%) cells.
Inference Done.
We set Rank score < 0.5 as Rank- () while > 0.5 as Rank+ 
The parameters setting of model is: {'n_features': 1000, 'nhead': 2, 'nhid1': 96, 'nhid2': 8, 'n_output': 32, 'nlayers': 3, 'n_pred': 2, 'n_patho': 0, 'dropout': 0.5, 'mode': 'Classification', 'infer_mode': 'SC', 'encoder_type': 'Transformer', 'model_save_path': '/mnt/NAS_21T/ProjectResult/TiRank/results/ablation/intera_3/Data10/3_Analysis/checkpoints'}
Initiate model in trail 0 with mode: Classification, infer mode: SC encoder type: Transformer on device: cuda.
Saving model and plot for Trial 0 with Validation Loss = 0.7881
Initiate model in trail 1 with mode: Classification, infer mode: SC encoder type: Transformer on device: cuda.
Saving model and plot for Trial 1 with Validation Loss = 0.7773
Best hyperparameters: {'lr': 1e-05, 'n_epochs': 450, 'alpha_0': 0.005, 'alpha_1': 0.6, 'alpha_2': 0.01, 'alpha_3': 0.9}
Loading the Best Model.
Starting Inference.
Perform Rejection with GMM mode with tolerance=0.05, components=[3,15]!
Underfitting!
Found distributions with means close to 0 and 1 with 3 components.
Reject 0(0.00%) cells.
Inference Done.
We set Rank score < 0.5 as Rank- () while > 0.5 as Rank+ 
The parameters setting of model is: {'n_features': 1000, 'nhead': 2, 'nhid1': 96, 'nhid2': 8, 'n_output': 32, 'nlayers': 3, 'n_pred': 2, 'n_patho': 0, 'dropout': 0.5, 'mode': 'Classification', 'infer_mode': 'SC', 'encoder_type': 'MLP', 'model_save_path': '/mnt/NAS_21T/ProjectResult/TiRank/results/ablation/intera_3/Data10/3_Analysis/checkpoints'}
Initiate model in trail 0 with mode: Classification, infer mode: SC encoder type: MLP on device: cuda.
Saving model and plot for Trial 0 with Validation Loss = 0.7873
Initiate model in trail 1 with mode: Classification, infer mode: SC encoder type: MLP on device: cuda.
Saving model and plot for Trial 1 with Validation Loss = 0.7563
Best hyperparameters: {'lr': 0.001, 'n_epochs': 350, 'alpha_0': 0.005, 'alpha_1': 0.8, 'alpha_2': 0.1, 'alpha_3': 0.3}
Loading the Best Model.
Starting Inference.
Perform Rejection with GMM mode with tolerance=0.05, components=[3,15]!
Found distributions with means close to 0 and 1 with 3 components.
Reject 212(49.42%) cells.
Inference Done.
We set Rank score < 0.5 as Rank- () while > 0.5 as Rank+ 
The parameters setting of model is: {'n_features': 1000, 'nhead': 2, 'nhid1': 96, 'nhid2': 8, 'n_output': 32, 'nlayers': 3, 'n_pred': 2, 'n_patho': 0, 'dropout': 0.5, 'mode': 'Classification', 'infer_mode': 'SC', 'encoder_type': 'MLP', 'model_save_path': '/mnt/NAS_21T/ProjectResult/TiRank/results/ablation/intera_3/Data10/3_Analysis/checkpoints'}
Initiate model in trail 0 with mode: Classification, infer mode: SC encoder type: MLP on device: cuda with abation on 1.
Saving model and plot for Trial 0 with Validation Loss = 0.7300
Initiate model in trail 1 with mode: Classification, infer mode: SC encoder type: MLP on device: cuda with abation on 1.
Best hyperparameters: {'lr': 0.006, 'n_epochs': 350, 'alpha_0': 0.03, 'alpha_1': 0, 'alpha_2': 0.05, 'alpha_3': 0.9}
Loading the Best Model.
Starting Inference.
Perform Rejection with GMM mode with tolerance=0.05, components=[3,15]!
Underfitting!
Found distributions with means close to 0 and 1 with 3 components.
Reject 0(0.00%) cells.
Inference Done.
We set Rank score < 0.5 as Rank- () while > 0.5 as Rank+ 
The parameters setting of model is: {'n_features': 1000, 'nhead': 2, 'nhid1': 96, 'nhid2': 8, 'n_output': 32, 'nlayers': 3, 'n_pred': 2, 'n_patho': 0, 'dropout': 0.5, 'mode': 'Classification', 'infer_mode': 'SC', 'encoder_type': 'MLP', 'model_save_path': '/mnt/NAS_21T/ProjectResult/TiRank/results/ablation/intera_3/Data10/3_Analysis/checkpoints'}
Initiate model in trail 0 with mode: Classification, infer mode: SC encoder type: MLP on device: cuda with abation on 2.
Saving model and plot for Trial 0 with Validation Loss = 0.7891
Initiate model in trail 1 with mode: Classification, infer mode: SC encoder type: MLP on device: cuda with abation on 2.
Best hyperparameters: {'lr': 0.0006, 'n_epochs': 350, 'alpha_0': 0.01, 'alpha_1': 0.3, 'alpha_2': 0, 'alpha_3': 0.5}
Loading the Best Model.
Starting Inference.
Perform Rejection with GMM mode with tolerance=0.05, components=[3,15]!
Found distributions with means close to 0 and 1 with 3 components.
Reject 102(23.78%) cells.
Inference Done.
We set Rank score < 0.5 as Rank- () while > 0.5 as Rank+ 
The parameters setting of model is: {'n_features': 1000, 'nhead': 2, 'nhid1': 96, 'nhid2': 8, 'n_output': 32, 'nlayers': 3, 'n_pred': 2, 'n_patho': 0, 'dropout': 0.5, 'mode': 'Classification', 'infer_mode': 'SC', 'encoder_type': 'MLP', 'model_save_path': '/mnt/NAS_21T/ProjectResult/TiRank/results/ablation/intera_3/Data10/3_Analysis/checkpoints'}
Initiate model in trail 0 with mode: Classification, infer mode: SC encoder type: MLP on device: cuda with abation on 1,2.
Saving model and plot for Trial 0 with Validation Loss = 0.7931
Initiate model in trail 1 with mode: Classification, infer mode: SC encoder type: MLP on device: cuda with abation on 1,2.
Best hyperparameters: {'lr': 0.01, 'n_epochs': 300, 'alpha_0': 0.01, 'alpha_1': 0, 'alpha_2': 0, 'alpha_3': 0.9}
Loading the Best Model.
Starting Inference.
Perform Rejection with GMM mode with tolerance=0.05, components=[3,15]!
Underfitting!
Found distributions with means close to 0 and 1 with 3 components.
Reject 0(0.00%) cells.
Inference Done.
We set Rank score < 0.5 as Rank- () while > 0.5 as Rank+ 
Starting load data for gene pair transformation.
Starting gene pair extraction.
Get candidate genes done.
There are 263 genes up-regulated in Group 0 and 460 genes up-regulated in Group 1.
Get candidate gene pairs done.
Profile transformation done.
Starting save gene pair matrices.
Save gene pair matrices done.
Save informative gene matrices done.
The parameters setting of model is: {'n_features': 1000, 'nhead': 2, 'nhid1': 96, 'nhid2': 8, 'n_output': 32, 'nlayers': 3, 'n_pred': 2, 'n_patho': 0, 'dropout': 0.5, 'mode': 'Classification', 'infer_mode': 'SC', 'encoder_type': 'DenseNet', 'model_save_path': '/mnt/NAS_21T/ProjectResult/TiRank/results/ablation/intera_3/Data9/3_Analysis/checkpoints'}
Initiate model in trail 0 with mode: Classification, infer mode: SC encoder type: DenseNet on device: cuda.
Saving model and plot for Trial 0 with Validation Loss = 0.7215
Initiate model in trail 1 with mode: Classification, infer mode: SC encoder type: DenseNet on device: cuda.
Saving model and plot for Trial 1 with Validation Loss = 0.7181
Best hyperparameters: {'lr': 0.0006, 'n_epochs': 350, 'alpha_0': 0.1, 'alpha_1': 0.2, 'alpha_2': 0.1, 'alpha_3': 0.9}
Loading the Best Model.
Starting Inference.
Perform Rejection with GMM mode with tolerance=0.05, components=[3,15]!
Found distributions with means close to 0 and 1 with 4 components.
... storing 'Rank_Label' as categorical
[I 2025-03-21 04:51:05,525] A new study created in memory with name: no-name-94dea3f6-6a12-44b2-8cc4-14696927aa74
[I 2025-03-21 04:51:13,976] Trial 0 finished with value: 0.6576849222183228 and parameters: {'lr': 0.0006, 'n_epochs': 500, 'alpha_0': 0.01, 'alpha_1': 0.1, 'alpha_2': 0.01, 'alpha_3': 0.7}. Best is trial 0 with value: 0.6576849222183228.
[I 2025-03-21 04:51:21,052] Trial 1 finished with value: 0.7660161256790161 and parameters: {'lr': 0.0001, 'n_epochs': 400, 'alpha_0': 0.03, 'alpha_1': 0.3, 'alpha_2': 0.1, 'alpha_3': 0.3}. Best is trial 0 with value: 0.6576849222183228.
... storing 'Rank_Label' as categorical
[I 2025-03-21 04:51:23,002] A new study created in memory with name: no-name-6db278ae-64cc-4e52-9046-4705e457cee0
[I 2025-03-21 04:51:25,766] Trial 0 finished with value: 0.7958751320838928 and parameters: {'lr': 1e-06, 'n_epochs': 300, 'alpha_0': 0.005, 'alpha_1': 0.3, 'alpha_2': 0.01, 'alpha_3': 0.9}. Best is trial 0 with value: 0.7958751320838928.
[I 2025-03-21 04:51:29,721] Trial 1 finished with value: 0.8030951023101807 and parameters: {'lr': 1e-06, 'n_epochs': 450, 'alpha_0': 0.01, 'alpha_1': 0.7, 'alpha_2': 0.005, 'alpha_3': 0.7}. Best is trial 0 with value: 0.7958751320838928.
... storing 'Rank_Label' as categorical
[I 2025-03-21 04:51:31,610] A new study created in memory with name: no-name-c9368d57-54e0-4077-ae1a-07a9adba742f
[I 2025-03-21 04:51:34,192] Trial 0 finished with value: 0.769465982913971 and parameters: {'lr': 0.0003, 'n_epochs': 300, 'alpha_0': 0.1, 'alpha_1': 0, 'alpha_2': 0.01, 'alpha_3': 0.1}. Best is trial 0 with value: 0.769465982913971.
[I 2025-03-21 04:51:38,724] Trial 1 finished with value: 0.7835290431976318 and parameters: {'lr': 1e-05, 'n_epochs': 500, 'alpha_0': 0.005, 'alpha_1': 0, 'alpha_2': 0.001, 'alpha_3': 0.9}. Best is trial 0 with value: 0.769465982913971.
... storing 'Rank_Label' as categorical
[I 2025-03-21 04:51:40,660] A new study created in memory with name: no-name-6dc00da8-537c-4891-8a7c-4818e1c6cde3
[I 2025-03-21 04:51:44,420] Trial 0 finished with value: 0.7744768261909485 and parameters: {'lr': 0.01, 'n_epochs': 450, 'alpha_0': 0.1, 'alpha_1': 0.2, 'alpha_2': 0, 'alpha_3': 0.5}. Best is trial 0 with value: 0.7744768261909485.
[I 2025-03-21 04:51:49,186] Trial 1 finished with value: 0.6681076884269714 and parameters: {'lr': 0.0006, 'n_epochs': 500, 'alpha_0': 0.1, 'alpha_1': 0.3, 'alpha_2': 0, 'alpha_3': 0.1}. Best is trial 1 with value: 0.6681076884269714.
... storing 'Rank_Label' as categorical
[I 2025-03-21 04:51:51,085] A new study created in memory with name: no-name-61d104cf-8159-4006-9c0e-4993d631d68b
[I 2025-03-21 04:51:54,400] Trial 0 finished with value: 0.837823212146759 and parameters: {'lr': 0.01, 'n_epochs': 350, 'alpha_0': 0.03, 'alpha_1': 0, 'alpha_2': 0, 'alpha_3': 0.5}. Best is trial 0 with value: 0.837823212146759.
[I 2025-03-21 04:51:58,065] Trial 1 finished with value: 0.7711809873580933 and parameters: {'lr': 0.0001, 'n_epochs': 400, 'alpha_0': 0.03, 'alpha_1': 0, 'alpha_2': 0, 'alpha_3': 0.5}. Best is trial 1 with value: 0.7711809873580933.
... storing 'Rank_Label' as categorical
2025-03-21 04:51:59,947 - Finished dataset Data9 in /mnt/NAS_21T/ProjectResult/TiRank/results/ablation/intera_3/Data9
Processing datasets for repeat 3:  20%|â–ˆâ–ˆ        | 2/10 [03:10<12:42, 95.35s/it]2025-03-21 04:51:59,949 - Processing dataset Data8 in /mnt/NAS_21T/ProjectResult/TiRank/results/ablation/intera_3/Data8
[I 2025-03-21 05:00:47,404] A new study created in memory with name: no-name-9f682453-7a7a-4e72-9524-82525a76353f
[I 2025-03-21 05:04:03,684] Trial 0 finished with value: 0.6592285555341969 and parameters: {'lr': 0.001, 'n_epochs': 300, 'alpha_0': 0.005, 'alpha_1': 0.3, 'alpha_2': 0.01, 'alpha_3': 0.8}. Best is trial 0 with value: 0.6592285555341969.
[I 2025-03-21 05:07:20,156] Trial 1 finished with value: 0.6187581083048945 and parameters: {'lr': 1e-06, 'n_epochs': 300, 'alpha_0': 0.06, 'alpha_1': 0.1, 'alpha_2': 0.01, 'alpha_3': 0.4}. Best is trial 1 with value: 0.6187581083048945.
... storing 'Rank_Label' as categorical
[I 2025-03-21 05:09:32,250] A new study created in memory with name: no-name-dd1ae0a8-cf28-4717-b9ff-d924621c3d53
[I 2025-03-21 05:13:14,269] Trial 0 finished with value: 0.8148819156315016 and parameters: {'lr': 0.01, 'n_epochs': 350, 'alpha_0': 0.06, 'alpha_1': 0.1, 'alpha_2': 0.05, 'alpha_3': 0.9}. Best is trial 0 with value: 0.8148819156315016.
