2025-03-20 20:55:50,013 - Starting repeat 0
Processing datasets for repeat 0:   0%|          | 0/10 [00:00<?, ?it/s]2025-03-20 20:55:50,014 - Processing dataset Data10 in /mnt/NAS_21T/ProjectResult/TiRank/results/ablation/intera_0/Data10
[I 2025-03-20 20:56:18,145] A new study created in memory with name: no-name-fceba53d-8b09-473e-bd79-7b9c65ccbd5b
[I 2025-03-20 20:56:24,126] Trial 0 finished with value: 1.0013632774353027 and parameters: {'lr': 0.01, 'n_epochs': 400, 'alpha_0': 0.06, 'alpha_1': 0.7, 'alpha_2': 0.001, 'alpha_3': 0.8}. Best is trial 0 with value: 1.0013632774353027.
[I 2025-03-20 20:56:29,453] Trial 1 finished with value: 0.7415341138839722 and parameters: {'lr': 0.003, 'n_epochs': 400, 'alpha_0': 0.06, 'alpha_1': 0.8, 'alpha_2': 0.1, 'alpha_3': 0.4}. Best is trial 1 with value: 0.7415341138839722.
... storing 'Rank_Label' as categorical
[I 2025-03-20 20:56:31,896] A new study created in memory with name: no-name-625843f0-320b-4b1c-ae81-14b490207e53
[I 2025-03-20 20:56:41,767] Trial 0 finished with value: 0.785085141658783 and parameters: {'lr': 0.0006, 'n_epochs': 500, 'alpha_0': 0.005, 'alpha_1': 0.5, 'alpha_2': 0.005, 'alpha_3': 0.5}. Best is trial 0 with value: 0.785085141658783.
[I 2025-03-20 20:56:48,777] Trial 1 finished with value: 0.8055115938186646 and parameters: {'lr': 0.001, 'n_epochs': 350, 'alpha_0': 0.1, 'alpha_1': 0.2, 'alpha_2': 0.05, 'alpha_3': 0.6}. Best is trial 0 with value: 0.785085141658783.
... storing 'Rank_Label' as categorical
[I 2025-03-20 20:56:50,848] A new study created in memory with name: no-name-070b164e-ecbc-4db7-a2fe-a4fcca8d375e
[I 2025-03-20 20:56:55,645] Trial 0 finished with value: 0.748207688331604 and parameters: {'lr': 0.001, 'n_epochs': 450, 'alpha_0': 0.005, 'alpha_1': 0.5, 'alpha_2': 0.05, 'alpha_3': 0.9}. Best is trial 0 with value: 0.748207688331604.
[I 2025-03-20 20:57:00,044] Trial 1 finished with value: 0.7081115245819092 and parameters: {'lr': 0.0001, 'n_epochs': 450, 'alpha_0': 0.03, 'alpha_1': 0.6, 'alpha_2': 0.05, 'alpha_3': 0.2}. Best is trial 1 with value: 0.7081115245819092.
... storing 'Rank_Label' as categorical
[I 2025-03-20 20:57:01,963] A new study created in memory with name: no-name-beb1ec07-031c-466a-b0f5-0e5682e153bf
[I 2025-03-20 20:57:05,266] Trial 0 finished with value: 0.7418341636657715 and parameters: {'lr': 0.01, 'n_epochs': 300, 'alpha_0': 0.01, 'alpha_1': 0, 'alpha_2': 0.005, 'alpha_3': 0.1}. Best is trial 0 with value: 0.7418341636657715.
[I 2025-03-20 20:57:09,713] Trial 1 finished with value: 0.7884353995323181 and parameters: {'lr': 0.003, 'n_epochs': 400, 'alpha_0': 0.1, 'alpha_1': 0, 'alpha_2': 0.01, 'alpha_3': 0.8}. Best is trial 0 with value: 0.7418341636657715.
... storing 'Rank_Label' as categorical
[I 2025-03-20 20:57:11,638] A new study created in memory with name: no-name-6ede37d8-3968-4d23-a711-4d76c0b93b4e
[I 2025-03-20 20:57:16,786] Trial 0 finished with value: 0.780958354473114 and parameters: {'lr': 0.0006, 'n_epochs': 450, 'alpha_0': 0.005, 'alpha_1': 0.3, 'alpha_2': 0, 'alpha_3': 1}. Best is trial 0 with value: 0.780958354473114.
[I 2025-03-20 20:57:21,150] Trial 1 finished with value: 0.807841956615448 and parameters: {'lr': 0.0006, 'n_epochs': 450, 'alpha_0': 0.005, 'alpha_1': 0.9, 'alpha_2': 0, 'alpha_3': 0.5}. Best is trial 0 with value: 0.780958354473114.
... storing 'Rank_Label' as categorical
[I 2025-03-20 20:57:23,087] A new study created in memory with name: no-name-74f15608-d9b3-4c0d-93fb-9b0465dbb7ea
[I 2025-03-20 20:57:26,306] Trial 0 finished with value: 0.7888789772987366 and parameters: {'lr': 0.01, 'n_epochs': 300, 'alpha_0': 0.1, 'alpha_1': 0, 'alpha_2': 0, 'alpha_3': 1}. Best is trial 0 with value: 0.7888789772987366.
[I 2025-03-20 20:57:31,418] Trial 1 finished with value: 0.7888696789741516 and parameters: {'lr': 0.01, 'n_epochs': 450, 'alpha_0': 0.03, 'alpha_1': 0, 'alpha_2': 0, 'alpha_3': 0.5}. Best is trial 1 with value: 0.7888696789741516.
... storing 'Rank_Label' as categorical
2025-03-20 20:57:33,320 - Finished dataset Data10 in /mnt/NAS_21T/ProjectResult/TiRank/results/ablation/intera_0/Data10
Processing datasets for repeat 0:  10%|â–ˆ         | 1/10 [01:43<15:29, 103.31s/it]2025-03-20 20:57:33,322 - Processing dataset Data9 in /mnt/NAS_21T/ProjectResult/TiRank/results/ablation/intera_0/Data9
[I 2025-03-20 20:58:07,789] A new study created in memory with name: no-name-931cf3ad-f0ea-44e7-8736-f81b52d8f83b
[I 2025-03-20 20:58:11,115] Trial 0 finished with value: 0.7258363366127014 and parameters: {'lr': 1e-06, 'n_epochs': 300, 'alpha_0': 0.06, 'alpha_1': 0.8, 'alpha_2': 0.1, 'alpha_3': 0.3}. Best is trial 0 with value: 0.7258363366127014.
[I 2025-03-20 20:58:16,347] Trial 1 finished with value: 0.712119460105896 and parameters: {'lr': 0.001, 'n_epochs': 500, 'alpha_0': 0.01, 'alpha_1': 0.1, 'alpha_2': 0.005, 'alpha_3': 0.1}. Best is trial 1 with value: 0.712119460105896.
Starting load data for gene pair transformation.
Starting gene pair extraction.
Get candidate genes done.
There are 322 genes up-regulated in Group 0 and 283 genes up-regulated in Group 1.
Get candidate gene pairs done.
Profile transformation done.
Starting save gene pair matrices.
Save gene pair matrices done.
Save informative gene matrices done.
The parameters setting of model is: {'n_features': 1000, 'nhead': 2, 'nhid1': 96, 'nhid2': 8, 'n_output': 32, 'nlayers': 3, 'n_pred': 2, 'n_patho': 0, 'dropout': 0.5, 'mode': 'Classification', 'infer_mode': 'SC', 'encoder_type': 'DenseNet', 'model_save_path': '/mnt/NAS_21T/ProjectResult/TiRank/results/ablation/intera_0/Data10/3_Analysis/checkpoints'}
Initiate model in trail 0 with mode: Classification, infer mode: SC encoder type: DenseNet on device: cuda.
Saving model and plot for Trial 0 with Validation Loss = 1.0014
Initiate model in trail 1 with mode: Classification, infer mode: SC encoder type: DenseNet on device: cuda.
Saving model and plot for Trial 1 with Validation Loss = 0.7415
Best hyperparameters: {'lr': 0.003, 'n_epochs': 400, 'alpha_0': 0.06, 'alpha_1': 0.8, 'alpha_2': 0.1, 'alpha_3': 0.4}
Loading the Best Model.
Starting Inference.
Perform Rejection with GMM mode with tolerance=0.05, components=[3,15]!
Found distributions with means close to 0 and 1 with 3 components.
Reject 15(3.50%) cells.
Inference Done.
We set Rank score < 0.5 as Rank- () while > 0.5 as Rank+ 
The parameters setting of model is: {'n_features': 1000, 'nhead': 2, 'nhid1': 96, 'nhid2': 8, 'n_output': 32, 'nlayers': 3, 'n_pred': 2, 'n_patho': 0, 'dropout': 0.5, 'mode': 'Classification', 'infer_mode': 'SC', 'encoder_type': 'Transformer', 'model_save_path': '/mnt/NAS_21T/ProjectResult/TiRank/results/ablation/intera_0/Data10/3_Analysis/checkpoints'}
Initiate model in trail 0 with mode: Classification, infer mode: SC encoder type: Transformer on device: cuda.
Saving model and plot for Trial 0 with Validation Loss = 0.7851
Initiate model in trail 1 with mode: Classification, infer mode: SC encoder type: Transformer on device: cuda.
Best hyperparameters: {'lr': 0.0006, 'n_epochs': 500, 'alpha_0': 0.005, 'alpha_1': 0.5, 'alpha_2': 0.005, 'alpha_3': 0.5}
Loading the Best Model.
Starting Inference.
Perform Rejection with GMM mode with tolerance=0.05, components=[3,15]!
Found distributions with means close to 0 and 1 with 3 components.
Reject 13(3.03%) cells.
Inference Done.
We set Rank score < 0.5 as Rank- () while > 0.5 as Rank+ 
The parameters setting of model is: {'n_features': 1000, 'nhead': 2, 'nhid1': 96, 'nhid2': 8, 'n_output': 32, 'nlayers': 3, 'n_pred': 2, 'n_patho': 0, 'dropout': 0.5, 'mode': 'Classification', 'infer_mode': 'SC', 'encoder_type': 'MLP', 'model_save_path': '/mnt/NAS_21T/ProjectResult/TiRank/results/ablation/intera_0/Data10/3_Analysis/checkpoints'}
Initiate model in trail 0 with mode: Classification, infer mode: SC encoder type: MLP on device: cuda.
Saving model and plot for Trial 0 with Validation Loss = 0.7482
Initiate model in trail 1 with mode: Classification, infer mode: SC encoder type: MLP on device: cuda.
Saving model and plot for Trial 1 with Validation Loss = 0.7081
Best hyperparameters: {'lr': 0.0001, 'n_epochs': 450, 'alpha_0': 0.03, 'alpha_1': 0.6, 'alpha_2': 0.05, 'alpha_3': 0.2}
Loading the Best Model.
Starting Inference.
Perform Rejection with GMM mode with tolerance=0.05, components=[3,15]!
Underfitting!
Found distributions with means close to 0 and 1 with 5 components.
Reject 344(80.19%) cells.
Inference Done.
We set Rank score < 0.5 as Rank- () while > 0.5 as Rank+ 
The parameters setting of model is: {'n_features': 1000, 'nhead': 2, 'nhid1': 96, 'nhid2': 8, 'n_output': 32, 'nlayers': 3, 'n_pred': 2, 'n_patho': 0, 'dropout': 0.5, 'mode': 'Classification', 'infer_mode': 'SC', 'encoder_type': 'MLP', 'model_save_path': '/mnt/NAS_21T/ProjectResult/TiRank/results/ablation/intera_0/Data10/3_Analysis/checkpoints'}
Initiate model in trail 0 with mode: Classification, infer mode: SC encoder type: MLP on device: cuda with abation on 1.
Saving model and plot for Trial 0 with Validation Loss = 0.7418
Initiate model in trail 1 with mode: Classification, infer mode: SC encoder type: MLP on device: cuda with abation on 1.
Best hyperparameters: {'lr': 0.01, 'n_epochs': 300, 'alpha_0': 0.01, 'alpha_1': 0, 'alpha_2': 0.005, 'alpha_3': 0.1}
Loading the Best Model.
Starting Inference.
Perform Rejection with GMM mode with tolerance=0.05, components=[3,15]!
Underfitting!
Found distributions with means close to 0 and 1 with 3 components.
Reject 0(0.00%) cells.
Inference Done.
We set Rank score < 0.5 as Rank- () while > 0.5 as Rank+ 
The parameters setting of model is: {'n_features': 1000, 'nhead': 2, 'nhid1': 96, 'nhid2': 8, 'n_output': 32, 'nlayers': 3, 'n_pred': 2, 'n_patho': 0, 'dropout': 0.5, 'mode': 'Classification', 'infer_mode': 'SC', 'encoder_type': 'MLP', 'model_save_path': '/mnt/NAS_21T/ProjectResult/TiRank/results/ablation/intera_0/Data10/3_Analysis/checkpoints'}
Initiate model in trail 0 with mode: Classification, infer mode: SC encoder type: MLP on device: cuda with abation on 2.
Saving model and plot for Trial 0 with Validation Loss = 0.7810
Initiate model in trail 1 with mode: Classification, infer mode: SC encoder type: MLP on device: cuda with abation on 2.
Best hyperparameters: {'lr': 0.0006, 'n_epochs': 450, 'alpha_0': 0.005, 'alpha_1': 0.3, 'alpha_2': 0, 'alpha_3': 1}
Loading the Best Model.
Starting Inference.
Perform Rejection with GMM mode with tolerance=0.05, components=[3,15]!
Found distributions with means close to 0 and 1 with 3 components.
Reject 124(28.90%) cells.
Inference Done.
We set Rank score < 0.5 as Rank- () while > 0.5 as Rank+ 
The parameters setting of model is: {'n_features': 1000, 'nhead': 2, 'nhid1': 96, 'nhid2': 8, 'n_output': 32, 'nlayers': 3, 'n_pred': 2, 'n_patho': 0, 'dropout': 0.5, 'mode': 'Classification', 'infer_mode': 'SC', 'encoder_type': 'MLP', 'model_save_path': '/mnt/NAS_21T/ProjectResult/TiRank/results/ablation/intera_0/Data10/3_Analysis/checkpoints'}
Initiate model in trail 0 with mode: Classification, infer mode: SC encoder type: MLP on device: cuda with abation on 1,2.
Saving model and plot for Trial 0 with Validation Loss = 0.7889
Initiate model in trail 1 with mode: Classification, infer mode: SC encoder type: MLP on device: cuda with abation on 1,2.
Saving model and plot for Trial 1 with Validation Loss = 0.7889
Best hyperparameters: {'lr': 0.01, 'n_epochs': 450, 'alpha_0': 0.03, 'alpha_1': 0, 'alpha_2': 0, 'alpha_3': 0.5}
Loading the Best Model.
Starting Inference.
Perform Rejection with GMM mode with tolerance=0.05, components=[3,15]!
Underfitting!
Found distributions with means close to 0 and 1 with 3 components.
Reject 0(0.00%) cells.
Inference Done.
We set Rank score < 0.5 as Rank- () while > 0.5 as Rank+ 
Starting load data for gene pair transformation.
Starting gene pair extraction.
Get candidate genes done.
There are 263 genes up-regulated in Group 0 and 460 genes up-regulated in Group 1.
Get candidate gene pairs done.
Profile transformation done.
Starting save gene pair matrices.
Save gene pair matrices done.
Save informative gene matrices done.
The parameters setting of model is: {'n_features': 1000, 'nhead': 2, 'nhid1': 96, 'nhid2': 8, 'n_output': 32, 'nlayers': 3, 'n_pred': 2, 'n_patho': 0, 'dropout': 0.5, 'mode': 'Classification', 'infer_mode': 'SC', 'encoder_type': 'DenseNet', 'model_save_path': '/mnt/NAS_21T/ProjectResult/TiRank/results/ablation/intera_0/Data9/3_Analysis/checkpoints'}
Initiate model in trail 0 with mode: Classification, infer mode: SC encoder type: DenseNet on device: cuda.
Saving model and plot for Trial 0 with Validation Loss = 0.7258
Initiate model in trail 1 with mode: Classification, infer mode: SC encoder type: DenseNet on device: cuda.
Saving model and plot for Trial 1 with Validation Loss = 0.7121
Best hyperparameters: {'lr': 0.001, 'n_epochs': 500, 'alpha_0': 0.01, 'alpha_1': 0.1, 'alpha_2': 0.005, 'alpha_3': 0.1}
Loading the Best Model.
Starting Inference.
Perform Rejection with GMM mode with tolerance=0.05, components=[3,15]!
Found distributions with means close to 0 and 1 with 3 components.
... storing 'Rank_Label' as categorical
[I 2025-03-20 20:58:18,474] A new study created in memory with name: no-name-084db391-a1bb-47cc-acc5-bf85e81edce0
[I 2025-03-20 20:58:25,654] Trial 0 finished with value: 0.807796835899353 and parameters: {'lr': 1e-05, 'n_epochs': 400, 'alpha_0': 0.01, 'alpha_1': 0.5, 'alpha_2': 0.1, 'alpha_3': 0.7}. Best is trial 0 with value: 0.807796835899353.
[I 2025-03-20 20:58:30,913] Trial 1 finished with value: 0.708808958530426 and parameters: {'lr': 0.0003, 'n_epochs': 300, 'alpha_0': 0.1, 'alpha_1': 0.8, 'alpha_2': 0.1, 'alpha_3': 0.1}. Best is trial 1 with value: 0.708808958530426.
... storing 'Rank_Label' as categorical
[I 2025-03-20 20:58:32,898] A new study created in memory with name: no-name-9101e74f-8922-4498-9b1b-7466de00487a
[I 2025-03-20 20:58:36,272] Trial 0 finished with value: 0.7713267803192139 and parameters: {'lr': 1e-06, 'n_epochs': 350, 'alpha_0': 0.1, 'alpha_1': 0.1, 'alpha_2': 0.005, 'alpha_3': 0.5}. Best is trial 0 with value: 0.7713267803192139.
[I 2025-03-20 20:58:39,062] Trial 1 finished with value: 0.8147287368774414 and parameters: {'lr': 1e-06, 'n_epochs': 300, 'alpha_0': 0.01, 'alpha_1': 0.4, 'alpha_2': 0.1, 'alpha_3': 0.2}. Best is trial 0 with value: 0.7713267803192139.
... storing 'Rank_Label' as categorical
[I 2025-03-20 20:58:40,987] A new study created in memory with name: no-name-bc9d9457-81f0-4261-b8ee-f9d41574f833
[I 2025-03-20 20:58:43,742] Trial 0 finished with value: 0.7631946802139282 and parameters: {'lr': 1e-06, 'n_epochs': 300, 'alpha_0': 0.06, 'alpha_1': 0, 'alpha_2': 0.01, 'alpha_3': 0.3}. Best is trial 0 with value: 0.7631946802139282.
[I 2025-03-20 20:58:46,622] Trial 1 finished with value: 0.7594331502914429 and parameters: {'lr': 0.0001, 'n_epochs': 350, 'alpha_0': 0.01, 'alpha_1': 0, 'alpha_2': 0.1, 'alpha_3': 1}. Best is trial 1 with value: 0.7594331502914429.
... storing 'Rank_Label' as categorical
[I 2025-03-20 20:58:48,637] A new study created in memory with name: no-name-6bb0057e-06e2-4329-8c52-8275d76af1c5
[I 2025-03-20 20:58:51,270] Trial 0 finished with value: 0.8199859857559204 and parameters: {'lr': 0.006, 'n_epochs': 300, 'alpha_0': 0.1, 'alpha_1': 0.5, 'alpha_2': 0, 'alpha_3': 0.3}. Best is trial 0 with value: 0.8199859857559204.
[I 2025-03-20 20:58:55,194] Trial 1 finished with value: 0.8262131810188293 and parameters: {'lr': 1e-06, 'n_epochs': 400, 'alpha_0': 0.03, 'alpha_1': 1, 'alpha_2': 0, 'alpha_3': 0.4}. Best is trial 0 with value: 0.8199859857559204.
... storing 'Rank_Label' as categorical
[I 2025-03-20 20:58:57,285] A new study created in memory with name: no-name-92a9dfdb-f3fe-4c55-b340-f7ec103e12ba
[I 2025-03-20 20:59:02,029] Trial 0 finished with value: 0.8253615498542786 and parameters: {'lr': 0.006, 'n_epochs': 500, 'alpha_0': 0.01, 'alpha_1': 0, 'alpha_2': 0, 'alpha_3': 0.1}. Best is trial 0 with value: 0.8253615498542786.
[I 2025-03-20 20:59:05,850] Trial 1 finished with value: 0.7285819053649902 and parameters: {'lr': 0.0006, 'n_epochs': 400, 'alpha_0': 0.01, 'alpha_1': 0, 'alpha_2': 0, 'alpha_3': 0.6}. Best is trial 1 with value: 0.7285819053649902.
... storing 'Rank_Label' as categorical
2025-03-20 20:59:07,757 - Finished dataset Data9 in /mnt/NAS_21T/ProjectResult/TiRank/results/ablation/intera_0/Data9
Processing datasets for repeat 0:  20%|â–ˆâ–ˆ        | 2/10 [03:17<13:04, 98.09s/it] 2025-03-20 20:59:07,759 - Processing dataset Data8 in /mnt/NAS_21T/ProjectResult/TiRank/results/ablation/intera_0/Data8
[I 2025-03-20 21:09:13,081] A new study created in memory with name: no-name-30b563a3-5386-45cb-ac7d-6987253ae1bc
[I 2025-03-20 21:14:55,927] Trial 0 finished with value: 0.7408097826916239 and parameters: {'lr': 0.01, 'n_epochs': 500, 'alpha_0': 0.005, 'alpha_1': 0.8, 'alpha_2': 0.05, 'alpha_3': 0.7}. Best is trial 0 with value: 0.7408097826916239.
[I 2025-03-20 21:18:19,159] Trial 1 finished with value: 0.5884913853977037 and parameters: {'lr': 0.01, 'n_epochs': 300, 'alpha_0': 0.03, 'alpha_1': 0.6, 'alpha_2': 0.005, 'alpha_3': 0.8}. Best is trial 1 with value: 0.5884913853977037.
... storing 'Rank_Label' as categorical
[I 2025-03-20 21:20:07,408] A new study created in memory with name: no-name-1c896715-ad89-42bf-b1f0-16628a87596c
[I 2025-03-20 21:23:39,314] Trial 0 finished with value: 0.8020929383194965 and parameters: {'lr': 1e-06, 'n_epochs': 300, 'alpha_0': 0.1, 'alpha_1': 0.9, 'alpha_2': 0.01, 'alpha_3': 0.2}. Best is trial 0 with value: 0.8020929383194965.
