[I 2025-03-21 07:15:50,539] Trial 1 finished with value: 0.7906538844108582 and parameters: {'lr': 1e-06, 'n_epochs': 350, 'alpha_0': 0.1, 'alpha_1': 0.8, 'alpha_2': 0.001, 'alpha_3': 0.8}. Best is trial 1 with value: 0.7906538844108582.
... storing 'Rank_Label' as categorical
Perform Rejection with GMM mode with tolerance=0.05, components=[3,15]!
Found distributions with means close to 0 and 1 with 3 components.
Reject 0(0.00%) cells.
Inference Done.
We set Rank score < 0.5 as Rank- () while > 0.5 as Rank+ 
The parameters setting of model is: {'n_features': 1000, 'nhead': 2, 'nhid1': 96, 'nhid2': 8, 'n_output': 32, 'nlayers': 3, 'n_pred': 2, 'n_patho': 0, 'dropout': 0.5, 'mode': 'Classification', 'infer_mode': 'SC', 'encoder_type': 'MLP', 'model_save_path': '/mnt/NAS_21T/ProjectResult/TiRank/results/ablation/intera_3/Data2/3_Analysis/checkpoints'}
Initiate model in trail 0 with mode: Classification, infer mode: SC encoder type: MLP on device: cuda.
Saving model and plot for Trial 0 with Validation Loss = 0.7597
Initiate model in trail 1 with mode: Classification, infer mode: SC encoder type: MLP on device: cuda.
Best hyperparameters: {'lr': 0.0003, 'n_epochs': 450, 'alpha_0': 0.03, 'alpha_1': 0.9, 'alpha_2': 0.05, 'alpha_3': 0.6}
Loading the Best Model.
Starting Inference.
Perform Rejection with GMM mode with tolerance=0.05, components=[3,15]!
Found distributions with means close to 0 and 1 with 3 components.
Reject 256(50.49%) cells.
Inference Done.
We set Rank score < 0.5 as Rank- () while > 0.5 as Rank+ 
The parameters setting of model is: {'n_features': 1000, 'nhead': 2, 'nhid1': 96, 'nhid2': 8, 'n_output': 32, 'nlayers': 3, 'n_pred': 2, 'n_patho': 0, 'dropout': 0.5, 'mode': 'Classification', 'infer_mode': 'SC', 'encoder_type': 'MLP', 'model_save_path': '/mnt/NAS_21T/ProjectResult/TiRank/results/ablation/intera_3/Data2/3_Analysis/checkpoints'}
Initiate model in trail 0 with mode: Classification, infer mode: SC encoder type: MLP on device: cuda with abation on 1.
Saving model and plot for Trial 0 with Validation Loss = 0.7735
Initiate model in trail 1 with mode: Classification, infer mode: SC encoder type: MLP on device: cuda with abation on 1.
Best hyperparameters: {'lr': 0.0006, 'n_epochs': 350, 'alpha_0': 0.01, 'alpha_1': 0, 'alpha_2': 0.005, 'alpha_3': 0.2}
Loading the Best Model.
Starting Inference.
Perform Rejection with GMM mode with tolerance=0.05, components=[3,15]!
Underfitting!
Found distributions with means close to 0 and 1 with 3 components.
Reject 0(0.00%) cells.
Inference Done.
We set Rank score < 0.5 as Rank- () while > 0.5 as Rank+ 
The parameters setting of model is: {'n_features': 1000, 'nhead': 2, 'nhid1': 96, 'nhid2': 8, 'n_output': 32, 'nlayers': 3, 'n_pred': 2, 'n_patho': 0, 'dropout': 0.5, 'mode': 'Classification', 'infer_mode': 'SC', 'encoder_type': 'MLP', 'model_save_path': '/mnt/NAS_21T/ProjectResult/TiRank/results/ablation/intera_3/Data2/3_Analysis/checkpoints'}
Initiate model in trail 0 with mode: Classification, infer mode: SC encoder type: MLP on device: cuda with abation on 2.
Saving model and plot for Trial 0 with Validation Loss = 0.7883
Initiate model in trail 1 with mode: Classification, infer mode: SC encoder type: MLP on device: cuda with abation on 2.
Best hyperparameters: {'lr': 0.01, 'n_epochs': 350, 'alpha_0': 0.01, 'alpha_1': 0.4, 'alpha_2': 0, 'alpha_3': 0.6}
Loading the Best Model.
Starting Inference.
Perform Rejection with GMM mode with tolerance=0.05, components=[3,15]!
Found distributions with means close to 0 and 1 with 3 components.
Reject 2(0.39%) cells.
Inference Done.
We set Rank score < 0.5 as Rank- () while > 0.5 as Rank+ 
The parameters setting of model is: {'n_features': 1000, 'nhead': 2, 'nhid1': 96, 'nhid2': 8, 'n_output': 32, 'nlayers': 3, 'n_pred': 2, 'n_patho': 0, 'dropout': 0.5, 'mode': 'Classification', 'infer_mode': 'SC', 'encoder_type': 'MLP', 'model_save_path': '/mnt/NAS_21T/ProjectResult/TiRank/results/ablation/intera_3/Data2/3_Analysis/checkpoints'}
Initiate model in trail 0 with mode: Classification, infer mode: SC encoder type: MLP on device: cuda with abation on 1,2.
Saving model and plot for Trial 0 with Validation Loss = 0.7920
Initiate model in trail 1 with mode: Classification, infer mode: SC encoder type: MLP on device: cuda with abation on 1,2.
Saving model and plot for Trial 1 with Validation Loss = 0.7918
Best hyperparameters: {'lr': 1e-05, 'n_epochs': 350, 'alpha_0': 0.06, 'alpha_1': 0, 'alpha_2': 0, 'alpha_3': 0.6}
Loading the Best Model.
Starting Inference.
Perform Rejection with GMM mode with tolerance=0.05, components=[3,15]!
Underfitting!
Found distributions with means close to 0 and 1 with 3 components.
Reject 0(0.00%) cells.
Inference Done.
We set Rank score < 0.5 as Rank- () while > 0.5 as Rank+ 
Starting load data for gene pair transformation.
Starting gene pair extraction.
Get candidate genes done.
There are 219 genes up-regulated in Group 0 and 1096 genes up-regulated in Group 1.
Get candidate gene pairs done.
Profile transformation done.
Starting save gene pair matrices.
Save gene pair matrices done.
Save informative gene matrices done.
The parameters setting of model is: {'n_features': 1000, 'nhead': 2, 'nhid1': 96, 'nhid2': 8, 'n_output': 32, 'nlayers': 3, 'n_pred': 2, 'n_patho': 0, 'dropout': 0.5, 'mode': 'Classification', 'infer_mode': 'SC', 'encoder_type': 'DenseNet', 'model_save_path': '/mnt/NAS_21T/ProjectResult/TiRank/results/ablation/intera_3/Data1/3_Analysis/checkpoints'}
Initiate model in trail 0 with mode: Classification, infer mode: SC encoder type: DenseNet on device: cuda.
Saving model and plot for Trial 0 with Validation Loss = 0.8380
Initiate model in trail 1 with mode: Classification, infer mode: SC encoder type: DenseNet on device: cuda.
Saving model and plot for Trial 1 with Validation Loss = 0.6441
Best hyperparameters: {'lr': 0.003, 'n_epochs': 300, 'alpha_0': 0.005, 'alpha_1': 0.2, 'alpha_2': 0.001, 'alpha_3': 0.2}
Loading the Best Model.
Starting Inference.
Perform Rejection with GMM mode with tolerance=0.05, components=[3,15]!
Found distributions with means close to 0 and 1 with 3 components.
Reject 0(0.00%) cells.
Inference Done.
We set Rank score < 0.5 as Rank- () while > 0.5 as Rank+ 
The parameters setting of model is: {'n_features': 1000, 'nhead': 2, 'nhid1': 96, 'nhid2': 8, 'n_output': 32, 'nlayers': 3, 'n_pred': 2, 'n_patho': 0, 'dropout': 0.5, 'mode': 'Classification', 'infer_mode': 'SC', 'encoder_type': 'Transformer', 'model_save_path': '/mnt/NAS_21T/ProjectResult/TiRank/results/ablation/intera_3/Data1/3_Analysis/checkpoints'}
Initiate model in trail 0 with mode: Classification, infer mode: SC encoder type: Transformer on device: cuda.
Saving model and plot for Trial 0 with Validation Loss = 0.8680
Initiate model in trail 1 with mode: Classification, infer mode: SC encoder type: Transformer on device: cuda.
Saving model and plot for Trial 1 with Validation Loss = 0.8556
Best hyperparameters: {'lr': 0.001, 'n_epochs': 400, 'alpha_0': 0.1, 'alpha_1': 0.6, 'alpha_2': 0.1, 'alpha_3': 1}
Loading the Best Model.
Starting Inference.
Perform Rejection with GMM mode with tolerance=0.05, components=[3,15]!
Found distributions with means close to 0 and 1 with 3 components.
Reject 138(27.22%) cells.
Inference Done.
We set Rank score < 0.5 as Rank- () while > 0.5 as Rank+ 
The parameters setting of model is: {'n_features': 1000, 'nhead': 2, 'nhid1': 96, 'nhid2': 8, 'n_output': 32, 'nlayers': 3, 'n_pred': 2, 'n_patho': 0, 'dropout': 0.5, 'mode': 'Classification', 'infer_mode': 'SC', 'encoder_type': 'MLP', 'model_save_path': '/mnt/NAS_21T/ProjectResult/TiRank/results/ablation/intera_3/Data1/3_Analysis/checkpoints'}
Initiate model in trail 0 with mode: Classification, infer mode: SC encoder type: MLP on device: cuda.
Saving model and plot for Trial 0 with Validation Loss = 0.8023
Initiate model in trail 1 with mode: Classification, infer mode: SC encoder type: MLP on device: cuda.
Saving model and plot for Trial 1 with Validation Loss = 0.7907
Best hyperparameters: {'lr': 1e-06, 'n_epochs': 350, 'alpha_0': 0.1, 'alpha_1': 0.8, 'alpha_2': 0.001, 'alpha_3': 0.8}
Loading the Best Model.
Starting Inference.
Perform Rejection with GMM mode with tolerance=0.05, components=[3,15]!
Underfitting!
Found distributions with means close to 0 and 1 with 3 components.
Reject 0(0.00%) cells.
Inference Done.
We set Rank score < 0.5 as Rank- () while > 0.5 as Rank+ 
The parameters setting of model is: [I 2025-03-21 07:15:53,873] A new study created in memory with name: no-name-396ff878-a18d-4132-b35c-f4fab83bf54d
[I 2025-03-21 07:15:56,930] Trial 0 finished with value: 0.7425888776779175 and parameters: {'lr': 0.01, 'n_epochs': 300, 'alpha_0': 0.03, 'alpha_1': 0, 'alpha_2': 0.05, 'alpha_3': 0.6}. Best is trial 0 with value: 0.7425888776779175.
[I 2025-03-21 07:15:59,772] Trial 1 finished with value: 0.7686240673065186 and parameters: {'lr': 0.01, 'n_epochs': 300, 'alpha_0': 0.06, 'alpha_1': 0, 'alpha_2': 0.05, 'alpha_3': 0.8}. Best is trial 0 with value: 0.7425888776779175.
... storing 'Rank_Label' as categorical
[I 2025-03-21 07:16:03,124] A new study created in memory with name: no-name-7b0f424f-9a56-4f68-aa5f-d5f710cbbdb5
[I 2025-03-21 07:16:06,040] Trial 0 finished with value: 0.8088912963867188 and parameters: {'lr': 0.0006, 'n_epochs': 300, 'alpha_0': 0.03, 'alpha_1': 0.9, 'alpha_2': 0, 'alpha_3': 1}. Best is trial 0 with value: 0.8088912963867188.
[I 2025-03-21 07:16:10,465] Trial 1 finished with value: 0.777628481388092 and parameters: {'lr': 1e-06, 'n_epochs': 450, 'alpha_0': 0.06, 'alpha_1': 0.7, 'alpha_2': 0, 'alpha_3': 0.1}. Best is trial 1 with value: 0.777628481388092.
... storing 'Rank_Label' as categorical
[I 2025-03-21 07:16:13,795] A new study created in memory with name: no-name-b9815afe-6d8e-436f-819f-b62cae53fdda
[I 2025-03-21 07:16:17,241] Trial 0 finished with value: 0.8426879644393921 and parameters: {'lr': 0.0001, 'n_epochs': 350, 'alpha_0': 0.005, 'alpha_1': 0, 'alpha_2': 0, 'alpha_3': 0.7}. Best is trial 0 with value: 0.8426879644393921.
[I 2025-03-21 07:16:20,064] Trial 1 finished with value: 0.7805479168891907 and parameters: {'lr': 0.0003, 'n_epochs': 300, 'alpha_0': 0.03, 'alpha_1': 0, 'alpha_2': 0, 'alpha_3': 0.2}. Best is trial 1 with value: 0.7805479168891907.
... storing 'Rank_Label' as categorical
2025-03-21 07:16:23,423 - Finished dataset Data1 in /mnt/NAS_21T/ProjectResult/TiRank/results/ablation/intera_3/Data1
Processing datasets for repeat 3: 100%|â–ˆâ–ˆâ–ˆâ–ˆâ–ˆâ–ˆâ–ˆâ–ˆâ–ˆâ–ˆ| 10/10 [2:27:34<00:00, 352.07s/it]Processing datasets for repeat 3: 100%|â–ˆâ–ˆâ–ˆâ–ˆâ–ˆâ–ˆâ–ˆâ–ˆâ–ˆâ–ˆ| 10/10 [2:27:34<00:00, 885.41s/it]
2025-03-21 07:16:23,425 - Repeat 3 completed
2025-03-21 07:16:23,425 - Starting repeat 4
{'n_features': 1000, 'nhead': 2, 'nhid1': 96, 'nhid2': 8, 'n_output': 32, 'nlayers': 3, 'n_pred': 2, 'n_patho': 0, 'dropout': 0.5, 'mode': 'Classification', 'infer_mode': 'SC', 'encoder_type': 'MLP', 'model_save_path': '/mnt/NAS_21T/ProjectResult/TiRank/results/ablation/intera_3/Data1/3_Analysis/checkpoints'}
Initiate model in trail 0 with mode: Classification, infer mode: SC encoder type: MLP on device: cuda with abation on 1.
Saving model and plot for Trial 0 with Validation Loss = 0.7426
Initiate model in trail 1 with mode: Classification, infer mode: SC encoder type: MLP on device: cuda with abation on 1.
Best hyperparameters: {'lr': 0.01, 'n_epochs': 300, 'alpha_0': 0.03, 'alpha_1': 0, 'alpha_2': 0.05, 'alpha_3': 0.6}
Loading the Best Model.
Starting Inference.
Perform Rejection with GMM mode with tolerance=0.05, components=[3,15]!
Underfitting!
Found distributions with means close to 0 and 1 with 3 components.
Reject 0(0.00%) cells.
Inference Done.
We set Rank score < 0.5 as Rank- () while > 0.5 as Rank+ 
The parameters setting of model is: {'n_features': 1000, 'nhead': 2, 'nhid1': 96, 'nhid2': 8, 'n_output': 32, 'nlayers': 3, 'n_pred': 2, 'n_patho': 0, 'dropout': 0.5, 'mode': 'Classification', 'infer_mode': 'SC', 'encoder_type': 'MLP', 'model_save_path': '/mnt/NAS_21T/ProjectResult/TiRank/results/ablation/intera_3/Data1/3_Analysis/checkpoints'}
Initiate model in trail 0 with mode: Classification, infer mode: SC encoder type: MLP on device: cuda with abation on 2.
Saving model and plot for Trial 0 with Validation Loss = 0.8089
Initiate model in trail 1 with mode: Classification, infer mode: SC encoder type: MLP on device: cuda with abation on 2.
Saving model and plot for Trial 1 with Validation Loss = 0.7776
Best hyperparameters: {'lr': 1e-06, 'n_epochs': 450, 'alpha_0': 0.06, 'alpha_1': 0.7, 'alpha_2': 0, 'alpha_3': 0.1}
Loading the Best Model.
Starting Inference.
Perform Rejection with GMM mode with tolerance=0.05, components=[3,15]!
Underfitting!
Found distributions with means close to 0 and 1 with 3 components.
Reject 0(0.00%) cells.
Inference Done.
We set Rank score < 0.5 as Rank- () while > 0.5 as Rank+ 
The parameters setting of model is: {'n_features': 1000, 'nhead': 2, 'nhid1': 96, 'nhid2': 8, 'n_output': 32, 'nlayers': 3, 'n_pred': 2, 'n_patho': 0, 'dropout': 0.5, 'mode': 'Classification', 'infer_mode': 'SC', 'encoder_type': 'MLP', 'model_save_path': '/mnt/NAS_21T/ProjectResult/TiRank/results/ablation/intera_3/Data1/3_Analysis/checkpoints'}
Initiate model in trail 0 with mode: Classification, infer mode: SC encoder type: MLP on device: cuda with abation on 1,2.
Saving model and plot for Trial 0 with Validation Loss = 0.8427
Initiate model in trail 1 with mode: Classification, infer mode: SC encoder type: MLP on device: cuda with abation on 1,2.
Saving model and plot for Trial 1 with Validation Loss = 0.7805
Best hyperparameters: {'lr': 0.0003, 'n_epochs': 300, 'alpha_0': 0.03, 'alpha_1': 0, 'alpha_2': 0, 'alpha_3': 0.2}
Loading the Best Model.
Starting Inference.
Perform Rejection with GMM mode with tolerance=0.05, components=[3,15]!
Underfitting!
Found distributions with means close to 0 and 1 with 3 components.
Reject 0(0.00%) cells.
Inference Done.
We set Rank score < 0.5 as Rank- () while > 0.5 as Rank+ 
Processing datasets for repeat 4:   0%|          | 0/10 [00:00<?, ?it/s]2025-03-21 07:16:23,432 - Processing dataset Data10 in /mnt/NAS_21T/ProjectResult/TiRank/results/ablation/intera_4/Data10
[I 2025-03-21 07:16:46,298] A new study created in memory with name: no-name-21e123e4-7a0d-4409-935c-70073cf9918d
[I 2025-03-21 07:16:51,228] Trial 0 finished with value: 0.7215741872787476 and parameters: {'lr': 0.0003, 'n_epochs': 350, 'alpha_0': 0.01, 'alpha_1': 0.3, 'alpha_2': 0.05, 'alpha_3': 0.8}. Best is trial 0 with value: 0.7215741872787476.
[I 2025-03-21 07:16:55,556] Trial 1 finished with value: 0.9603719115257263 and parameters: {'lr': 0.01, 'n_epochs': 350, 'alpha_0': 0.03, 'alpha_1': 0.6, 'alpha_2': 0.01, 'alpha_3': 0.6}. Best is trial 0 with value: 0.7215741872787476.
... storing 'Rank_Label' as categorical
[I 2025-03-21 07:16:57,500] A new study created in memory with name: no-name-87711382-fb0a-4982-a99c-67091ed32da4
[I 2025-03-21 07:17:04,603] Trial 0 finished with value: 0.7943665981292725 and parameters: {'lr': 0.006, 'n_epochs': 350, 'alpha_0': 0.01, 'alpha_1': 1, 'alpha_2': 0.05, 'alpha_3': 0.2}. Best is trial 0 with value: 0.7943665981292725.
[I 2025-03-21 07:17:11,857] Trial 1 finished with value: 0.7798015475273132 and parameters: {'lr': 0.01, 'n_epochs': 400, 'alpha_0': 0.06, 'alpha_1': 0.5, 'alpha_2': 0.1, 'alpha_3': 0.3}. Best is trial 1 with value: 0.7798015475273132.
... storing 'Rank_Label' as categorical
[I 2025-03-21 07:17:13,784] A new study created in memory with name: no-name-6f6344f1-11aa-48cd-a2de-1af1fcebab93
[I 2025-03-21 07:17:17,407] Trial 0 finished with value: 0.7906383275985718 and parameters: {'lr': 1e-06, 'n_epochs': 300, 'alpha_0': 0.06, 'alpha_1': 0.5, 'alpha_2': 0.1, 'alpha_3': 0.7}. Best is trial 0 with value: 0.7906383275985718.
[I 2025-03-21 07:17:21,356] Trial 1 finished with value: 0.7766414284706116 and parameters: {'lr': 0.003, 'n_epochs': 350, 'alpha_0': 0.01, 'alpha_1': 0.6, 'alpha_2': 0.005, 'alpha_3': 0.1}. Best is trial 1 with value: 0.7766414284706116.
... storing 'Rank_Label' as categorical
[I 2025-03-21 07:17:23,291] A new study created in memory with name: no-name-5cfc6f59-e30f-41e3-99bc-bd5ea0edeb4b
[I 2025-03-21 07:17:27,500] Trial 0 finished with value: 0.7893959879875183 and parameters: {'lr': 0.001, 'n_epochs': 350, 'alpha_0': 0.1, 'alpha_1': 0, 'alpha_2': 0.01, 'alpha_3': 1}. Best is trial 0 with value: 0.7893959879875183.
[I 2025-03-21 07:17:31,549] Trial 1 finished with value: 0.7344444394111633 and parameters: {'lr': 0.0006, 'n_epochs': 400, 'alpha_0': 0.01, 'alpha_1': 0, 'alpha_2': 0.05, 'alpha_3': 0.1}. Best is trial 1 with value: 0.7344444394111633.
... storing 'Rank_Label' as categorical
[I 2025-03-21 07:17:33,513] A new study created in memory with name: no-name-1e93ca98-d9ad-493a-9cd6-c49c35105273
[I 2025-03-21 07:17:37,111] Trial 0 finished with value: 0.7998784184455872 and parameters: {'lr': 0.0006, 'n_epochs': 350, 'alpha_0': 0.005, 'alpha_1': 0.8, 'alpha_2': 0, 'alpha_3': 0.6}. Best is trial 0 with value: 0.7998784184455872.
[I 2025-03-21 07:17:40,623] Trial 1 finished with value: 0.7857764363288879 and parameters: {'lr': 0.01, 'n_epochs': 350, 'alpha_0': 0.005, 'alpha_1': 1, 'alpha_2': 0, 'alpha_3': 0.1}. Best is trial 1 with value: 0.7857764363288879.
... storing 'Rank_Label' as categorical
[I 2025-03-21 07:17:42,531] A new study created in memory with name: no-name-28820d67-9fe2-4b21-b990-4bf0e5d1f8e4
[I 2025-03-21 07:17:46,735] Trial 0 finished with value: 0.7952655553817749 and parameters: {'lr': 0.01, 'n_epochs': 350, 'alpha_0': 0.06, 'alpha_1': 0, 'alpha_2': 0, 'alpha_3': 1}. Best is trial 0 with value: 0.7952655553817749.
[I 2025-03-21 07:17:51,150] Trial 1 finished with value: 0.7898927927017212 and parameters: {'lr': 0.0003, 'n_epochs': 400, 'alpha_0': 0.06, 'alpha_1': 0, 'alpha_2': 0, 'alpha_3': 0.5}. Best is trial 1 with value: 0.7898927927017212.
... storing 'Rank_Label' as categorical
2025-03-21 07:17:53,049 - Finished dataset Data10 in /mnt/NAS_21T/ProjectResult/TiRank/results/ablation/intera_4/Data10
Processing datasets for repeat 4:  10%|â–ˆ         | 1/10 [01:29<13:26, 89.62s/it]2025-03-21 07:17:53,051 - Processing dataset Data9 in /mnt/NAS_21T/ProjectResult/TiRank/results/ablation/intera_4/Data9
[I 2025-03-21 07:18:23,836] A new study created in memory with name: no-name-115948d5-d55b-4785-b7de-688cfc21451e
[I 2025-03-21 07:18:27,668] Trial 0 finished with value: 0.7423526644706726 and parameters: {'lr': 0.003, 'n_epochs': 350, 'alpha_0': 0.03, 'alpha_1': 0.2, 'alpha_2': 0.001, 'alpha_3': 0.9}. Best is trial 0 with value: 0.7423526644706726.
